-------------------------------------------------------------------------------
      name:  <unnamed>
       log:  /home/timo/Documents/Adj_pca/Mid/adj_pca_mid.log
  log type:  text
 opened on:   3 Feb 2025, 08:28:08

. 
. *load the main data
. use "$path/adj_pca_mid.dta", clear 

. 
. *set seed
. set seed 123

. 
. *define the local variables for the estimation
. local demographic_vars urban EF29 monthly age edu

. local adj_pca_prices adj_pca_P1 adj_pca_P2 adj_pca_P3 adj_pca_P4 adj_pca_P5 a
> dj_pca_P6 adj_pca_P7 adj_pca_P8 adj_pca_P9 adj_pca_P10 adj_pca_P11 adj_pca_P1
> 2 adj_pca_P13 adj_pca_P14 adj_pca_P15

. 
. *estimate the QUAIDSCE model
. quaidsce W1-W15, anot(2) prices(`adj_pca_prices') expenditure(expfd) demograp
> hics(`demographic_vars') nolog reps(50)
-------------------------------------------------------------------------------
Parallel Computing with Stata
Child processes: 6
pll_id         : yrywldklp1
Running at     : /home/timo/Stata18
Randtype       : datetime

Waiting for the child processes to finish...
child process 0006 has exited without error...
child process 0005 has exited without error...
child process 0003 has exited without error...
child process 0002 has exited without error...
child process 0004 has exited without error...
child process 0001 has exited without error...
-------------------------------------------------------------------------------
Enter -parallel printlog #- to checkout logfiles.
-------------------------------------------------------------------------------

parallel bootstrapping                                   Number of obs = 5,089
                                                         Replications  =    37

      Command: quaidsce_c W1-W15, anot(2) prices(adj_pca_P1 adj_pca_P2
                   adj_pca_P3 adj_pca_P4 adj_pca_P5 adj_pca_P6 adj_pca_P7
                   adj_pca_P8 adj_pca_P9 adj_pca_P10 adj_pca_P11 adj_pca_P12
                   adj_pca_P13 adj_pca_P14 adj_pca_P15) expenditure(expfd)
                   demographics(urban EF29 monthly age edu) nolog reps(50)

------------------------------------------------------------------------------
             |   Observed   Bootstrap                         Normal-based
             | coefficient  std. err.      z    P>|z|     [95% conf. interval]
-------------+----------------------------------------------------------------
alpha        |
     alpha_1 |   .0281079   .0460158     0.61   0.541    -.0620814    .1182973
     alpha_2 |   .0130795   .0251347     0.52   0.603    -.0361836    .0623425
     alpha_3 |   .0183635   .0383712     0.48   0.632    -.0568428    .0935697
     alpha_4 |  -.0135787    .027357    -0.50   0.620    -.0671973      .04004
     alpha_5 |   .0235774   .0193582     1.22   0.223    -.0143639    .0615188
     alpha_6 |   .0554298   .0138465     4.00   0.000     .0282911    .0825685
     alpha_7 |  -.0364438   .0241094    -1.51   0.131    -.0836973    .0108098
     alpha_8 |   .0731547   .0361265     2.02   0.043      .002348    .1439613
     alpha_9 |   .0056965    .024196     0.24   0.814    -.0417268    .0531199
    alpha_10 |   .0450274   .0263019     1.71   0.087    -.0065232    .0965781
    alpha_11 |   .0484035   .0213407     2.27   0.023     .0065766    .0902304
    alpha_12 |   .0655297   .0299232     2.19   0.029     .0068814     .124178
    alpha_13 |    .330479   .0699578     4.72   0.000     .1933642    .4675937
    alpha_14 |   .1814174   .0723647     2.51   0.012     .0395852    .3232496
    alpha_15 |   .0338345   .0202012     1.67   0.094     -.005759    .0734281
-------------+----------------------------------------------------------------
beta         |
      beta_1 |    .035746   .0297719     1.20   0.230    -.0226058    .0940979
      beta_2 |   .0054191   .0132726     0.41   0.683    -.0205947    .0314329
      beta_3 |   .0520353   .0264496     1.97   0.049     .0001951    .1038755
      beta_4 |   .0236238   .0168814     1.40   0.162    -.0094631    .0567107
      beta_5 |  -.0058221   .0085629    -0.68   0.497    -.0226052    .0109609
      beta_6 |  -.0213763   .0071572    -2.99   0.003     -.035404   -.0073485
      beta_7 |   .0382859   .0126964     3.02   0.003     .0134014    .0631704
      beta_8 |    .001866   .0238922     0.08   0.938    -.0449619     .048694
      beta_9 |  -.0024034   .0102505    -0.23   0.815     -.022494    .0176872
     beta_10 |  -.0044381   .0130655    -0.34   0.734     -.030046    .0211699
     beta_11 |   -.015693    .012195    -1.29   0.198    -.0395948    .0082087
     beta_12 |  -.0134468   .0162368    -0.83   0.408    -.0452704    .0183768
     beta_13 |  -.0786808   .0470407    -1.67   0.094    -.1708789    .0135174
     beta_14 |  -.0120233   .0458257    -0.26   0.793    -.1018399    .0777934
     beta_15 |  -.0035671   .0101324    -0.35   0.725    -.0234263    .0162921
-------------+----------------------------------------------------------------
gamma        |
   gamma_1_1 |   .0128408   .0242197     0.53   0.596    -.0346289    .0603104
   gamma_2_1 |  -.0065514   .0067581    -0.97   0.332     -.019797    .0066942
   gamma_3_1 |   -.003685   .0103319    -0.36   0.721    -.0239351    .0165652
   gamma_4_1 |   .0204204   .0071817     2.84   0.004     .0063445    .0344963
   gamma_5_1 |   .0022254   .0028105     0.79   0.428     -.003283    .0077339
   gamma_6_1 |   .0013061   .0025215     0.52   0.604    -.0036359    .0062481
   gamma_7_1 |  -.0067783   .0070456    -0.96   0.336    -.0205874    .0070307
   gamma_8_1 |    .006138   .0074259     0.83   0.408    -.0084166    .0206925
   gamma_9_1 |     .00157    .003316     0.47   0.636    -.0049292    .0080692
  gamma_10_1 |  -.0046099   .0049038    -0.94   0.347    -.0142212    .0050015
  gamma_11_1 |  -.0008739   .0041183    -0.21   0.832    -.0089455    .0071978
  gamma_12_1 |  -.0009079   .0055885    -0.16   0.871    -.0118611    .0100454
  gamma_13_1 |  -.0045029    .015329    -0.29   0.769    -.0345472    .0255415
  gamma_14_1 |  -.0112781   .0135473    -0.83   0.405    -.0378303    .0152741
  gamma_15_1 |  -.0053134   .0043034    -1.23   0.217    -.0137479    .0031211
   gamma_2_2 |   .0012858   .0172625     0.07   0.941    -.0325481    .0351197
   gamma_3_2 |   .0015395   .0045633     0.34   0.736    -.0074044    .0104834
   gamma_4_2 |   .0106277   .0061559     1.73   0.084    -.0014376     .022693
   gamma_5_2 |    .000985   .0015752     0.63   0.532    -.0021023    .0040723
   gamma_6_2 |  -.0025113   .0024678    -1.02   0.309    -.0073481    .0023254
   gamma_7_2 |  -.0011557   .0025553    -0.45   0.651    -.0061641    .0038527
   gamma_8_2 |  -.0054478   .0033367    -1.63   0.103    -.0119877    .0010921
   gamma_9_2 |   .0014038    .001695     0.83   0.408    -.0019183    .0047259
  gamma_10_2 |  -.0014672   .0048179    -0.30   0.761    -.0109101    .0079757
  gamma_11_2 |   .0012325   .0022007     0.56   0.575    -.0030808    .0055459
  gamma_12_2 |  -.0018396   .0025626    -0.72   0.473    -.0068622    .0031829
  gamma_13_2 |   .0010373   .0085937     0.12   0.904     -.015806    .0178806
  gamma_14_2 |   .0009041   .0107967     0.08   0.933    -.0202571    .0220653
  gamma_15_2 |  -.0000426   .0030822    -0.01   0.989    -.0060837    .0059984
   gamma_3_3 |   .0015476   .0234292     0.07   0.947    -.0443728     .047468
   gamma_4_3 |  -.0082583   .0048996    -1.69   0.092    -.0178612    .0013447
   gamma_5_3 |   .0007804   .0020088     0.39   0.698    -.0031567    .0047175
   gamma_6_3 |     .00268   .0019072     1.41   0.160    -.0010581    .0064181
   gamma_7_3 |  -.0031937   .0047989    -0.67   0.506    -.0125993    .0062118
   gamma_8_3 |   .0027871   .0079107     0.35   0.725    -.0127177    .0182918
   gamma_9_3 |   .0007334   .0014418     0.51   0.611    -.0020926    .0035593
  gamma_10_3 |  -.0005298   .0031461    -0.17   0.866    -.0066961    .0056366
  gamma_11_3 |   .0026669   .0030698     0.87   0.385    -.0033498    .0086837
  gamma_12_3 |   .0019488   .0058266     0.33   0.738     -.009471    .0133686
  gamma_13_3 |   .0093719   .0152888     0.61   0.540    -.0205935    .0393373
  gamma_14_3 |  -.0121602   .0110894    -1.10   0.273     -.033895    .0095747
  gamma_15_3 |   .0037714   .0036936     1.02   0.307     -.003468    .0110107
   gamma_4_4 |   .0055735   .0203911     0.27   0.785    -.0343923    .0455393
   gamma_5_4 |   .0009543   .0018978     0.50   0.615    -.0027653    .0046738
   gamma_6_4 |   .0049829   .0074991     0.66   0.506     -.009715    .0196808
   gamma_7_4 |  -.0075958   .0044879    -1.69   0.091     -.016392    .0012003
   gamma_8_4 |   .0048216   .0052817     0.91   0.361    -.0055304    .0151736
   gamma_9_4 |  -.0031279   .0039773    -0.79   0.432    -.0109233    .0046674
  gamma_10_4 |  -.0010322   .0128434    -0.08   0.936    -.0262048    .0241404
  gamma_11_4 |    .007962   .0028853     2.76   0.006     .0023069    .0136172
  gamma_12_4 |  -.0039743   .0034214    -1.16   0.245    -.0106802    .0027316
  gamma_13_4 |   .0114817   .0103807     1.11   0.269    -.0088641    .0318275
  gamma_14_4 |  -.0326378   .0195035    -1.67   0.094     -.070864    .0055884
  gamma_15_4 |  -.0101976   .0050539    -2.02   0.044     -.020103   -.0002923
   gamma_5_5 |   .0011259   .0015287     0.74   0.461    -.0018703     .004122
   gamma_6_5 |   .0007572    .000966     0.78   0.433    -.0011362    .0026505
   gamma_7_5 |  -.0021754   .0016813    -1.29   0.196    -.0054706    .0011199
   gamma_8_5 |  -.0011732   .0017873    -0.66   0.512    -.0046763    .0023299
   gamma_9_5 |   .0000739    .000785     0.09   0.925    -.0014647    .0016125
  gamma_10_5 |  -.0013455   .0012124    -1.11   0.267    -.0037217    .0010307
  gamma_11_5 |   .0005041   .0010726     0.47   0.638    -.0015982    .0026064
  gamma_12_5 |  -.0004938   .0012545    -0.39   0.694    -.0029527     .001965
  gamma_13_5 |  -.0066036     .00393    -1.68   0.093    -.0143063    .0010992
  gamma_14_5 |   .0041171   .0032845     1.25   0.210    -.0023204    .0105546
  gamma_15_5 |   .0002683   .0010798     0.25   0.804    -.0018481    .0023846
   gamma_6_6 |   .0027602    .009446     0.29   0.770    -.0157537    .0212741
   gamma_7_6 |  -.0000343    .001638    -0.02   0.983    -.0032446    .0031761
   gamma_8_6 |   .0008065   .0021609     0.37   0.709    -.0034288    .0050417
   gamma_9_6 |  -.0013557   .0017759    -0.76   0.445    -.0048365    .0021251
  gamma_10_6 |  -.0013889   .0052633    -0.26   0.792    -.0117047     .008927
  gamma_11_6 |    -.00217   .0015692    -1.38   0.167    -.0052455    .0009056
  gamma_12_6 |   .0007091   .0016748     0.42   0.672    -.0025735    .0039917
  gamma_13_6 |  -.0077071   .0040874    -1.89   0.059    -.0157182     .000304
  gamma_14_6 |   .0029164   .0096403     0.30   0.762    -.0159782     .021811
  gamma_15_6 |  -.0017511   .0015559    -1.13   0.260    -.0048005    .0012983
   gamma_7_7 |   .0010554   .0118313     0.09   0.929    -.0221337    .0242444
   gamma_8_7 |   .0002896   .0101826     0.03   0.977     -.019668    .0202471
   gamma_9_7 |    .001587    .001377     1.15   0.249    -.0011118    .0042859
  gamma_10_7 |   .0020005   .0034351     0.58   0.560    -.0047322    .0087333
  gamma_11_7 |  -.0035018    .002342    -1.50   0.135     -.008092    .0010884
  gamma_12_7 |  -.0012328   .0026106    -0.47   0.637    -.0063495    .0038839
  gamma_13_7 |   .0109767   .0087665     1.25   0.211    -.0062054    .0281588
  gamma_14_7 |   .0088571   .0070421     1.26   0.208    -.0049452    .0226595
  gamma_15_7 |   .0009015    .002098     0.43   0.667    -.0032105    .0050136
   gamma_8_8 |   .0044386   .0150196     0.30   0.768    -.0249994    .0338765
   gamma_9_8 |   .0009276   .0021912     0.42   0.672    -.0033671    .0052222
  gamma_10_8 |  -.0006008   .0033327    -0.18   0.857    -.0071328    .0059311
  gamma_11_8 |  -.0106683   .0028115    -3.79   0.000    -.0161786   -.0051579
  gamma_12_8 |   .0013654   .0037808     0.36   0.718    -.0060447    .0087756
  gamma_13_8 |  -.0248986   .0132847    -1.87   0.061    -.0509361    .0011389
  gamma_14_8 |   .0291018   .0108945     2.67   0.008     .0077489    .0504547
  gamma_15_8 |  -.0078873   .0027041    -2.92   0.004    -.0131872   -.0025874
   gamma_9_9 |  -.0006361   .0054567    -0.12   0.907    -.0113311    .0100589
  gamma_10_9 |  -.0042434   .0044839    -0.95   0.344    -.0130317    .0045448
  gamma_11_9 |  -.0010964   .0010699    -1.02   0.305    -.0031934    .0010005
  gamma_12_9 |   .0003689   .0009311     0.40   0.692    -.0014559    .0021938
  gamma_13_9 |  -.0022399   .0036586    -0.61   0.540    -.0094106    .0049308
  gamma_14_9 |   .0057774   .0050034     1.15   0.248    -.0040291     .015584
  gamma_15_9 |   .0002575   .0007988     0.32   0.747     -.001308     .001823
 gamma_10_10 |    .009742    .024889     0.39   0.695    -.0390395    .0585235
 gamma_11_10 |  -.0036261   .0023315    -1.56   0.120    -.0081956    .0009435
 gamma_12_10 |  -.0025898   .0028396    -0.91   0.362    -.0081553    .0029758
 gamma_13_10 |   .0105974   .0050984     2.08   0.038     .0006047    .0205901
 gamma_14_10 |  -.0012549   .0174335    -0.07   0.943    -.0354238    .0329141
 gamma_15_10 |   .0003485    .002456     0.14   0.887    -.0044651    .0051621
 gamma_11_11 |   .0040855    .005578     0.73   0.464    -.0068471    .0150182
 gamma_12_11 |   .0020124   .0022445     0.90   0.370    -.0023866    .0064115
 gamma_13_11 |  -.0013671   .0063626    -0.21   0.830    -.0138375    .0111034
 gamma_14_11 |   .0043524   .0073713     0.59   0.555    -.0100951    .0187999
 gamma_15_11 |   .0004876   .0017806     0.27   0.784    -.0030023    .0039774
 gamma_12_12 |    .002376    .013285     0.18   0.858    -.0236621     .028414
 gamma_13_12 |   .0138989   .0085765     1.62   0.105    -.0029108    .0307086
 gamma_14_12 |  -.0118913   .0083485    -1.42   0.154     -.028254    .0044714
 gamma_15_12 |     .00025   .0022378     0.11   0.911     -.004136    .0046359
 gamma_13_13 |  -.0135073   .0385773    -0.35   0.726    -.0891174    .0621028
 gamma_14_13 |   .0023322   .0223788     0.10   0.917    -.0415294    .0461938
 gamma_15_13 |   .0011303   .0075376     0.15   0.881    -.0136431    .0159037
 gamma_14_14 |  -.0032557   .0492287    -0.07   0.947    -.0997422    .0932308
 gamma_15_14 |   .0141194   .0070485     2.00   0.045     .0003046    .0279342
 gamma_15_15 |   .0036576   .0083955     0.44   0.663    -.0127973    .0201126
-------------+----------------------------------------------------------------
lambda       |
    lambda_1 |  -.0039112   .0047807    -0.82   0.413    -.0132811    .0054587
    lambda_2 |   .0002192   .0019189     0.11   0.909    -.0035418    .0039803
    lambda_3 |  -.0085903   .0050798    -1.69   0.091    -.0185465    .0013658
    lambda_4 |  -.0032233   .0027977    -1.15   0.249    -.0087068    .0022601
    lambda_5 |   .0009577   .0011725     0.82   0.414    -.0013404    .0032558
    lambda_6 |   .0023562   .0010282     2.29   0.022      .000341    .0043714
    lambda_7 |   -.001442   .0018017    -0.80   0.423    -.0049733    .0020892
    lambda_8 |   .0026613   .0040485     0.66   0.511    -.0052735    .0105962
    lambda_9 |   .0008959   .0011249     0.80   0.426    -.0013088    .0031006
   lambda_10 |  -.0002136   .0017476    -0.12   0.903    -.0036389    .0032117
   lambda_11 |   .0021851   .0018157     1.20   0.229    -.0013736    .0057439
   lambda_12 |   .0014168   .0024382     0.58   0.561    -.0033621    .0061956
   lambda_13 |   .0133556   .0097055     1.38   0.169    -.0056669    .0323781
   lambda_14 |  -.0082344   .0084635    -0.97   0.331    -.0248226    .0083538
   lambda_15 |    .001674   .0015516     1.08   0.281    -.0013671    .0047151
-------------+----------------------------------------------------------------
delta        |
     delta_1 |    .120147    .011558    10.40   0.000     .0974937    .1428003
     delta_2 |   .0365502   .0093973     3.89   0.000     .0181319    .0549685
     delta_3 |   .1150133   .0185532     6.20   0.000     .0786497    .1513769
     delta_4 |    .053784   .0102038     5.27   0.000     .0337848    .0737831
     delta_5 |   .0084783   .0113304     0.75   0.454     -.013729    .0306855
     delta_6 |   .0133715   .0060659     2.20   0.027     .0014825    .0252606
     delta_7 |   .0700334   .0088129     7.95   0.000     .0527604    .0873064
     delta_8 |   .1341216   .0168138     7.98   0.000     .1011673     .167076
     delta_9 |   .0208064   .0026918     7.73   0.000     .0155306    .0260821
    delta_10 |   .0272326   .0059144     4.60   0.000     .0156405    .0388247
    delta_11 |   .0266807    .008217     3.25   0.001     .0105756    .0427858
    delta_12 |    .039245    .010246     3.83   0.000     .0191631    .0593269
    delta_13 |   .2375335   .0334584     7.10   0.000     .1719561    .3031108
    delta_14 |    .179488   .0275361     6.52   0.000     .1255182    .2334577
    delta_15 |   .0178403   .0089869     1.99   0.047     .0002262    .0354544
-------------+----------------------------------------------------------------
eta          |
 eta_urban_1 |  -3.56e-06   .0012958    -0.00   0.998    -.0025434    .0025363
 eta_urban_2 |  -.0005828   .0004643    -1.26   0.209    -.0014928    .0003272
 eta_urban_3 |   .0011982   .0015506     0.77   0.440    -.0018409    .0042373
 eta_urban_4 |   .0001306   .0006189     0.21   0.833    -.0010826    .0013437
 eta_urban_5 |  -.0003616   .0002639    -1.37   0.171     -.000879    .0001557
 eta_urban_6 |  -.0001972   .0002157    -0.91   0.361    -.0006201    .0002256
 eta_urban_7 |   .0004744   .0009026     0.53   0.599    -.0012946    .0022434
 eta_urban_8 |  -.0007937   .0015272    -0.52   0.603     -.003787    .0021996
 eta_urban_9 |   .0002524   .0002576     0.98   0.327    -.0002526    .0007573
eta_urban_10 |  -.0006812   .0003345    -2.04   0.042    -.0013367   -.0000257
eta_urban_11 |    .000458    .000396     1.16   0.248    -.0003183    .0012342
eta_urban_12 |    .000532   .0006367     0.84   0.403     -.000716    .0017799
eta_urban_13 |  -.0001177   .0044301    -0.03   0.979    -.0088006    .0085652
eta_urban_14 |  -.0003763   .0028001    -0.13   0.893    -.0058644    .0051119
eta_urban_15 |   .0000686   .0004246     0.16   0.872    -.0007636    .0009007
  eta_EF29_1 |   -.000563   .0008122    -0.69   0.488     -.002155    .0010289
  eta_EF29_2 |   .0006154   .0003749     1.64   0.101    -.0001193    .0013501
  eta_EF29_3 |   .0003877   .0009607     0.40   0.687    -.0014953    .0022707
  eta_EF29_4 |  -.0004202   .0003342    -1.26   0.209    -.0010752    .0002348
  eta_EF29_5 |   -.000237   .0001795    -1.32   0.187    -.0005889    .0001148
  eta_EF29_6 |  -.0001334   .0002031    -0.66   0.511    -.0005315    .0002648
  eta_EF29_7 |   .0001418   .0006284     0.23   0.821    -.0010898    .0013735
  eta_EF29_8 |   .0006563   .0005671     1.16   0.247    -.0004552    .0017678
  eta_EF29_9 |  -2.17e-06   .0001809    -0.01   0.990    -.0003567    .0003523
 eta_EF29_10 |   .0003626   .0003021     1.20   0.230    -.0002296    .0009548
 eta_EF29_11 |   .0000374   .0002924     0.13   0.898    -.0005357    .0006105
 eta_EF29_12 |  -.0005616   .0004981    -1.13   0.260    -.0015379    .0004148
 eta_EF29_13 |  -.0005729   .0025006    -0.23   0.819     -.005474    .0043282
 eta_EF29_14 |  -.0001144   .0017094    -0.07   0.947    -.0034648     .003236
 eta_EF29_15 |   .0004035   .0002664     1.51   0.130    -.0001187    .0009257
eta_monthl~1 |  -9.84e-07   6.10e-07    -1.61   0.107    -2.18e-06    2.12e-07
eta_monthl~2 |  -2.99e-07   1.85e-07    -1.62   0.106    -6.62e-07    6.38e-08
eta_monthl~3 |  -2.44e-07   7.99e-07    -0.31   0.760    -1.81e-06    1.32e-06
eta_monthl~4 |   1.31e-07   2.99e-07     0.44   0.662    -4.55e-07    7.16e-07
eta_monthl~5 |  -6.59e-08   9.38e-08    -0.70   0.482    -2.50e-07    1.18e-07
eta_monthl~6 |   3.45e-07   1.45e-07     2.38   0.017     6.09e-08    6.29e-07
eta_monthl~7 |  -7.53e-07   4.30e-07    -1.75   0.080    -1.60e-06    9.03e-08
eta_monthl~8 |   8.05e-08   4.54e-07     0.18   0.859    -8.09e-07    9.70e-07
eta_monthl~9 |   3.50e-09   1.04e-07     0.03   0.973    -2.00e-07    2.07e-07
eta_month~10 |   9.76e-08   1.54e-07     0.63   0.526    -2.04e-07    3.99e-07
eta_month~11 |  -2.73e-07   2.08e-07    -1.31   0.189    -6.79e-07    1.34e-07
eta_month~12 |  -2.96e-07   4.51e-07    -0.66   0.511    -1.18e-06    5.87e-07
eta_month~13 |  -4.55e-07   1.49e-06    -0.31   0.760    -3.37e-06    2.46e-06
eta_month~14 |   2.67e-06   9.93e-07     2.69   0.007     7.21e-07    4.61e-06
eta_month~15 |   4.58e-08   2.46e-07     0.19   0.852    -4.36e-07    5.28e-07
   eta_age_1 |   .0000289   .0000634     0.46   0.648    -.0000953    .0001531
   eta_age_2 |   .0000193   .0000281     0.68   0.494    -.0000359    .0000744
   eta_age_3 |   -.000073   .0000633    -1.15   0.249     -.000197    .0000511
   eta_age_4 |  -.0000359   .0000305    -1.17   0.240    -.0000957     .000024
   eta_age_5 |   .0000186   .0000141     1.32   0.188    -9.09e-06    .0000464
   eta_age_6 |   1.40e-06   .0000227     0.06   0.951    -.0000432     .000046
   eta_age_7 |   7.23e-07   .0000461     0.02   0.987    -.0000896     .000091
   eta_age_8 |   .0001524   .0000469     3.25   0.001     .0000606    .0002443
   eta_age_9 |   2.81e-06   .0000143     0.20   0.844    -.0000251    .0000308
  eta_age_10 |   3.97e-06   .0000201     0.20   0.844    -.0000355    .0000434
  eta_age_11 |  -9.26e-06   .0000213    -0.44   0.663    -.0000509    .0000324
  eta_age_12 |   .0000464   .0000275     1.69   0.092    -7.53e-06    .0001002
  eta_age_13 |  -.0001818   .0001655    -1.10   0.272    -.0005062    .0001427
  eta_age_14 |   .0000889   .0001203     0.74   0.460    -.0001468    .0003246
  eta_age_15 |  -.0000635   .0000499    -1.27   0.203    -.0001614    .0000343
   eta_edu_1 |  -.0007848   .0012784    -0.61   0.539    -.0032903    .0017208
   eta_edu_2 |   .0002979   .0006587     0.45   0.651    -.0009931    .0015889
   eta_edu_3 |   .0009959   .0015194     0.66   0.512    -.0019821    .0039739
   eta_edu_4 |  -.0004596   .0007186    -0.64   0.522    -.0018681    .0009489
   eta_edu_5 |  -.0004915   .0003288    -1.49   0.135     -.001136    .0001529
   eta_edu_6 |  -.0008149   .0003353    -2.43   0.015    -.0014721   -.0001577
   eta_edu_7 |  -.0007488    .002249    -0.33   0.739    -.0051567     .003659
   eta_edu_8 |  -.0052423   .0016022    -3.27   0.001    -.0083826    -.002102
   eta_edu_9 |  -.0000745   .0004078    -0.18   0.855    -.0008738    .0007248
  eta_edu_10 |   .0002631   .0004066     0.65   0.518    -.0005339    .0010601
  eta_edu_11 |   .0006779   .0004426     1.53   0.126    -.0001897    .0015454
  eta_edu_12 |   .0007901   .0007426     1.06   0.287    -.0006654    .0022456
  eta_edu_13 |   .0014641   .0035717     0.41   0.682    -.0055363    .0084646
  eta_edu_14 |   .0035667   .0029563     1.21   0.228    -.0022276     .009361
  eta_edu_15 |   .0005607   .0006349     0.88   0.377    -.0006838    .0018051
-------------+----------------------------------------------------------------
rho          |
   rho_urban |  -.0200973   .0998728    -0.20   0.841    -.2158443    .1756497
    rho_EF29 |   .0497093   .0718199     0.69   0.489    -.0910553    .1904738
 rho_monthly |  -.0000391   .0000371    -1.05   0.292    -.0001118    .0000336
     rho_age |   .0033165   .0040827     0.81   0.417    -.0046855    .0113185
     rho_edu |  -.0848614   .0944913    -0.90   0.369     -.270061    .1003383
-------------+----------------------------------------------------------------
tau          |
        p1_1 |   .1294475   .1867932     0.69   0.488    -.2366605    .4955555
        p2_1 |   .2448169   .4225733     0.58   0.562    -.5834115    1.073045
        p3_1 |  -.1386754   .2581174    -0.54   0.591    -.6445762    .3672254
        p4_1 |  -.6017363   .7535215    -0.80   0.425    -2.078611    .8751387
        p5_1 |  -.0509082   .1168711    -0.44   0.663    -.2799714    .1781549
        p6_1 |   .3210516   .7169291     0.45   0.654    -1.084104    1.726207
        p7_1 |  -.4456963   .2346515    -1.90   0.058    -.9056047    .0142121
        p8_1 |   .5458396   .2559101     2.13   0.033      .044265    1.047414
        p9_1 |    .268314   .2775012     0.97   0.334    -.2755783    .8122064
       p10_1 |  -1.357417   1.294336    -1.05   0.294     -3.89427    1.179435
       p11_1 |   .1465252   .1619043     0.91   0.365    -.1708014    .4638518
       p12_1 |   .2836336   .1861617     1.52   0.128    -.0812367    .6485038
       p13_1 |  -.3042026   .3283843    -0.93   0.354     -.947824    .3394187
       p14_1 |  -.9526977    1.84921    -0.52   0.606    -4.577083    2.671688
       p15_1 |  -.1490794   .1544284    -0.97   0.334    -.4517536    .1535947
         M_1 |   .8601355   .0747561    11.51   0.000     .7136163    1.006655
     urban_1 |  -.0103632   .1160869    -0.09   0.929    -.2378894     .217163
      EF29_1 |  -.1693591   .0666529    -2.54   0.011    -.2999964   -.0387218
   monthly_1 |   .0000822   .0000505     1.63   0.104    -.0000168    .0001812
       age_1 |  -.0028228   .0023318    -1.21   0.226    -.0073932    .0017475
       edu_1 |   .0646208   .0763916     0.85   0.398     -.085104    .2143455
      cons_1 |  -2.414992   .3256727    -7.42   0.000    -3.053298   -1.776685
        p1_2 |  -.2877071   .2496369    -1.15   0.249    -.7769865    .2015724
        p2_2 |  -.2059299   .1093451    -1.88   0.060    -.4202423    .0083825
        p3_2 |   .1257275   .1568448     0.80   0.423    -.1816826    .4331377
        p4_2 |   .8786043    .647533     1.36   0.175    -.3905372    2.147746
        p5_2 |   .1060045   .0575885     1.84   0.066    -.0068669    .2188758
        p6_2 |   .2868174   .4512261     0.64   0.525    -.5975695    1.171204
        p7_2 |  -.0707825   .1349021    -0.52   0.600    -.3351859    .1936208
        p8_2 |   -.064494   .1344461    -0.48   0.631    -.3280036    .1990156
        p9_2 |   .5205701   .2008854     2.59   0.010     .1268419    .9142982
       p10_2 |  -.6822204   .5699549    -1.20   0.231    -1.799312    .4348708
       p11_2 |   .1427909   .1050443     1.36   0.174    -.0630922    .3486739
       p12_2 |   .1176309   .1218354     0.97   0.334    -.1211621    .3564239
       p13_2 |  -.6958198   .1592136    -4.37   0.000    -1.007873   -.3837669
       p14_2 |  -.5892069   .9119847    -0.65   0.518    -2.376664     1.19825
       p15_2 |   .0212989   .1154986     0.18   0.854    -.2050741     .247672
         M_2 |   .8171909   .0472192    17.31   0.000     .7246429    .9097388
     urban_2 |   .0584072   .0515797     1.13   0.257    -.0426872    .1595016
      EF29_2 |  -.0532883   .0469629    -1.13   0.257    -.1453339    .0387574
   monthly_2 |  -6.20e-06   .0000185    -0.33   0.738    -.0000425    .0000301
       age_2 |  -.0014085   .0018809    -0.75   0.454     -.005095    .0022781
       edu_2 |   .1664771   .0472414     3.52   0.000     .0738856    .2590686
      cons_2 |  -3.174827   .1937014   -16.39   0.000    -3.554474   -2.795179
        p1_3 |  -1.008146   .4828954    -2.09   0.037    -1.954603   -.0616881
        p2_3 |   .2040295   .4376622     0.47   0.641    -.6537727    1.061832
        p3_3 |    -.04687    .187214    -0.25   0.802    -.4138027    .3200626
        p4_3 |   .5674741   .9602782     0.59   0.555    -1.314637    2.449585
        p5_3 |  -.0015465   .1158314    -0.01   0.989    -.2285719    .2254789
        p6_3 |  -.7477763   1.059449    -0.71   0.480    -2.824258    1.328705
        p7_3 |  -.2310846   .3770979    -0.61   0.540    -.9701828    .5080136
        p8_3 |   .1582567     .30609     0.52   0.605    -.4416688    .7581822
        p9_3 |   .3831221   .4470434     0.86   0.391    -.4930669    1.259311
       p10_3 |  -1.829452    .999355    -1.83   0.067    -3.788152    .1292474
       p11_3 |   -.179449   .1689915    -1.06   0.288    -.5106662    .1517682
       p12_3 |   .3422106    .189204     1.81   0.070    -.0286224    .7130436
       p13_3 |   .1949966   .3561412     0.55   0.584    -.5030273    .8930204
       p14_3 |  -.9633521   2.440025    -0.39   0.693    -5.745714     3.81901
       p15_3 |    .265246   .2643481     1.00   0.316    -.2528668    .7833588
         M_3 |   1.045712   .1157823     9.03   0.000     .8187827    1.272641
     urban_3 |   .1855873   .1371817     1.35   0.176     -.083284    .4544585
      EF29_3 |   -.089319   .0943805    -0.95   0.344    -.2743013    .0956633
   monthly_3 |   .0000609   .0000573     1.06   0.288    -.0000514    .0001731
       age_3 |  -.0001384    .003224    -0.04   0.966    -.0064573    .0061804
       edu_3 |   .0675096   .1193298     0.57   0.572    -.1663724    .3013917
      cons_3 |  -3.279979   .3923354    -8.36   0.000    -4.048943   -2.511016
        p1_4 |   -.215764   .2643575    -0.82   0.414    -.7338952    .3023671
        p2_4 |   .1912485   .2362306     0.81   0.418     -.271755     .654252
        p3_4 |  -.0813522   .1479206    -0.55   0.582    -.3712712    .2085668
        p4_4 |  -.6370653   .3109449    -2.05   0.040    -1.246506   -.0276244
        p5_4 |  -.0843969   .0690991    -1.22   0.222    -.2198286    .0510349
        p6_4 |   .0065331   .4247204     0.02   0.988    -.8259036    .8389697
        p7_4 |   .0853962   .1109833     0.77   0.442     -.132127    .3029195
        p8_4 |  -.2462869   .1555957    -1.58   0.113    -.5512488     .058675
        p9_4 |   .2342874   .2370489     0.99   0.323    -.2303199    .6988947
       p10_4 |  -.0313651   .5844806    -0.05   0.957    -1.176926    1.114196
       p11_4 |  -.0650166   .0944564    -0.69   0.491    -.2501478    .1201146
       p12_4 |  -.1524984   .1361242    -1.12   0.263     -.419297    .1143002
       p13_4 |   .1043694   .2469578     0.42   0.673     -.379659    .5883978
       p14_4 |   .2463514   1.200593     0.21   0.837    -2.106768     2.59947
       p15_4 |  -.0252751   .0982299    -0.26   0.797    -.2178021    .1672519
         M_4 |   .8741432   .0458069    19.08   0.000     .7843633    .9639231
     urban_4 |   .1386651   .0560602     2.47   0.013     .0287892     .248541
      EF29_4 |   .0380521   .0443153     0.86   0.391    -.0488043    .1249085
   monthly_4 |  -.0000258   .0000183    -1.41   0.159    -.0000617    .0000101
       age_4 |  -.0055318   .0018391    -3.01   0.003    -.0091364   -.0019273
       edu_4 |   .1275392    .061739     2.07   0.039      .006533    .2485454
      cons_4 |  -3.115714   .2311875   -13.48   0.000    -3.568833   -2.662595
        p1_5 |   .2442323   .2081247     1.17   0.241    -.1636847    .6521493
        p2_5 |   .2286923   .1835407     1.25   0.213    -.1310408    .5884255
        p3_5 |  -.1255365   .1163471    -1.08   0.281    -.3535727    .1024997
        p4_5 |  -1.003632   .4429721    -2.27   0.023    -1.871842   -.1354228
        p5_5 |  -.0178726   .0523835    -0.34   0.733    -.1205424    .0847971
        p6_5 |  -.1679038   .3429067    -0.49   0.624    -.8399886     .504181
        p7_5 |   .0074464   .0942942     0.08   0.937    -.1773668    .1922596
        p8_5 |  -.0645854   .1573893    -0.41   0.682    -.3730627    .2438919
        p9_5 |   -.116202   .1198565    -0.97   0.332    -.3511164    .1187124
       p10_5 |   -.201197   .4898935    -0.41   0.681    -1.161371    .7589765
       p11_5 |  -.0862866   .0588591    -1.47   0.143    -.2016484    .0290752
       p12_5 |  -.1273931   .0920824    -1.38   0.167    -.3078713    .0530852
       p13_5 |   .1319508   .1937264     0.68   0.496    -.2477459    .5116476
       p14_5 |   .8293597   .8776324     0.94   0.345    -.8907681    2.549488
       p15_5 |   -.120417   .0793037    -1.52   0.129    -.2758494    .0350154
         M_5 |   .7380669   .0498203    14.81   0.000      .640421    .8357128
     urban_5 |    .080496   .0393666     2.04   0.041     .0033388    .1576532
      EF29_5 |  -.0686613   .0381375    -1.80   0.072    -.1434094    .0060869
   monthly_5 |  -1.55e-06   .0000176    -0.09   0.930    -.0000361     .000033
       age_5 |   .0066575   .0015449     4.31   0.000     .0036296    .0096854
       edu_5 |   -.085561    .040995    -2.09   0.037    -.1659097   -.0052122
      cons_5 |  -3.687014    .222865   -16.54   0.000    -4.123822   -3.250207
        p1_6 |  -.0107508   .1890904    -0.06   0.955    -.3813611    .3598596
        p2_6 |  -.2453181   .1485746    -1.65   0.099     -.536519    .0458829
        p3_6 |  -.0278114   .1069937    -0.26   0.795    -.2375151    .1818924
        p4_6 |   .3330275   .4667529     0.71   0.476    -.5817913    1.247846
        p5_6 |   -.036886   .0507808    -0.73   0.468    -.1364145    .0626425
        p6_6 |   .7468251   .2815374     2.65   0.008      .195022    1.298628
        p7_6 |  -.0947343   .1287564    -0.74   0.462    -.3470923    .1576237
        p8_6 |   -.156619   .1266868    -1.24   0.216    -.4049207    .0916826
        p9_6 |   -.121977   .1740557    -0.70   0.483    -.4631199    .2191658
       p10_6 |  -.0892149    .489447    -0.18   0.855    -1.048513    .8700837
       p11_6 |  -.1379287   .0662985    -2.08   0.037    -.2678714    -.007986
       p12_6 |   -.222276   .0885874    -2.51   0.012    -.3959042   -.0486479
       p13_6 |   .1470261   .1863348     0.79   0.430    -.2181834    .5122356
       p14_6 |  -1.041959   .7996092    -1.30   0.193    -2.609164    .5252465
       p15_6 |   .0832974   .0885607     0.94   0.347    -.0902784    .2568732
         M_6 |   .4652842   .0380698    12.22   0.000     .3906687    .5398997
     urban_6 |    .012971   .0444791     0.29   0.771    -.0742066    .1001485
      EF29_6 |   .0133029    .032314     0.41   0.681    -.0500314    .0766372
   monthly_6 |   .0000689   .0000161     4.27   0.000     .0000373    .0001006
       age_6 |  -.0122431    .001258    -9.73   0.000    -.0147087   -.0097776
       edu_6 |   -.126022   .0435058    -2.90   0.004    -.2112918   -.0407522
      cons_6 |  -1.637986   .1914638    -8.56   0.000    -2.013248   -1.262724
        p1_7 |  -.0716926   .2238928    -0.32   0.749    -.5105143    .3671292
        p2_7 |  -.4245565   .1930241    -2.20   0.028    -.8028767   -.0462362
        p3_7 |   .0239647   .1594573     0.15   0.881    -.2885658    .3364952
        p4_7 |  -.3700537   .4727007    -0.78   0.434     -1.29653    .5564226
        p5_7 |  -.0969593   .0721102    -1.34   0.179    -.2382926    .0443741
        p6_7 |   .2032704   .4256622     0.48   0.633    -.6310121    1.037553
        p7_7 |   .1145947   .0927239     1.24   0.217    -.0671407    .2963301
        p8_7 |  -.0389369    .150223    -0.26   0.795    -.3333687    .2554948
        p9_7 |  -.1517413   .1740797    -0.87   0.383    -.4929313    .1894487
       p10_7 |   .4628914   .6129519     0.76   0.450    -.7384724    1.664255
       p11_7 |  -.5789196   .1001851    -5.78   0.000    -.7752788   -.3825605
       p12_7 |  -.0757125   .1076484    -0.70   0.482    -.2866995    .1352745
       p13_7 |   -.614676    .198468    -3.10   0.002    -1.003666   -.2256858
       p14_7 |   .4292347   1.007577     0.43   0.670     -1.54558     2.40405
       p15_7 |   -.064999   .1199608    -0.54   0.588     -.300118    .1701199
         M_7 |   .9357797   .0506209    18.49   0.000     .8365645    1.034995
     urban_7 |  -.0054624   .0459575    -0.12   0.905    -.0955376    .0846127
      EF29_7 |  -.0170688   .0434629    -0.39   0.695    -.1022545    .0681168
   monthly_7 |   .0000415   .0000208     2.00   0.046     8.10e-07    .0000822
       age_7 |   .0040044   .0019998     2.00   0.045     .0000849    .0079239
       edu_7 |  -.3767154   .0592497    -6.36   0.000    -.4928426   -.2605882
      cons_7 |  -4.079447   .2310194   -17.66   0.000    -4.532236   -3.626657
        p1_8 |  -.0538705   .3389556    -0.16   0.874    -.7182112    .6104702
        p2_8 |  -.6948075    .314337    -2.21   0.027    -1.310897   -.0787182
        p3_8 |   .0227467   .2219552     0.10   0.918    -.4122775    .4577709
        p4_8 |   .9633598   .8967825     1.07   0.283    -.7943016    2.721021
        p5_8 |   .0600388   .0819921     0.73   0.464    -.1006628    .2207404
        p6_8 |  -.1053072   .4804088    -0.22   0.826    -1.046891    .8362767
        p7_8 |  -.0583031   .1241296    -0.47   0.639    -.3015927    .1849865
        p8_8 |   .0249605   .1327834     0.19   0.851    -.2352902    .2852112
        p9_8 |  -.1125687   .3802604    -0.30   0.767    -.8578655    .6327281
       p10_8 |   .2251507   .6749457     0.33   0.739    -1.097719     1.54802
       p11_8 |  -.4813786   .1434114    -3.36   0.001    -.7624598   -.2002974
       p12_8 |   .0313834   .1134289     0.28   0.782    -.1909332       .2537
       p13_8 |  -.4346046   .3032758    -1.43   0.152    -1.029014    .1598051
       p14_8 |  -.2342154   1.384091    -0.17   0.866    -2.946984    2.478553
       p15_8 |  -.2679746   .1471798    -1.82   0.069    -.5564416    .0204924
         M_8 |   .3983308    .068863     5.78   0.000     .2633617    .5332998
     urban_8 |  -.0751931   .0826994    -0.91   0.363     -.237281    .0868947
      EF29_8 |  -.0083533   .0750263    -0.11   0.911    -.1554021    .1386955
   monthly_8 |   .0001921   .0000366     5.26   0.000     .0001205    .0002638
       age_8 |   .0139032   .0031008     4.48   0.000     .0078258    .0199806
       edu_8 |  -.4218963   .0759772    -5.55   0.000     -.570809   -.2729836
      cons_8 |  -1.339072   .2802873    -4.78   0.000    -1.888425   -.7897187
        p1_9 |   .0509534   .1731895     0.29   0.769    -.2884918    .3903985
        p2_9 |  -.0728842   .1560086    -0.47   0.640    -.3786555    .2328871
        p3_9 |   .0663194   .1339895     0.49   0.621    -.1962952    .3289339
        p4_9 |   .1565619   .5256646     0.30   0.766    -.8737217    1.186846
        p5_9 |   .0836504   .0526859     1.59   0.112    -.0196121    .1869128
        p6_9 |  -.1051246   .3229175    -0.33   0.745    -.7380314    .5277821
        p7_9 |   .0431346   .1164657     0.37   0.711     -.185134    .2714032
        p8_9 |   .1049537   .1467823     0.72   0.475    -.1827344    .3926417
        p9_9 |  -.3810276   .1345942    -2.83   0.005    -.6448274   -.1172277
       p10_9 |  -.9983058   .3679953    -2.71   0.007    -1.719563   -.2770483
       p11_9 |  -.1095565    .061844    -1.77   0.076    -.2307685    .0116555
       p12_9 |   .0252705    .097585     0.26   0.796    -.1659927    .2165336
       p13_9 |   .0425484   .1942189     0.22   0.827    -.3381136    .4232103
       p14_9 |   .8301665   .7637776     1.09   0.277      -.66681    2.327143
       p15_9 |   .1489461   .0944188     1.58   0.115    -.0361112    .3340035
         M_9 |   .5998344   .0472509    12.69   0.000     .5072244    .6924444
     urban_9 |   .0666981   .0528805     1.26   0.207    -.0369459    .1703421
      EF29_9 |  -.0607982   .0289823    -2.10   0.036    -.1176025    -.003994
   monthly_9 |   .0000231   .0000168     1.38   0.168    -9.74e-06     .000056
       age_9 |   .0076145   .0020475     3.72   0.000     .0036014    .0116276
       edu_9 |   .0430959   .0465098     0.93   0.354    -.0480616    .1342535
      cons_9 |  -4.188961   .2426004   -17.27   0.000    -4.664449   -3.713473
       p1_10 |  -.0575879    .162514    -0.35   0.723    -.3761095    .2609336
       p2_10 |   .2201427   .1537856     1.43   0.152    -.0812716    .5215569
       p3_10 |  -.0792277   .1534956    -0.52   0.606    -.3800736    .2216182
       p4_10 |    .130262   .4654013     0.28   0.780    -.7819077    1.042432
       p5_10 |  -.0747133   .0583667    -1.28   0.201    -.1891099    .0396833
       p6_10 |  -.2658289   .3664896    -0.73   0.468    -.9841354    .4524776
       p7_10 |  -.2203889   .1006189    -2.19   0.028    -.4175983   -.0231796
       p8_10 |  -.1608808   .1251586    -1.29   0.199    -.4061871    .0844254
       p9_10 |  -.0773246   .1395355    -0.55   0.579    -.3508092      .19616
      p10_10 |  -.0467019   .3178497    -0.15   0.883    -.6696759     .576272
      p11_10 |  -.1647754   .0662154    -2.49   0.013    -.2945552   -.0349955
      p12_10 |  -.0795678    .099894    -0.80   0.426    -.2753565    .1162209
      p13_10 |   .1542793   .1334708     1.16   0.248    -.1073187    .4158774
      p14_10 |  -.5071485   .6768211    -0.75   0.454    -1.833693    .8193965
      p15_10 |  -.1430355   .0968881    -1.48   0.140    -.3329326    .0468617
        M_10 |   .7059047   .0321024    21.99   0.000     .6429853    .7688242
    urban_10 |  -.0452588   .0405665    -1.12   0.265    -.1247677      .03425
     EF29_10 |  -.0069102   .0413459    -0.17   0.867    -.0879468    .0741263
  monthly_10 |  -.0000416   .0000113    -3.66   0.000    -.0000638   -.0000193
      age_10 |   .0069065    .001691     4.08   0.000     .0035921    .0102208
      edu_10 |   .0012784   .0487603     0.03   0.979    -.0942901    .0968469
     cons_10 |  -3.280212   .1860205   -17.63   0.000    -3.644806   -2.915619
       p1_11 |   .3285545   .2378654     1.38   0.167    -.1376531    .7947621
       p2_11 |  -.2843187   .2289484    -1.24   0.214    -.7330494     .164412
       p3_11 |  -.2808611   .1745431    -1.61   0.108    -.6229592     .061237
       p4_11 |  -.3679638    .540797    -0.68   0.496    -1.427907    .6919789
       p5_11 |    .027151   .0659602     0.41   0.681    -.1021286    .1564305
       p6_11 |   -.245539   .4571533    -0.54   0.591    -1.141543    .6504651
       p7_11 |  -.2275603   .1371755    -1.66   0.097    -.4964193    .0412988
       p8_11 |   .2002699   .1314153     1.52   0.128    -.0572994    .4578392
       p9_11 |   -.061332   .1743664    -0.35   0.725    -.4030839      .28042
      p10_11 |   .0184177   .5869786     0.03   0.975    -1.132039    1.168875
      p11_11 |  -.0512738   .0674196    -0.76   0.447    -.1834139    .0808662
      p12_11 |  -.0524288   .1179871    -0.44   0.657    -.2836792    .1788216
      p13_11 |  -.1544786   .1955754    -0.79   0.430    -.5377994    .2288422
      p14_11 |    .101429   1.079841     0.09   0.925    -2.015021    2.217879
      p15_11 |  -.0774547    .120281    -0.64   0.520    -.3132011    .1582917
        M_11 |   .7637318   .0478921    15.95   0.000     .6698651    .8575986
    urban_11 |   .0592435    .043634     1.36   0.175    -.0262775    .1447645
     EF29_11 |  -.1359707   .0470415    -2.89   0.004    -.2281704    -.043771
  monthly_11 |   .0000248   .0000196     1.27   0.205    -.0000135    .0000632
      age_11 |   .0023674   .0018554     1.28   0.202    -.0012691    .0060039
      edu_11 |   .0333123   .0474264     0.70   0.482    -.0596417    .1262663
     cons_11 |  -3.133525   .2315051   -13.54   0.000    -3.587266   -2.679783
       p1_12 |  -.6730779   .2709523    -2.48   0.013    -1.204135   -.1420212
       p2_12 |  -.1640162   .2922089    -0.56   0.575    -.7367352    .4087028
       p3_12 |   .2054665   .1977192     1.04   0.299    -.1820559     .592989
       p4_12 |   1.260326    .602825     2.09   0.037     .0788105    2.441841
       p5_12 |  -.0002874   .0850975    -0.00   0.997    -.1670754    .1665006
       p6_12 |   .1920725   .4745234     0.40   0.686    -.7379763    1.122121
       p7_12 |  -.0863149   .1621759    -0.53   0.595    -.4041738    .2315441
       p8_12 |   .1243415   .1669488     0.74   0.456    -.2028722    .4515551
       p9_12 |   .0094586   .2653676     0.04   0.972    -.5106523    .5295696
      p10_12 |    -.67256   .5904669    -1.14   0.255    -1.829854    .4847338
      p11_12 |   -.002155   .1316102    -0.02   0.987    -.2601063    .2557963
      p12_12 |  -.0279238   .0598518    -0.47   0.641    -.1452312    .0893836
      p13_12 |   .2993554   .2701597     1.11   0.268    -.2301479    .8288588
      p14_12 |  -.2548773   1.142978    -0.22   0.824    -2.495072    1.985318
      p15_12 |  -.2942537   .1326991    -2.22   0.027    -.5543393   -.0341682
        M_12 |   .4716468   .0564145     8.36   0.000     .3610764    .5822173
    urban_12 |  -.0510344   .0711386    -0.72   0.473    -.1904635    .0883947
     EF29_12 |   -.005815   .0418589    -0.14   0.890    -.0878569    .0762268
  monthly_12 |    .000055    .000024     2.29   0.022     7.96e-06     .000102
      age_12 |   .0117318   .0021459     5.47   0.000      .007526    .0159376
      edu_12 |  -.0731165   .0722098    -1.01   0.311    -.2146452    .0684122
     cons_12 |   -1.75586   .2528029    -6.95   0.000    -2.251345   -1.260375
       p1_13 |   2.665005   32.80866     0.08   0.935    -61.63879     66.9688
       p2_13 |   1.768051   11.04214     0.16   0.873    -19.87414    23.41024
       p3_13 |  -.1558237   13.34752    -0.01   0.991    -26.31648    26.00483
       p4_13 |  -1.686473    42.5616    -0.04   0.968    -85.10567    81.73273
       p5_13 |   .4364514   1.338202     0.33   0.744    -2.186376    3.059279
       p6_13 |  -.7038419   31.02208    -0.02   0.982    -61.50599    60.09831
       p7_13 |  -.8427759    13.2582    -0.06   0.949    -26.82838    25.14283
       p8_13 |    1.01293   11.13565     0.09   0.928    -20.81254     22.8384
       p9_13 |  -1.663608   15.80957    -0.11   0.916    -32.64979    29.32257
      p10_13 |   .9986779   21.52031     0.05   0.963    -41.18036    43.17772
      p11_13 |   .1638437   1.978284     0.08   0.934    -3.713522    4.041209
      p12_13 |  -1.696517   13.50539    -0.13   0.900    -28.16659    24.77355
      p13_13 |   -.315364   1.805023    -0.17   0.861    -3.853144    3.222416
      p14_13 |  -5.367858   10.97294    -0.49   0.625    -26.87442     16.1387
      p15_13 |  -.6335202   7.365314    -0.09   0.931    -15.06927    13.80223
        M_13 |    .249007   1.668733     0.15   0.881     -3.02165    3.519664
    urban_13 |  -.3934402   3.015726    -0.13   0.896    -6.304155    5.517275
     EF29_13 |   .0830959   5.746178     0.01   0.988    -11.17921     11.3454
  monthly_13 |   .0006625   .0082875     0.08   0.936    -.0155808    .0169058
      age_13 |   .0360582   .1773609     0.20   0.839    -.3115627    .3836791
      edu_13 |  -.3843031   .5329963    -0.72   0.471    -1.428957    .6603505
     cons_13 |     -.5188   21.04062    -0.02   0.980    -41.75765    40.72005
       p1_14 |  -.1383224   .5466383    -0.25   0.800    -1.209714     .933069
       p2_14 |  -.6035478   .5160144    -1.17   0.242    -1.614917    .4078219
       p3_14 |   -.325588   .4291072    -0.76   0.448    -1.166623    .5154467
       p4_14 |   .6265034   1.977367     0.32   0.751    -3.249064    4.502071
       p5_14 |  -.0741518    .179804    -0.41   0.680    -.4265611    .2782575
       p6_14 |   .1964727   .5510133     0.36   0.721    -.8834935    1.276439
       p7_14 |   .2766537    .486718     0.57   0.570    -.6772959    1.230603
       p8_14 |   .1940142    .433869     0.45   0.655    -.6563534    1.044382
       p9_14 |  -1.011329   .5486742    -1.84   0.065    -2.086711    .0640522
      p10_14 |   .6988255   1.956245     0.36   0.721    -3.135344    4.532995
      p11_14 |    -.06447   .2662381    -0.24   0.809    -.5862872    .4573472
      p12_14 |  -.0622556    .287112    -0.22   0.828    -.6249848    .5004736
      p13_14 |   .6366812   .4843425     1.31   0.189    -.3126126    1.585975
      p14_14 |  -.7353584   1.348501    -0.55   0.586    -3.378371    1.907654
      p15_14 |   .0826844   .3004344     0.28   0.783    -.5061562    .6715249
        M_14 |   .8528238   .1400532     6.09   0.000     .5783246    1.127323
    urban_14 |  -.0750744   .1221511    -0.61   0.539    -.3144861    .1643372
     EF29_14 |  -.1009701   .1404611    -0.72   0.472    -.3762687    .1743285
  monthly_14 |   .0001454   .0001371     1.06   0.289    -.0001233    .0004142
      age_14 |  -.0055776   .0050945    -1.09   0.274    -.0155627    .0044075
      edu_14 |   .1213308   .1419414     0.85   0.393    -.1568693     .399531
     cons_14 |  -1.801002    .488265    -3.69   0.000    -2.757983   -.8440198
       p1_15 |   -.242716   .2525703    -0.96   0.337    -.7377447    .2523128
       p2_15 |   .3307977   .1916968     1.73   0.084    -.0449211    .7065165
       p3_15 |   .0506804   .1891751     0.27   0.789    -.3200959    .4214568
       p4_15 |  -.5341005   .5650219    -0.95   0.345    -1.641523    .5733221
       p5_15 |   .0967379   .0557517     1.74   0.083    -.0125335    .2060093
       p6_15 |  -.4471333    .430524    -1.04   0.299    -1.290945    .3966782
       p7_15 |  -.0127041   .1524179    -0.08   0.934    -.3114378    .2860295
       p8_15 |  -.3659791   .1441667    -2.54   0.011    -.6485408   -.0834175
       p9_15 |   -.072554   .2018246    -0.36   0.719    -.4681229    .3230149
      p10_15 |   -.665199   .4786547    -1.39   0.165    -1.603345     .272947
      p11_15 |  -.0013001   .0750321    -0.02   0.986    -.1483602    .1457601
      p12_15 |   .0678549    .105652     0.64   0.521    -.1392193     .274929
      p13_15 |   -.249863   .2070349    -1.21   0.227    -.6556439    .1559179
      p14_15 |   1.707636   1.003717     1.70   0.089    -.2596129    3.674885
      p15_15 |  -.0594423    .070728    -0.84   0.401    -.1980666     .079182
        M_15 |   .7117119   .0562702    12.65   0.000     .6014243    .8219995
    urban_15 |   .1119834   .0404639     2.77   0.006     .0326755    .1912913
     EF29_15 |   .0303219   .0394024     0.77   0.442    -.0469054    .1075491
  monthly_15 |   .0000323   .0000227     1.42   0.155    -.0000122    .0000768
      age_15 |  -.0178663   .0022274    -8.02   0.000    -.0222319   -.0135007
      edu_15 |   .1248507   .0589411     2.12   0.034     .0093284    .2403731
     cons_15 |  -1.902622   .2381583    -7.99   0.000    -2.369403    -1.43584
-------------+----------------------------------------------------------------
ELAS_INC     |
         e_1 |   1.028166   .0666359    15.43   0.000     .8975623     1.15877
         e_2 |   1.177081   .0660083    17.83   0.000     1.047707    1.306455
         e_3 |   .9060045   .0881304    10.28   0.000     .7332722    1.078737
         e_4 |   .9200354   .0837302    10.99   0.000     .7559273    1.084143
         e_5 |   1.171385    .254368     4.61   0.000     .6728327    1.669937
         e_6 |   .8088364   .0949851     8.52   0.000      .622669    .9950039
         e_7 |   1.322126   .0323923    40.82   0.000     1.258639    1.385614
         e_8 |   1.149843   .0291702    39.42   0.000      1.09267    1.207015
         e_9 |   1.236212   .1398301     8.84   0.000       .96215    1.510274
        e_10 |    .951975   .0669898    14.21   0.000     .8206774    1.083272
        e_11 |    .920981   .0882278    10.44   0.000     .7480578    1.093904
        e_12 |   .9749812   .1017121     9.59   0.000     .7756291    1.174333
        e_13 |   .9783167   .3206876     3.05   0.002     .3497806    1.606853
        e_14 |   .6505886   .1249731     5.21   0.000     .4056458    .8955313
        e_15 |   1.233348   .0994264    12.40   0.000     1.038476    1.428221
-------------+----------------------------------------------------------------
ELAS_UNCOMP  |
       e_1_1 |  -.9030771   .1695816    -5.33   0.000    -1.235451   -.5707032
       e_2_1 |  -.0447131   .0631963    -0.71   0.479    -.1685756    .0791494
       e_3_1 |  -.0139172   .0771046    -0.18   0.857    -.1650396    .1372051
       e_4_1 |   .1734992   .0508665     3.41   0.001     .0738027    .2731957
       e_5_1 |   .0258602   .0331177     0.78   0.435    -.0390494    .0907697
       e_6_1 |   .0074392    .038313     0.19   0.846    -.0676529    .0825313
       e_7_1 |  -.0248981   .0553937    -0.45   0.653    -.1334678    .0836716
       e_8_1 |   .0350819    .068904     0.51   0.611    -.0999674    .1701312
       e_9_1 |   .0133441   .0335507     0.40   0.691     -.052414    .0791023
      e_10_1 |   .0113957   .0546557     0.21   0.835    -.0957274    .1185188
      e_11_1 |   -.003081   .0415398    -0.07   0.941    -.0844975    .0783355
      e_12_1 |  -.0079658   .0532782    -0.15   0.881    -.1123891    .0964575
      e_13_1 |   -.031391   .1221508    -0.26   0.797    -.2708021    .2080202
      e_14_1 |  -.0546006   .1235617    -0.44   0.659    -.2967772     .187576
      e_15_1 |  -.0261267   .0368341    -0.71   0.478    -.0983202    .0460669
       e_1_2 |  -.1498185   .1488792    -1.01   0.314    -.4416163    .1419793
       e_2_2 |   -.984124   .4009443    -2.45   0.014     -1.76996   -.1982877
       e_3_2 |   .0335946   .1015606     0.33   0.741    -.1654604    .2326497
       e_4_2 |   .2542676   .1419227     1.79   0.073    -.0238959    .5324311
       e_5_2 |   .0207305    .033201     0.62   0.532    -.0443423    .0858033
       e_6_2 |  -.0481129   .0610252    -0.79   0.430    -.1677201    .0714943
       e_7_2 |  -.0214894   .0506642    -0.42   0.671    -.1207893    .0778105
       e_8_2 |  -.1247796   .0731871    -1.70   0.088    -.2682236    .0186644
       e_9_2 |   .0484933   .0472223     1.03   0.304    -.0440607    .1410473
      e_10_2 |  -.0641453   .1085833    -0.59   0.555    -.2769648    .1486741
      e_11_2 |    .023677   .0482533     0.49   0.624    -.0708977    .1182516
      e_12_2 |   -.042643   .0536777    -0.79   0.427    -.1478493    .0625634
      e_13_2 |  -.0546467   .2480819    -0.22   0.826    -.5408783    .4315849
      e_14_2 |  -.0315866    .348009    -0.09   0.928    -.7136718    .6504986
      e_15_2 |  -.0051824   .0670428    -0.08   0.938    -.1365839     .126219
       e_1_3 |   .0454181   .1055645     0.43   0.667    -.1614845    .2523207
       e_2_3 |   .0390244    .047662     0.82   0.413    -.0543914    .1324402
       e_3_3 |  -.9511419   .1555137    -6.12   0.000    -1.255943   -.6463406
       e_4_3 |  -.0515912   .0777001    -0.66   0.507    -.2038805    .1006982
       e_5_3 |   .0415169   .0474758     0.87   0.382     -.051534    .1345677
       e_6_3 |   .0860718   .0775826     1.11   0.267    -.0659872    .2381309
       e_7_3 |    .016331   .0517085     0.32   0.752    -.0850159    .1176778
       e_8_3 |   .0536154     .08796     0.61   0.542    -.1187829    .2260138
       e_9_3 |   .0256481   .0504862     0.51   0.611    -.0733031    .1245994
      e_10_3 |   .1016763   .0815882     1.25   0.213    -.0582336    .2615863
      e_11_3 |   .0641175   .0415202     1.54   0.123    -.0172605    .1454955
      e_12_3 |   .0398162   .0742095     0.54   0.592    -.1056317    .1852641
      e_13_3 |    .116952   .1519942     0.77   0.442    -.1809512    .4148552
      e_14_3 |  -.0131601   .1568867    -0.08   0.933    -.3206524    .2943321
      e_15_3 |   .0550281   .0581303     0.95   0.344    -.0589052    .1689613
       e_1_4 |   .4522823   .1576765     2.87   0.004     .1432421    .7613224
       e_2_4 |   .2098232    .145476     1.44   0.149    -.0753045    .4949509
       e_3_4 |  -.1440447    .108093    -1.33   0.183    -.3559031    .0678137
       e_4_4 |   -.802885   .4458562    -1.80   0.072    -1.676747     .070977
       e_5_4 |   .0431514   .0542489     0.80   0.426    -.0631745    .1494774
       e_6_4 |   .1146188   .1668318     0.69   0.492    -.2123656    .4416031
       e_7_4 |  -.1478201   .0978371    -1.51   0.131    -.3395772    .0439371
       e_8_4 |   .1383997    .123117     1.12   0.261    -.1029053    .3797046
       e_9_4 |   -.073848    .094103    -0.78   0.433    -.2582865    .1105905
      e_10_4 |  -.0031984   .2776889    -0.01   0.991    -.5474586    .5410619
      e_11_4 |      .1829   .0619141     2.95   0.003     .0615505    .3042495
      e_12_4 |  -.0501118   .0840927    -0.60   0.551    -.2149304    .1147069
      e_13_4 |   .2319494    .231918     1.00   0.317    -.2226015    .6865004
      e_14_4 |  -.6765037   .4413838    -1.53   0.125      -1.5416    .1885927
      e_15_4 |   -.189679   .1115458    -1.70   0.089    -.4083047    .0289467
       e_1_5 |   .1759515   .2458682     0.72   0.474    -.3059413    .6578442
       e_2_5 |   .1033927   .1979603     0.52   0.601    -.2846024    .4913877
       e_3_5 |   .0221123   .1794787     0.12   0.902    -.3296594    .3738841
       e_4_5 |  -.1398038   .4302393    -0.32   0.745    -.9830573    .7034498
       e_5_5 |  -.9373986   .2114347    -4.43   0.000    -1.351803   -.5229943
       e_6_5 |    .011503    .233676     0.05   0.961    -.4464936    .4694996
       e_7_5 |  -.1168662   .2251066    -0.52   0.604     -.558067    .3243346
       e_8_5 |  -.0774303   .1481806    -0.52   0.601    -.3678589    .2129983
       e_9_5 |  -.0155304    .093403    -0.17   0.868    -.1985969     .167536
      e_10_5 |  -.1132537   .4156638    -0.27   0.785    -.9279398    .7014323
      e_11_5 |   .0134671   .0839043     0.16   0.872    -.1509823    .1779165
      e_12_5 |  -.0512989   .1431157    -0.36   0.720    -.3318005    .2292028
      e_13_5 |  -.3515899   .3019176    -1.16   0.244    -.9433376    .2401577
      e_14_5 |   .3934864   .4341136     0.91   0.365    -.4573607    1.244333
      e_15_5 |  -.0061482   .0937727    -0.07   0.948    -.1899392    .1776429
       e_1_6 |   .0935737   .1265195     0.74   0.460    -.1544001    .3415474
       e_2_6 |  -.1253628   .1417577    -0.88   0.377    -.4032028    .1524771
       e_3_6 |   .1553854   .1024952     1.52   0.130    -.0455015    .3562723
       e_4_6 |   .3057276   .4105994     0.74   0.457    -.4990324    1.110488
       e_5_6 |   .0625006   .0533893     1.17   0.242    -.0421405    .1671417
       e_6_6 |  -.7304204   .7527463    -0.97   0.332    -2.205776    .7449353
       e_7_6 |   .0015952   .1085418     0.01   0.988    -.2111427    .2143331
       e_8_6 |   .0617025   .1399943     0.44   0.659    -.2126814    .3360863
       e_9_6 |  -.0552587   .1342535    -0.41   0.681    -.3183906    .2078732
      e_10_6 |  -.0426597   .3376743    -0.13   0.899    -.7044893    .6191698
      e_11_6 |  -.0859593   .0892588    -0.96   0.336    -.2609034    .0889848
      e_12_6 |    .046607   .1135527     0.41   0.681    -.1759522    .2691662
      e_13_6 |  -.2455362   .2899922    -0.85   0.397    -.8139105    .3228381
      e_14_6 |   .0756084   .7960583     0.09   0.924    -1.484637    1.635854
      e_15_6 |  -.0405004   .1001299    -0.40   0.686    -.2367513    .1557506
       e_1_7 |  -.0723257    .068827    -1.05   0.293    -.2072241    .0625728
       e_2_7 |  -.0405883   .0372825    -1.09   0.276    -.1136606     .032484
       e_3_7 |  -.0283691   .0506624    -0.56   0.576    -.1276656    .0709273
       e_4_7 |  -.0917283   .0648621    -1.41   0.157    -.2188557    .0353992
       e_5_7 |  -.0288057   .0201364    -1.43   0.153    -.0682724    .0106609
       e_6_7 |    .005933    .037887     0.16   0.876    -.0683242    .0801902
       e_7_7 |  -.9669375   .1027302    -9.41   0.000    -1.168285     -.76559
       e_8_7 |  -.0132948    .097509    -0.14   0.892     -.204409    .1778194
       e_9_7 |    .007834   .0226652     0.35   0.730    -.0365889     .052257
      e_10_7 |   .0472888   .0643283     0.74   0.462    -.0787923      .17337
      e_11_7 |  -.0834942   .0260511    -3.21   0.001    -.1345534    -.032435
      e_12_7 |  -.0288202   .0309803    -0.93   0.352    -.0895406    .0319001
      e_13_7 |  -.0182415   .0789924    -0.23   0.817    -.1730637    .1365807
      e_14_7 |    .076269   .1146513     0.67   0.506    -.1484434    .3009814
      e_15_7 |   .0005152   .0269835     0.02   0.985    -.0523715    .0534019
       e_1_8 |    .024408   .0515984     0.47   0.636     -.076723     .125539
       e_2_8 |  -.0586191   .0347563    -1.69   0.092    -.1267402     .009502
       e_3_8 |   .0114953   .0503785     0.23   0.820    -.0872447    .1102353
       e_4_8 |   .0635925   .0932165     0.68   0.495    -.1191085    .2462934
       e_5_8 |  -.0080722   .0139024    -0.58   0.561    -.0353205     .019176
       e_6_8 |  -.0087223   .0318798    -0.27   0.784    -.0712055    .0537609
       e_7_8 |   .0027843   .0590232     0.05   0.962    -.1128991    .1184677
       e_8_8 |  -.9872216   .0777161   -12.70   0.000    -1.139542   -.8349008
       e_9_8 |  -.0017305   .0259173    -0.07   0.947    -.0525274    .0490663
      e_10_8 |  -.0014698   .0411069    -0.04   0.971    -.0820378    .0790982
      e_11_8 |  -.0817256   .0302873    -2.70   0.007    -.1410876   -.0223636
      e_12_8 |  -.0017982   .0237822    -0.08   0.940    -.0484105    .0448141
      e_13_8 |  -.1908496   .0802472    -2.38   0.017    -.3481313   -.0335679
      e_14_8 |   .1147764   .0896257     1.28   0.200    -.0608867    .2904395
      e_15_8 |  -.0570138   .0268232    -2.13   0.034    -.1095864   -.0044412
       e_1_9 |      .0658   .1254965     0.52   0.600    -.1801686    .3117686
       e_2_9 |   .0431051    .090298     0.48   0.633    -.1338757     .220086
       e_3_9 |   .0366616   .0731846     0.50   0.616    -.1067776    .1801009
       e_4_9 |  -.0967163   .2074267    -0.47   0.641     -.503265    .3098325
       e_5_9 |   .0126102   .0359394     0.35   0.726    -.0578298    .0830501
       e_6_9 |  -.0761586   .0965138    -0.79   0.430     -.265322    .1130049
       e_7_9 |   .0747885   .0704223     1.06   0.288    -.0632366    .2128137
       e_8_9 |   .0419922   .1133394     0.37   0.711    -.1801489    .2641334
       e_9_9 |  -1.081533   .2285834    -4.73   0.000    -1.529548   -.6335177
      e_10_9 |  -.3204047   .1837503    -1.74   0.081    -.6805486    .0397392
      e_11_9 |  -.0656202   .0471525    -1.39   0.164    -.1580373     .026797
      e_12_9 |   .0093262   .0494422     0.19   0.850    -.0875788    .1062312
      e_13_9 |  -.1294498   .1315915    -0.98   0.325    -.3873645    .1284649
      e_14_9 |   .3238342   .2630914     1.23   0.218    -.1918154    .8394839
      e_15_9 |   .0279663   .0439253     0.64   0.524    -.0581257    .1140582
      e_1_10 |  -.1127483   .1246963    -0.90   0.366    -.3571486     .131652
      e_2_10 |  -.0093349   .1224377    -0.08   0.939    -.2493083    .2306386
      e_3_10 |  -.0191971   .0750381    -0.26   0.798     -.166269    .1278749
      e_4_10 |  -.0121955   .3022023    -0.04   0.968    -.6045011    .5801101
      e_5_10 |  -.0374815   .0323274    -1.16   0.246     -.100842     .025879
      e_6_10 |  -.0554878   .1483377    -0.37   0.708    -.3462243    .2352487
      e_7_10 |   .0186647   .0834332     0.22   0.823    -.1448614    .1821908
      e_8_10 |  -.0230157   .0773957    -0.30   0.766    -.1747084     .128677
      e_9_10 |  -.1089868   .1109486    -0.98   0.326    -.3264421    .1084685
     e_10_10 |  -.7677718   .6155595    -1.25   0.212    -1.974246    .4387027
     e_11_10 |  -.0985278    .057099    -1.73   0.084    -.2104398    .0133842
     e_12_10 |  -.0623489   .0762699    -0.82   0.414    -.2118353    .0871374
     e_13_10 |   .3104424   .1311202     2.37   0.018     .0534515    .5674333
     e_14_10 |   -.062962    .462774    -0.14   0.892    -.9699825    .8440584
     e_15_10 |  -.0033491   .0646418    -0.05   0.959    -.1300447    .1233466
      e_1_11 |  -.0143173   .1404742    -0.10   0.919    -.2896416     .261007
      e_2_11 |   .0534135    .070781     0.75   0.450    -.0853148    .1921417
      e_3_11 |   .0996546   .1022431     0.97   0.330    -.1007381    .3000474
      e_4_11 |   .2666165   .1002037     2.66   0.008     .0702209    .4630121
      e_5_11 |    .030145    .034119     0.88   0.377     -.036727     .097017
      e_6_11 |  -.0521584   .0683662    -0.76   0.446    -.1861536    .0818369
      e_7_11 |  -.1018365   .0739063    -1.38   0.168    -.2466903    .0430172
      e_8_11 |  -.3235199   .0920675    -3.51   0.000    -.5039689   -.1430709
      e_9_11 |  -.0221514   .0447767    -0.49   0.621     -.109912    .0656093
     e_10_11 |  -.1001533    .081062    -1.24   0.217    -.2590318    .0587253
     e_11_11 |   -.853289   .1680846    -5.08   0.000    -1.182729   -.5238492
     e_12_11 |    .081793   .0767083     1.07   0.286    -.0685525    .2321384
     e_13_11 |  -.0055346   .2181661    -0.03   0.980    -.4331323    .4220631
     e_14_11 |   .1650969   .2289807     0.72   0.471    -.2836969    .6138908
     e_15_11 |   .0306845   .0574647     0.53   0.593    -.0819444    .1433133
      e_1_12 |  -.0451579   .1188701    -0.38   0.704     -.278139    .1878232
      e_2_12 |  -.0364176   .0573348    -0.64   0.525    -.1487917    .0759565
      e_3_12 |   .0481996   .0993106     0.49   0.627    -.1464457    .2428449
      e_4_12 |  -.0030375   .1008417    -0.03   0.976    -.2006836    .1946086
      e_5_12 |  -.0043067   .0307178    -0.14   0.889    -.0645124    .0558991
      e_6_12 |   .0278117   .0433809     0.64   0.521    -.0572132    .1128367
      e_7_12 |  -.0243871   .0621615    -0.39   0.695    -.1462215    .0974473
      e_8_12 |   .0366451   .0672598     0.54   0.586    -.0951816    .1684718
      e_9_12 |   .0102877   .0237613     0.43   0.665    -.0362836    .0568589
     e_10_12 |  -.0734854   .0671195    -1.09   0.274    -.2050373    .0580664
     e_11_12 |   .0403097   .0420896     0.96   0.338    -.0421844    .1228039
     e_12_12 |  -.9538386   .2366448    -4.03   0.000    -1.417654   -.4900233
     e_13_12 |   .2755435   .1429529     1.93   0.054    -.0046391    .5557261
     e_14_12 |  -.2072355   .1748753    -1.19   0.236    -.5499847    .1355138
     e_15_12 |  -.0056949   .0468372    -0.12   0.903    -.0974942    .0861044
      e_1_13 |  -.0620025   6.041295    -0.01   0.992    -11.90272    11.77872
      e_2_13 |  -.0106633   2.064327    -0.01   0.996     -4.05667    4.035344
      e_3_13 |   .0869248    2.41138     0.04   0.971    -4.639293    4.813143
      e_4_13 |   .1475119   7.688614     0.02   0.985    -14.92189    15.21692
      e_5_13 |   .0077896   .1902156     0.04   0.967    -.3650261    .3806054
      e_6_13 |   .0438395   5.581095     0.01   0.994     -10.8949    10.98258
      e_7_13 |   .1160028   2.431395     0.05   0.962    -4.649443    4.881449
      e_8_13 |  -.0787264   2.065962    -0.04   0.970    -4.127937    3.970484
      e_9_13 |   .0966442   2.888906     0.03   0.973    -5.565507    5.758795
     e_10_13 |   .0515896   3.902241     0.01   0.989    -7.596662    7.699842
     e_11_13 |   .0368052   .3485511     0.11   0.916    -.6463424    .7199527
     e_12_13 |   .1577585    2.49736     0.06   0.950    -4.736976    5.052493
     e_13_13 |  -.9873709   .3538798    -2.79   0.005    -1.680963   -.2937792
     e_14_13 |   .2446085   1.501851     0.16   0.871    -2.698965    3.188182
     e_15_13 |   .0735244   1.335175     0.06   0.956    -2.543371     2.69042
      e_1_14 |  -.0418982   .0950599    -0.44   0.659    -.2282121    .1444158
      e_2_14 |   .0608968   .0750465     0.81   0.417    -.0861916    .2079852
      e_3_14 |  -.0338707   .0934494    -0.36   0.717    -.2170281    .1492868
      e_4_14 |  -.2367277   .2522163    -0.94   0.348    -.7310625    .2576072
      e_5_14 |   .0376274    .056675     0.66   0.507    -.0734535    .1487084
      e_6_14 |   .0172059    .073747     0.23   0.816    -.1273356    .1617475
      e_7_14 |   .0182125   .0674987     0.27   0.787    -.1140825    .1505076
      e_8_14 |   .1687557   .0819234     2.06   0.039     .0081889    .3293226
      e_9_14 |   .1200989   .0595496     2.02   0.044     .0033838    .2368139
     e_10_14 |  -.0508641   .1456665    -0.35   0.727    -.3363653     .234637
     e_11_14 |   .0450595   .0563184     0.80   0.424    -.0653224    .1554415
     e_12_14 |  -.0411904   .0756084    -0.54   0.586    -.1893801    .1069993
     e_13_14 |   .0537841    .154863     0.35   0.728    -.2497418    .3573101
     e_14_14 |  -.9045427   .2536943    -3.57   0.000    -1.401774    -.407311
     e_15_14 |   .0833933   .0597558     1.40   0.163    -.0337259    .2005124
      e_1_15 |  -.1803372   .1299762    -1.39   0.165    -.4350859    .0744115
      e_2_15 |   .0487383   .1105387     0.44   0.659    -.1679136    .2653902
      e_3_15 |   .1102362   .1175367     0.94   0.348    -.1201315     .340604
      e_4_15 |  -.3501915   .1439285    -2.43   0.015    -.6322861   -.0680968
      e_5_15 |   .0214119    .046777     0.46   0.647    -.0702693    .1130932
      e_6_15 |  -.1173705   .1215758    -0.97   0.334    -.3556547    .1209137
      e_7_15 |    .030198   .0663374     0.46   0.649    -.0998209    .1602169
      e_8_15 |  -.2739978   .1011577    -2.71   0.007    -.4722633   -.0757324
      e_9_15 |  -.0014726   .0389584    -0.04   0.970    -.0778296    .0748844
     e_10_15 |  -.0912088   .1691505    -0.54   0.590    -.4227376      .24032
     e_11_15 |   .0097398    .049878     0.20   0.845    -.0880193    .1074988
     e_12_15 |   .0112496   .0753109     0.15   0.881    -.1363571    .1588563
     e_13_15 |  -.0456851   .2540508    -0.18   0.857    -.5436154    .4522452
     e_14_15 |   .6133027   .3478513     1.76   0.078    -.0684733    1.295079
     e_15_15 |  -.9110299   .2916895    -3.12   0.002    -1.482731    -.339329
-------------+----------------------------------------------------------------
ELAS_COMP    |
       e_1_1 |  -.7971695   .1721071    -4.63   0.000    -1.134493   -.4598458
       e_2_1 |  -.0077076   .0625542    -0.12   0.902    -.1303116    .1148964
       e_3_1 |   .0846426   .0753625     1.12   0.261    -.0630653    .2323504
       e_4_1 |   .2055748   .0510963     4.02   0.000     .1054279    .3057217
       e_5_1 |   .0404829   .0329885     1.23   0.220    -.0241734    .1051393
       e_6_1 |   .0227276   .0382916     0.59   0.553    -.0523226    .0977779
       e_7_1 |   .0562468    .054782     1.03   0.305     -.051124    .1636175
       e_8_1 |   .1930948   .0716252     2.70   0.007      .052712    .3334777
       e_9_1 |   .0266979   .0336022     0.79   0.427    -.0391612     .092557
      e_10_1 |   .0433376    .054122     0.80   0.423    -.0627395    .1494147
      e_11_1 |   .0080747   .1399563     0.06   0.954    -.2662347    .2823841
      e_12_1 |   .0997739   .0708527     1.41   0.159    -.0390949    .2386427
      e_13_1 |   .3096002   .1038996     2.98   0.003     .1059607    .5132397
      e_14_1 |   .3966127   .1013716     3.91   0.000     .1979279    .5952974
      e_15_1 |   .0617039   .0334159     1.85   0.065      -.00379    .1271979
       e_1_2 |  -.0285718   .1494683    -0.19   0.848    -.3215243    .2643808
       e_2_2 |  -.9417589   .4015071    -2.35   0.019    -1.728698   -.1548194
       e_3_2 |   .1464294    .103253     1.42   0.156    -.0559428    .3488015
       e_4_2 |   .2909888   .1429981     2.03   0.042     .0107177      .57126
       e_5_2 |   .0374711   .0330282     1.13   0.257    -.0272629    .1022052
       e_6_2 |  -.0306102    .061136    -0.50   0.617    -.1504346    .0892142
       e_7_2 |   .0714081   .0509673     1.40   0.161    -.0284859    .1713021
       e_8_2 |   .0561191   .0708433     0.79   0.428    -.0827313    .1949695
       e_9_2 |   .0637812     .04759     1.34   0.180    -.0294936    .1570559
      e_10_2 |  -.0275772   .1090741    -0.25   0.800    -.2413584     .186204
      e_11_2 |   .0493121   .0480913     1.03   0.305    -.0449451    .1435694
      e_12_2 |   .0104321   .0533111     0.20   0.845    -.0940557    .1149199
      e_13_2 |   .1857064   .2418165     0.77   0.443    -.2882452    .6596579
      e_14_2 |   .1172376    .343742     0.34   0.733    -.5564844    .7909596
      e_15_2 |   .0309473    .066937     0.46   0.644    -.1002468    .1621415
       e_1_3 |   .1387423   .1005144     1.38   0.167    -.0582623    .3357469
       e_2_3 |   .0716331   .0473615     1.51   0.130    -.0211937    .1644599
       e_3_3 |  -.8642925   .1589328    -5.44   0.000    -1.175795     -.55279
       e_4_3 |  -.0233266    .077494    -0.30   0.763    -.1752122    .1285589
       e_5_3 |   .0544022   .0471263     1.15   0.248    -.0379635     .146768
       e_6_3 |   .0995437   .0774996     1.28   0.199    -.0523527    .2514402
       e_7_3 |   .0878346   .0478939     1.83   0.067    -.0060358     .181705
       e_8_3 |    .192854   .0840341     2.29   0.022     .0281501    .3575579
       e_9_3 |   .0374153   .0502041     0.75   0.456     -.060983    .1358136
      e_10_3 |    .129823   .0803372     1.62   0.106     -.027635     .287281
      e_11_3 |    .083849   .0405623     2.07   0.039     .0043482    .1633497
      e_12_3 |   .0806684   .0727809     1.11   0.268    -.0619796    .2233163
      e_13_3 |   .3019529   .1509222     2.00   0.045     .0061507     .597755
      e_14_3 |   .1013905    .153363     0.66   0.509    -.1991953    .4019764
      e_15_3 |   .0828373   .0567307     1.46   0.144    -.0283528    .1940274
       e_1_4 |   .5470517   .1583118     3.46   0.001     .2367663    .8573372
       e_2_4 |   .2429368   .1456481     1.67   0.095    -.0425283     .528402
       e_3_4 |  -.0558503   .1085842    -0.51   0.607    -.2686713    .1569707
       e_4_4 |  -.7741828   .4450418    -1.74   0.082    -1.646449     .098083
       e_5_4 |   .0562363    .054068     1.04   0.298    -.0497351    .1622078
       e_6_4 |   .1282993   .1666873     0.77   0.441    -.1984018    .4550005
       e_7_4 |  -.0752091   .1006647    -0.75   0.455    -.2725082      .12209
       e_8_4 |   .2797946   .1179339     2.37   0.018     .0486484    .5109407
       e_9_4 |  -.0618986   .0945433    -0.65   0.513    -.2472002     .123403
      e_10_4 |   .0253842   .2776867     0.09   0.927    -.5188716    .5696401
      e_11_4 |   .2029371   .0617727     3.29   0.001     .0818648    .3240094
      e_12_4 |   -.008627   .0834427    -0.10   0.918    -.1721717    .1549177
      e_13_4 |   .4198153   .2284998     1.84   0.066    -.0280361    .8676667
      e_14_4 |   -.560179   .4443136    -1.26   0.207    -1.431018    .3106597
      e_15_4 |  -.1614391    .111865    -1.44   0.149    -.3806904    .0578123
       e_1_5 |   .2966115   .2624458     1.13   0.258    -.2177729    .8109958
       e_2_5 |   .1455529   .2005466     0.73   0.468    -.2475113     .538617
       e_3_5 |   .1344011   .1651056     0.81   0.416    -.1891999     .458002
       e_4_5 |  -.1032602     .42455    -0.24   0.808    -.9353629    .7288425
       e_5_5 |   -.920739   .2146285    -4.29   0.000    -1.341403   -.5000748
       e_6_5 |    .028921   .2363263     0.12   0.903      -.43427    .4921119
       e_7_5 |  -.0244182   .2088876    -0.12   0.907    -.4338304    .3849939
       e_8_5 |    .102593   .1494018     0.69   0.492    -.1902292    .3954153
       e_9_5 |  -.0003166   .0940681    -0.00   0.997    -.1846867    .1840536
      e_10_5 |  -.0768625   .4104018    -0.19   0.851    -.8812352    .7275102
      e_11_5 |   .0389782   .0814937     0.48   0.632    -.1207466    .1987029
      e_12_5 |   .0015193   .1358267     0.01   0.991    -.2646961    .2677348
      e_13_5 |  -.1123999   .3193292    -0.35   0.725    -.7382737    .5134738
      e_14_5 |   .5415904   .4344013     1.25   0.212    -.3098204    1.393001
      e_15_5 |   .0298068   .0979079     0.30   0.761    -.1620893    .2217028
       e_1_6 |   .1768889   .1298477     1.36   0.173    -.0776079    .4313858
       e_2_6 |  -.0962514   .1421143    -0.68   0.498    -.3747904    .1822876
       e_3_6 |   .2329203   .1013377     2.30   0.022     .0343021    .4315385
       e_4_6 |   .3309608   .4102259     0.81   0.420    -.4730671    1.134989
       e_5_6 |    .074004   .0533241     1.39   0.165    -.0305093    .1785174
       e_6_6 |  -.7183933   .7519513    -0.96   0.339    -2.192191    .7554041
       e_7_6 |   .0654301   .1081409     0.61   0.545    -.1465221    .2773823
       e_8_6 |   .1860079   .1438774     1.29   0.196    -.0959867    .4680024
       e_9_6 |  -.0447536   .1345896    -0.33   0.739    -.3085443    .2190371
      e_10_6 |  -.0175317   .3382117    -0.05   0.959    -.6804144    .6453509
      e_11_6 |   -.068344   .0894017    -0.76   0.445    -.2435681    .1068801
      e_12_6 |   .0830778   .1151525     0.72   0.471    -.1426171    .3087726
      e_13_6 |  -.0803765   .2862415    -0.28   0.779    -.6413995    .4806465
      e_14_6 |   .1778737   .7998619     0.22   0.824    -1.389827    1.745574
      e_15_6 |  -.0156736   .1008067    -0.16   0.876    -.2132512    .1819039
       e_1_7 |   .0638617   .0680464     0.94   0.348    -.0695068    .1972302
       e_2_7 |   .0069974   .0369267     0.19   0.850    -.0653776    .0793723
       e_3_7 |   .0983696    .051361     1.92   0.055    -.0022962    .1990354
       e_4_7 |  -.0504821   .0648953    -0.78   0.437    -.1776745    .0767104
       e_5_7 |  -.0100022   .0202287    -0.49   0.621    -.0496497    .0296452
       e_6_7 |   .0255925   .0378564     0.68   0.499    -.0486047    .0997897
       e_7_7 |  -.8625927    .102436    -8.42   0.000    -1.063364   -.6618218
       e_8_7 |   .1898951   .0985661     1.93   0.054    -.0032909    .3830812
       e_9_7 |   .0250057   .0225975     1.11   0.268    -.0192846    .0692961
      e_10_7 |   .0883631   .0644135     1.37   0.170    -.0378851    .2146113
      e_11_7 |  -.0547002   .0261037    -2.10   0.036    -.1058625   -.0035379
      e_12_7 |    .030795   .0308898     1.00   0.319     -.029748    .0913379
      e_13_7 |    .251729   .0794621     3.17   0.002     .0959861    .4074719
      e_14_7 |    .243432    .115317     2.11   0.035      .017415    .4694491
      e_15_7 |   .0410971   .0271205     1.52   0.130    -.0120581    .0942522
       e_1_8 |    .142849   .0521487     2.74   0.006     .0406395    .2450586
       e_2_8 |  -.0172343   .0346887    -0.50   0.619    -.0852229    .0507543
       e_3_8 |    .121719   .0508288     2.39   0.017     .0220963    .2213417
       e_4_8 |    .099464   .0933864     1.07   0.287      -.08357    .2824979
       e_5_8 |    .008281   .0139983     0.59   0.554    -.0191552    .0357173
       e_6_8 |   .0083754    .031941     0.26   0.793    -.0542278    .0709786
       e_7_8 |   .0935321   .0596989     1.57   0.117    -.0234756    .2105398
       e_8_8 |  -.8105089   .0764019   -10.61   0.000     -.960254   -.6607639
       e_9_8 |   .0132036   .0259804     0.51   0.611     -.037717    .0641241
      e_10_8 |   .0342521   .0404615     0.85   0.397     -.045051    .1135553
      e_11_8 |  -.0566836   .0301708    -1.88   0.060    -.1158172      .00245
      e_12_8 |   .0500487   .0243016     2.06   0.039     .0024184    .0976789
      e_13_8 |   .0439416   .0790815     0.56   0.578    -.1110554    .1989386
      e_14_8 |   .2601568   .0896981     2.90   0.004     .0843516    .4359619
      e_15_8 |  -.0217201   .0267817    -0.81   0.417    -.0742112    .0307711
       e_1_9 |   .1931377   .1314934     1.47   0.142    -.0645846      .45086
       e_2_9 |   .0875986    .089108     0.98   0.326      -.08705    .2622471
       e_3_9 |   .1551647   .0730837     2.12   0.034     .0119233    .2984061
       e_4_9 |  -.0581503   .2072111    -0.28   0.779    -.4642766     .347976
       e_5_9 |   .0301918   .0357517     0.84   0.398    -.0398802    .1002639
       e_6_9 |  -.0577766   .0969958    -0.60   0.551    -.2478848    .1323316
       e_7_9 |   .1723528   .0662734     2.60   0.009     .0424594    .3022462
       e_8_9 |   .2319785   .1035959     2.24   0.025     .0289341    .4350228
       e_9_9 |  -1.065477   .2293519    -4.65   0.000    -1.514999   -.6159556
      e_10_9 |  -.2819995   .1817767    -1.55   0.121    -.6382752    .0742762
      e_11_9 |  -.0386972   .0455075    -0.85   0.395    -.1278903    .0504958
      e_12_9 |   .0650675   .0462857     1.41   0.160    -.0256509    .1557859
      e_13_9 |   .1229775   .1445338     0.85   0.395    -.1603036    .4062586
      e_14_9 |   .4801347   .2563599     1.87   0.061    -.0223215    .9825909
      e_15_9 |    .065911      .0424     1.55   0.120    -.0171915    .1490136
      e_1_10 |  -.0146889   .1251568    -0.12   0.907    -.2599918     .230614
      e_2_10 |   .0249284   .1222439     0.20   0.838    -.2146652    .2645219
      e_3_10 |    .072059   .0736776     0.98   0.328    -.0723464    .2164645
      e_4_10 |   .0175031   .3020322     0.06   0.954    -.5744692    .6094754
      e_5_10 |  -.0239423    .032477    -0.74   0.461     -.087596    .0397114
      e_6_10 |  -.0413323   .1482845    -0.28   0.780    -.3319646    .2492999
      e_7_10 |   .0937964   .0822796     1.14   0.254    -.0674687    .2550615
      e_8_10 |   .1232878   .0812557     1.52   0.129    -.0359704     .282546
      e_9_10 |  -.0966226   .1107384    -0.87   0.383    -.3136659    .1204206
     e_10_10 |  -.7381969   .6158356    -1.20   0.231    -1.945212    .4688186
     e_11_10 |  -.0777951     .05681    -1.37   0.171    -.1891406    .0335504
     e_12_10 |   -.019424   .0765865    -0.25   0.800    -.1695309    .1306829
     e_13_10 |   .5048301   .1308796     3.86   0.000     .2483108    .7613494
     e_14_10 |    .057401   .4626051     0.12   0.901    -.8492883    .9640903
     e_15_10 |   .0258712   .0640071     0.40   0.686    -.0995805    .1513229
      e_1_11 |   .0805496   .1417833     0.57   0.570    -.1973406    .3584398
      e_2_11 |   .0865612   .0710883     1.22   0.223    -.0527693    .2258916
      e_3_11 |   .1879397   .1032572     1.82   0.069    -.0144406      .39032
      e_4_11 |   .2953482   .1002949     2.94   0.003     .0987738    .4919226
      e_5_11 |   .0432434   .0343728     1.26   0.208    -.0241261    .1106129
      e_6_11 |  -.0384637   .0680423    -0.57   0.572    -.1718242    .0948967
      e_7_11 |  -.0291509   .0744283    -0.39   0.695    -.1750277    .1167258
      e_8_11 |  -.1819797   .0967939    -1.88   0.060    -.3716923     .007733
      e_9_11 |  -.0101897   .0449562    -0.23   0.821    -.0983022    .0779228
     e_10_11 |  -.0715413   .0810503    -0.88   0.377     -.230397    .0873144
     e_11_11 |  -.8332313   .1678449    -4.96   0.000    -1.162201   -.5042613
     e_12_11 |   .1233204   .0757585     1.63   0.104    -.0251636    .2718044
     e_13_11 |   .1825244   .2142411     0.85   0.394    -.2373805    .6024293
     e_14_11 |   .2815412    .230696     1.22   0.222    -.1706147     .733697
     e_15_11 |   .0589534   .0573121     1.03   0.304    -.0533763    .1712831
      e_1_12 |   .0552713    .121624     0.45   0.650    -.1831073    .2936499
      e_2_12 |  -.0013263   .0583473    -0.02   0.982     -.115685    .1130323
      e_3_12 |   .1416611   .1033208     1.37   0.170    -.0608439    .3441661
      e_4_12 |   .0273789   .1009949     0.27   0.786    -.1705675    .2253252
      e_5_12 |   .0095597   .0310321     0.31   0.758    -.0512622    .0703815
      e_6_12 |   .0423093   .0433369     0.98   0.329    -.0426295    .1272481
      e_7_12 |   .0525603   .0657436     0.80   0.424    -.0762948    .1814155
      e_8_12 |   .1864843   .0697608     2.67   0.008     .0497557    .3232129
      e_9_12 |   .0229507   .0241226     0.95   0.341    -.0243288    .0702302
     e_10_12 |  -.0431959   .0666815    -0.65   0.517    -.1738893    .0874976
     e_11_12 |   .0615434   .0420208     1.46   0.143    -.0208159    .1439027
     e_12_12 |  -.9098763   .2336811    -3.89   0.000    -1.367883   -.4518699
     e_13_12 |    .474629   .1532224     3.10   0.002     .1743185    .7749394
     e_14_12 |  -.0839637   .1704035    -0.49   0.622    -.4179484     .250021
     e_15_12 |   .0242315   .0458758     0.53   0.597    -.0656833    .1141464
      e_1_13 |   .0387703    6.07308     0.01   0.995    -11.86425    11.94179
      e_2_13 |    .024548   2.075561     0.01   0.991    -4.043477    4.092573
      e_3_13 |   .1807061   2.441291     0.07   0.941    -4.604136    4.965548
      e_4_13 |   .1780324   7.678941     0.02   0.982    -14.87241    15.22848
      e_5_13 |   .0217034   .1861352     0.12   0.907    -.3431148    .3865217
      e_6_13 |   .0583867   5.585731     0.01   0.992    -10.88944    11.00622
      e_7_13 |   .1932134   2.406928     0.08   0.936    -4.524279    4.910706
      e_8_13 |   .0716255   2.113792     0.03   0.973     -4.07133    4.214581
      e_9_13 |   .1093505    2.88486     0.04   0.970    -5.544871    5.763572
     e_10_13 |   .0819828   3.911766     0.02   0.983    -7.584937    7.748903
     e_11_13 |   .0581115   .3419421     0.17   0.865    -.6120827    .7283057
     e_12_13 |   .2018712   2.483267     0.08   0.935    -4.665242    5.068985
     e_13_13 |  -.7876043    .292961    -2.69   0.007    -1.361797   -.2134113
     e_14_13 |    .368302   1.463434     0.25   0.801    -2.499976     3.23658
     e_15_13 |   .1035533   1.325454     0.08   0.938    -2.494289    2.701396
      e_1_14 |   .0251166   .0973099     0.26   0.796    -.1656073    .2158404
      e_2_14 |   .0843126   .0757101     1.11   0.265    -.0640765    .2327018
      e_3_14 |   .0284946   .0979481     0.29   0.771    -.1634801    .2204693
      e_4_14 |  -.2164313   .2533963    -0.85   0.393     -.713079    .2802163
      e_5_14 |   .0468802     .05747     0.82   0.415    -.0657589    .1595194
      e_6_14 |   .0268799   .0741241     0.36   0.717    -.1184007    .1721605
      e_7_14 |   .0695582   .0730808     0.95   0.341    -.0736775     .212794
      e_8_14 |   .2687409   .0857007     3.14   0.002     .1007707    .4367112
      e_9_14 |   .1285487    .059788     2.15   0.032     .0113663     .245731
     e_10_14 |  -.0306524   .1451509    -0.21   0.833     -.315143    .2538381
     e_11_14 |   .0592284   .0568578     1.04   0.298    -.0522108    .1706677
     e_12_14 |  -.0118551   .0776504    -0.15   0.879     -.164047    .1403369
     e_13_14 |   .1866305   .1554402     1.20   0.230    -.1180267    .4912878
     e_14_14 |  -.8222855    .253294    -3.25   0.001    -1.318733   -.3258383
     e_15_14 |   .1033627   .0604642     1.71   0.087     -.015145    .2218704
      e_1_15 |  -.0532945   .1307211    -0.41   0.683    -.3095032    .2029141
      e_2_15 |   .0931287   .1117363     0.83   0.405    -.1258705    .3121278
      e_3_15 |   .2284648   .1191299     1.92   0.055    -.0050256    .4619551
      e_4_15 |  -.3117149   .1439428    -2.17   0.030    -.5938376   -.0295921
      e_5_15 |   .0389528   .0468524     0.83   0.406    -.0528761    .1307817
      e_6_15 |  -.0990311   .1215167    -0.81   0.415    -.3371996    .1391373
      e_7_15 |   .1275363   .0687255     1.86   0.063    -.0071632    .2622357
      e_8_15 |  -.0844517   .0998722    -0.85   0.398    -.2801977    .1112943
      e_9_15 |   .0145461   .0391344     0.37   0.710    -.0621559    .0912481
     e_10_15 |  -.0528926   .1694033    -0.31   0.755     -.384917    .2791319
     e_11_15 |   .0366003    .050925     0.72   0.472    -.0632109    .1364116
     e_12_15 |   .0668618   .0734842     0.91   0.363    -.0771646    .2108881
     e_13_15 |   .2061575   .2519509     0.82   0.413    -.2876572    .6999721
     e_14_15 |   .7692411   .3482236     2.21   0.027     .0867354    1.451747
     e_15_15 |   -.873173    .290389    -3.01   0.003    -1.442325   -.3040211
------------------------------------------------------------------------------
Note: One or more parameters could not be estimated in 13 bootstrap replicates;
      standard-error estimates include only complete replications.

. parmest, saving(adj_pca_mid_output, replace)
(file adj_pca_mid_output.dta not found)
file adj_pca_mid_output.dta saved

. 
. log close
      name:  <unnamed>
       log:  /home/timo/Documents/Adj_pca/Mid/adj_pca_mid.log
  log type:  text
 closed on:   4 Feb 2025, 18:04:55
-------------------------------------------------------------------------------
