------------------------------------------------------------------------------------------------------------------
      name:  <unnamed>
       log:  C:\Users\Chung\Desktop\EVS\Adj_med\adj_med_all.log
  log type:  text
 opened on:   4 Feb 2025, 07:54:04

. 
. *load the main data
. use "$path\adj_med_all.dta", clear 

. 
. *set seed
. set seed 123

. 
. *define the local variables for the estimation
. local demographic_vars urban EF29 monthly age edu

. local adj_median_prices adj_P1 adj_P2 adj_P3 adj_P4 adj_P5 adj_P6 adj_P7 adj_P8 adj_P9 adj_P10 adj_P11 adj_P12 a
> dj_P13 adj_P14 adj_P15

. 
. *estimate the QUAIDSCE model
. quaidsce W1-W15, anot(2) prices(`adj_median_prices') expenditure(expfd) demographics(`demographic_vars') nolog r
> eps(50)
--------------------------------------------------------------------------------
Parallel Computing with Stata
Child processes: 15
pll_id         : btkncnhgl1
Running at     : C:\Users\Chung\Desktop\EVS\Adj_med
Randtype       : datetime
Waiting for the child processes to finish...
child process 0007 has exited without error...
child process 0015 has exited without error...
child process 0006 has exited without error...
child process 0009 has exited without error...
child process 0014 has exited without error...
child process 0013 has exited without error...
child process 0011 has exited without error...
child process 0008 has exited without error...
child process 0010 has exited without error...
child process 0005 has exited without error...
child process 0004 has exited without error...
child process 0003 has exited without error...
child process 0012 has exited without error...
child process 0002 has exited without error...
child process 0001 has exited without error...
--------------------------------------------------------------------------------
Enter -parallel printlog #- to checkout logfiles.
--------------------------------------------------------------------------------

parallel bootstrapping                                  Number of obs = 10,094
                                                        Replications  =     50

      Command: quaidsce_c W1-W15, anot(2) prices(adj_P1 adj_P2 adj_P3 adj_P4 adj_P5 adj_P6 adj_P7 adj_P8 adj_P9
                   adj_P10 adj_P11 adj_P12 adj_P13 adj_P14 adj_P15) expenditure(expfd) demographics(urban EF29
                   monthly age edu) nolog reps(50)

--------------------------------------------------------------------------------
               |   Observed   Bootstrap                         Normal-based
               | coefficient  std. err.      z    P>|z|     [95% conf. interval]
---------------+----------------------------------------------------------------
alpha          |
       alpha_1 |   .0423515   .0387473     1.09   0.274    -.0335918    .1182948
       alpha_2 |   .0314732   .0329359     0.96   0.339      -.03308    .0960263
       alpha_3 |  -.0341997   .0437426    -0.78   0.434    -.1199336    .0515341
       alpha_4 |  -.0192407   .0283249    -0.68   0.497    -.0747566    .0362751
       alpha_5 |   .0133216   .0163012     0.82   0.414    -.0186282    .0452714
       alpha_6 |   .0260224   .0128938     2.02   0.044     .0007511    .0512936
       alpha_7 |   .0330479   .0213833     1.55   0.122    -.0088626    .0749584
       alpha_8 |   .0490031    .039997     1.23   0.221    -.0293895    .1273958
       alpha_9 |   .0295846   .0135485     2.18   0.029     .0030301    .0561392
      alpha_10 |   .0103597   .0226913     0.46   0.648    -.0341143    .0548338
      alpha_11 |    .038299   .0219827     1.74   0.081    -.0047863    .0813844
      alpha_12 |   .1057585   .0439396     2.41   0.016     .0196385    .1918784
      alpha_13 |   .2500115     .08311     3.01   0.003     .0871189    .4129041
      alpha_14 |   .2224538    .078638     2.83   0.005     .0683262    .3765814
      alpha_15 |   .0452392   .0216929     2.09   0.037      .002722    .0877564
---------------+----------------------------------------------------------------
beta           |
        beta_1 |    .046906   .0294373     1.59   0.111      -.01079     .104602
        beta_2 |  -.0066425   .0198854    -0.33   0.738    -.0456172    .0323322
        beta_3 |   .1056171   .0336144     3.14   0.002      .039734    .1715001
        beta_4 |   .0228128   .0170704     1.34   0.181    -.0106446    .0562702
        beta_5 |   .0034747   .0091115     0.38   0.703    -.0143835     .021333
        beta_6 |  -.0087678   .0069801    -1.26   0.209    -.0224485     .004913
        beta_7 |    .008187   .0123456     0.66   0.507      -.01601     .032384
        beta_8 |   .0201705   .0317504     0.64   0.525    -.0420592    .0824002
        beta_9 |  -.0127817   .0069717    -1.83   0.067     -.026446    .0008826
       beta_10 |   .0139456    .012248     1.14   0.255      -.01006    .0379513
       beta_11 |   -.016225   .0137782    -1.18   0.239    -.0432298    .0107797
       beta_12 |  -.0436505   .0283197    -1.54   0.123    -.0991561    .0118551
       beta_13 |  -.0300093   .0532109    -0.56   0.573    -.1343007    .0742822
       beta_14 |  -.0978402   .0611665    -1.60   0.110    -.2177244     .022044
       beta_15 |  -.0064399   .0134583    -0.48   0.632    -.0328177    .0199378
---------------+----------------------------------------------------------------
gamma          |
     gamma_1_1 |  -.0107344   .0104255    -1.03   0.303    -.0311681    .0096993
     gamma_2_1 |   .0046191   .0040026     1.15   0.248    -.0032259    .0124641
     gamma_3_1 |  -.0158786   .0083212    -1.91   0.056     -.032188    .0004307
     gamma_4_1 |   .0073408   .0082458     0.89   0.373    -.0088206    .0235022
     gamma_5_1 |    .000956   .0023301     0.41   0.682    -.0036108    .0055229
     gamma_6_1 |  -.0022127   .0020833    -1.06   0.288     -.006296    .0018705
     gamma_7_1 |   .0016996    .005983     0.28   0.776    -.0100268     .013426
     gamma_8_1 |   .0055291    .007448     0.74   0.458    -.0090687    .0201269
     gamma_9_1 |   .0015576   .0019219     0.81   0.418    -.0022093    .0053245
    gamma_10_1 |   -.003509   .0048176    -0.73   0.466    -.0129512    .0059333
    gamma_11_1 |   .0045877    .004304     1.07   0.286    -.0038479    .0130234
    gamma_12_1 |   .0011895   .0055436     0.21   0.830    -.0096757    .0120548
    gamma_13_1 |   .0055493   .0099877     0.56   0.578    -.0140261    .0251247
    gamma_14_1 |  -.0034668   .0121675    -0.28   0.776    -.0273147    .0203811
    gamma_15_1 |   .0027727   .0041516     0.67   0.504    -.0053642    .0109096
     gamma_2_2 |   .0003164   .0055318     0.06   0.954    -.0105258    .0111586
     gamma_3_2 |   .0022571   .0046892     0.48   0.630    -.0069337    .0114478
     gamma_4_2 |  -.0016129   .0059914    -0.27   0.788    -.0133558      .01013
     gamma_5_2 |  -.0014755   .0014759    -1.00   0.317    -.0043681    .0014172
     gamma_6_2 |  -.0039836    .001775    -2.24   0.025    -.0074626   -.0005046
     gamma_7_2 |  -.0001195   .0032539    -0.04   0.971     -.006497    .0062579
     gamma_8_2 |   .0015648   .0035903     0.44   0.663    -.0054721    .0086017
     gamma_9_2 |   .0011617   .0009765     1.19   0.234    -.0007522    .0030755
    gamma_10_2 |   .0094556   .0046661     2.03   0.043     .0003102     .018601
    gamma_11_2 |  -.0004424   .0021844    -0.20   0.840    -.0047238     .003839
    gamma_12_2 |   .0000515   .0022677     0.02   0.982     -.004393     .004496
    gamma_13_2 |  -.0025734   .0040621    -0.63   0.526    -.0105349    .0053881
    gamma_14_2 |  -.0100217   .0106031    -0.95   0.345    -.0308033    .0107599
    gamma_15_2 |   .0008029   .0026742     0.30   0.764    -.0044386    .0060443
     gamma_3_3 |   .0026663   .0173406     0.15   0.878    -.0313206    .0366532
     gamma_4_3 |    .001421   .0052503     0.27   0.787    -.0088695    .0117115
     gamma_5_3 |  -.0017178   .0030807    -0.56   0.577    -.0077559    .0043203
     gamma_6_3 |   .0014133   .0022089     0.64   0.522     -.002916    .0057426
     gamma_7_3 |  -.0078913   .0041962    -1.88   0.060    -.0161157    .0003331
     gamma_8_3 |   .0001609   .0075985     0.02   0.983    -.0147318    .0150536
     gamma_9_3 |    .001853   .0015741     1.18   0.239    -.0012321    .0049381
    gamma_10_3 |  -.0022891   .0029466    -0.78   0.437    -.0080643    .0034861
    gamma_11_3 |    .003822   .0046065     0.83   0.407    -.0052066    .0128505
    gamma_12_3 |   .0043787   .0078457     0.56   0.577    -.0109985     .019756
    gamma_13_3 |  -.0010473   .0130669    -0.08   0.936    -.0266579    .0245633
    gamma_14_3 |    .007882   .0171175     0.46   0.645    -.0256676    .0414316
    gamma_15_3 |   .0029699   .0038752     0.77   0.443    -.0046252    .0105651
     gamma_4_4 |   .0273709   .0220236     1.24   0.214    -.0157947    .0705364
     gamma_5_4 |  -.0013169   .0018351    -0.72   0.473    -.0049136    .0022797
     gamma_6_4 |    .002185   .0044109     0.50   0.620    -.0064603    .0108303
     gamma_7_4 |  -.0052764   .0052011    -1.01   0.310    -.0154703    .0049176
     gamma_8_4 |   .0065415   .0040399     1.62   0.105    -.0013765    .0144595
     gamma_9_4 |   .0004868   .0022478     0.22   0.829    -.0039188    .0048924
    gamma_10_4 |  -.0024686   .0107862    -0.23   0.819    -.0236091    .0186718
    gamma_11_4 |   .0028219   .0027522     1.03   0.305    -.0025723    .0082161
    gamma_12_4 |  -.0069122   .0033936    -2.04   0.042    -.0135635   -.0002609
    gamma_13_4 |   .0024301   .0060513     0.40   0.688    -.0094303    .0142905
    gamma_14_4 |  -.0325314   .0200792    -1.62   0.105     -.071886    .0068232
    gamma_15_4 |  -.0004795   .0033124    -0.14   0.885    -.0069717    .0060127
     gamma_5_5 |  -.0000746   .0010292    -0.07   0.942    -.0020919    .0019427
     gamma_6_5 |   -.000331   .0006589    -0.50   0.615    -.0016224    .0009605
     gamma_7_5 |   .0000414   .0014465     0.03   0.977    -.0027936    .0028765
     gamma_8_5 |  -.0024924   .0018133    -1.37   0.169    -.0060465    .0010616
     gamma_9_5 |   .0001637    .000406     0.40   0.687    -.0006321    .0009596
    gamma_10_5 |   .0000526   .0013884     0.04   0.970    -.0026687    .0027739
    gamma_11_5 |  -.0003612   .0009441    -0.38   0.702    -.0022116    .0014891
    gamma_12_5 |   .0019428   .0015791     1.23   0.219    -.0011522    .0050377
    gamma_13_5 |   .0028362    .003925     0.72   0.470    -.0048568    .0105291
    gamma_14_5 |   .0013181   .0034192     0.39   0.700    -.0053834    .0080195
    gamma_15_5 |   .0004587   .0008837     0.52   0.604    -.0012734    .0021907
     gamma_6_6 |   .0068657   .0032186     2.13   0.033     .0005574     .013174
     gamma_7_6 |   .0004782   .0013503     0.35   0.723    -.0021683    .0031247
     gamma_8_6 |  -.0008587   .0014618    -0.59   0.557    -.0037238    .0020065
     gamma_9_6 |  -.0001186   .0014257    -0.08   0.934    -.0029128    .0026757
    gamma_10_6 |    .001432   .0039663     0.36   0.718    -.0063419    .0092059
    gamma_11_6 |  -.0014178   .0010976    -1.29   0.196     -.003569    .0007335
    gamma_12_6 |  -.0016741   .0011272    -1.49   0.137    -.0038833    .0005351
    gamma_13_6 |  -.0007567   .0024123    -0.31   0.754    -.0054847    .0039714
    gamma_14_6 |  -.0001049   .0058731    -0.02   0.986    -.0116159     .011406
    gamma_15_6 |  -.0009162   .0008433    -1.09   0.277     -.002569    .0007367
     gamma_7_7 |   .0083143   .0032795     2.54   0.011     .0018866    .0147421
     gamma_8_7 |   .0006339   .0030209     0.21   0.834    -.0052869    .0065548
     gamma_9_7 |    .000806   .0007781     1.04   0.300     -.000719     .002331
    gamma_10_7 |   .0060249    .002362     2.55   0.011     .0013954    .0106543
    gamma_11_7 |  -.0080292   .0021808    -3.68   0.000    -.0123034   -.0037549
    gamma_12_7 |  -.0007601   .0029466    -0.26   0.796    -.0065353    .0050151
    gamma_13_7 |  -.0036794   .0048469    -0.76   0.448    -.0131791    .0058203
    gamma_14_7 |   .0067543   .0076853     0.88   0.379    -.0083086    .0218173
    gamma_15_7 |   .0010031   .0017596     0.57   0.569    -.0024457     .004452
     gamma_8_8 |  -.0009524   .0057316    -0.17   0.868    -.0121861    .0102812
     gamma_9_8 |   .0013201   .0011869     1.11   0.266    -.0010061    .0036464
    gamma_10_8 |  -.0037066   .0035412    -1.05   0.295    -.0106471     .003234
    gamma_11_8 |  -.0090021   .0025207    -3.57   0.000    -.0139426   -.0040616
    gamma_12_8 |  -.0010583   .0049955    -0.21   0.832    -.0108493    .0087327
    gamma_13_8 |  -.0109537   .0068906    -1.59   0.112     -.024459    .0025517
    gamma_14_8 |   .0165355   .0117077     1.41   0.158    -.0064113    .0394822
    gamma_15_8 |  -.0032617   .0021033    -1.55   0.121    -.0073841    .0008607
     gamma_9_9 |  -.0026434   .0008905    -2.97   0.003    -.0043888    -.000898
    gamma_10_9 |  -.0040431   .0033172    -1.22   0.223    -.0105447    .0024586
    gamma_11_9 |  -.0004785   .0006445    -0.74   0.458    -.0017416    .0007847
    gamma_12_9 |  -.0006742   .0008406    -0.80   0.423    -.0023218    .0009734
    gamma_13_9 |  -.0006597   .0017712    -0.37   0.710    -.0041312    .0028118
    gamma_14_9 |    .001669   .0050857     0.33   0.743    -.0082989    .0116368
    gamma_15_9 |  -.0004005   .0006049    -0.66   0.508    -.0015861     .000785
   gamma_10_10 |   .0196463   .0081885     2.40   0.016     .0035971    .0356955
   gamma_11_10 |  -.0001001   .0024509    -0.04   0.967    -.0049037    .0047035
   gamma_12_10 |   .0025735   .0024074     1.07   0.285     -.002145     .007292
   gamma_13_10 |  -.0036923   .0047516    -0.78   0.437    -.0130052    .0056206
   gamma_14_10 |  -.0175196   .0132557    -1.32   0.186    -.0435003    .0084611
   gamma_15_10 |  -.0018565   .0016686    -1.11   0.266    -.0051269    .0014139
   gamma_11_11 |   .0091874   .0026744     3.44   0.001     .0039456    .0144292
   gamma_12_11 |  -.0061885   .0027538    -2.25   0.025    -.0115858   -.0007912
   gamma_13_11 |   .0059084   .0050432     1.17   0.241    -.0039761    .0157929
   gamma_14_11 |   -.001945    .006566    -0.30   0.767    -.0148141    .0109242
   gamma_15_11 |   .0016374    .001343     1.22   0.223    -.0009949    .0042696
   gamma_12_12 |   .0057734   .0065506     0.88   0.378    -.0070655    .0186124
   gamma_13_12 |   .0048588    .007843     0.62   0.536    -.0105131    .0202307
   gamma_14_12 |  -.0068423   .0094071    -0.73   0.467    -.0252799    .0115953
   gamma_15_12 |   .0033415   .0020735     1.61   0.107    -.0007225    .0074055
   gamma_13_13 |   .0130732   .0181663     0.72   0.472     -.022532    .0486785
   gamma_14_13 |  -.0112218   .0179617    -0.62   0.532    -.0464261    .0239825
   gamma_15_13 |  -.0000718    .004663    -0.02   0.988    -.0092112    .0090676
   gamma_14_14 |   .0592494   .0431448     1.37   0.170    -.0253128    .1438116
   gamma_15_14 |  -.0097547   .0064627    -1.51   0.131    -.0224213    .0029119
   gamma_15_15 |   .0037547   .0018407     2.04   0.041      .000147    .0073624
---------------+----------------------------------------------------------------
lambda         |
      lambda_1 |  -.0105702   .0059563    -1.77   0.076    -.0222443    .0011039
      lambda_2 |   .0018442    .003135     0.59   0.556    -.0043003    .0079886
      lambda_3 |  -.0206601     .00667    -3.10   0.002    -.0337331   -.0075871
      lambda_4 |  -.0024659   .0028907    -0.85   0.394    -.0081316    .0031997
      lambda_5 |  -.0006556   .0013777    -0.48   0.634    -.0033559    .0020446
      lambda_6 |   .0010522    .000941     1.12   0.264    -.0007922    .0028966
      lambda_7 |   .0017437   .0022711     0.77   0.443    -.0027076     .006195
      lambda_8 |  -.0008604   .0064093    -0.13   0.893    -.0134223    .0117015
      lambda_9 |   .0019384   .0009205     2.11   0.035     .0001342    .0037427
     lambda_10 |  -.0020988   .0017801    -1.18   0.238    -.0055878    .0013902
     lambda_11 |    .003083   .0021708     1.42   0.156    -.0011716    .0073377
     lambda_12 |   .0067437   .0045448     1.48   0.138    -.0021639    .0156513
     lambda_13 |   .0015562   .0097261     0.16   0.873    -.0175066     .020619
     lambda_14 |   .0175222   .0116102     1.51   0.131    -.0052334    .0402778
     lambda_15 |   .0020138   .0021886     0.92   0.358    -.0022759    .0063034
---------------+----------------------------------------------------------------
delta          |
       delta_1 |    .099517   .0111268     8.94   0.000     .0777089    .1213252
       delta_2 |   .0355143   .0053783     6.60   0.000      .024973    .0460556
       delta_3 |   .1607729   .0206764     7.78   0.000     .1202478    .2012979
       delta_4 |   .0387808   .0113592     3.41   0.001     .0165173    .0610443
       delta_5 |   .0058102   .0076967     0.75   0.450    -.0092752    .0208955
       delta_6 |   .0165854   .0020642     8.03   0.000     .0125398    .0206311
       delta_7 |   .0671676   .0044133    15.22   0.000     .0585176    .0758176
       delta_8 |   .1435175    .015882     9.04   0.000     .1123893    .1746456
       delta_9 |   .0168636   .0018696     9.02   0.000     .0131991     .020528
      delta_10 |   .0277874    .005599     4.96   0.000     .0168135    .0387613
      delta_11 |   .0441266   .0109373     4.03   0.000       .02269    .0655632
      delta_12 |   .0532217    .013067     4.07   0.000     .0276108    .0788327
      delta_13 |   .2897144   .0283616    10.22   0.000     .2341266    .3453021
      delta_14 |   .1855892   .0257414     7.21   0.000      .135137    .2360414
      delta_15 |   .0215981   .0036739     5.88   0.000     .0143973    .0287989
---------------+----------------------------------------------------------------
eta            |
   eta_urban_1 |  -.0003942   .0010029    -0.39   0.694    -.0023599    .0015716
   eta_urban_2 |   .0001915   .0004069     0.47   0.638    -.0006061    .0009891
   eta_urban_3 |  -.0010521   .0015488    -0.68   0.497    -.0040878    .0019835
   eta_urban_4 |   .0005755    .000686     0.84   0.401     -.000769    .0019201
   eta_urban_5 |  -.0001396    .000256    -0.55   0.585    -.0006413     .000362
   eta_urban_6 |  -.0004548   .0001733    -2.62   0.009    -.0007945   -.0001151
   eta_urban_7 |   .0008861   .0005442     1.63   0.103    -.0001805    .0019527
   eta_urban_8 |  -.0031527   .0013976    -2.26   0.024     -.005892   -.0004134
   eta_urban_9 |   .0000865   .0000827     1.04   0.296    -.0000757    .0002486
  eta_urban_10 |  -.0003548   .0003324    -1.07   0.286    -.0010064    .0002967
  eta_urban_11 |   .0001404   .0003581     0.39   0.695    -.0005615    .0008423
  eta_urban_12 |   .0003853   .0005838     0.66   0.509     -.000759    .0015296
  eta_urban_13 |   .0003863   .0036035     0.11   0.915    -.0066764     .007449
  eta_urban_14 |   .0021823    .002289     0.95   0.340    -.0023041    .0066688
  eta_urban_15 |   .0007144   .0003766     1.90   0.058    -.0000236    .0014524
    eta_EF29_1 |  -.0007109   .0008039    -0.88   0.377    -.0022865    .0008647
    eta_EF29_2 |   .0002057   .0003181     0.65   0.518    -.0004179    .0008292
    eta_EF29_3 |  -.0006263   .0011306    -0.55   0.580    -.0028422    .0015897
    eta_EF29_4 |  -.0000194   .0004615    -0.04   0.966    -.0009239    .0008851
    eta_EF29_5 |   .0002107   .0001817     1.16   0.246    -.0001454    .0005668
    eta_EF29_6 |   .0003925   .0001129     3.48   0.001     .0001713    .0006137
    eta_EF29_7 |  -.0005057   .0005017    -1.01   0.313     -.001489    .0004775
    eta_EF29_8 |   .0006884   .0007969     0.86   0.388    -.0008734    .0022503
    eta_EF29_9 |  -.0000968   .0000835    -1.16   0.246    -.0002604    .0000668
   eta_EF29_10 |   .0000199   .0002463     0.08   0.936    -.0004628    .0005027
   eta_EF29_11 |   7.34e-06   .0002339     0.03   0.975    -.0004511    .0004658
   eta_EF29_12 |  -.0012528    .000573    -2.19   0.029    -.0023758   -.0001298
   eta_EF29_13 |   .0015447   .0022213     0.70   0.487    -.0028089    .0058983
   eta_EF29_14 |  -.0000146    .001549    -0.01   0.992    -.0030506    .0030215
   eta_EF29_15 |   .0001573    .000281     0.56   0.575    -.0003934    .0007081
 eta_monthly_1 |   1.58e-08   2.29e-07     0.07   0.945    -4.32e-07    4.64e-07
 eta_monthly_2 |  -6.32e-08   1.13e-07    -0.56   0.575    -2.84e-07    1.58e-07
 eta_monthly_3 |  -1.92e-07   2.46e-07    -0.78   0.434    -6.74e-07    2.90e-07
 eta_monthly_4 |  -1.09e-07   7.93e-08    -1.37   0.169    -2.64e-07    4.64e-08
 eta_monthly_5 |  -8.39e-08   5.06e-08    -1.66   0.097    -1.83e-07    1.52e-08
 eta_monthly_6 |  -9.67e-09   3.24e-08    -0.30   0.765    -7.32e-08    5.38e-08
 eta_monthly_7 |  -8.58e-09   9.25e-08    -0.09   0.926    -1.90e-07    1.73e-07
 eta_monthly_8 |  -3.44e-07   2.39e-07    -1.44   0.150    -8.13e-07    1.25e-07
 eta_monthly_9 |   2.36e-08   2.40e-08     0.98   0.326    -2.35e-08    7.06e-08
eta_monthly_10 |   3.10e-08   5.06e-08     0.61   0.540    -6.81e-08    1.30e-07
eta_monthly_11 |  -1.59e-07   6.13e-08    -2.60   0.009    -2.79e-07   -3.91e-08
eta_monthly_12 |  -2.94e-07   1.36e-07    -2.17   0.030    -5.61e-07   -2.82e-08
eta_monthly_13 |   9.01e-07   5.62e-07     1.60   0.109    -2.00e-07    2.00e-06
eta_monthly_14 |   2.38e-07   2.77e-07     0.86   0.390    -3.04e-07    7.81e-07
eta_monthly_15 |   5.42e-08   6.14e-08     0.88   0.377    -6.61e-08    1.74e-07
     eta_age_1 |   .0001039   .0000562     1.85   0.065    -6.30e-06    .0002141
     eta_age_2 |   .0000302   .0000281     1.08   0.282    -.0000248    .0000852
     eta_age_3 |  -.0001228   .0000689    -1.78   0.075    -.0002579    .0000123
     eta_age_4 |   8.31e-06   .0000318     0.26   0.794    -.0000541    .0000707
     eta_age_5 |   1.65e-06   .0000142     0.12   0.907    -.0000262    .0000295
     eta_age_6 |   .0000248   .0000117     2.12   0.034     1.87e-06    .0000477
     eta_age_7 |  -.0000218   .0000365    -0.60   0.551    -.0000932    .0000497
     eta_age_8 |   .0002486   .0000484     5.14   0.000     .0001537    .0003435
     eta_age_9 |   7.98e-06   6.03e-06     1.32   0.185    -3.83e-06    .0000198
    eta_age_10 |  -.0000221   .0000237    -0.94   0.350    -.0000685    .0000242
    eta_age_11 |  -.0000375   .0000162    -2.32   0.020    -.0000692   -5.80e-06
    eta_age_12 |    .000044   .0000372     1.18   0.237     -.000029    .0001169
    eta_age_13 |  -.0001612   .0001394    -1.16   0.247    -.0004343     .000112
    eta_age_14 |  -4.18e-06   .0000968    -0.04   0.966    -.0001939    .0001856
    eta_age_15 |  -.0000998   .0000196    -5.10   0.000    -.0001382   -.0000615
     eta_edu_1 |  -.0011762   .0010601    -1.11   0.267    -.0032539    .0009015
     eta_edu_2 |   .0004657   .0005693     0.82   0.413      -.00065    .0015815
     eta_edu_3 |   .0057323   .0015129     3.79   0.000     .0027672    .0086975
     eta_edu_4 |  -.0002818   .0005793    -0.49   0.627    -.0014173    .0008536
     eta_edu_5 |  -.0008755   .0003979    -2.20   0.028    -.0016554   -.0000957
     eta_edu_6 |  -.0005417   .0001723    -3.14   0.002    -.0008794    -.000204
     eta_edu_7 |  -.0009962   .0007046    -1.41   0.157    -.0023771    .0003848
     eta_edu_8 |  -.0010915   .0012717    -0.86   0.391    -.0035839    .0014009
     eta_edu_9 |   .0001267   .0001241     1.02   0.307    -.0001166    .0003699
    eta_edu_10 |   .0007774   .0004416     1.76   0.078     -.000088    .0016429
    eta_edu_11 |   .0006107   .0004042     1.51   0.131    -.0001816    .0014029
    eta_edu_12 |   .0004783   .0007235     0.66   0.509    -.0009398    .0018964
    eta_edu_13 |   -.001473   .0029447    -0.50   0.617    -.0072445    .0042986
    eta_edu_14 |  -.0020326   .0025495    -0.80   0.425    -.0070295    .0029643
    eta_edu_15 |   .0002775   .0003441     0.81   0.420     -.000397     .000952
---------------+----------------------------------------------------------------
rho            |
     rho_urban |  -.0656131   .0849272    -0.77   0.440    -.2320673    .1008411
      rho_EF29 |  -.0068489   .0542534    -0.13   0.900    -.1131836    .0994859
   rho_monthly |   .0000175   .0000147     1.19   0.233    -.0000113    .0000463
       rho_age |   .0050692   .0035287     1.44   0.151     -.001847    .0119854
       rho_edu |   .1009106   .0799298     1.26   0.207    -.0557489    .2575702
---------------+----------------------------------------------------------------
tau            |
          p1_1 |  -1.078336    .228893    -4.71   0.000    -1.526958   -.6297138
          p2_1 |     .34125   .2792467     1.22   0.222    -.2060635    .8885634
          p3_1 |   .1465457   .1470233     1.00   0.319    -.1416148    .4347061
          p4_1 |   1.286056   .4783394     2.69   0.007     .3485281    2.223584
          p5_1 |  -.0088902    .077606    -0.11   0.909    -.1609952    .1432148
          p6_1 |   .5169546   .5251052     0.98   0.325    -.5122328    1.546142
          p7_1 |  -.0343505   .1596472    -0.22   0.830    -.3472534    .2785523
          p8_1 |   .2929443   .1733028     1.69   0.091     -.046723    .6326116
          p9_1 |  -.0691919   .2201554    -0.31   0.753    -.5006887    .3623048
         p10_1 |  -1.239176     .73656    -1.68   0.092    -2.682807     .204455
         p11_1 |   .1156276   .0809714     1.43   0.153    -.0430735    .2743287
         p12_1 |   .1826005   .1167232     1.56   0.118    -.0461727    .4113737
         p13_1 |  -.3191946   .2022619    -1.58   0.115    -.7156207    .0772315
         p14_1 |  -1.417102   1.029567    -1.38   0.169    -3.435016    .6008124
         p15_1 |  -.0646909   .1120685    -0.58   0.564    -.2843412    .1549594
           M_1 |   .9229836   .0383156    24.09   0.000     .8478863    .9980808
       urban_1 |  -.0871701    .057147    -1.53   0.127    -.1991762     .024836
        EF29_1 |  -.0566525   .0429405    -1.32   0.187    -.1408143    .0275092
     monthly_1 |    .000015   .0000138     1.08   0.280    -.0000122    .0000421
         age_1 |  -.0012006   .0014594    -0.82   0.411     -.004061    .0016599
         edu_1 |   .0537831   .0535124     1.01   0.315    -.0510992    .1586654
        cons_1 |  -2.676498   .1670335   -16.02   0.000    -3.003878   -2.349119
          p1_2 |  -.0259044   .1749196    -0.15   0.882    -.3687406    .3169318
          p2_2 |  -.7425986   .1113958    -6.67   0.000    -.9609305   -.5242668
          p3_2 |   .1364914   .1116094     1.22   0.221     -.082259    .3552417
          p4_2 |   .4226244    .328838     1.29   0.199    -.2218863    1.067135
          p5_2 |   .0203695   .0469651     0.43   0.664    -.0716803    .1124193
          p6_2 |   .4804157   .3144074     1.53   0.127    -.1358114    1.096643
          p7_2 |   -.050621   .0929345    -0.54   0.586    -.2327693    .1315274
          p8_2 |   .1130249   .1000305     1.13   0.259    -.0830312    .3090811
          p9_2 |   .1530266   .1281719     1.19   0.233    -.0981857     .404239
         p10_2 |   -.395902   .3882999    -1.02   0.308    -1.156956    .3651517
         p11_2 |   .0553245   .0526387     1.05   0.293    -.0478455    .1584945
         p12_2 |   .0294619   .0774877     0.38   0.704    -.1224113    .1813351
         p13_2 |   -.590131   .1145948    -5.15   0.000    -.8147327   -.3655294
         p14_2 |  -.0277144    .874609    -0.03   0.975    -1.741916    1.686488
         p15_2 |   -.039039    .065782    -0.59   0.553    -.1679694    .0898914
           M_2 |   .8331393   .0359162    23.20   0.000     .7627449    .9035336
       urban_2 |   .0535048   .0355529     1.50   0.132    -.0161777    .1231872
        EF29_2 |  -.0682603   .0221886    -3.08   0.002    -.1117493   -.0247713
     monthly_2 |   3.39e-06   7.55e-06     0.45   0.654    -.0000114    .0000182
         age_2 |  -.0016063   .0009764    -1.65   0.100      -.00352    .0003074
         edu_2 |   .1337707   .0369268     3.62   0.000     .0613955    .2061459
        cons_2 |  -3.277801   .1782185   -18.39   0.000    -3.627103   -2.928499
          p1_3 |  -.5414816   .3166855    -1.71   0.087    -1.162174    .0792106
          p2_3 |  -.2612067   .3084696    -0.85   0.397     -.865796    .3433825
          p3_3 |  -.0170329   .1282254    -0.13   0.894    -.2683501    .2342844
          p4_3 |  -.1449291   .7480362    -0.19   0.846    -1.611053    1.321195
          p5_3 |   .1903866   .0664663     2.86   0.004      .060115    .3206582
          p6_3 |   .6514673   .5492058     1.19   0.236    -.4249563    1.727891
          p7_3 |  -.0667606   .2094589    -0.32   0.750    -.4772925    .3437713
          p8_3 |   .0092264   .1732659     0.05   0.958    -.3303685    .3488214
          p9_3 |   .0057299   .2633805     0.02   0.983    -.5104865    .5219462
         p10_3 |  -1.331286    .731602    -1.82   0.069    -2.765199    .1026279
         p11_3 |  -.1049319   .1075034    -0.98   0.329    -.3156348    .1057709
         p12_3 |   .0597719   .1519728     0.39   0.694    -.2380894    .3576331
         p13_3 |  -.5640448   .2630932    -2.14   0.032    -1.079698   -.0483915
         p14_3 |   .4030356   1.571171     0.26   0.798    -2.676404    3.482475
         p15_3 |  -.1471213   .1607149    -0.92   0.360    -.4621167    .1678741
           M_3 |   1.112599   .0488736    22.76   0.000     1.016808    1.208389
       urban_3 |  -.0097733   .0734875    -0.13   0.894    -.1538061    .1342595
        EF29_3 |  -.0900646   .0477879    -1.88   0.059    -.1837271    .0035979
     monthly_3 |   3.54e-06   .0000165     0.21   0.831    -.0000289     .000036
         age_3 |  -.0033784   .0018582    -1.82   0.069    -.0070204    .0002636
         edu_3 |  -.0178622   .0690232    -0.26   0.796    -.1531452    .1174209
        cons_3 |  -3.196069   .2449943   -13.05   0.000    -3.676249   -2.715889
          p1_4 |  -.0321329   .1745198    -0.18   0.854    -.3741855    .3099196
          p2_4 |  -.0528282   .1493157    -0.35   0.723    -.3454816    .2398252
          p3_4 |  -.1592565    .117404    -1.36   0.175    -.3893641    .0708511
          p4_4 |   1.016912   .2455318     4.14   0.000     .5356782    1.498145
          p5_4 |  -.0422394   .0500244    -0.84   0.398    -.1402855    .0558067
          p6_4 |   .0835098   .3106075     0.27   0.788    -.5252696    .6922893
          p7_4 |  -.0783533   .0923785    -0.85   0.396    -.2594117    .1027052
          p8_4 |  -.3394952   .0951803    -3.57   0.000    -.5260453   -.1529452
          p9_4 |    .118536   .1383463     0.86   0.392    -.1526178    .3896898
         p10_4 |   .0558468   .3803509     0.15   0.883    -.6896272    .8013209
         p11_4 |   .0061184   .0592407     0.10   0.918    -.1099912    .1222281
         p12_4 |   -.087718   .0603016    -1.45   0.146    -.2059069    .0304709
         p13_4 |  -.2124063   .1542357    -1.38   0.168    -.5147027    .0898902
         p14_4 |   1.140189   .7074401     1.61   0.107    -.2463678    2.526746
         p15_4 |  -.0549357   .0875432    -0.63   0.530    -.2265172    .1166458
           M_4 |   .9360894   .0366887    25.51   0.000     .8641809    1.007998
       urban_4 |   .0402343   .0457521     0.88   0.379    -.0494383    .1299069
        EF29_4 |  -.0192413   .0280531    -0.69   0.493    -.0742243    .0357417
     monthly_4 |  -.0000284   7.09e-06    -4.00   0.000    -.0000423   -.0000145
         age_4 |  -.0095105   .0011598    -8.20   0.000    -.0117836   -.0072373
         edu_4 |   .0574613   .0362786     1.58   0.113    -.0136434    .1285659
        cons_4 |  -3.058288   .1564445   -19.55   0.000    -3.364913   -2.751662
          p1_5 |   .0461422   .1542553     0.30   0.765    -.2561926    .3484771
          p2_5 |   .1203758   .1145703     1.05   0.293    -.1041779    .3449296
          p3_5 |   -.165785   .0747481    -2.22   0.027    -.3122886   -.0192815
          p4_5 |    -.47971   .3060869    -1.57   0.117    -1.079629    .1202092
          p5_5 |   .0326943    .031482     1.04   0.299    -.0290093    .0943979
          p6_5 |  -.2114802   .2416829    -0.88   0.382      -.68517    .2622096
          p7_5 |  -.0037368    .079316    -0.05   0.962    -.1591932    .1517197
          p8_5 |    -.13441   .0939138    -1.43   0.152    -.3184777    .0496578
          p9_5 |  -.1521994   .1148639    -1.33   0.185    -.3773286    .0729298
         p10_5 |   .1512601   .3189432     0.47   0.635    -.4738571    .7763773
         p11_5 |  -.0820125   .0560085    -1.46   0.143    -.1917871    .0277622
         p12_5 |  -.1440797    .065245    -2.21   0.027    -.2719576   -.0162018
         p13_5 |   .0124259   .1098871     0.11   0.910    -.2029488    .2278007
         p14_5 |  -.0388108   .5689277    -0.07   0.946    -1.153889    1.076267
         p15_5 |   -.129669    .065679    -1.97   0.048    -.2583974   -.0009405
           M_5 |   .7981355   .0261138    30.56   0.000     .7469534    .8493176
       urban_5 |   .0204893   .0320731     0.64   0.523    -.0423729    .0833515
        EF29_5 |  -.0803593   .0221982    -3.62   0.000     -.123867   -.0368517
     monthly_5 |  -.0000268   7.18e-06    -3.73   0.000    -.0000409   -.0000127
         age_5 |   .0052513   .0011898     4.41   0.000     .0029193    .0075833
         edu_5 |  -.0787796   .0260108    -3.03   0.002    -.1297597   -.0277994
        cons_5 |  -3.777461   .1298712   -29.09   0.000    -4.032004   -3.522919
          p1_6 |  -.0524183   .1328592    -0.39   0.693    -.3128174    .2079809
          p2_6 |  -.4148432   .1027393    -4.04   0.000    -.6162086   -.2134778
          p3_6 |   .0213123   .0826546     0.26   0.797    -.1406878    .1833123
          p4_6 |   .3485726   .3548256     0.98   0.326    -.3468728    1.044018
          p5_6 |  -.0536838   .0371011    -1.45   0.148    -.1264005    .0190329
          p6_6 |   .7859319   .2070604     3.80   0.000     .3801009    1.191763
          p7_6 |  -.1202395   .0722762    -1.66   0.096    -.2618981    .0214192
          p8_6 |  -.2979832    .088611    -3.36   0.001    -.4716575   -.1243088
          p9_6 |   -.173157   .1023931    -1.69   0.091    -.3738438    .0275298
         p10_6 |   .3948006   .3369448     1.17   0.241    -.2655992      1.0552
         p11_6 |  -.1398455   .0453565    -3.08   0.002    -.2287426   -.0509485
         p12_6 |  -.3145772   .0612922    -5.13   0.000    -.4347076   -.1944468
         p13_6 |   .0849922   .0926393     0.92   0.359    -.0965774    .2665618
         p14_6 |  -.4238209   .5265257    -0.80   0.421    -1.455792    .6081505
         p15_6 |  -.0302108   .0697652    -0.43   0.665    -.1669481    .1065265
           M_6 |   .5911938   .0236304    25.02   0.000     .5448789    .6375086
       urban_6 |   .0311769    .028361     1.10   0.272    -.0244097    .0867635
        EF29_6 |   .0529241   .0215605     2.45   0.014     .0106664    .0951819
     monthly_6 |  -9.31e-06   5.42e-06    -1.72   0.086    -.0000199    1.31e-06
         age_6 |  -.0137883   .0011755   -11.73   0.000    -.0160922   -.0114844
         edu_6 |  -.1865412   .0265079    -7.04   0.000    -.2384958   -.1345866
        cons_6 |  -1.978104    .124324   -15.91   0.000    -2.221774   -1.734433
          p1_7 |  -.2515626    .153034    -1.64   0.100    -.5515036    .0483784
          p2_7 |  -.3216779    .151067    -2.13   0.033    -.6177637   -.0255921
          p3_7 |  -.2924431   .1151247    -2.54   0.011    -.5180834   -.0668028
          p4_7 |  -.3413938   .3760482    -0.91   0.364    -1.078435    .3956471
          p5_7 |  -.1158814   .0388382    -2.98   0.003    -.1920028     -.03976
          p6_7 |   .3096495     .26279     1.18   0.239    -.2054094    .8247085
          p7_7 |   .4400616   .0679056     6.48   0.000     .3069691     .573154
          p8_7 |  -.1903502    .094272    -2.02   0.043    -.3751199   -.0055805
          p9_7 |  -.2591024   .1333346    -1.94   0.052    -.5204335    .0022287
         p10_7 |   .6442234   .4027646     1.60   0.110    -.1451807    1.433628
         p11_7 |  -.5218444   .0549194    -9.50   0.000    -.6294844   -.4142045
         p12_7 |   -.204598   .0853727    -2.40   0.017    -.3719255   -.0372705
         p13_7 |  -.3905013   .1404194    -2.78   0.005    -.6657183   -.1152843
         p14_7 |  -.5921661   .8568822    -0.69   0.490    -2.271624    1.087292
         p15_7 |  -.1632109   .0687663    -2.37   0.018    -.2979905   -.0284314
           M_7 |   .9334573   .0382352    24.41   0.000     .8585176    1.008397
       urban_7 |  -.0421372   .0469379    -0.90   0.369    -.1341337    .0498594
        EF29_7 |   .0554495   .0273092     2.03   0.042     .0019244    .1089747
     monthly_7 |  -.0000185   6.48e-06    -2.86   0.004    -.0000312   -5.82e-06
         age_7 |   .0043161   .0013254     3.26   0.001     .0017184    .0069138
         edu_7 |  -.3353288   .0349698    -9.59   0.000    -.4038683   -.2667893
        cons_7 |  -3.958537   .1597766   -24.78   0.000    -4.271693   -3.645381
          p1_8 |   -.433194   .2654449    -1.63   0.103    -.9534565    .0870685
          p2_8 |  -.6880894   .2010044    -3.42   0.001    -1.082051   -.2941281
          p3_8 |  -.2042791   .1294925    -1.58   0.115    -.4580796    .0495215
          p4_8 |  -.3332096   .5100682    -0.65   0.514    -1.332925    .6665057
          p5_8 |  -.1647003   .0534476    -3.08   0.002    -.2694558   -.0599449
          p6_8 |  -.0175083   .4239464    -0.04   0.967    -.8484279    .8134113
          p7_8 |   .2883991   .0850808     3.39   0.001     .1216438    .4551544
          p8_8 |   .0080483   .0805028     0.10   0.920    -.1497343     .165831
          p9_8 |   .0985047   .1946362     0.51   0.613    -.2829753    .4799848
         p10_8 |   .5103575   .5038729     1.01   0.311    -.4772152     1.49793
         p11_8 |  -.5269206   .0881593    -5.98   0.000    -.6997095   -.3541316
         p12_8 |  -.1845215   .1298666    -1.42   0.155    -.4390554    .0700124
         p13_8 |  -.1438611   .2132916    -0.67   0.500     -.561905    .2741828
         p14_8 |   .0720563   1.143892     0.06   0.950    -2.169931    2.314044
         p15_8 |   -.177188   .1155362    -1.53   0.125    -.4036349    .0492588
           M_8 |   .6303945   .0327055    19.27   0.000     .5662929    .6944961
       urban_8 |  -.1248167   .0663422    -1.88   0.060     -.254845    .0052117
        EF29_8 |   .1865515   .0527128     3.54   0.000     .0832363    .2898667
     monthly_8 |   2.53e-07   .0000202     0.01   0.990    -.0000393    .0000398
         age_8 |   .0157424   .0016074     9.79   0.000     .0125919    .0188929
         edu_8 |  -.3580287   .0513742    -6.97   0.000    -.4587202   -.2573373
        cons_8 |  -2.173752   .1860364   -11.68   0.000    -2.538377   -1.809127
          p1_9 |   -.048022    .146635    -0.33   0.743    -.3354212    .2393773
          p2_9 |   .0968096   .1254404     0.77   0.440    -.1490491    .3426682
          p3_9 |   .0397218   .0945501     0.42   0.674    -.1455931    .2250366
          p4_9 |   .1137901   .2627241     0.43   0.665    -.4011397    .6287199
          p5_9 |   .0858182   .0360889     2.38   0.017     .0150853    .1565512
          p6_9 |   -.003903   .2464954    -0.02   0.987    -.4870251     .479219
          p7_9 |   .1884747   .0813503     2.32   0.021     .0290311    .3479184
          p8_9 |   .0346669   .0832957     0.42   0.677    -.1285897    .1979234
          p9_9 |  -.8742488     .12386    -7.06   0.000     -1.11701   -.6314876
         p10_9 |   .1938912   .3105654     0.62   0.532    -.4148058    .8025882
         p11_9 |  -.1013924   .0441118    -2.30   0.022    -.1878499    -.014935
         p12_9 |   .0014857   .0618898     0.02   0.981    -.1198161    .1227875
         p13_9 |  -.0578138   .1273566    -0.45   0.650    -.3074282    .1918005
         p14_9 |   .6290393   .4842523     1.30   0.194    -.3200777    1.578156
         p15_9 |   .1028837   .0626983     1.64   0.101    -.0200027    .2257701
           M_9 |   .5988314   .0307388    19.48   0.000     .5385845    .6590783
       urban_9 |   .1026838   .0310622     3.31   0.001      .041803    .1635647
        EF29_9 |  -.0291765   .0181724    -1.61   0.108    -.0647937    .0064407
     monthly_9 |   3.00e-06   6.57e-06     0.46   0.647    -9.87e-06    .0000159
         age_9 |   .0082002    .000952     8.61   0.000     .0063342    .0100661
         edu_9 |   .0779274   .0307561     2.53   0.011     .0176464    .1382083
        cons_9 |  -4.212362   .1643139   -25.64   0.000    -4.534411   -3.890312
         p1_10 |  -.1595754   .1512689    -1.05   0.291     -.456057    .1369061
         p2_10 |   .0921264   .1512472     0.61   0.542    -.2043128    .3885655
         p3_10 |  -.1521529   .0896423    -1.70   0.090    -.3278485    .0235428
         p4_10 |   .1740909   .3013959     0.58   0.564    -.4166342     .764816
         p5_10 |  -.0461481   .0339679    -1.36   0.174    -.1127239    .0204277
         p6_10 |  -.0380111   .2327994    -0.16   0.870    -.4942896    .4182673
         p7_10 |  -.1058587   .0737755    -1.43   0.151    -.2504561    .0387387
         p8_10 |  -.2244612   .0756052    -2.97   0.003    -.3726447   -.0762778
         p9_10 |  -.0696011   .1011361    -0.69   0.491    -.2678242     .128622
        p10_10 |   .8149607   .2173273     3.75   0.000     .3890071    1.240914
        p11_10 |  -.1624966   .0511614    -3.18   0.001    -.2627711   -.0622222
        p12_10 |  -.1215412   .0607497    -2.00   0.045    -.2406083    -.002474
        p13_10 |  -.1057118   .1239857    -0.85   0.394    -.3487194    .1372958
        p14_10 |   .0627619   .6342331     0.10   0.921    -1.180312    1.305836
        p15_10 |  -.1402594   .0817449    -1.72   0.086    -.3004764    .0199577
          M_10 |   .6936117   .0276467    25.09   0.000     .6394251    .7477983
      urban_10 |  -.0759396   .0364052    -2.09   0.037    -.1472924   -.0045867
       EF29_10 |   .0110868   .0226335     0.49   0.624    -.0332742    .0554477
    monthly_10 |   -.000035   5.96e-06    -5.88   0.000    -.0000467   -.0000233
        age_10 |   .0076676   .0010943     7.01   0.000     .0055228    .0098124
        edu_10 |  -.0108948   .0325856    -0.33   0.738    -.0747615    .0529718
       cons_10 |   -3.27988   .1139575   -28.78   0.000    -3.503233   -3.056528
         p1_11 |  -.0144903   .1613344    -0.09   0.928    -.3306999    .3017193
         p2_11 |  -.1524059   .1435634    -1.06   0.288     -.433785    .1289733
         p3_11 |   -.233101   .1218649    -1.91   0.056    -.4719518    .0057498
         p4_11 |   -.504885   .2516191    -2.01   0.045    -.9980493   -.0117206
         p5_11 |   .0530236   .0365424     1.45   0.147    -.0185982    .1246454
         p6_11 |  -.3388685   .3286541    -1.03   0.303    -.9830187    .3052818
         p7_11 |  -.0719773    .100508    -0.72   0.474    -.2689693    .1250147
         p8_11 |  -.0103703   .0827282    -0.13   0.900    -.1725147     .151774
         p9_11 |  -.0240647   .1035497    -0.23   0.816    -.2270184    .1788891
        p10_11 |   .2906749    .283358     1.03   0.305    -.2646965    .8460464
        p11_11 |  -.2322827   .0411808    -5.64   0.000    -.3129955   -.1515699
        p12_11 |  -.1249595    .069913    -1.79   0.074    -.2619864    .0120675
        p13_11 |  -.2220185   .1434039    -1.55   0.122     -.503085     .059048
        p14_11 |   .3147376   .7901825     0.40   0.690    -1.233992    1.863467
        p15_11 |  -.0642803   .0716023    -0.90   0.369    -.2046183    .0760576
          M_11 |   .7795869   .0318862    24.45   0.000     .7170912    .8420826
      urban_11 |   .0298142   .0310813     0.96   0.337    -.0311041    .0907325
       EF29_11 |   -.062948   .0243997    -2.58   0.010    -.1107706   -.0151254
    monthly_11 |  -8.47e-06   8.84e-06    -0.96   0.338    -.0000258    8.86e-06
        age_11 |   .0037947   .0009895     3.83   0.000     .0018553    .0057341
        edu_11 |  -.0453615   .0367712    -1.23   0.217    -.1174316    .0267087
       cons_11 |  -3.225896    .148516   -21.72   0.000    -3.516982    -2.93481
         p1_12 |  -.2631285   .2036843    -1.29   0.196    -.6623424    .1360855
         p2_12 |  -.3132523    .197485    -1.59   0.113    -.7003159    .0738112
         p3_12 |   .0129174   .1292475     0.10   0.920    -.2404031    .2662379
         p4_12 |  -.0521428   .4757948    -0.11   0.913    -.9846834    .8803978
         p5_12 |  -.0310026    .059751    -0.52   0.604    -.1481124    .0861072
         p6_12 |  -.1279571   .3592934    -0.36   0.722    -.8321592    .5762451
         p7_12 |  -.1136998   .1219491    -0.93   0.351    -.3527157     .125316
         p8_12 |   .1426974   .0966714     1.48   0.140    -.0467751    .3321699
         p9_12 |  -.0323172   .1645215    -0.20   0.844    -.3547734     .290139
        p10_12 |   .2846041   .4839554     0.59   0.556     -.663931    1.233139
        p11_12 |  -.0327764   .0679433    -0.48   0.630    -.1659428    .1003901
        p12_12 |  -.4162158   .0495241    -8.40   0.000    -.5132813   -.3191504
        p13_12 |   .0841393   .1488961     0.57   0.572    -.2076918    .3759703
        p14_12 |   .3588186   .7935054     0.45   0.651    -1.196423    1.914061
        p15_12 |  -.1495535   .0869877    -1.72   0.086    -.3200462    .0209392
          M_12 |   .6033216   .0267059    22.59   0.000      .550979    .6556643
      urban_12 |  -.0134639   .0383902    -0.35   0.726    -.0887074    .0617795
       EF29_12 |   .0241115   .0281314     0.86   0.391     -.031025     .079248
    monthly_12 |  -.0000133   7.44e-06    -1.79   0.074    -.0000279    1.27e-06
        age_12 |   .0094211   .0013076     7.20   0.000     .0068582    .0119839
        edu_12 |  -.0553868   .0410466    -1.35   0.177    -.1358367     .025063
       cons_12 |  -2.153548   .1321881   -16.29   0.000    -2.412632   -1.894464
         p1_13 |  -.4249673   .9987305    -0.43   0.670    -2.382443    1.532509
         p2_13 |   -1.04801   1.463093    -0.72   0.474    -3.915619    1.819599
         p3_13 |  -.0418227   .6474237    -0.06   0.948     -1.31075    1.227104
         p4_13 |  -1.898266   2.191437    -0.87   0.386    -6.193404    2.396872
         p5_13 |  -.0615627   .3006898    -0.20   0.838    -.6509038    .5277784
         p6_13 |  -.0289203   1.398486    -0.02   0.984    -2.769902    2.712061
         p7_13 |  -.6757418    .634157    -1.07   0.287    -1.918667     .567183
         p8_13 |   .6039499   .4957931     1.22   0.223    -.3677867    1.575686
         p9_13 |  -.6031148    .509811    -1.18   0.237    -1.602326    .3960964
        p10_13 |  -.2289509   1.208904    -0.19   0.850    -2.598359    2.140458
        p11_13 |    .008109   .1626817     0.05   0.960    -.3107413    .3269593
        p12_13 |  -.8467427   .5338131    -1.59   0.113    -1.892997    .1995116
        p13_13 |   .2422058   .3280238     0.74   0.460     -.400709    .8851205
        p14_13 |  -2.663437   3.126978    -0.85   0.394    -8.792202    3.465328
        p15_13 |   -.633902   .4287175    -1.48   0.139    -1.474173    .2063688
          M_13 |   .8787875   .1969883     4.46   0.000     .4926974    1.264878
      urban_13 |   .1011918   .1890949     0.54   0.593    -.2694275    .4718111
       EF29_13 |   .1238529   .1537456     0.81   0.420     -.177483    .4251887
    monthly_13 |   .0000895   .0000889     1.01   0.314    -.0000848    .0002638
        age_13 |   .0075155   .0046437     1.62   0.106    -.0015859     .016617
        edu_13 |  -.3238999   .1650431    -1.96   0.050    -.6473785   -.0004213
       cons_13 |   -1.75363   .6886419    -2.55   0.011    -3.103343   -.4039162
         p1_14 |  -.7079067   .3945405    -1.79   0.073    -1.481192    .0653785
         p2_14 |  -.0248453   .3687652    -0.07   0.946    -.7476118    .6979212
         p3_14 |  -.1437593   .3200556    -0.45   0.653    -.7710568    .4835382
         p4_14 |   .1382302    .937112     0.15   0.883    -1.698476    1.974936
         p5_14 |  -.1288127   .1139443    -1.13   0.258    -.3521395    .0945141
         p6_14 |  -.4481487   .4796138    -0.93   0.350    -1.388175    .4918772
         p7_14 |   .0705263   .3081898     0.23   0.819    -.5335147    .6745672
         p8_14 |  -.0066061   .2185985    -0.03   0.976    -.4350512    .4218391
         p9_14 |  -.5200807   .2875038    -1.81   0.070    -1.083578    .0434164
        p10_14 |   .4568258   .8337036     0.55   0.584    -1.177203    2.090855
        p11_14 |   -.041239   .1167714    -0.35   0.724    -.2701067    .1876288
        p12_14 |  -.0847418   .1789934    -0.47   0.636    -.4355625    .2660789
        p13_14 |   .1077594   .2671798     0.40   0.687    -.4159034    .6314222
        p14_14 |   2.188154   .7501773     2.92   0.004     .7178338    3.658475
        p15_14 |  -.1106209   .1750897    -0.63   0.528    -.4537905    .2325487
          M_14 |   .8478003   .0585114    14.49   0.000     .7331199    .9624806
      urban_14 |  -.1064748   .0968339    -1.10   0.272    -.2962658    .0833163
       EF29_14 |   .0737679    .066331     1.11   0.266    -.0562386    .2037743
    monthly_14 |   -.000013   .0000229    -0.57   0.572    -.0000579     .000032
        age_14 |  -.0053263   .0025089    -2.12   0.034    -.0102437   -.0004089
        edu_14 |  -.0595925   .0757182    -0.79   0.431    -.2079975    .0888126
       cons_14 |  -1.559381   .2275939    -6.85   0.000    -2.005457   -1.113306
         p1_15 |  -.0230561   .1720365    -0.13   0.893    -.3602416    .3141293
         p2_15 |  -.0184866    .141872    -0.13   0.896    -.2965507    .2595774
         p3_15 |  -.0937089   .1109152    -0.84   0.398    -.3110986    .1236809
         p4_15 |  -.0872518   .3483797    -0.25   0.802    -.7700634    .5955599
         p5_15 |   .0677246   .0453657     1.49   0.135    -.0211905    .1566398
         p6_15 |  -.3858112   .2457093    -1.57   0.116    -.8673925    .0957702
         p7_15 |   -.037017   .1010046    -0.37   0.714    -.2349823    .1609483
         p8_15 |  -.1576562   .0813779    -1.94   0.053    -.3171539    .0018415
         p9_15 |   .0525748   .1149018     0.46   0.647    -.1726286    .2777783
        p10_15 |  -.6628556    .367603    -1.80   0.071    -1.383344     .057633
        p11_15 |   .0418342   .0574775     0.73   0.467    -.0708195     .154488
        p12_15 |  -.0721738   .0692567    -1.04   0.297    -.2079145     .063567
        p13_15 |  -.4649031   .1188576    -3.91   0.000    -.6978598   -.2319465
        p14_15 |   .5615621   .6602326     0.85   0.395      -.73247    1.855594
        p15_15 |   .0920955    .061692     1.49   0.135    -.0288186    .2130096
          M_15 |    .752661   .0324378    23.20   0.000      .689084     .816238
      urban_15 |   .0984716   .0358694     2.75   0.006     .0281689    .1687742
       EF29_15 |   .0251223   .0254461     0.99   0.324    -.0247512    .0749959
    monthly_15 |  -.0000143   5.78e-06    -2.47   0.013    -.0000256   -2.95e-06
        age_15 |  -.0204467   .0013137   -15.56   0.000    -.0230214   -.0178719
        edu_15 |   .0099345   .0352955     0.28   0.778    -.0592434    .0791124
       cons_15 |  -1.779096   .1507477   -11.80   0.000    -2.074556   -1.483636
---------------+----------------------------------------------------------------
ELAS_INC       |
           e_1 |   .9310639     .08061    11.55   0.000     .7730711    1.089057
           e_2 |   1.169281   .0654667    17.86   0.000     1.040969    1.297593
           e_3 |    .704796   .1305094     5.40   0.000     .4490022    .9605898
           e_4 |   1.178069   .1061497    11.10   0.000     .9700197    1.386119
           e_5 |   1.155074   .1100098    10.50   0.000      .939459     1.37069
           e_6 |   .9865067   .0992782     9.94   0.000     .7919249    1.181088
           e_7 |   1.247757   .0492378    25.34   0.000     1.151253    1.344261
           e_8 |    1.14103   .0377299    30.24   0.000     1.067081    1.214979
           e_9 |   1.086871   .0818908    13.27   0.000     .9263674    1.247374
          e_10 |   1.088814   .0932023    11.68   0.000     .9061407    1.271487
          e_11 |   .8864979   .0615939    14.39   0.000      .765776     1.00722
          e_12 |   .9361802   .0523719    17.88   0.000     .8335332    1.038827
          e_13 |   .8425733   .0758798    11.10   0.000     .6938517     .991295
          e_14 |   .9632378   .0932642    10.33   0.000     .7804433    1.146032
          e_15 |   1.120449   .0572697    19.56   0.000     1.008203    1.232696
---------------+----------------------------------------------------------------
ELAS_UNCOMP    |
         e_1_1 |  -1.061289   .1007922   -10.53   0.000    -1.258838   -.8637403
         e_2_1 |   .0789368   .0538043     1.47   0.142    -.0265177    .1843913
         e_3_1 |  -.0839947   .0665644    -1.26   0.207    -.2144586    .0464693
         e_4_1 |    .112298   .0794902     1.41   0.158    -.0434998    .2680959
         e_5_1 |   .0435038   .0413045     1.05   0.292    -.0374516    .1244591
         e_6_1 |   .0304689   .0414772     0.73   0.463    -.0508249    .1117628
         e_7_1 |   .0503193    .054576     0.92   0.357    -.0566477    .1572864
         e_8_1 |   .0863991   .0678474     1.27   0.203    -.0465793    .2193776
         e_9_1 |   .0483063   .0481775     1.00   0.316    -.0461199    .1427325
        e_10_1 |  -.0127858   .0757112    -0.17   0.866    -.1611769    .1356054
        e_11_1 |   .0751663   .0459859     1.63   0.102    -.0149644    .1652971
        e_12_1 |   .0567098    .066844     0.85   0.396    -.0743021    .1877216
        e_13_1 |   .0925823   .0855496     1.08   0.279    -.0750917    .2602564
        e_14_1 |   .0024952    .129369     0.02   0.985    -.2510634    .2560538
        e_15_1 |   .0588398   .0487777     1.21   0.228    -.0367628    .1544423
         e_1_2 |   .0887124   .0847464     1.05   0.295    -.0773875    .2548123
         e_2_2 |  -1.036109   .1198226    -8.65   0.000    -1.270957   -.8012606
         e_3_2 |   .0590504   .0989982     0.60   0.551    -.1349824    .2530833
         e_4_2 |  -.0059063   .1211651    -0.05   0.961    -.2433855     .231573
         e_5_2 |  -.0289447   .0337421    -0.86   0.391     -.095078    .0371885
         e_6_2 |  -.0565446   .0458833    -1.23   0.218    -.1464744    .0333851
         e_7_2 |   -.007729   .0660583    -0.12   0.907    -.1372009    .1217428
         e_8_2 |   .0333411   .0773521     0.43   0.666    -.1182663    .1849485
         e_9_2 |   .0297507   .0263935     1.13   0.260    -.0219797    .0814811
        e_10_2 |    .170821   .1002095     1.70   0.088     -.025586    .3672281
        e_11_2 |  -.0091887   .0474046    -0.19   0.846       -.1021    .0837227
        e_12_2 |  -.0089524   .0491067    -0.18   0.855    -.1051998    .0872949
        e_13_2 |  -.1136704   .0894334    -1.27   0.204    -.2889566    .0616158
        e_14_2 |  -.2310076   .2229822    -1.04   0.300    -.6680445    .2060294
        e_15_2 |   .0101336   .0549081     0.18   0.854    -.0974843    .1177515
         e_1_3 |   .0866991   .0860929     1.01   0.314    -.0820398     .255438
         e_2_3 |   .1760035   .1101816     1.60   0.110    -.0399485    .3919555
         e_3_3 |  -.8614954   .1260817    -6.83   0.000    -1.108611   -.6143798
         e_4_3 |    .147945   .1093151     1.35   0.176    -.0663087    .3621987
         e_5_3 |    .090506   .0760102     1.19   0.234    -.0584713    .2394834
         e_6_3 |   .0578284    .090814     0.64   0.524    -.1201638    .2358207
         e_7_3 |    .082457   .0921219     0.90   0.371    -.0980987    .2630127
         e_8_3 |   .1313148    .126574     1.04   0.300    -.1167658    .3793953
         e_9_3 |    .140313   .0960882     1.46   0.144    -.0480164    .3286424
        e_10_3 |   .2719625   .1169619     2.33   0.020     .0427214    .5012035
        e_11_3 |   .1688259   .0894572     1.89   0.059     -.006507    .3441588
        e_12_3 |    .163308   .1287354     1.27   0.205    -.0890087    .4156248
        e_13_3 |   .2250056   .1269396     1.77   0.076    -.0237914    .4738026
        e_14_3 |   .1641241   .2101982     0.78   0.435    -.2478569    .5761051
        e_15_3 |   .1691856   .0969311     1.75   0.081    -.0207959     .359167
         e_1_4 |   .1664375   .1732875     0.96   0.337    -.1731997    .5060748
         e_2_4 |  -.0300352   .1410106    -0.21   0.831    -.3064109    .2463405
         e_3_4 |   .0511666   .1127197     0.45   0.650    -.1697599     .272093
         e_4_4 |  -.3905752   .4593629    -0.85   0.395     -1.29091    .5097597
         e_5_4 |  -.0201692   .0568879    -0.35   0.723    -.1316674    .0913291
         e_6_4 |     .05355   .1001761     0.53   0.593    -.1427915    .2498915
         e_7_4 |   -.111374   .0977497    -1.14   0.255      -.30296    .0802119
         e_8_4 |   .1512259   .1047177     1.44   0.149     -.054017    .3564688
         e_9_4 |   .0147483   .0586114     0.25   0.801    -.1001279    .1296244
        e_10_4 |  -.0463716   .2345482    -0.20   0.843    -.5060777    .4133345
        e_11_4 |   .0663365   .0720087     0.92   0.357     -.074798     .207471
        e_12_4 |  -.1613746   .0759281    -2.13   0.034     -.310191   -.0125583
        e_13_4 |   .0202076   .1499863     0.13   0.893    -.2737602    .3141755
        e_14_4 |   -.767708       .436    -1.76   0.078    -1.622252    .0868362
        e_15_4 |   -.007471   .0855899    -0.09   0.930    -.1752242    .1602822
         e_1_5 |   .0732683   .1763784     0.42   0.678    -.2724271    .4189636
         e_2_5 |  -.0554437    .120746    -0.46   0.646    -.2921014    .1812141
         e_3_5 |  -.1481468   .2084971    -0.71   0.477    -.5567935       .2605
         e_4_5 |  -.2047893   .1705631    -1.20   0.230    -.5390868    .1295083
         e_5_5 |   -.994262   .0673296   -14.77   0.000    -1.126226   -.8622985
         e_6_5 |  -.0727295   .0736609    -0.99   0.323    -.2171021    .0716432
         e_7_5 |   .0043397   .0893331     0.05   0.961      -.17075    .1794294
         e_8_5 |  -.1825465   .1215613    -1.50   0.133    -.4208023    .0557093
         e_9_5 |  -.0270979   .0543103    -0.50   0.618    -.1335441    .0793484
        e_10_5 |    .044165   .1710054     0.26   0.796    -.2909994    .3793293
        e_11_5 |  -.0401993   .0740508    -0.54   0.587    -.1853363    .1049377
        e_12_5 |   .0869546   .1130341     0.77   0.442    -.1345881    .3084974
        e_13_5 |   .1895138    .293634     0.65   0.519    -.3859982    .7650259
        e_14_5 |   .0826301   .2675227     0.31   0.757    -.4417047    .6069649
        e_15_5 |   -.002516   .0666257    -0.04   0.970    -.1331001     .128068
         e_1_6 |   -.098295   .0966119    -1.02   0.309    -.2876508    .0910608
         e_2_6 |  -.2100678   .0845752    -2.48   0.013    -.3758322   -.0443035
         e_3_6 |   .0664321   .1037291     0.64   0.522    -.1368731    .2697373
         e_4_6 |   .1304633   .2115946     0.62   0.538    -.2842545     .545181
         e_5_6 |  -.0155137    .033806    -0.46   0.646    -.0817724    .0507449
         e_6_6 |  -.6179946   .1551246    -3.98   0.000    -.9220331    -.313956
         e_7_6 |   .0164566   .0646005     0.25   0.799     -.110158    .1430712
         e_8_6 |  -.0580903   .0705567    -0.82   0.410    -.1963789    .0801983
         e_9_6 |  -.0152292   .0669669    -0.23   0.820    -.1464818    .1160235
        e_10_6 |   .1024561   .1876184     0.55   0.585    -.2652692    .4701813
        e_11_6 |   -.070289   .0493584    -1.42   0.154    -.1670296    .0264516
        e_12_6 |  -.0925762   .0507885    -1.82   0.068    -.1921198    .0069675
        e_13_6 |   -.007398   .1210625    -0.06   0.951    -.2446761    .2298801
        e_14_6 |  -.0238285   .2853767    -0.08   0.933    -.5831566    .5354995
        e_15_6 |  -.0377784    .042878    -0.88   0.378    -.1218177    .0462609
         e_1_7 |  -.0133708   .0645637    -0.21   0.836    -.1399132    .1131717
         e_2_7 |  -.0354072   .0364339    -0.97   0.331    -.1068164    .0360019
         e_3_7 |  -.0974991   .0432678    -2.25   0.024    -.1823024   -.0126958
         e_4_7 |  -.0788453   .0586248    -1.34   0.179    -.1937478    .0360571
         e_5_7 |  -.0129191   .0173861    -0.74   0.457    -.0469953     .021157
         e_6_7 |   .0262477   .0283796     0.92   0.355    -.0293752    .0818707
         e_7_7 |  -.8873516   .0343264   -25.85   0.000      -.95463   -.8200731
         e_8_7 |  -.0195993   .0333072    -0.59   0.556    -.0848803    .0456817
         e_9_7 |  -.0206555   .0132733    -1.56   0.120    -.0466706    .0053597
        e_10_7 |   .1119846   .0457215     2.45   0.014     .0223722    .2015971
        e_11_7 |  -.1309384   .0234104    -5.59   0.000    -.1768219   -.0850549
        e_12_7 |  -.0438545   .0349321    -1.26   0.209    -.1123201    .0246111
        e_13_7 |   -.112431   .0485929    -2.31   0.021    -.2076713   -.0171907
        e_14_7 |  -.0238935   .1123212    -0.21   0.832     -.244039    .1962519
        e_15_7 |  -.0129884   .0213343    -0.61   0.543    -.0548029     .028826
         e_1_8 |     .01463   .0467063     0.31   0.754    -.0769127    .1061728
         e_2_8 |  -.0100761   .0389869    -0.26   0.796     -.086489    .0663368
         e_3_8 |   .0018188   .0519173     0.04   0.972    -.0999372    .1035749
         e_4_8 |   .0298475   .0309821     0.96   0.335    -.0308763    .0905714
         e_5_8 |  -.0170232   .0197065    -0.86   0.388    -.0556473    .0216009
         e_6_8 |  -.0069718       .023    -0.30   0.762    -.0520509    .0381073
         e_7_8 |   .0065974   .0230863     0.29   0.775    -.0386509    .0518458
         e_8_8 |  -1.009814   .0282346   -35.77   0.000    -1.065152   -.9544747
         e_9_8 |   .0063677   .0161223     0.39   0.693    -.0252315    .0379668
        e_10_8 |    -.00787   .0312154    -0.25   0.801    -.0690511     .053311
        e_11_8 |  -.0617297   .0318839    -1.94   0.053    -.1242211    .0007616
        e_12_8 |  -.0218474   .0333377    -0.66   0.512    -.0871882    .0434933
        e_13_8 |  -.0901456   .0422557    -2.13   0.033    -.1729652    -.007326
        e_14_8 |   .0595394   .0756475     0.79   0.431    -.0887271    .2078059
        e_15_8 |  -.0253045   .0198244    -1.28   0.202    -.0641595    .0135506
         e_1_9 |   .0676834   .0965236     0.70   0.483    -.1214993    .2568661
         e_2_9 |   .0795538   .0551345     1.44   0.149    -.0285078    .1876153
         e_3_9 |   .0955122   .0783514     1.22   0.223    -.0580536     .249078
         e_4_9 |   .0522156   .1098204     0.48   0.634    -.1630285    .2674597
         e_5_9 |   .0337768   .0234142     1.44   0.149    -.0121142    .0796678
         e_6_9 |   .0039324   .0847956     0.05   0.963    -.1622639    .1701287
         e_7_9 |   .0828379   .0429751     1.93   0.054    -.0013918    .1670676
         e_8_9 |   .0744202   .0599073     1.24   0.214     -.042996    .1918363
         e_9_9 |  -1.280484   .0475223   -26.94   0.000    -1.373626   -1.187342
        e_10_9 |  -.1255025   .1735516    -0.72   0.470    -.4656573    .2146523
        e_11_9 |  -.0308366   .0293138    -1.05   0.293    -.0882906    .0266173
        e_12_9 |  -.0161602   .0411921    -0.39   0.695    -.0968953    .0645749
        e_13_9 |   -.022599   .0879894    -0.26   0.797    -.1950551    .1498571
        e_14_9 |   .2154702   .2586404     0.83   0.405    -.2914557     .722396
        e_15_9 |   .0140346   .0342814     0.41   0.682    -.0531559     .081225
        e_1_10 |  -.0956852   .1167603    -0.82   0.413    -.3245312    .1331608
        e_2_10 |    .239729   .1140286     2.10   0.036      .016237     .463221
        e_3_10 |  -.0649536   .0670353    -0.97   0.333    -.1963404    .0664331
        e_4_10 |  -.0335931   .2518969    -0.13   0.894    -.5273019    .4601156
        e_5_10 |   .0016449    .033469     0.05   0.961     -.063953    .0672428
        e_6_10 |     .03511   .0973268     0.36   0.718     -.155647    .2258671
        e_7_10 |   .1365607   .0597896     2.28   0.022     .0193753    .2537461
        e_8_10 |  -.1075878   .0841741    -1.28   0.201     -.272566    .0573903
        e_9_10 |  -.0983254   .0754746    -1.30   0.193    -.2462529    .0496022
       e_10_10 |  -.4388284   .1904839    -2.30   0.021    -.8121701   -.0654868
       e_11_10 |   -.015068   .0607712    -0.25   0.804    -.1341775    .1040415
       e_12_10 |    .052017   .0599249     0.87   0.385    -.0654337    .1694677
       e_13_10 |  -.0967594   .1181489    -0.82   0.413     -.328327    .1348081
       e_14_10 |  -.4060371   .3156629    -1.29   0.198    -1.024725    .2126509
       e_15_10 |  -.0543912   .0419541    -1.30   0.195    -.1366197    .0278373
        e_1_11 |   .1373421   .1318181     1.04   0.297    -.1210166    .3957009
        e_2_11 |   .0224081   .0780093     0.29   0.774    -.1304873    .1753035
        e_3_11 |   .1460477   .1426769     1.02   0.306    -.1335938    .4256893
        e_4_11 |   .1564568   .0938883     1.67   0.096    -.0275609    .3404745
        e_5_11 |  -.0034263   .0347768    -0.10   0.922    -.0715876     .064735
        e_6_11 |   .0217471   .0561338     0.39   0.698    -.0882732    .1317674
        e_7_11 |  -.1899065   .0743279    -2.55   0.011    -.3355865   -.0442265
        e_8_11 |   -.223963   .0806926    -2.78   0.006    -.3821176   -.0658084
        e_9_11 |   .0040384   .0238902     0.17   0.866    -.0427855    .0508623
       e_10_11 |  -.0287342   .0680995    -0.42   0.673    -.1622069    .1047384
       e_11_11 |  -.7110435   .0760999    -9.34   0.000    -.8601966   -.5618903
       e_12_11 |  -.1332862   .0901028    -1.48   0.139    -.3098845    .0433121
       e_13_11 |   .2021647   .1513212     1.34   0.182    -.0944195    .4987488
       e_14_11 |  -.0793147   .2208851    -0.36   0.720    -.5122415     .353612
       e_15_11 |   .0657863   .0473444     1.39   0.165     -.027007    .1585796
        e_1_12 |   .0658368   .1118274     0.59   0.556    -.1533408    .2850145
        e_2_12 |   .0478306   .0788405     0.61   0.544     -.106694    .2023551
        e_3_12 |   .1084778   .1752887     0.62   0.536    -.2350818    .4520374
        e_4_12 |    -.06984   .0874094    -0.80   0.424    -.2411593    .1014792
        e_5_12 |   .0728934   .0744191     0.98   0.327    -.0729652    .2187521
        e_6_12 |   .0173164   .0663825     0.26   0.794     -.112791    .1474237
        e_7_12 |    .032078   .0835486     0.38   0.701    -.1316742    .1958302
        e_8_12 |   .0244651   .0909305     0.27   0.788    -.1537554    .2026855
        e_9_12 |   .0320648   .0633759     0.51   0.613    -.0921496    .1562792
       e_10_12 |   .0781836   .0853399     0.92   0.360    -.0890796    .2454467
       e_11_12 |  -.0554034   .0870432    -0.64   0.524    -.2260049    .1151981
       e_12_12 |  -.8552991   .1143947    -7.48   0.000    -1.079509   -.6310897
       e_13_12 |   .1307557   .1498172     0.87   0.383    -.1628805     .424392
       e_14_12 |  -.0614039   .1737715    -0.35   0.724    -.4019897    .2791819
       e_15_12 |   .0986844   .0634055     1.56   0.120     -.025588    .2229569
        e_1_13 |   .0596776   .0818765     0.73   0.466    -.1007973    .2201525
        e_2_13 |   .0825454   .0825009     1.00   0.317    -.0791533    .2442441
        e_3_13 |  -.0014662   .0778263    -0.02   0.985     -.154003    .1510705
        e_4_13 |   .1663311    .140392     1.18   0.236    -.1088322    .4414943
        e_5_13 |   .0176368   .0327598     0.54   0.590    -.0465712    .0818449
        e_6_13 |   .0035716    .095261     0.04   0.970    -.1831366    .1902798
        e_7_13 |   .0478927   .0487516     0.98   0.326    -.0476586    .1434441
        e_8_13 |  -.0824158   .0406243    -2.03   0.042    -.1620379   -.0027938
        e_9_13 |   .0519865   .0388014     1.34   0.180    -.0240629    .1280359
       e_10_13 |   .0087234   .0961621     0.09   0.928    -.1797509    .1971977
       e_11_13 |   .0245721    .026452     0.93   0.353    -.0272728     .076417
       e_12_13 |   .0977783   .0440847     2.22   0.027     .0113739    .1841827
       e_13_13 |  -.9522909   .0672649   -14.16   0.000    -1.084128   -.8204542
       e_14_13 |   .2031803   .2003053     1.01   0.310    -.1894109    .5957716
       e_15_13 |   .0578968   .0347273     1.67   0.095    -.0101675    .1259612
        e_1_14 |   .1252557   .1681559     0.74   0.456    -.2043237    .4548352
        e_2_14 |    .027043   .1083119     0.25   0.803    -.1852445    .2393305
        e_3_14 |   .1395767    .190326     0.73   0.463    -.2334554    .5126088
        e_4_14 |  -.1102469   .1700772    -0.65   0.517     -.443592    .2230982
        e_5_14 |   .0999736   .1172856     0.85   0.394     -.129902    .3298491
        e_6_14 |     .12076   .1270197     0.95   0.342    -.1281942    .3697141
        e_7_14 |   .1110112   .1211331     0.92   0.359    -.1264053    .3484278
        e_8_14 |   .1714893   .1360835     1.26   0.208    -.0952295    .4382081
        e_9_14 |    .136997   .1153386     1.19   0.235    -.0890625    .3630565
       e_10_14 |  -.0575523   .1482483    -0.39   0.698    -.3481136     .233009
       e_11_14 |   .0729137   .1134891     0.64   0.521    -.1495208    .2953482
       e_12_14 |   .0470617   .1125446     0.42   0.676    -.1735217    .2676451
       e_13_14 |  -.0006023   .1772669    -0.00   0.997     -.348039    .3468344
       e_14_14 |  -.7999027   .2275851    -3.51   0.000    -1.245961   -.3538441
       e_15_14 |   .0357941   .1120061     0.32   0.749    -.1837338    .2553221
        e_1_15 |   .0722982    .114544     0.63   0.528    -.1522039    .2968002
        e_2_15 |   .0223804   .0769165     0.29   0.771    -.1283732    .1731339
        e_3_15 |   .0713972   .1062831     0.67   0.502    -.1369138    .2797082
        e_4_15 |  -.0172523   .1053555    -0.16   0.870    -.2237452    .1892407
        e_5_15 |   .0242896   .0280142     0.87   0.386    -.0306173    .0791964
        e_6_15 |  -.0653202   .0447723    -1.46   0.145    -.1530722    .0224319
        e_7_15 |   .0252911   .0495064     0.51   0.609    -.0717397    .1223219
        e_8_15 |  -.0994718   .0547471    -1.82   0.069    -.2067741    .0078305
        e_9_15 |  -.0001679   .0202038    -0.01   0.993    -.0397666    .0394308
       e_10_15 |  -.1219076   .0636493    -1.92   0.055     -.246658    .0028428
       e_11_15 |   .0508302   .0419039     1.21   0.225       -.0313    .1329604
       e_12_15 |   .0791458   .0528812     1.50   0.134    -.0244994     .182791
       e_13_15 |  -.0599177   .1270545    -0.47   0.637      -.30894    .1891045
       e_14_15 |  -.1870452   .1797683    -1.04   0.298    -.5393846    .1652942
       e_15_15 |  -.8888329   .0514464   -17.28   0.000    -.9896659   -.7879999
---------------+----------------------------------------------------------------
ELAS_COMP      |
         e_1_1 |  -.9653558    .096371   -10.02   0.000    -1.154239   -.7764722
         e_2_1 |   .1129373   .0526612     2.14   0.032     .0097233    .2161513
         e_3_1 |   .0061677   .0665719     0.09   0.926    -.1243109    .1366462
         e_4_1 |   .1419695   .0804074     1.77   0.077     -.015626    .2995651
         e_5_1 |   .0565611    .040665     1.39   0.164    -.0231408     .136263
         e_6_1 |   .0443487    .041037     1.08   0.280    -.0360823    .1247797
         e_7_1 |   .1231233    .053266     2.31   0.021     .0187239    .2275227
         e_8_1 |   .2264646   .0657551     3.44   0.001     .0975868    .3553423
         e_9_1 |   .0604329   .0474597     1.27   0.203    -.0325865    .1534523
        e_10_1 |   .0158367    .073851     0.21   0.830    -.1289087    .1605821
        e_11_1 |   .1575075   .1317106     1.20   0.232    -.1006405    .4156556
        e_12_1 |   .0647844   .0780814     0.83   0.407    -.0882523    .2178211
        e_13_1 |   .3374654   .1472439     2.29   0.022     .0488728    .6260581
        e_14_1 |   .2741851   .0942983     2.91   0.004     .0893639    .4590064
        e_15_1 |   .0256265   .0349299     0.73   0.463    -.0428348    .0940877
         e_1_2 |    .209191   .0850869     2.46   0.014     .0424238    .3759582
         e_2_2 |  -.9934089   .1200341    -8.28   0.000    -1.228671   -.7581464
         e_3_2 |   .1722812   .0989642     1.74   0.082    -.0216851    .3662475
         e_4_2 |   .0313569   .1214802     0.26   0.796    -.2067399    .2694536
         e_5_2 |  -.0125467   .0337852    -0.37   0.710    -.0787644    .0536711
         e_6_2 |  -.0391137   .0459775    -0.85   0.395    -.1292279    .0510006
         e_7_2 |   .0837021   .0657509     1.27   0.203    -.0451673    .2125716
         e_8_2 |   .2092429    .079114     2.64   0.008     .0541823    .3643036
         e_9_2 |     .04498    .026182     1.72   0.086    -.0063358    .0962958
        e_10_2 |   .2067667   .1004557     2.06   0.040     .0098772    .4036561
        e_11_2 |   .0161361   .0473547     0.34   0.733    -.0766775    .1089497
        e_12_2 |    .044266   .0495303     0.89   0.371    -.0528116    .1413437
        e_13_2 |   .1267224   .0893865     1.42   0.156    -.0484719    .3019167
        e_14_2 |  -.0831579   .2204284    -0.38   0.706    -.5151896    .3488738
        e_15_2 |   .0466196   .0540806     0.86   0.389    -.0593763    .1526156
         e_1_3 |   .1593188   .0809335     1.97   0.049     .0006921    .3179455
         e_2_3 |   .2017412   .1070409     1.88   0.059    -.0080552    .4115376
         e_3_3 |  -.7932444   .1229043    -6.45   0.000    -1.034132   -.5523564
         e_4_3 |   .1704057   .1073197     1.59   0.112     -.039937    .3807484
         e_5_3 |   .1003901   .0751298     1.34   0.181    -.0468616    .2476419
         e_6_3 |   .0683351   .0900967     0.76   0.448    -.1082512    .2449214
         e_7_3 |   .1375681   .0866332     1.59   0.112    -.0322299    .3073661
         e_8_3 |   .2373414   .1164829     2.04   0.042      .009039    .4656438
         e_9_3 |   .1494926   .0949969     1.57   0.116     -.036698    .3356831
        e_10_3 |    .293629   .1144139     2.57   0.010     .0693819    .5178762
        e_11_3 |   .1840907   .0878983     2.09   0.036     .0118131    .3563683
        e_12_3 |    .195386   .1255546     1.56   0.120    -.0506966    .4414686
        e_13_3 |   .3699048   .1127492     3.28   0.001     .1489204    .5908892
        e_14_3 |    .253242   .2040401     1.24   0.215    -.1466691    .6531532
        e_15_3 |   .1911779   .0943195     2.03   0.043     .0063151    .3760407
         e_1_4 |   .2878216    .170301     1.69   0.091    -.0459623    .6216056
         e_2_4 |   .0129854   .1419397     0.09   0.927    -.2652113    .2911821
         e_3_4 |   .1652484   .1121144     1.47   0.141    -.0544919    .3849886
         e_4_4 |   -.353032    .458906    -0.77   0.442    -1.252471    .5464072
         e_5_4 |  -.0036478   .0561646    -0.06   0.948    -.1137284    .1064327
         e_6_4 |    .071112   .1007057     0.71   0.480    -.1262676    .2684916
         e_7_4 |  -.0192557    .099653    -0.19   0.847     -.214572    .1760607
         e_8_4 |   .3284498   .1031791     3.18   0.001     .1262225    .5306771
         e_9_4 |    .030092    .058456     0.51   0.607    -.0844796    .1446636
        e_10_4 |  -.0101558     .23446    -0.04   0.965     -.469689    .4493773
        e_11_4 |   .0918516   .0718978     1.28   0.201    -.0490655    .2327687
        e_12_4 |  -.1077562   .0760284    -1.42   0.156    -.2567691    .0412568
        e_13_4 |   .2624073   .1429666     1.84   0.066    -.0178022    .5426167
        e_14_4 |  -.6187471   .4363168    -1.42   0.156    -1.473912    .2364181
        e_15_4 |   .0292893   .0847577     0.35   0.730    -.1368327    .1954113
         e_1_5 |    .192283   .1781654     1.08   0.280    -.1569148    .5414809
         e_2_5 |  -.0132628   .1212334    -0.11   0.913     -.250876    .2243504
         e_3_5 |  -.0362917   .2059716    -0.18   0.860    -.4399886    .3674052
         e_4_5 |  -.1679789   .1689833    -0.99   0.320      -.49918    .1632222
         e_5_5 |  -.9780632   .0675515   -14.48   0.000    -1.110462   -.8456647
         e_6_5 |  -.0555103   .0738518    -0.75   0.452    -.2002571    .0892366
         e_7_5 |     .09466   .0909083     1.04   0.298     -.083517    .2728371
         e_8_5 |  -.0087818   .1235518    -0.07   0.943    -.2509388    .2333752
         e_9_5 |  -.0120537   .0537693    -0.22   0.823    -.1174395    .0933322
        e_10_5 |   .0796738   .1719684     0.46   0.643    -.2573779    .4167256
        e_11_5 |  -.0151822   .0735548    -0.21   0.836    -.1593471    .1289826
        e_12_5 |   .1395265   .1106802     1.26   0.207    -.0774027    .3564557
        e_13_5 |   .4269859   .3001442     1.42   0.155     -.161286    1.015258
        e_14_5 |   .2286834   .2654085     0.86   0.389    -.2915076    .7488745
        e_15_5 |   .0335267   .0655958     0.51   0.609    -.0950388    .1620922
         e_1_6 |   .0033512   .0945006     0.04   0.972    -.1818666    .1885689
         e_2_6 |  -.1740427    .084354    -2.06   0.039    -.3393735   -.0087119
         e_3_6 |   .1619634   .1001317     1.62   0.106    -.0342912     .358218
         e_4_6 |   .1619016   .2124338     0.76   0.446    -.2544609    .5782642
         e_5_6 |  -.0016789   .0329971    -0.05   0.959    -.0663521    .0629943
         e_6_6 |  -.6032883   .1550659    -3.89   0.000    -.9072118   -.2993648
         e_7_6 |   .0935959   .0628594     1.49   0.136    -.0296062     .216798
         e_8_6 |   .0903157   .0696598     1.30   0.195    -.0462151    .2268465
         e_9_6 |  -.0023805   .0672665    -0.04   0.972    -.1342204    .1294595
        e_10_6 |   .1327829   .1874307     0.71   0.479    -.2345745    .5001403
        e_11_6 |  -.0489228   .0493628    -0.99   0.322     -.145672    .0478264
        e_12_6 |  -.0476764   .0512891    -0.93   0.353    -.1482012    .0528483
        e_13_6 |   .1954182   .1145588     1.71   0.088    -.0291128    .4199493
        e_14_6 |   .1009103   .2844298     0.35   0.723    -.4565618    .6583823
        e_15_6 |  -.0069956   .0425764    -0.16   0.869    -.0904439    .0764527
         e_1_7 |   .1151937   .0626327     1.84   0.066    -.0075642    .2379516
         e_2_7 |   .0101582   .0360762     0.28   0.778    -.0605498    .0808663
         e_3_7 |   .0233312   .0429309     0.54   0.587    -.0608118    .1074742
         e_4_7 |  -.0390813   .0585425    -0.67   0.504    -.1538226      .07566
         e_5_7 |   .0045795   .0171756     0.27   0.790     -.029084    .0382431
         e_6_7 |   .0448486   .0285029     1.57   0.116    -.0110161    .1007133
         e_7_7 |   -.789784   .0343372   -23.00   0.000    -.8570837   -.7224843
         e_8_7 |   .1681082   .0333709     5.04   0.000     .1027024    .2335139
         e_9_7 |  -.0044041   .0130157    -0.34   0.735    -.0299145    .0211063
        e_10_7 |   .1503427     .04569     3.29   0.001      .060792    .2398935
        e_11_7 |   -.103914   .0232344    -4.47   0.000    -.1494526   -.0583753
        e_12_7 |   .0129358   .0340131     0.38   0.704    -.0537287    .0796002
        e_13_7 |   .1440957   .0491959     2.93   0.003     .0476736    .2405179
        e_14_7 |   .1338791   .1109076     1.21   0.227    -.0834958    .3512539
        e_15_7 |   .0259464   .0207456     1.25   0.211    -.0147143    .0666071
         e_1_8 |   .1321977   .0470967     2.81   0.005     .0398899    .2245056
         e_2_8 |   .0315919   .0391592     0.81   0.420    -.0451588    .1083426
         e_3_8 |   .1123138   .0533013     2.11   0.035     .0078452    .2167825
         e_4_8 |   .0662103   .0309926     2.14   0.033      .005466    .1269547
         e_5_8 |  -.0010213   .0198018    -0.05   0.959    -.0398322    .0377896
         e_6_8 |   .0100381   .0232139     0.43   0.665    -.0354603    .0555365
         e_7_8 |   .0958195   .0230702     4.15   0.000     .0506029    .1410362
         e_8_8 |  -.8381617   .0290245   -28.88   0.000    -.8950487   -.7812746
         e_9_8 |    .021229   .0161222     1.32   0.188      -.01037    .0528279
        e_10_8 |   .0272071   .0314895     0.86   0.388    -.0345111    .0889253
        e_11_8 |  -.0370168   .0321931    -1.15   0.250    -.1001141    .0260804
        e_12_8 |   .0300852   .0326293     0.92   0.357    -.0338671    .0940375
        e_13_8 |    .144439   .0439939     3.28   0.001     .0582126    .2306654
        e_14_8 |   .2038169   .0750349     2.72   0.007     .0567511    .3508826
        e_15_8 |      .0103   .0201962     0.51   0.610    -.0292838    .0498839
         e_1_9 |   .1796707   .0934763     1.92   0.055    -.0035394    .3628809
         e_2_9 |    .119244   .0547166     2.18   0.029     .0120013    .2264866
         e_3_9 |   .2007625   .0744915     2.70   0.007     .0547619    .3467631
         e_4_9 |   .0868524   .1092433     0.80   0.427    -.1272605    .3009654
         e_5_9 |   .0490192   .0232134     2.11   0.035     .0035216    .0945167
         e_6_9 |   .0201349   .0848448     0.24   0.812    -.1461579    .1864276
         e_7_9 |    .167825   .0406629     4.13   0.000     .0881272    .2475228
         e_8_9 |   .2379245   .0575248     4.14   0.000     .1251779    .3506711
         e_9_9 |  -1.266328   .0474375   -26.69   0.000    -1.359304   -1.173352
        e_10_9 |  -.0920903    .173976    -0.53   0.597    -.4330771    .2488964
        e_11_9 |  -.0072967   .0288072    -0.25   0.800    -.0637578    .0491644
        e_12_9 |   .0333075   .0403158     0.83   0.409    -.0457099    .1123249
        e_13_9 |    .200851   .0843742     2.38   0.017     .0354807    .3662214
        e_14_9 |   .3528995   .2595537     1.36   0.174    -.1558164    .8616153
        e_15_9 |   .0479491   .0337571     1.42   0.155    -.0182136    .1141118
        e_1_10 |   .0165023   .1162648     0.14   0.887    -.2113724    .2443771
        e_2_10 |   .2794902   .1134219     2.46   0.014     .0571874    .5017929
        e_3_10 |   .0404849   .0679483     0.60   0.551    -.0926913    .1736611
        e_4_10 |   .0011056   .2514206     0.00   0.996    -.4916696    .4938809
        e_5_10 |   .0169145   .0331188     0.51   0.610    -.0479971    .0818261
        e_6_10 |   .0513415   .0972689     0.53   0.598    -.1393021     .241985
        e_7_10 |   .2216998   .0572584     3.87   0.000     .1094754    .3339242
        e_8_10 |   .0562089   .0872704     0.64   0.520    -.1148379    .2272557
        e_9_10 |  -.0841442   .0759295    -1.11   0.268    -.2329633     .064675
       e_10_10 |  -.4053565   .1903554    -2.13   0.033    -.7784462   -.0322668
       e_11_10 |    .008514   .0602867     0.14   0.888    -.1096457    .1266737
       e_12_10 |   .1015731   .0592745     1.71   0.087    -.0146028     .217749
       e_13_10 |   .1270901   .1122019     1.13   0.257    -.0928215    .3470018
       e_14_10 |  -.2683621   .3194041    -0.84   0.401    -.8943826    .3576584
       e_15_10 |   -.020416   .0406505    -0.50   0.616    -.1000895    .0592574
        e_1_11 |   .2286838   .1330346     1.72   0.086    -.0320593    .4894268
        e_2_11 |   .0547812   .0774759     0.71   0.480    -.0970688    .2066311
        e_3_11 |   .2318944   .1443843     1.61   0.108    -.0510936    .5148824
        e_4_11 |   .1847081   .0935674     1.97   0.048     .0013194    .3680967
        e_5_11 |    .009006    .034848     0.26   0.796    -.0592948    .0773068
        e_6_11 |   .0349625   .0557682     0.63   0.531    -.0743412    .1442662
        e_7_11 |  -.1205873    .073039    -1.65   0.099    -.2637411    .0225665
        e_8_11 |  -.0906019   .0796523    -1.14   0.255    -.2467174    .0655137
        e_9_11 |   .0155846   .0236969     0.66   0.511    -.0308605    .0620296
       e_10_11 |  -.0014818   .0679406    -0.02   0.983    -.1346431    .1316794
       e_11_11 |  -.6918433   .0757987    -9.13   0.000     -.840406   -.5432806
       e_12_11 |  -.0929383   .0894337    -1.04   0.299     -.268225    .0823485
       e_13_11 |     .38442    .150102     2.56   0.010     .0902255    .6786146
       e_14_11 |   .0327784   .2219824     0.15   0.883     -.402299    .4678559
       e_15_11 |   .0934484   .0469723     1.99   0.047     .0013845    .1855124
        e_1_12 |   .1622976   .1105044     1.47   0.142    -.0542871    .3788822
        e_2_12 |   .0820179   .0784379     1.05   0.296    -.0717175    .2357533
        e_3_12 |   .1991356   .1755164     1.13   0.257    -.1448702    .5431414
        e_4_12 |  -.0400055   .0874045    -0.46   0.647    -.2113151    .1313042
        e_5_12 |   .0860225    .074393     1.16   0.248    -.0597852    .2318302
        e_6_12 |   .0312724   .0662734     0.47   0.637    -.0986211    .1611659
        e_7_12 |   .1052821   .0827418     1.27   0.203    -.0568888    .2674529
        e_8_12 |   .1653002   .0923361     1.79   0.073    -.0156753    .3462757
        e_9_12 |    .044258   .0632667     0.70   0.484    -.0797424    .1682585
       e_10_12 |   .1069633   .0853031     1.25   0.210    -.0602277    .2741543
       e_11_12 |  -.0351272     .08704    -0.40   0.687    -.2057225     .135468
       e_12_12 |    -.81269   .1133429    -7.17   0.000    -1.034838    -.590542
       e_13_12 |   .3232253   .1473845     2.19   0.028      .034357    .6120935
       e_14_12 |   .0569714   .1758965     0.32   0.746    -.2877794    .4017222
       e_15_12 |   .1278969   .0630247     2.03   0.042     .0043707     .251423
        e_1_13 |   .1464934   .0819368     1.79   0.074    -.0140998    .3070865
        e_2_13 |   .1133144   .0818004     1.39   0.166    -.0470114    .2736402
        e_3_13 |   .0801268    .077406     1.04   0.301    -.0715862    .2318399
        e_4_13 |   .1931826   .1392713     1.39   0.165    -.0797842    .4661493
        e_5_13 |   .0294531   .0326819     0.90   0.367    -.0346022    .0935084
        e_6_13 |   .0161322   .0955761     0.17   0.866    -.1711934    .2034579
        e_7_13 |   .1137772   .0492156     2.31   0.021     .0173164     .210238
        e_8_13 |   .0443374   .0422812     1.05   0.294    -.0385322     .127207
        e_9_13 |   .0629605   .0389524     1.62   0.106    -.0133847    .1393057
       e_10_13 |   .0346255    .096269     0.36   0.719    -.1540583    .2233093
       e_11_13 |   .0428209   .0267015     1.60   0.109    -.0095131    .0951549
       e_12_13 |    .136127   .0436327     3.12   0.002     .0506086    .2216455
       e_13_13 |   -.779066   .0697584   -11.17   0.000    -.9157899   -.6423421
       e_14_13 |   .3097195   .2016247     1.54   0.125    -.0854576    .7048965
       e_15_13 |   .0841884   .0348589     2.42   0.016     .0158662    .1525105
        e_1_14 |   .2245044   .1712942     1.31   0.190    -.1112261    .5602348
        e_2_14 |   .0622184   .1095517     0.57   0.570     -.152499    .2769359
        e_3_14 |   .2328547   .1930007     1.21   0.228    -.1454197    .6111291
        e_4_14 |    -.07955   .1713263    -0.46   0.642    -.4153435    .2562434
        e_5_14 |   .1134821   .1178405     0.96   0.336     -.117481    .3444452
        e_6_14 |   .1351194   .1274267     1.06   0.289    -.1146324    .3848712
        e_7_14 |    .186331   .1238844     1.50   0.133    -.0564779    .4291399
        e_8_14 |   .3163949   .1413682     2.24   0.025     .0393183    .5934715
        e_9_14 |   .1495427   .1156347     1.29   0.196    -.0770972    .3761825
       e_10_14 |  -.0279408   .1486264    -0.19   0.851    -.3192433    .2633616
       e_11_14 |   .0937759   .1140466     0.82   0.411    -.1297514    .3173032
       e_12_14 |   .0909023    .113657     0.80   0.424    -.1318613    .3136659
       e_13_14 |     .19743    .185473     1.06   0.287    -.1660904    .5609505
       e_14_14 |  -.6781062   .2294609    -2.96   0.003    -1.127841    -.228371
       e_15_14 |   .0658509   .1130484     0.58   0.560    -.1557198    .2874216
        e_1_15 |   .1877453   .1143753     1.64   0.101    -.0364262    .4119168
        e_2_15 |   .0632968   .0771034     0.82   0.412    -.0878232    .2144168
        e_3_15 |   .1798992   .1054107     1.71   0.088     -.026702    .3865004
        e_4_15 |   .0184546   .1053104     0.18   0.861      -.18795    .2248593
        e_5_15 |   .0400028   .0280177     1.43   0.153    -.0149109    .0949166
        e_6_15 |  -.0486171   .0448047    -1.09   0.278    -.1364328    .0391985
        e_7_15 |   .1129039   .0497664     2.27   0.023     .0153635    .2104443
        e_8_15 |    .069084   .0556871     1.24   0.215    -.0400607    .1782286
        e_9_15 |   .0144253   .0203141     0.71   0.478    -.0253896    .0542402
       e_10_15 |  -.0874632   .0637835    -1.37   0.170    -.2124765    .0375502
       e_11_15 |   .0750974   .0417423     1.80   0.072    -.0067161    .1569108
       e_12_15 |   .1301417   .0526682     2.47   0.013     .0269139    .2333696
       e_13_15 |   .1704357   .1265906     1.35   0.178    -.0776774    .4185488
       e_14_15 |    -.04537   .1800861    -0.25   0.801    -.3983323    .3075922
       e_15_15 |  -.8538706   .0509997   -16.74   0.000    -.9538282   -.7539129
--------------------------------------------------------------------------------

. parmest, saving(adj_med_all_output, replace)
(file adj_med_all_output.dta not found)
file adj_med_all_output.dta saved

. 
. log close
      name:  <unnamed>
       log:  C:\Users\Chung\Desktop\EVS\Adj_med\adj_med_all.log
  log type:  text
 closed on:   6 Feb 2025, 06:08:38
------------------------------------------------------------------------------------------------------------------
