------------------------------------------------------------------------------------------------------------------
      name:  <unnamed>
       log:  C:\Users\Chung\Desktop\EVS\Adj_med\Mid\adj_med_mid.log
  log type:  text
 opened on:  17 Feb 2025, 14:16:39

. 
. *load the main data
. use "$path\adj_med_mid.dta", clear 

. 
. *set seed
. set seed 123

. 
. *define the local variables for the estimation
. local demographic_vars urban EF29 monthly age edu

. local adj_median_prices adj_P1 adj_P2 adj_P3 adj_P4 adj_P5 adj_P6 adj_P7 adj_P8 adj_P9 adj_P10 adj_P11 adj_P12 a
> dj_P13 adj_P14 adj_P15

. 
. *estimate the QUAIDSCE model
. quaidsce W1-W15, anot(2) prices(`adj_median_prices') expenditure(expfd) demographics(`demographic_vars') nolog r
> eps(50)
--------------------------------------------------------------------------------
Parallel Computing with Stata
Child processes: 8
pll_id         : j3qqih1c11
Running at     : C:\Users\Chung\Desktop\EVS\Adj_med\Mid
Randtype       : datetime
Waiting for the child processes to finish...
child process 0001 has exited without error...
child process 0004 has exited without error...
child process 0005 has exited without error...
child process 0008 has exited without error...
child process 0006 has exited without error...
child process 0003 has exited without error...
child process 0002 has exited without error...
child process 0007 has exited without error...
--------------------------------------------------------------------------------
Enter -parallel printlog #- to checkout logfiles.
--------------------------------------------------------------------------------

parallel bootstrapping                                   Number of obs = 5,048
                                                         Replications  =    31

      Command: quaidsce_c W1-W15, anot(2) prices(adj_P1 adj_P2 adj_P3 adj_P4 adj_P5 adj_P6 adj_P7 adj_P8 adj_P9
                   adj_P10 adj_P11 adj_P12 adj_P13 adj_P14 adj_P15) expenditure(expfd) demographics(urban EF29
                   monthly age edu) nolog reps(50)

--------------------------------------------------------------------------------
               |   Observed   Bootstrap                         Normal-based
               | coefficient  std. err.      z    P>|z|     [95% conf. interval]
---------------+----------------------------------------------------------------
alpha          |
       alpha_1 |    .027582   .0411177     0.67   0.502    -.0530072    .1081712
       alpha_2 |  -.0034971   .0296295    -0.12   0.906    -.0615698    .0545756
       alpha_3 |   .0139768   .0362675     0.39   0.700    -.0571063    .0850598
       alpha_4 |  -.0014434   .0333497    -0.04   0.965    -.0668076    .0639207
       alpha_5 |   .0296522    .016444     1.80   0.071    -.0025774    .0618818
       alpha_6 |   .0299701   .0139246     2.15   0.031     .0026783    .0572619
       alpha_7 |  -.0277606   .0321149    -0.86   0.387    -.0907047    .0351835
       alpha_8 |   .0716912   .0485427     1.48   0.140    -.0234506    .1668331
       alpha_9 |   .0142314   .0190115     0.75   0.454    -.0230304    .0514933
      alpha_10 |   .0219086   .0238942     0.92   0.359    -.0249232    .0687403
      alpha_11 |   .0434404   .0196893     2.21   0.027       .00485    .0820308
      alpha_12 |   .0876533   .0362455     2.42   0.016     .0166135    .1586931
      alpha_13 |   .3302458   .0800735     4.12   0.000     .1733046     .487187
      alpha_14 |    .196303   .0948973     2.07   0.039     .0103077    .3822984
      alpha_15 |   .0439982   .0259967     1.69   0.091    -.0069543    .0949508
---------------+----------------------------------------------------------------
beta           |
        beta_1 |   .0319772   .0285762     1.12   0.263    -.0240311    .0879854
        beta_2 |   .0161137   .0154651     1.04   0.297    -.0141973    .0464248
        beta_3 |   .0523938   .0241187     2.17   0.030      .005122    .0996656
        beta_4 |   .0138172   .0198102     0.70   0.486    -.0250101    .0526445
        beta_5 |  -.0103258   .0082868    -1.25   0.213    -.0265676    .0059161
        beta_6 |  -.0100618   .0067894    -1.48   0.138    -.0233688    .0032452
        beta_7 |   .0332685   .0182025     1.83   0.068    -.0024077    .0689446
        beta_8 |   .0036604   .0288323     0.13   0.899    -.0528499    .0601706
        beta_9 |  -.0060006    .008662    -0.69   0.488    -.0229778    .0109765
       beta_10 |   .0057957   .0123468     0.47   0.639    -.0184037     .029995
       beta_11 |  -.0151234   .0106607    -1.42   0.156     -.036018    .0057712
       beta_12 |  -.0208914   .0212007    -0.99   0.324     -.062444    .0206611
       beta_13 |  -.0599982    .050812    -1.18   0.238    -.1595879    .0395915
       beta_14 |  -.0277654   .0592849    -0.47   0.640    -.1439617    .0884309
       beta_15 |  -.0079476   .0136841    -0.58   0.561    -.0347679    .0188727
---------------+----------------------------------------------------------------
gamma          |
     gamma_1_1 |   .0005947   .0169214     0.04   0.972    -.0325708    .0337601
     gamma_2_1 |  -.0030706   .0049985    -0.61   0.539    -.0128674    .0067262
     gamma_3_1 |  -.0041024   .0084456    -0.49   0.627    -.0206555    .0124506
     gamma_4_1 |   .0124722   .0077162     1.62   0.106    -.0026512    .0275956
     gamma_5_1 |   .0033097   .0031777     1.04   0.298    -.0029186    .0095379
     gamma_6_1 |  -.0002028   .0032421    -0.06   0.950    -.0065571    .0061515
     gamma_7_1 |  -.0098864   .0071481    -1.38   0.167    -.0238964    .0041236
     gamma_8_1 |   .0050277   .0100095     0.50   0.615    -.0145906    .0246461
     gamma_9_1 |   .0000573   .0021689     0.03   0.979    -.0041937    .0043084
    gamma_10_1 |  -.0024814   .0050943    -0.49   0.626     -.012466    .0075033
    gamma_11_1 |   .0012988   .0034926     0.37   0.710    -.0055465    .0081442
    gamma_12_1 |  -.0095904   .0046512    -2.06   0.039    -.0187066   -.0004743
    gamma_13_1 |   .0128407   .0140784     0.91   0.362    -.0147525    .0404339
    gamma_14_1 |  -.0018014   .0162292    -0.11   0.912    -.0336101    .0300073
    gamma_15_1 |  -.0044656   .0040224    -1.11   0.267    -.0123494    .0034182
     gamma_2_2 |  -.0015241   .0126077    -0.12   0.904    -.0262348    .0231867
     gamma_3_2 |   .0006821   .0050472     0.14   0.892    -.0092102    .0105744
     gamma_4_2 |   .0083014   .0071826     1.16   0.248    -.0057762    .0223789
     gamma_5_2 |   .0014073    .001516     0.93   0.353    -.0015641    .0043787
     gamma_6_2 |  -.0020994    .002537    -0.83   0.408    -.0070719    .0028731
     gamma_7_2 |  -.0004094   .0035482    -0.12   0.908    -.0073636    .0065449
     gamma_8_2 |  -.0039454   .0041384    -0.95   0.340    -.0120565    .0041658
     gamma_9_2 |   .0013348   .0017068     0.78   0.434    -.0020104      .00468
    gamma_10_2 |   .0001875   .0047917     0.04   0.969    -.0092041    .0095791
    gamma_11_2 |   .0003819    .001893     0.20   0.840    -.0033282    .0040921
    gamma_12_2 |   .0020299   .0028837     0.70   0.481     -.003622    .0076818
    gamma_13_2 |  -.0038355   .0079294    -0.48   0.629    -.0193769    .0117058
    gamma_14_2 |   .0000753   .0138993     0.01   0.996    -.0271669    .0273175
    gamma_15_2 |   .0004841   .0025927     0.19   0.852    -.0045974    .0055657
     gamma_3_3 |   .0008252   .0201172     0.04   0.967    -.0386038    .0402543
     gamma_4_3 |   .0007552   .0062742     0.12   0.904     -.011542    .0130524
     gamma_5_3 |   .0012389   .0028397     0.44   0.663    -.0043268    .0068047
     gamma_6_3 |   .0006303    .001978     0.32   0.750    -.0032464     .004507
     gamma_7_3 |  -.0040984   .0048145    -0.85   0.395    -.0135346    .0053379
     gamma_8_3 |   .0033516   .0069919     0.48   0.632    -.0103523    .0170554
     gamma_9_3 |   .0007609   .0013094     0.58   0.561    -.0018056    .0033273
    gamma_10_3 |  -.0011186   .0032018    -0.35   0.727     -.007394    .0051568
    gamma_11_3 |   .0013945   .0034085     0.41   0.682     -.005286     .008075
    gamma_12_3 |   .0059735   .0060015     1.00   0.320    -.0057892    .0177362
    gamma_13_3 |   .0138572   .0145356     0.95   0.340    -.0146321    .0423465
    gamma_14_3 |  -.0228216   .0144422    -1.58   0.114    -.0511277    .0054845
    gamma_15_3 |   .0026717   .0041297     0.65   0.518    -.0054223    .0107658
     gamma_4_4 |  -.0087329   .0260464    -0.34   0.737     -.059783    .0423172
     gamma_5_4 |   .0019658   .0019321     1.02   0.309     -.001821    .0057526
     gamma_6_4 |   .0008558   .0048796     0.18   0.861     -.008708    .0104196
     gamma_7_4 |  -.0107501   .0063028    -1.71   0.088    -.0231035    .0016032
     gamma_8_4 |   .0040374   .0053357     0.76   0.449    -.0064203    .0144951
     gamma_9_4 |  -.0044029   .0034825    -1.26   0.206    -.0112285    .0024227
    gamma_10_4 |   .0039106   .0130561     0.30   0.765    -.0216789    .0295001
    gamma_11_4 |   .0030866   .0032398     0.95   0.341    -.0032633    .0094365
    gamma_12_4 |  -.0017692   .0034651    -0.51   0.610    -.0085607    .0050223
    gamma_13_4 |   .0087552   .0088442     0.99   0.322     -.008579    .0260894
    gamma_14_4 |  -.0119073   .0226177    -0.53   0.599    -.0562373    .0324226
    gamma_15_4 |  -.0065777   .0043079    -1.53   0.127    -.0150211    .0018657
     gamma_5_5 |   .0006225   .0016267     0.38   0.702    -.0025658    .0038108
     gamma_6_5 |   .0005226   .0007418     0.70   0.481    -.0009313    .0019765
     gamma_7_5 |  -.0013593   .0014248    -0.95   0.340    -.0041517    .0014332
     gamma_8_5 |  -.0011194   .0021811    -0.51   0.608    -.0053943    .0031555
     gamma_9_5 |  -.0001316   .0009063    -0.15   0.885    -.0019078    .0016446
    gamma_10_5 |  -.0022553   .0011605    -1.94   0.052    -.0045298    .0000192
    gamma_11_5 |    .001666   .0010106     1.65   0.099    -.0003148    .0036468
    gamma_12_5 |   .0002048   .0014755     0.14   0.890    -.0026871    .0030967
    gamma_13_5 |  -.0086976   .0041903    -2.08   0.038    -.0169104   -.0004847
    gamma_14_5 |   .0025627   .0050031     0.51   0.608    -.0072432    .0123687
    gamma_15_5 |   .0000629   .0010746     0.06   0.953    -.0020432    .0021691
     gamma_6_6 |   .0043439    .006766     0.64   0.521    -.0089172    .0176051
     gamma_7_6 |   .0021927   .0019981     1.10   0.272    -.0017235    .0061089
     gamma_8_6 |   .0001972   .0023047     0.09   0.932    -.0043198    .0047143
     gamma_9_6 |  -.0011764   .0019513    -0.60   0.547    -.0050008     .002648
    gamma_10_6 |  -.0001984   .0045386    -0.04   0.965    -.0090939    .0086971
    gamma_11_6 |  -.0008907   .0014635    -0.61   0.543    -.0037592    .0019778
    gamma_12_6 |  -.0006269   .0016087    -0.39   0.697    -.0037798    .0025261
    gamma_13_6 |  -.0046306   .0038126    -1.21   0.225    -.0121032     .002842
    gamma_14_6 |   .0029215   .0089829     0.33   0.745    -.0146846    .0205276
    gamma_15_6 |  -.0018388   .0011327    -1.62   0.104    -.0040588    .0003811
     gamma_7_7 |    .001942   .0122017     0.16   0.874    -.0219729     .025857
     gamma_8_7 |  -.0005975   .0080114    -0.07   0.941    -.0162995    .0151046
     gamma_9_7 |   .0019991   .0019924     1.00   0.316     -.001906    .0059041
    gamma_10_7 |   .0028715    .003471     0.83   0.408    -.0039314    .0096745
    gamma_11_7 |  -.0062498   .0024832    -2.52   0.012    -.0111168   -.0013828
    gamma_12_7 |  -.0008806   .0035776    -0.25   0.806    -.0078926    .0061314
    gamma_13_7 |   .0050169   .0053272     0.94   0.346    -.0054242    .0154579
    gamma_14_7 |   .0210892   .0082451     2.56   0.011      .004929    .0372493
    gamma_15_7 |  -.0008799    .002064    -0.43   0.670    -.0049252    .0031654
     gamma_8_8 |   .0110913   .0116121     0.96   0.340    -.0116681    .0338507
     gamma_9_8 |   .0012378   .0011953     1.04   0.300    -.0011049    .0035805
    gamma_10_8 |  -.0004418   .0033525    -0.13   0.895    -.0070126    .0061291
    gamma_11_8 |  -.0105407   .0033247    -3.17   0.002     -.017057   -.0040243
    gamma_12_8 |  -.0062105   .0043183    -1.44   0.150    -.0146741    .0022531
    gamma_13_8 |  -.0218668   .0106024    -2.06   0.039    -.0426472   -.0010864
    gamma_14_8 |   .0264887   .0129314     2.05   0.041     .0011436    .0518338
    gamma_15_8 |  -.0067097    .003577    -1.88   0.061    -.0137205     .000301
     gamma_9_9 |  -.0027646   .0023109    -1.20   0.232    -.0072939    .0017647
    gamma_10_9 |  -.0030881   .0034343    -0.90   0.369    -.0098192    .0036431
    gamma_11_9 |  -.0013597     .00079    -1.72   0.085    -.0029081    .0001888
    gamma_12_9 |  -.0000713    .001184    -0.06   0.952    -.0023919    .0022492
    gamma_13_9 |  -.0007918   .0025805    -0.31   0.759    -.0058496    .0042659
    gamma_14_9 |   .0083481   .0044078     1.89   0.058     -.000291    .0169872
    gamma_15_9 |   .0000485   .0013167     0.04   0.971    -.0025321    .0026291
   gamma_10_10 |   .0148152   .0203083     0.73   0.466    -.0249883    .0546186
   gamma_11_10 |  -.0011162   .0020986    -0.53   0.595    -.0052294    .0029971
   gamma_12_10 |   -.003508   .0026318    -1.33   0.183    -.0086663    .0016503
   gamma_13_10 |   .0084377   .0069239     1.22   0.223    -.0051329    .0220083
   gamma_14_10 |  -.0170835   .0130716    -1.31   0.191    -.0427034    .0085364
   gamma_15_10 |   .0010688   .0027083     0.39   0.693    -.0042394     .006377
   gamma_11_11 |    .004572   .0039396     1.16   0.246    -.0031494    .0122934
   gamma_12_11 |   .0005206   .0025754     0.20   0.840     -.004527    .0055683
   gamma_13_11 |   .0060899   .0065453     0.93   0.352    -.0067387    .0189185
   gamma_14_11 |   .0008835   .0066973     0.13   0.895     -.012243      .01401
   gamma_15_11 |   .0002631   .0016749     0.16   0.875    -.0030198    .0035459
   gamma_12_12 |   .0000678   .0128315     0.01   0.996    -.0250814    .0252171
   gamma_13_12 |    .026626   .0116358     2.29   0.022     .0038203    .0494317
   gamma_14_12 |  -.0116135   .0086546    -1.34   0.180    -.0285762    .0053491
   gamma_15_12 |  -.0011523   .0025364    -0.45   0.650    -.0061235     .003819
   gamma_13_13 |  -.0145622   .0321853    -0.45   0.651    -.0776443      .04852
   gamma_14_13 |  -.0308145   .0277305    -1.11   0.266    -.0851654    .0235363
   gamma_15_13 |   .0035754   .0068542     0.52   0.602    -.0098586    .0170095
   gamma_14_14 |   .0259721   .0475432     0.55   0.585    -.0672109    .1191551
   gamma_15_14 |   .0077009   .0061993     1.24   0.214    -.0044494    .0198512
   gamma_15_15 |   .0057486   .0069942     0.82   0.411    -.0079598    .0194571
---------------+----------------------------------------------------------------
lambda         |
      lambda_1 |  -.0040289   .0055231    -0.73   0.466     -.014854    .0067962
      lambda_2 |  -.0018073   .0020154    -0.90   0.370    -.0057574    .0021428
      lambda_3 |  -.0081048   .0047793    -1.70   0.090    -.0174721    .0012625
      lambda_4 |  -.0012811   .0032288    -0.40   0.692    -.0076094    .0050472
      lambda_5 |   .0016625   .0012446     1.34   0.182    -.0007768    .0041019
      lambda_6 |   .0009429   .0009894     0.95   0.341    -.0009963    .0028822
      lambda_7 |  -.0010855   .0026194    -0.41   0.679    -.0062194    .0040484
      lambda_8 |   .0020776    .004933     0.42   0.674    -.0075909     .011746
      lambda_9 |   .0012142   .0010463     1.16   0.246    -.0008364    .0032648
     lambda_10 |   -.000993   .0016116    -0.62   0.538    -.0041516    .0021656
     lambda_11 |    .002122   .0016275     1.30   0.192    -.0010679    .0053119
     lambda_12 |   .0020135   .0029702     0.68   0.498     -.003808    .0078351
     lambda_13 |   .0092291    .010127     0.91   0.362    -.0106194    .0290777
     lambda_14 |  -.0040123   .0092785    -0.43   0.665    -.0221979    .0141733
     lambda_15 |   .0022063   .0021734     1.02   0.310    -.0020534    .0064661
---------------+----------------------------------------------------------------
delta          |
       delta_1 |   .1205772   .0110915    10.87   0.000     .0988383    .1423161
       delta_2 |   .0383505   .0052891     7.25   0.000     .0279839     .048717
       delta_3 |   .1021635   .0120751     8.46   0.000     .0784966    .1258303
       delta_4 |   .0383424   .0106056     3.62   0.000     .0175558    .0591291
       delta_5 |   .0067452    .008283     0.81   0.415    -.0094893    .0229796
       delta_6 |   .0169302    .005075     3.34   0.001     .0069833     .026877
       delta_7 |   .0676318   .0092356     7.32   0.000     .0495303    .0857333
       delta_8 |    .136983   .0185334     7.39   0.000     .1006581    .1733078
       delta_9 |   .0193906    .001973     9.83   0.000     .0155236    .0232576
      delta_10 |   .0293242   .0061469     4.77   0.000     .0172765    .0413719
      delta_11 |   .0325944   .0090629     3.60   0.000     .0148315    .0503573
      delta_12 |   .0240844   .0099741     2.41   0.016     .0045356    .0436332
      delta_13 |   .2587597   .0240152    10.77   0.000     .2116908    .3058286
      delta_14 |   .1750111   .0282721     6.19   0.000     .1195988    .2304234
      delta_15 |    .019446   .0131409     1.48   0.139    -.0063097    .0452018
---------------+----------------------------------------------------------------
eta            |
   eta_urban_1 |   .0000452    .001891     0.02   0.981     -.003661    .0037514
   eta_urban_2 |   -.000195   .0003963    -0.49   0.623    -.0009718    .0005818
   eta_urban_3 |   .0014401   .0016907     0.85   0.394    -.0018736    .0047537
   eta_urban_4 |   .0006758   .0006871     0.98   0.325    -.0006708    .0020224
   eta_urban_5 |  -.0001802   .0003623    -0.50   0.619    -.0008902    .0005299
   eta_urban_6 |  -.0000226   .0002871    -0.08   0.937    -.0005854    .0005401
   eta_urban_7 |   .0004946   .0012161     0.41   0.684    -.0018889     .002878
   eta_urban_8 |  -.0002868   .0019412    -0.15   0.883    -.0040915    .0035178
   eta_urban_9 |   .0001861   .0002257     0.82   0.410    -.0002563    .0006285
  eta_urban_10 |  -.0005656   .0003246    -1.74   0.081    -.0012017    .0000705
  eta_urban_11 |   .0001519   .0003146     0.48   0.629    -.0004647    .0007685
  eta_urban_12 |  -.0004243   .0006416    -0.66   0.508    -.0016819    .0008332
  eta_urban_13 |  -.0012071   .0041967    -0.29   0.774    -.0094325    .0070183
  eta_urban_14 |   .0000182   .0029627     0.01   0.995    -.0057886     .005825
  eta_urban_15 |  -.0001303   .0005056    -0.26   0.797    -.0011213    .0008607
    eta_EF29_1 |   .0001288   .0008731     0.15   0.883    -.0015824      .00184
    eta_EF29_2 |   .0006017   .0003828     1.57   0.116    -.0001486    .0013519
    eta_EF29_3 |   .0002515     .00109     0.23   0.817    -.0018848    .0023879
    eta_EF29_4 |   .0001172   .0005117     0.23   0.819    -.0008858    .0011202
    eta_EF29_5 |  -.0001638   .0002313    -0.71   0.479    -.0006172    .0002895
    eta_EF29_6 |  -.0000508   .0002073    -0.25   0.806     -.000457    .0003554
    eta_EF29_7 |   .0003167   .0007687     0.41   0.680    -.0011899    .0018233
    eta_EF29_8 |   .0007228   .0010582     0.68   0.495    -.0013513    .0027969
    eta_EF29_9 |  -5.52e-06   .0001768    -0.03   0.975     -.000352    .0003409
   eta_EF29_10 |    .000388   .0003234     1.20   0.230    -.0002459    .0010218
   eta_EF29_11 |   .0000624   .0002372     0.26   0.793    -.0004026    .0005274
   eta_EF29_12 |    -.00023   .0005279    -0.44   0.663    -.0012647    .0008047
   eta_EF29_13 |  -.0018637   .0027893    -0.67   0.504    -.0073306    .0036033
   eta_EF29_14 |  -.0005385   .0019124    -0.28   0.778    -.0042866    .0032097
   eta_EF29_15 |   .0002632   .0003249     0.81   0.418    -.0003735    .0008999
 eta_monthly_1 |  -7.98e-07   6.63e-07    -1.20   0.229    -2.10e-06    5.02e-07
 eta_monthly_2 |  -1.22e-07   2.22e-07    -0.55   0.584    -5.58e-07    3.14e-07
 eta_monthly_3 |  -3.02e-07   7.14e-07    -0.42   0.672    -1.70e-06    1.10e-06
 eta_monthly_4 |  -2.29e-07   2.94e-07    -0.78   0.437    -8.06e-07    3.48e-07
 eta_monthly_5 |  -9.73e-08   1.29e-07    -0.75   0.451    -3.51e-07    1.56e-07
 eta_monthly_6 |   3.01e-07   1.33e-07     2.26   0.024     3.99e-08    5.62e-07
 eta_monthly_7 |  -6.54e-07   3.39e-07    -1.93   0.053    -1.32e-06    9.64e-09
 eta_monthly_8 |  -1.99e-07   6.78e-07    -0.29   0.769    -1.53e-06    1.13e-06
 eta_monthly_9 |  -1.96e-08   5.95e-08    -0.33   0.742    -1.36e-07    9.69e-08
eta_monthly_10 |   1.15e-08   1.34e-07     0.09   0.932    -2.51e-07    2.74e-07
eta_monthly_11 |  -2.02e-07   1.62e-07    -1.25   0.210    -5.19e-07    1.14e-07
eta_monthly_12 |  -4.55e-07   4.01e-07    -1.14   0.256    -1.24e-06    3.30e-07
eta_monthly_13 |  -7.56e-08   1.31e-06    -0.06   0.954    -2.64e-06    2.49e-06
eta_monthly_14 |   2.74e-06   9.94e-07     2.76   0.006     7.96e-07    4.69e-06
eta_monthly_15 |   9.77e-08   1.43e-07     0.68   0.494    -1.82e-07    3.78e-07
     eta_age_1 |   .0000749   .0000789     0.95   0.343    -.0000798    .0002295
     eta_age_2 |   .0000177   .0000228     0.77   0.439    -.0000271    .0000624
     eta_age_3 |  -.0000606     .00008    -0.76   0.449    -.0002175    .0000963
     eta_age_4 |  -.0000138   .0000422    -0.33   0.743    -.0000966    .0000689
     eta_age_5 |    .000024   .0000147     1.63   0.102    -4.80e-06    .0000528
     eta_age_6 |   .0000125    .000024     0.52   0.601    -.0000345    .0000596
     eta_age_7 |   8.98e-06    .000064     0.14   0.888    -.0001164    .0001344
     eta_age_8 |   .0001619   .0000653     2.48   0.013     .0000338    .0002899
     eta_age_9 |   7.91e-06   .0000117     0.68   0.500    -.0000151    .0000309
    eta_age_10 |  -7.68e-06   .0000197    -0.39   0.697    -.0000463     .000031
    eta_age_11 |  -4.25e-06   .0000156    -0.27   0.786    -.0000349    .0000264
    eta_age_12 |   .0000711   .0000398     1.79   0.074    -6.96e-06    .0001492
    eta_age_13 |  -.0002997   .0002019    -1.48   0.138    -.0006955     .000096
    eta_age_14 |   .0000812    .000121     0.67   0.502    -.0001559    .0003183
    eta_age_15 |   -.000074   .0000413    -1.79   0.073     -.000155    6.90e-06
     eta_edu_1 |  -.0006605   .0024743    -0.27   0.790    -.0055102    .0041891
     eta_edu_2 |   .0002812   .0005436     0.52   0.605    -.0007842    .0013466
     eta_edu_3 |   .0011318   .0025427     0.45   0.656    -.0038519    .0061154
     eta_edu_4 |   .0000787   .0008185     0.10   0.923    -.0015256     .001683
     eta_edu_5 |  -.0003542   .0004246    -0.83   0.404    -.0011864     .000478
     eta_edu_6 |  -.0007023    .000381    -1.84   0.065     -.001449    .0000444
     eta_edu_7 |  -.0012273   .0020108    -0.61   0.542    -.0051684    .0027138
     eta_edu_8 |  -.0040622   .0016476    -2.47   0.014    -.0072914    -.000833
     eta_edu_9 |  -.0001744   .0002877    -0.61   0.544    -.0007383    .0003896
    eta_edu_10 |     .00027   .0004517     0.60   0.550    -.0006154    .0011553
    eta_edu_11 |   .0009447   .0004322     2.19   0.029     .0000975    .0017918
    eta_edu_12 |   .0008879   .0006899     1.29   0.198    -.0004643      .00224
    eta_edu_13 |   .0047403   .0059378     0.80   0.425    -.0068976    .0163782
    eta_edu_14 |  -.0014886   .0023892    -0.62   0.533    -.0061714    .0031942
    eta_edu_15 |    .000335   .0006007     0.56   0.577    -.0008424    .0015123
---------------+----------------------------------------------------------------
rho            |
     rho_urban |  -.0026128   .2214068    -0.01   0.991    -.4365622    .4313366
      rho_EF29 |     .08008   .0951879     0.84   0.400    -.1064849    .2666449
   rho_monthly |  -.0000564   .0000484    -1.17   0.243    -.0001512    .0000383
       rho_age |   .0027075   .0053247     0.51   0.611    -.0077287    .0131436
       rho_edu |  -.0693069   .1785602    -0.39   0.698    -.4192784    .2806646
---------------+----------------------------------------------------------------
tau            |
          p1_1 |  -.6739632   .2214887    -3.04   0.002    -1.108073   -.2398533
          p2_1 |   .1897536   .4342148     0.44   0.662    -.6612917    1.040799
          p3_1 |   .0320476   .3180851     0.10   0.920    -.5913878     .655483
          p4_1 |   .6789955   .7818098     0.87   0.385    -.8533235    2.211315
          p5_1 |  -.0798217   .1045276    -0.76   0.445     -.284692    .1250485
          p6_1 |   1.047547   .6850288     1.53   0.126    -.2950852    2.390178
          p7_1 |  -.4870689   .2463142    -1.98   0.048    -.9698359   -.0043018
          p8_1 |    .574374   .2181171     2.63   0.008     .1468724    1.001876
          p9_1 |   .3145631   .3118436     1.01   0.313    -.2966392    .9257654
         p10_1 |  -1.549176    .897921    -1.73   0.084    -3.309069    .2107171
         p11_1 |   .1999409   .1352683     1.48   0.139    -.0651802     .465062
         p12_1 |   .1313134   .1867638     0.70   0.482     -.234737    .4973638
         p13_1 |  -.4999383   .2151246    -2.32   0.020    -.9215747   -.0783018
         p14_1 |  -1.919625   1.529876    -1.25   0.210    -4.918128    1.078878
         p15_1 |  -.1926539   .1635793    -1.18   0.239    -.5132635    .1279556
           M_1 |   .8710915   .0745361    11.69   0.000     .7250035     1.01718
       urban_1 |  -.0047014   .0932948    -0.05   0.960    -.1875559    .1781531
        EF29_1 |   -.176337   .0653956    -2.70   0.007      -.30451   -.0481639
     monthly_1 |   .0000821   .0000449     1.83   0.068    -5.94e-06    .0001701
         age_1 |   -.002815   .0027018    -1.04   0.297    -.0081105    .0024805
         edu_1 |   .0506313   .0957677     0.53   0.597      -.13707    .2383327
        cons_1 |  -2.428656   .3526778    -6.89   0.000    -3.119892   -1.737421
          p1_2 |  -.2399702   .2834282    -0.85   0.397    -.7954794    .3155389
          p2_2 |  -.6962507    .146976    -4.74   0.000    -.9843183   -.4081831
          p3_2 |    .188428   .1471008     1.28   0.200    -.0998842    .4767402
          p4_2 |   1.048529   .5564509     1.88   0.060    -.0420943    2.139153
          p5_2 |   .1249752   .0634973     1.97   0.049     .0005226    .2494277
          p6_2 |   .6969351   .3212408     2.17   0.030     .0673146    1.326556
          p7_2 |  -.0815034   .1242453    -0.66   0.512    -.3250197    .1620129
          p8_2 |  -.0056328   .1392905    -0.04   0.968    -.2786371    .2673715
          p9_2 |   .4538888   .1672717     2.71   0.007     .1260424    .7817353
         p10_2 |  -.8097128   .5992672    -1.35   0.177    -1.984255    .3648292
         p11_2 |   .1027438   .0897909     1.14   0.253    -.0732432    .2787308
         p12_2 |   .1275037   .0920514     1.39   0.166    -.0529138    .3079212
         p13_2 |  -.6892433    .188548    -3.66   0.000    -1.058791    -.319696
         p14_2 |   -.112929   1.007876    -0.11   0.911     -2.08833    1.862472
         p15_2 |   .0479266   .1060929     0.45   0.651    -.1600116    .2558649
           M_2 |   .8249459   .0420867    19.60   0.000     .7424575    .9074343
       urban_2 |   .0662014     .05524     1.20   0.231     -.042067    .1744698
        EF29_2 |  -.0477195   .0452062    -1.06   0.291    -.1363222    .0408831
     monthly_2 |  -9.57e-06   .0000193    -0.50   0.620    -.0000473    .0000282
         age_2 |   -.001422    .001808    -0.79   0.432    -.0049656    .0021216
         edu_2 |    .169911   .0470596     3.61   0.000     .0776758    .2621462
        cons_2 |  -3.215218   .1872481   -17.17   0.000    -3.582218   -2.848219
          p1_3 |  -1.206527   .4252559    -2.84   0.005    -2.040013   -.3730406
          p2_3 |  -.1561525   .5166756    -0.30   0.762    -1.168818     .856513
          p3_3 |   .0733018   .1744078     0.42   0.674    -.2685311    .4151348
          p4_3 |   1.412449   1.185708     1.19   0.234     -.911496    3.736394
          p5_3 |  -.0229961    .105114    -0.22   0.827    -.2290157    .1830234
          p6_3 |  -.2825843   .6261863    -0.45   0.652    -1.509887    .9447183
          p7_3 |  -.1521281   .2958031    -0.51   0.607    -.7318915    .4276353
          p8_3 |   .0800383    .312781     0.26   0.798    -.5330012    .6930778
          p9_3 |   .5151719   .4495873     1.15   0.252    -.3660031    1.396347
         p10_3 |  -2.460164   1.097877    -2.24   0.025    -4.611963   -.3083649
         p11_3 |   -.329877   .1587304    -2.08   0.038    -.6409828   -.0187711
         p12_3 |   .2172902   .2165233     1.00   0.316    -.2070877    .6416681
         p13_3 |   .1476881   .3326355     0.44   0.657    -.5042655    .7996418
         p14_3 |   .1142153   2.066743     0.06   0.956    -3.936527    4.164958
         p15_3 |   .3018912   .1709989     1.77   0.077    -.0332605    .6370428
           M_3 |   1.058263   .1059744     9.99   0.000     .8505575    1.265969
       urban_3 |   .1575824   .1419503     1.11   0.267    -.1206351       .4358
        EF29_3 |  -.0930027   .0936897    -0.99   0.321    -.2766311    .0906257
     monthly_3 |   .0000728   .0000691     1.05   0.292    -.0000626    .0002083
         age_3 |   .0005274   .0036092     0.15   0.884    -.0065465    .0076014
         edu_3 |   .0913493   .1337817     0.68   0.495     -.170858    .3535567
        cons_3 |  -3.371157    .449553    -7.50   0.000    -4.252264   -2.490049
          p1_4 |  -.0029807   .2569434    -0.01   0.991    -.5065805    .5006191
          p2_4 |   .2740979   .1964347     1.40   0.163    -.1109071    .6591029
          p3_4 |  -.0369364    .173403    -0.21   0.831       -.3768    .3029272
          p4_4 |   1.110364   .3938263     2.82   0.005     .3384783    1.882249
          p5_4 |  -.0907257   .0766335    -1.18   0.236    -.2409246    .0594731
          p6_4 |  -.3869702   .4879346    -0.79   0.428    -1.343305    .5693641
          p7_4 |   .0852686   .1428364     0.60   0.551    -.1946855    .3652227
          p8_4 |   -.293584   .1289902    -2.28   0.023    -.5464001   -.0407678
          p9_4 |   .2563701   .2357143     1.09   0.277    -.2056215    .7183616
         p10_4 |  -.3976597   .5398664    -0.74   0.461    -1.455778     .660459
         p11_4 |  -.1064027   .1015032    -1.05   0.295    -.3053454      .09254
         p12_4 |  -.1879856   .1322406    -1.42   0.155    -.4471724    .0712013
         p13_4 |  -.0355919   .2017569    -0.18   0.860    -.4310281    .3598443
         p14_4 |   1.111653   1.177821     0.94   0.345    -1.196834     3.42014
         p15_4 |   .0357955   .1149707     0.31   0.756    -.1895429     .261134
           M_4 |   .8607765   .0552397    15.58   0.000     .7525087    .9690444
       urban_4 |   .1384474   .0627625     2.21   0.027     .0154351    .2614597
        EF29_4 |   .0433148    .043874     0.99   0.324    -.0426767    .1293063
     monthly_4 |  -.0000229   .0000259    -0.89   0.376    -.0000737    .0000279
         age_4 |  -.0051679   .0019955    -2.59   0.010     -.009079   -.0012569
         edu_4 |   .1365347   .0489807     2.79   0.005     .0405343    .2325351
        cons_4 |  -3.088905   .2069386   -14.93   0.000    -3.494498   -2.683313
          p1_5 |     .08037   .2267698     0.35   0.723    -.3640907    .5248306
          p2_5 |   .2043315   .1518879     1.35   0.179    -.0933633    .5020263
          p3_5 |  -.0776034     .11913    -0.65   0.515    -.3110939    .1558872
          p4_5 |  -.8010945   .4234346    -1.89   0.059    -1.631011    .0288221
          p5_5 |  -.0152987   .0433758    -0.35   0.724    -.1003137    .0697163
          p6_5 |   .0296208    .363901     0.08   0.935     -.683612    .7428536
          p7_5 |   .0429251   .1277638     0.34   0.737    -.2074873    .2933375
          p8_5 |  -.0962476   .1028626    -0.94   0.349    -.2978546    .1053593
          p9_5 |  -.2168045   .1747249    -1.24   0.215     -.559259      .12565
         p10_5 |  -.0662877   .4727084    -0.14   0.888    -.9927792    .8602038
         p11_5 |  -.0983496   .0689119    -1.43   0.154    -.2334146    .0367153
         p12_5 |    -.17272   .0890554    -1.94   0.052    -.3472653    .0018254
         p13_5 |    .077091   .1968654     0.39   0.695    -.3087581      .46294
         p14_5 |   1.093146   .6705969     1.63   0.103    -.2212002    2.407491
         p15_5 |  -.1355817   .0948253    -1.43   0.153     -.321436    .0502725
           M_5 |   .7351704   .0490787    14.98   0.000     .6389779     .831363
       urban_5 |   .0827247   .0383073     2.16   0.031     .0076438    .1578056
        EF29_5 |  -.0692586   .0406537    -1.70   0.088    -.1489383    .0104212
     monthly_5 |  -1.46e-06   .0000178    -0.08   0.935    -.0000363    .0000334
         age_5 |   .0069007   .0015299     4.51   0.000     .0039021    .0098992
         edu_5 |  -.0928415   .0430001    -2.16   0.031    -.1771201    -.008563
        cons_5 |  -3.684262   .2199969   -16.75   0.000    -4.115448   -3.253076
          p1_6 |  -.2175162   .2076193    -1.05   0.295    -.6244425    .1894102
          p2_6 |   -.333243   .1814227    -1.84   0.066     -.688825     .022339
          p3_6 |  -.0619154   .1458837    -0.42   0.671    -.3478422    .2240113
          p4_6 |   .3673681   .4152318     0.88   0.376    -.4464712    1.181207
          p5_6 |   -.035896   .0490221    -0.73   0.464    -.1319776    .0601855
          p6_6 |   .7718228   .3374392     2.29   0.022     .1104542    1.433191
          p7_6 |  -.0992769   .0914507    -1.09   0.278    -.2785169    .0799632
          p8_6 |  -.2380493   .1288919    -1.85   0.065    -.4906727    .0145742
          p9_6 |  -.1688838   .1229811    -1.37   0.170    -.4099223    .0721548
         p10_6 |   .5736589   .5181443     1.11   0.268    -.4418852    1.589203
         p11_6 |  -.1557777   .0686008    -2.27   0.023    -.2902328   -.0213227
         p12_6 |  -.2337909   .0841814    -2.78   0.005    -.3987834   -.0687984
         p13_6 |   .0873975   .1913906     0.46   0.648    -.2877212    .4625161
         p14_6 |  -.6697721   .8805731    -0.76   0.447    -2.395664    1.056119
         p15_6 |   .0550551   .1104681     0.50   0.618    -.1614584    .2715686
           M_6 |   .4512104   .0429836    10.50   0.000     .3669642    .5354566
       urban_6 |   .0107304   .0432933     0.25   0.804    -.0741229    .0955836
        EF29_6 |   .0155609   .0320745     0.49   0.628     -.047304    .0784259
     monthly_6 |   .0000726   .0000167     4.36   0.000     .0000399    .0001052
         age_6 |  -.0121344   .0017533    -6.92   0.000    -.0155708    -.008698
         edu_6 |  -.1276124   .0391611    -3.26   0.001    -.2043668    -.050858
        cons_6 |  -1.594948   .1744406    -9.14   0.000    -1.936845   -1.253051
          p1_7 |  -.2693067   .3019206    -0.89   0.372    -.8610603    .3224469
          p2_7 |  -.4979258   .2391107    -2.08   0.037     -.966574   -.0292775
          p3_7 |  -.1418554   .1568632    -0.90   0.366    -.4493015    .1655908
          p4_7 |  -.6106169   .5874741    -1.04   0.299    -1.762045    .5408111
          p5_7 |  -.1382341   .0560835    -2.46   0.014    -.2481559   -.0283124
          p6_7 |   .1473165   .4053597     0.36   0.716    -.6471739    .9418069
          p7_7 |   .4201279    .082946     5.07   0.000     .2575569     .582699
          p8_7 |  -.0453168   .1434532    -0.32   0.752    -.3264799    .2358462
          p9_7 |  -.2352866   .1754965    -1.34   0.180    -.5792534    .1086802
         p10_7 |   .4608186   .6227985     0.74   0.459    -.7598441    1.681481
         p11_7 |  -.5687493    .061369    -9.27   0.000    -.6890303   -.4484684
         p12_7 |  -.1980354   .1020848    -1.94   0.052     -.398118    .0020473
         p13_7 |  -.7358046   .1541547    -4.77   0.000    -1.037942    -.433667
         p14_7 |   1.246763   .8384352     1.49   0.137    -.3965399    2.890066
         p15_7 |  -.0769141   .1123019    -0.68   0.493    -.2970219    .1431936
           M_7 |   .9353163   .0589856    15.86   0.000     .8197066    1.050926
       urban_7 |   .0047791   .0692428     0.07   0.945    -.1309342    .1404924
        EF29_7 |  -.0153897   .0438672    -0.35   0.726    -.1013677    .0705884
     monthly_7 |   .0000438   .0000238     1.84   0.065    -2.75e-06    .0000904
         age_7 |   .0040533   .0017679     2.29   0.022     .0005883    .0075182
         edu_7 |  -.3790518   .0412697    -9.18   0.000    -.4599391   -.2981646
        cons_7 |  -4.106699   .2794882   -14.69   0.000    -4.654486   -3.558912
          p1_8 |  -.4218534   .4236262    -1.00   0.319    -1.252146    .4084388
          p2_8 |  -.8865599   .3824724    -2.32   0.020    -1.636192   -.1369278
          p3_8 |  -.2271107   .2006015    -1.13   0.258    -.6202824    .1660609
          p4_8 |   .3467122   1.118968     0.31   0.757    -1.846425    2.539849
          p5_8 |   -.043877   .0821223    -0.53   0.593    -.2048338    .1170798
          p6_8 |  -.5111268   .7527936    -0.68   0.497    -1.986575    .9643215
          p7_8 |   .1943938   .1282826     1.52   0.130    -.0570355    .4458232
          p8_8 |   .1480648   .1379178     1.07   0.283    -.1222493    .4183788
          p9_8 |  -.0732927   .3172239    -0.23   0.817    -.6950402    .5484548
         p10_8 |    1.06245   .7082086     1.50   0.134    -.3256135    2.450513
         p11_8 |  -.5042404   .1170727    -4.31   0.000    -.7336987   -.2747822
         p12_8 |  -.1510114   .2192438    -0.69   0.491    -.5807213    .2786985
         p13_8 |  -.4242009   .2805128    -1.51   0.130    -.9739959     .125594
         p14_8 |   1.914102   1.478645     1.29   0.195    -.9839886    4.812193
         p15_8 |  -.2647667    .191373    -1.38   0.167    -.6398508    .1103175
           M_8 |   .4045401   .0747489     5.41   0.000     .2580349    .5510453
       urban_8 |  -.0620298   .0887534    -0.70   0.485    -.2359832    .1119236
        EF29_8 |   .0038525    .080045     0.05   0.962    -.1530329    .1607378
     monthly_8 |   .0001918   .0000426     4.50   0.000     .0001082    .0002753
         age_8 |   .0140523   .0030435     4.62   0.000     .0080871    .0200174
         edu_8 |  -.4306127   .0752602    -5.72   0.000      -.57812   -.2831054
        cons_8 |   -1.40902   .3483593    -4.04   0.000    -2.091791    -.726248
          p1_9 |   .0912594   .1908266     0.48   0.632    -.2827539    .4652727
          p2_9 |  -.1092534   .1618605    -0.67   0.500    -.4264943    .2079874
          p3_9 |   .0629907   .1469338     0.43   0.668    -.2249942    .3509757
          p4_9 |   .2890945   .3983549     0.73   0.468    -.4916667    1.069856
          p5_9 |   .0572658   .0436801     1.31   0.190    -.0283457    .1428772
          p6_9 |  -.1160302   .2642146    -0.44   0.661    -.6338813    .4018209
          p7_9 |   .0045152   .0982419     0.05   0.963    -.1880354    .1970658
          p8_9 |   .1256951    .119147     1.05   0.291    -.1078288     .359219
          p9_9 |  -.8138355   .1501121    -5.42   0.000     -1.10805   -.5196212
         p10_9 |  -.7723407   .4654818    -1.66   0.097    -1.684668    .1399868
         p11_9 |  -.0904588   .0765916    -1.18   0.238    -.2405755     .059658
         p12_9 |   .0233433   .0755042     0.31   0.757    -.1246423    .1713289
         p13_9 |   .0558926   .1928355     0.29   0.772     -.322058    .4338432
         p14_9 |   .3364778   .7223459     0.47   0.641    -1.079294     1.75225
         p15_9 |   .0958259   .0838476     1.14   0.253    -.0685124    .2601642
           M_9 |   .5962547   .0420716    14.17   0.000     .5137958    .6787135
       urban_9 |   .0632088   .0387152     1.63   0.103    -.0126716    .1390892
        EF29_9 |  -.0615068    .033636    -1.83   0.067    -.1274322    .0044185
     monthly_9 |   .0000232   .0000158     1.47   0.141    -7.73e-06    .0000542
         age_9 |   .0076046   .0016984     4.48   0.000     .0042758    .0109333
         edu_9 |    .040811   .0489969     0.83   0.405    -.0552212    .1368431
        cons_9 |  -4.171703   .2182377   -19.12   0.000    -4.599441   -3.743965
         p1_10 |  -.0265516   .1830104    -0.15   0.885    -.3852453    .3321422
         p2_10 |   .1748118   .1833233     0.95   0.340    -.1844953    .5341189
         p3_10 |  -.1670385   .1179489    -1.42   0.157    -.3982141     .064137
         p4_10 |   .1207992   .4276647     0.28   0.778    -.7174083    .9590067
         p5_10 |  -.1097423   .0559762    -1.96   0.050    -.2194535    -.000031
         p6_10 |  -.2122211    .444108    -0.48   0.633    -1.082657    .6582146
         p7_10 |  -.1736812   .1109921    -1.56   0.118    -.3912217    .0438593
         p8_10 |  -.1694978   .1244756    -1.36   0.173    -.4134656    .0744699
         p9_10 |  -.1315405   .1715963    -0.77   0.443    -.4678631    .2047821
        p10_10 |   .8990628   .3203233     2.81   0.005     .2712407    1.526885
        p11_10 |  -.1701476    .056412    -3.02   0.003    -.2807131   -.0595821
        p12_10 |  -.1349112   .0991756    -1.36   0.174    -.3292918    .0594694
        p13_10 |   .0424325   .1572414     0.27   0.787     -.265755    .3506201
        p14_10 |  -.5443029   .6909866    -0.79   0.431    -1.898612    .8100059
        p15_10 |  -.1420041   .1062584    -1.34   0.181    -.3502667    .0662585
          M_10 |   .6974576   .0474281    14.71   0.000     .6045002     .790415
      urban_10 |    -.04975   .0571905    -0.87   0.384    -.1618414    .0623413
       EF29_10 |  -.0059461   .0340131    -0.17   0.861    -.0726105    .0607183
    monthly_10 |  -.0000379     .00002    -1.90   0.058     -.000077    1.29e-06
        age_10 |    .007127   .0015604     4.57   0.000     .0040686    .0101853
        edu_10 |   .0043161    .044137     0.10   0.922    -.0821909    .0908231
       cons_10 |  -3.253526   .2092922   -15.55   0.000    -3.663731   -2.843321
         p1_11 |      .0273   .2217189     0.12   0.902    -.4072611     .461861
         p2_11 |  -.2434097   .2189772    -1.11   0.266    -.6725972    .1857779
         p3_11 |  -.2680721   .1449994    -1.85   0.064    -.5522658    .0161216
         p4_11 |  -.5574027   .5956452    -0.94   0.349    -1.724846    .6100403
         p5_11 |   .0257885   .0652708     0.40   0.693    -.1021399    .1537169
         p6_11 |  -.3078675   .4538148    -0.68   0.498    -1.197328    .5815931
         p7_11 |  -.2577132   .0889925    -2.90   0.004    -.4321353   -.0832911
         p8_11 |   .1264997   .1291165     0.98   0.327     -.126564    .3795635
         p9_11 |  -.0356336   .1500374    -0.24   0.812    -.3297016    .2584344
        p10_11 |   .3576988   .5819927     0.61   0.539    -.7829859    1.498384
        p11_11 |  -.2250355   .0486802    -4.62   0.000     -.320447   -.1296241
        p12_11 |  -.0838836   .1137842    -0.74   0.461    -.3068965    .1391293
        p13_11 |  -.1501675   .1869769    -0.80   0.422    -.5166354    .2163005
        p14_11 |   1.055079   .8370257     1.26   0.207    -.5854613    2.695619
        p15_11 |  -.1685141   .0938215    -1.80   0.072    -.3524009    .0153728
          M_11 |   .7661133   .0415905    18.42   0.000     .6845975    .8476292
      urban_11 |   .0614445   .0542966     1.13   0.258    -.0449749    .1678639
       EF29_11 |  -.1305484   .0351327    -3.72   0.000    -.1994073   -.0616896
    monthly_11 |   .0000223   .0000152     1.47   0.142    -7.48e-06    .0000521
        age_11 |    .002164   .0017728     1.22   0.222    -.0013107    .0056386
        edu_11 |   .0216179   .0433743     0.50   0.618    -.0633941    .1066299
       cons_11 |  -3.139475   .1950164   -16.10   0.000      -3.5217    -2.75725
         p1_12 |  -.6321791   .2550979    -2.48   0.013    -1.132162   -.1321963
         p2_12 |  -.1033641   .2658029    -0.39   0.697    -.6243282       .4176
         p3_12 |   .1569799   .2008248     0.78   0.434    -.2366295    .5505894
         p4_12 |   .5930084   .6365278     0.93   0.352    -.6545632     1.84058
         p5_12 |   .0023328   .0679229     0.03   0.973    -.1307936    .1354592
         p6_12 |   .4881696   .4376424     1.12   0.265    -.3695938    1.345933
         p7_12 |  -.1885697    .176551    -1.07   0.285    -.5346034    .1574639
         p8_12 |   .0990479    .168267     0.59   0.556    -.2307494    .4288453
         p9_12 |   -.107044   .2195108    -0.49   0.626    -.5372772    .3231892
        p10_12 |  -.7165381   .6777654    -1.06   0.290    -2.044934    .6118577
        p11_12 |  -.0207022   .0889379    -0.23   0.816    -.1950174    .1536129
        p12_12 |  -.3069024   .0940023    -3.26   0.001    -.4911435   -.1226613
        p13_12 |   .2797731   .2593703     1.08   0.281    -.2285834    .7881296
        p14_12 |   .0343238   1.179309     0.03   0.977     -2.27708    2.345728
        p15_12 |  -.2951024   .1293113    -2.28   0.022    -.5485478   -.0416569
          M_12 |   .4761314   .0552028     8.63   0.000      .367936    .5843268
      urban_12 |  -.0705628   .0583078    -1.21   0.226     -.184844    .0437184
       EF29_12 |   -.010187   .0555626    -0.18   0.855    -.1190878    .0987137
    monthly_12 |   .0000559   .0000249     2.25   0.024     7.20e-06    .0001047
        age_12 |   .0115477   .0019299     5.98   0.000     .0077652    .0153302
        edu_12 |  -.0760914   .0680604    -1.12   0.264    -.2094873    .0573046
       cons_12 |  -1.753267   .2518409    -6.96   0.000    -2.246866   -1.259668
         p1_13 |   2.067918   2.330687     0.89   0.375    -2.500143     6.63598
         p2_13 |   1.449899   1.882467     0.77   0.441    -2.239669    5.139466
         p3_13 |  -.5493345   2.200355    -0.25   0.803    -4.861952    3.763283
         p4_13 |  -4.243091   5.080461    -0.84   0.404    -14.20061     5.71443
         p5_13 |   .3692811   .7039513     0.52   0.600    -1.010438       1.749
         p6_13 |  -.3426652   2.897738    -0.12   0.906    -6.022126    5.336796
         p7_13 |  -.9582285   .9879391    -0.97   0.332    -2.894554    .9780965
         p8_13 |   .6091698   1.134367     0.54   0.591    -1.614149    2.832489
         p9_13 |  -.8480978   1.746846    -0.49   0.627    -4.271852    2.575657
        p10_13 |   .4956351   3.865441     0.13   0.898    -7.080489     8.07176
        p11_13 |   -.059378   .6067463    -0.10   0.922    -1.248579    1.129823
        p12_13 |  -1.533835   1.056407    -1.45   0.147    -3.604354    .5366846
        p13_13 |   .3386935   1.001103     0.34   0.735    -1.623432    2.300819
        p14_13 |  -4.220702    7.00301    -0.60   0.547    -17.94635    9.504947
        p15_13 |  -.5993846   1.138183    -0.53   0.598    -2.830181    1.631412
          M_13 |   .2231082   .4294826     0.52   0.603    -.6186623    1.064879
      urban_13 |  -.3653218   .2765995    -1.32   0.187    -.9074469    .1768033
       EF29_13 |   .1248551   .4049047     0.31   0.758    -.6687435    .9184538
    monthly_13 |   .0006362   .0005297     1.20   0.230     -.000402    .0016745
        age_13 |   .0346157   .0271358     1.28   0.202    -.0185695     .087801
        edu_13 |  -.3932374    .394305    -1.00   0.319    -1.166061    .3795862
       cons_13 |  -.3900876   2.571783    -0.15   0.879     -5.43069    4.650515
         p1_14 |  -.3718139   .6474717    -0.57   0.566    -1.640835    .8972074
         p2_14 |  -.8740823   .4970545    -1.76   0.079    -1.848291    .1001267
         p3_14 |  -.3313499   .4283095    -0.77   0.439    -1.170821    .5081212
         p4_14 |   1.050111    2.18492     0.48   0.631    -3.232253    5.332474
         p5_14 |  -.1798275    .189547    -0.95   0.343    -.5513327    .1916777
         p6_14 |  -.3702446   .6410741    -0.58   0.564    -1.626727    .8862376
         p7_14 |   .3846798   .3436453     1.12   0.263    -.2888526    1.058212
         p8_14 |   .1008214   .3421005     0.29   0.768    -.5696832     .771326
         p9_14 |  -.7475772   .5489656    -1.36   0.173     -1.82353    .3283757
        p10_14 |  -.3205631   1.808164    -0.18   0.859    -3.864498    3.223372
        p11_14 |  -.0481675   .2078584    -0.23   0.817    -.4555625    .3592274
        p12_14 |  -.2006713   .2872966    -0.70   0.485    -.7637622    .3624197
        p13_14 |   .5235519   .4648787     1.13   0.260    -.3875935    1.434697
        p14_14 |   2.501611   1.603761     1.56   0.119    -.6417018    5.644924
        p15_14 |   .0161142   .2465052     0.07   0.948    -.4670271    .4992555
          M_14 |   .8518989   .1717394     4.96   0.000     .5152959    1.188502
      urban_14 |  -.0662242   .1574625    -0.42   0.674    -.3748451    .2423967
       EF29_14 |  -.0940092   .1592429    -0.59   0.555    -.4061195     .218101
    monthly_14 |   .0001432   .0001249     1.15   0.251    -.0001015    .0003879
        age_14 |  -.0054268   .0054558    -0.99   0.320    -.0161199    .0052664
        edu_14 |   .1165845   .1502063     0.78   0.438    -.1778145    .4109835
       cons_14 |  -1.827156   .6359857    -2.87   0.004    -3.073665   -.5806471
         p1_15 |  -.2807164   .2893061    -0.97   0.332    -.8477459    .2863131
         p2_15 |   .2446598   .2214853     1.10   0.269    -.1894433    .6787629
         p3_15 |   .0259846   .1316937     0.20   0.844    -.2321303    .2840996
         p4_15 |  -.2861228   .5257871    -0.54   0.586    -1.316647    .7444009
         p5_15 |   .1292636   .0652769     1.98   0.048     .0013231     .257204
         p6_15 |  -.7881236   .4028852    -1.96   0.050    -1.577764    .0015169
         p7_15 |   -.058216   .1744831    -0.33   0.739    -.4001965    .2837645
         p8_15 |  -.3735475   .1474965    -2.53   0.011    -.6626353   -.0844597
         p9_15 |  -.1288194   .2039442    -0.63   0.528    -.5285427    .2709038
        p10_15 |  -.2282137   .4972557    -0.46   0.646    -1.202817    .7463896
        p11_15 |  -.0223324   .0934397    -0.24   0.811    -.2054708    .1608061
        p12_15 |  -.0154947   .1124888    -0.14   0.890    -.2359687    .2049792
        p13_15 |  -.2746855   .1667617    -1.65   0.100    -.6015324    .0521614
        p14_15 |   1.463984   1.014284     1.44   0.149     -.523976    3.451943
        p15_15 |   .1657278   .0786974     2.11   0.035     .0114838    .3199718
          M_15 |    .704434   .0492782    14.30   0.000     .6078505    .8010176
      urban_15 |   .1065578   .0456201     2.34   0.020      .017144    .1959716
       EF29_15 |   .0295831   .0370883     0.80   0.425    -.0431087    .1022749
    monthly_15 |   .0000351   .0000189     1.86   0.063    -1.84e-06    .0000721
        age_15 |  -.0180093   .0019949    -9.03   0.000    -.0219193   -.0140994
        edu_15 |   .1302063   .0613182     2.12   0.034     .0100249    .2503878
       cons_15 |  -1.870066   .2026424    -9.23   0.000    -2.267238   -1.472894
---------------+----------------------------------------------------------------
ELAS_INC       |
           e_1 |   1.020823   .0881946    11.57   0.000     .8479647    1.193681
           e_2 |   1.130141   .0691297    16.35   0.000     .9946492    1.265633
           e_3 |   .9601652   .1116512     8.60   0.000      .741333    1.178997
           e_4 |   1.084109   .0995678    10.89   0.000     .8889598    1.279258
           e_5 |   1.238493   .1312107     9.44   0.000     .9813251    1.495662
           e_6 |   .9290247   .1144903     8.11   0.000     .7046278    1.153421
           e_7 |   1.312445   .0332418    39.48   0.000     1.247292    1.377597
           e_8 |   1.139822   .0249004    45.78   0.000     1.091018    1.188626
           e_9 |   1.196825   .0878014    13.63   0.000     1.024738    1.368913
          e_10 |   1.040377   .0767153    13.56   0.000     .8900181    1.190737
          e_11 |   .9099353   .0637178    14.28   0.000     .7850507     1.03482
          e_12 |   .9567591   .0830093    11.53   0.000      .794064    1.119454
          e_13 |   .9270239   .0818718    11.32   0.000     .7665581     1.08749
          e_14 |   .7063894   .0736804     9.59   0.000     .5619784    .8508004
          e_15 |   1.181035   .0617255    19.13   0.000     1.060055    1.302015
---------------+----------------------------------------------------------------
ELAS_UNCOMP    |
         e_1_1 |  -.9677465   .1244463    -7.78   0.000    -1.211657   -.7238361
         e_2_1 |  -.0168315   .0461819    -0.36   0.716    -.1073465    .0736834
         e_3_1 |  -.0205957   .0632166    -0.33   0.745     -.144498    .1033066
         e_4_1 |   .0807964    .078802     1.03   0.305    -.0736526    .2352454
         e_5_1 |   .0349724   .0339933     1.03   0.304    -.0316533    .1015982
         e_6_1 |   -.021839   .0517677    -0.42   0.673    -.1233019    .0796238
         e_7_1 |  -.0456259   .0517536    -0.88   0.378    -.1470612    .0558093
         e_8_1 |   .0270408   .0968236     0.28   0.780    -.1627301    .2168116
         e_9_1 |   .0012887   .0349922     0.04   0.971    -.0672946    .0698721
        e_10_1 |   .0349968    .075112     0.47   0.641    -.1122201    .1822137
        e_11_1 |   .0120814   .0418902     0.29   0.773    -.0700218    .0941847
        e_12_1 |  -.0660697   .0499682    -1.32   0.186    -.1640056    .0318661
        e_13_1 |   .1014939   .1341397     0.76   0.449    -.1614151    .3644029
        e_14_1 |   .0423814   .1356672     0.31   0.755    -.2235213    .3082842
        e_15_1 |  -.0182694   .0396883    -0.46   0.645     -.096057    .0595182
         e_1_2 |  -.0650308   .1058392    -0.61   0.539    -.2724718    .1424101
         e_2_2 |  -1.043648   .2593457    -4.02   0.000    -1.551956   -.5353399
         e_3_2 |   .0245554   .1013909     0.24   0.809    -.1741671    .2232779
         e_4_2 |   .2048566   .1384798     1.48   0.139    -.0665588    .4762721
         e_5_2 |   .0357039   .0346926     1.03   0.303    -.0322923    .1037002
         e_6_2 |  -.0186525   .0527692    -0.35   0.724    -.1220783    .0847732
         e_7_2 |  -.0008447   .0691324    -0.01   0.990    -.1363418    .1346523
         e_8_2 |  -.0806198   .0857515    -0.94   0.347    -.2486896      .08745
         e_9_2 |   .0453506   .0407198     1.11   0.265    -.0344587    .1251598
        e_10_2 |   -.015074   .1130695    -0.13   0.894    -.2366862    .2065382
        e_11_2 |   .0128781   .0408108     0.32   0.752    -.0671097    .0928658
        e_12_2 |   .0421499   .0662809     0.64   0.525    -.0877582    .1720581
        e_13_2 |  -.1255757   .1629427    -0.77   0.441    -.4449376    .1937862
        e_14_2 |   -.015762   .2908768    -0.05   0.957      -.58587    .5543459
        e_15_2 |   .0132856    .055191     0.24   0.810    -.0948868     .121458
         e_1_3 |   .0143268   .0658889     0.22   0.828     -.114813    .1434666
         e_2_3 |   .0415178   .0349602     1.19   0.235    -.0270029    .1100385
         e_3_3 |  -.9589662   .1400653    -6.85   0.000    -1.233489   -.6844432
         e_4_3 |     .02752     .09016     0.31   0.760    -.1491903    .2042302
         e_5_3 |   .0456802    .036264     1.26   0.208    -.0253959    .1167563
         e_6_3 |   .0432902   .0479799     0.90   0.367    -.0507486     .137329
         e_7_3 |   .0028653   .0548551     0.05   0.958    -.1046487    .1103792
         e_8_3 |   .0627262   .0601343     1.04   0.297    -.0551348    .1805871
         e_9_3 |   .0364127   .0445011     0.82   0.413    -.0508079    .1236333
        e_10_3 |    .049503    .083153     0.60   0.552    -.1134739    .2124799
        e_11_3 |   .0501937    .051894     0.97   0.333    -.0515167     .151904
        e_12_3 |   .0827124   .0652297     1.27   0.205    -.0451354    .2105603
        e_13_3 |    .153102   .1411287     1.08   0.278    -.1235052    .4297092
        e_14_3 |  -.1413199   .1658403    -0.85   0.394    -.4663609    .1837212
        e_15_3 |   .0544447    .054407     1.00   0.317    -.0521911    .1610805
         e_1_4 |   .2848076   .1648686     1.73   0.084    -.0383289    .6079441
         e_2_4 |   .1880296   .1892194     0.99   0.320    -.1828335    .5588928
         e_3_4 |    .020525   .1598223     0.13   0.898    -.2927209    .3337709
         e_4_4 |  -1.214693   .4977054    -2.44   0.015    -2.190178   -.2392086
         e_5_4 |   .0474648   .0541152     0.88   0.380     -.058599    .1535287
         e_6_4 |   .0276575   .1067809     0.26   0.796    -.1816293    .2369443
         e_7_4 |  -.2390421     .13965    -1.71   0.087     -.512751    .0346668
         e_8_4 |   .0940724   .1255606     0.75   0.454    -.1520219    .3401667
         e_9_4 |   -.102142   .0903812    -1.13   0.258    -.2792859     .075002
        e_10_4 |   .0980754   .3062734     0.32   0.749    -.5022095    .6983604
        e_11_4 |    .071832   .0796022     0.90   0.367    -.0841854    .2278494
        e_12_4 |  -.0414519   .0771372    -0.54   0.591    -.1926381    .1097342
        e_13_4 |   .1707197   .2198766     0.78   0.437    -.2602304    .6016699
        e_14_4 |   -.306629   .4536686    -0.68   0.499    -1.195803    .5825452
        e_15_4 |  -.1504918   .1049933    -1.43   0.152    -.3562749    .0552913
         e_1_5 |   .2214346   .2331619     0.95   0.342    -.2355543    .6784234
         e_2_5 |   .1410059   .1616135     0.87   0.383    -.1757507    .4577625
         e_3_5 |   .0639732   .2050821     0.31   0.755    -.3379803    .4659267
         e_4_5 |  -.0617737   .4832686    -0.13   0.898    -1.008963    .8854154
         e_5_5 |  -.9586157   .1689231    -5.67   0.000    -1.289699   -.6275324
         e_6_5 |    .046018   .1266824     0.36   0.716    -.2022749    .2943109
         e_7_5 |  -.0573571   .1061782    -0.54   0.589    -.2654625    .1507484
         e_8_5 |  -.0824744   .1570667    -0.53   0.600    -.3903194    .2253707
         e_9_5 |  -.0489856   .1607084    -0.30   0.761    -.3639682     .265997
        e_10_5 |  -.1387529   .1721365    -0.81   0.420    -.4761342    .1986284
        e_11_5 |   .0821864   .1123424     0.73   0.464    -.1380006    .3023734
        e_12_5 |  -.0238259   .1099098    -0.22   0.828    -.2392452    .1915934
        e_13_5 |  -.5032679    .318273    -1.58   0.114    -1.127071    .1205357
        e_14_5 |    .403589   .5629107     0.72   0.473    -.6996957    1.506874
        e_15_5 |  -.0205514   .0632915    -0.32   0.745    -.1446004    .1034977
         e_1_6 |  -.0185786   .1949033    -0.10   0.924    -.4005821    .3634248
         e_2_6 |  -.1162994   .1698263    -0.68   0.493    -.4491529    .2165541
         e_3_6 |   .0293083   .1032673     0.28   0.777    -.1730919    .2317085
         e_4_6 |   .0699808   .2430436     0.29   0.773    -.4063759    .5463376
         e_5_6 |   .0280198   .0402571     0.70   0.486    -.0508826    .1069223
         e_6_6 |  -.7386611   .6127442    -1.21   0.228    -1.939618    .4622954
         e_7_6 |   .0928465   .1137488     0.82   0.414    -.1300971      .31579
         e_8_6 |   .0025957    .119476     0.02   0.983     -.231573    .2367643
         e_9_6 |  -.0603899   .1116232    -0.54   0.588    -.2791673    .1583876
        e_10_6 |   .0401867   .2486536     0.16   0.872    -.4471655    .5275388
        e_11_6 |   -.043423   .0901687    -0.48   0.630    -.2201504    .1333043
        e_12_6 |  -.0326756    .125106    -0.26   0.794    -.2778788    .2125277
        e_13_6 |  -.1644487   .1894793    -0.87   0.385    -.5358213    .2069239
        e_14_6 |   .1065905   .5298961     0.20   0.841    -.9319867    1.145168
        e_15_6 |  -.0704795   .0721585    -0.98   0.329    -.2119077    .0709486
         e_1_7 |    -.12067   .0698277    -1.73   0.084    -.2575297    .0161897
         e_2_7 |  -.0401289   .0517048    -0.78   0.438    -.1414685    .0612106
         e_3_7 |  -.0509527   .0512317    -0.99   0.320    -.1513651    .0494596
         e_4_7 |  -.1499486   .0831123    -1.80   0.071    -.3128457    .0129485
         e_5_7 |  -.0278142   .0227429    -1.22   0.221    -.0723894     .016761
         e_6_7 |    .029785   .0380065     0.78   0.433    -.0447063    .1042764
         e_7_7 |  -.9367849   .1021232    -9.17   0.000    -1.136943   -.7366271
         e_8_7 |  -.0228046   .0828769    -0.28   0.783    -.1852403    .1396311
         e_9_7 |   .0004194   .0356792     0.01   0.991    -.0695106    .0703493
        e_10_7 |   .0638089   .0751886     0.85   0.396    -.0835581    .2111759
        e_11_7 |  -.1135924    .042049    -2.70   0.007    -.1960069    -.031178
        e_12_7 |  -.0418202   .0421202    -0.99   0.321    -.1243742    .0407338
        e_13_7 |  -.0856933    .063004    -1.36   0.174    -.2091789    .0377922
        e_14_7 |   .2632843    .115001     2.29   0.022     .0378864    .4886821
        e_15_7 |   -.021628   .0313123    -0.69   0.490    -.0829991     .039743
         e_1_8 |   .0060909   .0694704     0.09   0.930    -.1300685    .1422504
         e_2_8 |  -.0523311   .0490618    -1.07   0.286    -.1484904    .0438283
         e_3_8 |   .0061218   .0541331     0.11   0.910    -.0999772    .1122207
         e_4_8 |   .0318626     .05761     0.55   0.580    -.0810511    .1447762
         e_5_8 |  -.0122427   .0219876    -0.56   0.578    -.0553375    .0308521
         e_6_8 |  -.0220711   .0392323    -0.56   0.574    -.0989651    .0548228
         e_7_8 |   .0060317   .0534415     0.11   0.910    -.0987117    .1107751
         e_8_8 |  -.9482705   .0604891   -15.68   0.000    -1.066827    -.829714
         e_9_8 |   .0006962    .022049     0.03   0.975     -.042519    .0439114
        e_10_8 |   .0312712   .0363862     0.86   0.390    -.0400444    .1025868
        e_11_8 |  -.0784645   .0351497    -2.23   0.026    -.1473567   -.0095723
        e_12_8 |  -.0493945   .0354954    -1.39   0.164    -.1189642    .0201751
        e_13_8 |  -.1695362   .0647817    -2.62   0.009     -.296506   -.0425663
        e_14_8 |   .1773046   .0751401     2.36   0.018     .0300327    .3245765
        e_15_8 |  -.0504898   .0296558    -1.70   0.089    -.1086141    .0076344
         e_1_9 |   .0175464    .109729     0.16   0.873    -.1975185    .2326113
         e_2_9 |   .0396443   .0879531     0.45   0.652    -.1327406    .2120291
         e_3_9 |    .042849   .0739226     0.58   0.562    -.1020365    .1877346
         e_4_9 |   -.128287   .1757818    -0.73   0.466     -.472813    .2162391
         e_5_9 |   .0041076   .0344806     0.12   0.905    -.0634732    .0716883
         e_6_9 |  -.0667908   .0938518    -0.71   0.477    -.2507371    .1171554
         e_7_9 |   .0876747   .0838191     1.05   0.296    -.0766077    .2519571
         e_8_9 |   .0667817    .051527     1.30   0.195    -.0342095    .1677728
         e_9_9 |  -1.244171   .1061595   -11.72   0.000     -1.45224   -1.036102
        e_10_9 |  -.2512702   .1878406    -1.34   0.181     -.619431    .1168906
        e_11_9 |  -.0713785   .0456024    -1.57   0.118    -.1607576    .0180006
        e_12_9 |  -.0047805   .0607986    -0.08   0.937    -.1239436    .1143825
        e_13_9 |  -.0526835   .1119376    -0.47   0.638    -.2720771    .1667101
        e_14_9 |   .3778404   .2346837     1.61   0.107    -.0821312    .8378119
        e_15_9 |   .0162959    .071963     0.23   0.821     -.124749    .1573408
        e_1_10 |  -.0583659   .1258024    -0.46   0.643    -.3049341    .1882024
        e_2_10 |   .0219177   .1236093     0.18   0.859     -.220352    .2641874
        e_3_10 |  -.0399104   .0840764    -0.47   0.635    -.2046971    .1248763
        e_4_10 |   .1039218    .316555     0.33   0.743    -.5165146    .7243583
        e_5_10 |  -.0607639    .025671    -2.37   0.018    -.1110781   -.0104497
        e_6_10 |   -.022218   .1253452    -0.18   0.859    -.2678901    .2234541
        e_7_10 |   .0516706   .0886581     0.58   0.560    -.1220961    .2254372
        e_8_10 |   -.022919   .0801122    -0.29   0.775    -.1799361    .1340981
        e_9_10 |  -.0826134   .0854578    -0.97   0.334    -.2501075    .0848808
       e_10_10 |  -.5685002   .5174435    -1.10   0.272    -1.582671    .4456704
       e_11_10 |  -.0394206   .0560032    -0.70   0.481    -.1491849    .0703436
       e_12_10 |  -.0909428   .0661548    -1.37   0.169    -.2206038    .0387181
       e_13_10 |   .2104864   .1666097     1.26   0.206    -.1160626    .5370353
       e_14_10 |  -.4434492    .355823    -1.25   0.213    -1.140849     .253951
       e_15_10 |   .0142508   .0727257     0.20   0.845    -.1282889    .1567905
        e_1_11 |    .049525   .1144458     0.43   0.665    -.1747846    .2738346
        e_2_11 |    .035184    .058423     0.60   0.547    -.0793231     .149691
        e_3_11 |   .0676497   .1083683     0.62   0.532    -.1447483    .2800477
        e_4_11 |   .1331076   .1114175     1.19   0.232    -.0852666    .3514819
        e_5_11 |   .0606814   .0300833     2.02   0.044     .0017191    .1196436
        e_6_11 |   .0022292   .0712984     0.03   0.975     -.137513    .1419715
        e_7_11 |  -.1635774    .077794    -2.10   0.035    -.3160508    -.011104
        e_8_11 |  -.3077981   .1034403    -2.98   0.003    -.5105375   -.1050588
        e_9_11 |  -.0272469   .0379976    -0.72   0.473    -.1017207     .047227
       e_10_11 |  -.0408037   .0944619    -0.43   0.666    -.2259456    .1443382
       e_11_11 |  -.8381907   .1255421    -6.68   0.000    -1.084249   -.5921327
       e_12_11 |   .0351811   .0819874     0.43   0.668    -.1255112    .1958733
       e_13_11 |   .2171298   .2210713     0.98   0.326    -.2161621    .6504216
       e_14_11 |  -.0101252   .2381223    -0.04   0.966    -.4768363    .4565859
       e_15_11 |   .0299141   .0564719     0.53   0.596    -.0807688     .140597
        e_1_12 |  -.2586705   .0961582    -2.69   0.007    -.4471371   -.0702038
        e_2_12 |   .0315473   .0500555     0.63   0.529    -.0665596    .1296542
        e_3_12 |   .1443769   .1150287     1.26   0.209    -.0810753    .3698291
        e_4_12 |   .0568929   .0787974     0.72   0.470    -.0975471    .2113329
        e_5_12 |   .0153573   .0314611     0.49   0.625    -.0463054      .07702
        e_6_12 |   .0673686   .0408202     1.65   0.099    -.0126375    .1473747
        e_7_12 |  -.0380614   .0740758    -0.51   0.607    -.1832473    .1071244
        e_8_12 |  -.0879697   .0674218    -1.30   0.192    -.2201139    .0441745
        e_9_12 |  -.0067863   .0342281    -0.20   0.843    -.0738722    .0602996
       e_10_12 |  -.1559253    .056153    -2.78   0.005    -.2659831   -.0458675
       e_11_12 |   .0196519    .048375     0.41   0.685    -.0751614    .1144652
       e_12_12 |  -1.023942   .2251164    -4.55   0.000    -1.465162   -.5827216
       e_13_12 |   .5870059   .1876447     3.13   0.002     .2192291    .9547827
       e_14_12 |  -.1856173   .1745767    -1.06   0.288    -.5277814    .1565468
       e_15_12 |  -.0501734   .0518661    -0.97   0.333    -.1518291    .0514823
        e_1_13 |  -.0398099   .1808557    -0.22   0.826    -.3942805    .3146607
        e_2_13 |  -.0669661   .1166382    -0.57   0.566    -.2955727    .1616406
        e_3_13 |   .1092615   .1517844     0.72   0.472    -.1882305    .4067534
        e_4_13 |   .2964369   .2915044     1.02   0.309    -.2749012     .867775
        e_5_13 |   -.022015   .0632434    -0.35   0.728    -.1459697    .1019398
        e_6_13 |   .0323809   .0964835     0.34   0.737    -.1567232    .2214849
        e_7_13 |    .097891   .0694121     1.41   0.158    -.0381543    .2339362
        e_8_13 |  -.0801014   .0710021    -1.13   0.259     -.219263    .0590602
        e_9_13 |   .0734429   .0911879     0.81   0.421    -.1052821    .2521678
       e_10_13 |   .0319198   .2038834     0.16   0.876    -.3676843    .4315239
       e_11_13 |   .0558154   .0647564     0.86   0.389    -.0711047    .1827355
       e_12_13 |   .2145448   .0995569     2.15   0.031     .0194168    .4096727
       e_13_13 |  -1.023166    .106646    -9.59   0.000    -1.232188   -.8141433
       e_14_13 |   .1652398   .3585013     0.46   0.645    -.5374098    .8678894
       e_15_13 |   .0770173   .0741947     1.04   0.299    -.0684017    .2224362
        e_1_14 |   .0214127   .1098104     0.19   0.845    -.1938118    .2366372
        e_2_14 |   .0636713   .1181956     0.54   0.590    -.1679879    .2953305
        e_3_14 |  -.1034375   .1029805    -1.00   0.315    -.3052755    .0984005
        e_4_14 |  -.1520398   .2218683    -0.69   0.493    -.5868937    .2828141
        e_5_14 |   .0316504   .0600393     0.53   0.598    -.0860245    .1493253
        e_6_14 |   .0484682   .0828584     0.58   0.559    -.1139313    .2108676
        e_7_14 |   .0795624   .0866569     0.92   0.359    -.0902819    .2494068
        e_8_14 |    .154574   .0931445     1.66   0.097     -.027986    .3371339
        e_9_14 |   .1046351   .0762572     1.37   0.170    -.0448263    .2540965
       e_10_14 |  -.0700532   .1505069    -0.47   0.642    -.3650413     .224935
       e_11_14 |   .0151877   .0474122     0.32   0.749    -.0777386     .108114
       e_12_14 |  -.0334409   .0794671    -0.42   0.674    -.1891935    .1223117
       e_13_14 |  -.1425279   .1859494    -0.77   0.443    -.5069821    .2219263
       e_14_14 |  -1.005311   .2730238    -3.68   0.000    -1.540428   -.4701945
       e_15_14 |   .0488511   .0737712     0.66   0.508    -.0957377    .1934399
        e_1_15 |  -.1516549   .1324562    -1.14   0.252    -.4112642    .1079544
        e_2_15 |   .0527648   .1389371     0.38   0.704     -.219547    .3250765
        e_3_15 |    .080886   .1619527     0.50   0.617    -.2365355    .3983075
        e_4_15 |  -.2062699   .1294066    -1.59   0.111    -.4599022    .0473624
        e_5_15 |   .0233639   .0650872     0.36   0.720    -.1042047    .1509325
        e_6_15 |  -.1485452   .2156737    -0.69   0.491    -.5712578    .2741674
        e_7_15 |  -.0215381   .0534788    -0.40   0.687    -.1263546    .0832784
        e_8_15 |  -.2277947   .1465432    -1.55   0.120    -.5150142    .0594248
        e_9_15 |  -.0097199   .1954902    -0.05   0.960    -.3928736    .3734338
       e_10_15 |    .003774   .1499081     0.03   0.980    -.2900404    .2975884
       e_11_15 |   .0074914    .053235     0.14   0.888    -.0968473    .1118301
       e_12_15 |  -.0333649   .0687804    -0.49   0.628     -.168172    .1014421
       e_13_15 |   .0375511   .2416613     0.16   0.877    -.4360963    .5111985
       e_14_15 |    .389017    .242625     1.60   0.109    -.0865193    .8645532
       e_15_15 |  -.8210637   .4234461    -1.94   0.053    -1.651003    .0088754
---------------+----------------------------------------------------------------
ELAS_COMP      |
         e_1_1 |  -.8624878   .1258056    -6.86   0.000    -1.109062   -.6159133
         e_2_1 |   .0198998   .0450033     0.44   0.658    -.0683049    .1081046
         e_3_1 |   .0773447   .0627335     1.23   0.218    -.0456108    .2003002
         e_4_1 |   .1125516    .078629     1.43   0.152    -.0415584    .2666616
         e_5_1 |   .0495255   .0333233     1.49   0.137    -.0157868    .1148379
         e_6_1 |  -.0067988   .0513928    -0.13   0.895    -.1075269    .0939292
         e_7_1 |   .0350313   .0510125     0.69   0.492    -.0649513     .135014
         e_8_1 |   .1840687   .0918816     2.00   0.045      .003984    .3641533
         e_9_1 |   .0145357   .0343761     0.42   0.672    -.0528402    .0819116
        e_10_1 |   .0666812   .0733912     0.91   0.364    -.0771629    .2105254
        e_11_1 |   .0717775   .1146072     0.63   0.531    -.1528485    .2964035
        e_12_1 |   .0812677   .0589143     1.38   0.168    -.0342022    .1967375
        e_13_1 |   .2761466    .107443     2.57   0.010     .0655622    .4867309
        e_14_1 |   .2619349   .1120844     2.34   0.019     .0422535    .4816162
        e_15_1 |   .0919483   .0295432     3.11   0.002     .0340448    .1498519
         e_1_2 |   .0514998   .1065015     0.48   0.629    -.1572392    .2602388
         e_2_2 |  -1.002983   .2598273    -3.86   0.000    -1.512235   -.4937312
         e_3_2 |   .1329841   .1008717     1.32   0.187    -.0647209    .3306891
         e_4_2 |   .2400124   .1391416     1.72   0.085    -.0327001     .512725
         e_5_2 |   .0518155   .0345387     1.50   0.134    -.0158791    .1195102
         e_6_2 |  -.0020017   .0529035    -0.04   0.970    -.1056906    .1016872
         e_7_2 |     .08845   .0698054     1.27   0.205    -.0483662    .2252661
         e_8_2 |   .0932239   .0857947     1.09   0.277    -.0749307    .2613784
         e_9_2 |   .0600162     .04077     1.47   0.141    -.0198915    .1399239
        e_10_2 |   .0200035   .1130197     0.18   0.860    -.2015111    .2415181
        e_11_2 |   .0375137   .0404267     0.93   0.353    -.0417212    .1167485
        e_12_2 |   .0931687   .0652478     1.43   0.153    -.0347147     .221052
        e_13_2 |   .1052487   .1670139     0.63   0.529    -.2220925    .4325899
        e_14_2 |   .1268611   .2863235     0.44   0.658    -.4343228    .6880449
        e_15_2 |   .0479009   .0550294     0.87   0.384    -.0599548    .1557566
         e_1_3 |    .113331   .0633363     1.79   0.074     -.010806    .2374679
         e_2_3 |   .0760666    .034426     2.21   0.027     .0085928    .1435404
         e_3_3 |  -.8668455   .1406163    -6.16   0.000    -1.142448   -.5912427
         e_4_3 |   .0573883    .090965     0.63   0.528    -.1208999    .2356764
         e_5_3 |   .0593686   .0355653     1.67   0.095     -.010338    .1290752
         e_6_3 |   .0574366   .0470593     1.22   0.222    -.0347979    .1496712
         e_7_3 |   .0787299   .0518493     1.52   0.129     -.022893    .1803527
         e_8_3 |   .2104234   .0625312     3.37   0.001     .0878644    .3329823
         e_9_3 |   .0488726   .0440545     1.11   0.267    -.0374728    .1352179
        e_10_3 |   .0793048   .0804479     0.99   0.324    -.0783702    .2369798
        e_11_3 |    .071124   .0502372     1.42   0.157     -.027339     .169587
        e_12_3 |   .1260578   .0640338     1.97   0.049     .0005539    .2515618
        e_13_3 |   .3492099   .1320582     2.64   0.008     .0903806    .6080392
        e_14_3 |  -.0201476   .1611677    -0.13   0.901    -.3360305    .2957353
        e_15_3 |   .0838538   .0528923     1.59   0.113    -.0198132    .1875207
         e_1_4 |   .3965918   .1638638     2.42   0.016     .0754248    .7177589
         e_2_4 |   .2270382   .1900945     1.19   0.232    -.1455402    .5996166
         e_3_4 |   .1245373   .1608878     0.77   0.439    -.1907969    .4398715
         e_4_4 |  -1.180969    .496998    -2.38   0.017    -2.155068   -.2068712
         e_5_4 |   .0629202   .0536207     1.17   0.241    -.0421745    .1680148
         e_6_4 |   .0436301   .1069104     0.41   0.683    -.1659104    .2531706
         e_7_4 |  -.1533845   .1421885    -1.08   0.281    -.4320688    .1252999
         e_8_4 |   .2608352   .1239909     2.10   0.035     .0178175     .503853
         e_9_4 |  -.0880737   .0905944    -0.97   0.331    -.2656355     .089488
        e_10_4 |   .1317242   .3067111     0.43   0.668    -.4694186    .7328669
        e_11_4 |   .0954641   .0785317     1.22   0.224    -.0584551    .2493834
        e_12_4 |   .0074887   .0774678     0.10   0.923    -.1443454    .1593228
        e_13_4 |   .3921424   .2162883     1.81   0.070    -.0317748    .8160596
        e_14_4 |  -.1698151   .4552062    -0.37   0.709    -1.062003    .7223726
        e_15_4 |  -.1172864   .1049448    -1.12   0.264    -.3229745    .0884017
         e_1_5 |   .3491376   .2388967     1.46   0.144    -.1190913    .8173665
         e_2_5 |   .1855695   .1631261     1.14   0.255    -.1341517    .5052908
         e_3_5 |   .1827975   .1991896     0.92   0.359    -.2076069    .5732018
         e_4_5 |  -.0232473   .4806242    -0.05   0.961    -.9652534    .9187588
         e_5_5 |  -.9409594   .1698146    -5.54   0.000     -1.27379   -.6081289
         e_6_5 |   .0642652   .1258008     0.51   0.609    -.1822999    .3108303
         e_7_5 |   .0404988   .1026487     0.39   0.693     -.160689    .2416866
         e_8_5 |   .1080366   .1457158     0.74   0.458    -.1775611    .3936344
         e_9_5 |  -.0329139    .161671    -0.20   0.839    -.3497832    .2839554
        e_10_5 |  -.1003123   .1706084    -0.59   0.557    -.4346987     .234074
        e_11_5 |   .1091839   .1116018     0.98   0.328    -.1095517    .3279195
        e_12_5 |   .0320842   .1090895     0.29   0.769    -.1817273    .2458957
        e_13_5 |  -.2503131   .3305139    -0.76   0.449    -.8981085    .3974823
        e_14_5 |   .5598861   .5711008     0.98   0.327    -.5594508    1.679223
        e_15_5 |   .0173826   .0631519     0.28   0.783    -.1063928    .1411581
         e_1_6 |   .0772146   .1920445     0.40   0.688    -.2991858     .453615
         e_2_6 |  -.0828711   .1707297    -0.49   0.627    -.4174951    .2517529
         e_3_6 |   .1184414   .1057835     1.12   0.263    -.0888905    .3257733
         e_4_6 |   .0988804   .2422078     0.41   0.683    -.3758382    .5735991
         e_5_6 |   .0412642   .0398795     1.03   0.301    -.0368982    .1194267
         e_6_6 |  -.7249734   .6123331    -1.18   0.236    -1.925124    .4751773
         e_7_6 |   .1662505   .1156141     1.44   0.150    -.0603489      .39285
         e_8_6 |   .1455027   .1222847     1.19   0.234    -.0941709    .3851763
         e_9_6 |  -.0483341   .1120102    -0.43   0.666    -.2678701    .1712019
        e_10_6 |   .0690219   .2482463     0.28   0.781     -.417532    .5555758
        e_11_6 |  -.0231715    .090564    -0.26   0.798    -.2006738    .1543307
        e_12_6 |    .009264   .1254103     0.07   0.941    -.2365357    .2550637
        e_13_6 |    .025299   .1859507     0.14   0.892    -.3391577    .3897557
        e_14_6 |   .2238328    .534842     0.42   0.676    -.8244382    1.272104
        e_15_6 |  -.0420243   .0709942    -0.59   0.554    -.1811703    .0971218
         e_1_7 |   .0146583    .070505     0.21   0.835     -.123529    .1528456
         e_2_7 |   .0070956   .0509398     0.14   0.889    -.0927445    .1069358
         e_3_7 |   .0749667   .0508302     1.47   0.140    -.0246586    .1745919
         e_4_7 |  -.1091218     .08299    -1.31   0.189    -.2717792    .0535357
         e_5_7 |  -.0091037   .0225383    -0.40   0.686    -.0532779    .0350705
         e_6_7 |   .0491218   .0381836     1.29   0.198    -.0257167    .1239603
         e_7_7 |  -.8330861   .1017609    -8.19   0.000    -1.032534   -.6336383
         e_8_7 |   .1790819   .0823344     2.18   0.030     .0177096    .3404543
         e_9_7 |   .0174507   .0357816     0.49   0.626      -.05268    .0875814
        e_10_7 |   .1045447   .0752234     1.39   0.165    -.0428905      .25198
        e_11_7 |  -.0849829   .0417324    -2.04   0.042     -.166777   -.0031888
        e_12_7 |   .0174284   .0416679     0.42   0.676    -.0642392     .099096
        e_13_7 |   .1823655   .0600551     3.04   0.002     .0646598    .3000713
        e_14_7 |    .428914   .1149171     3.73   0.000     .2036805    .6541474
        e_15_7 |   .0185711   .0306823     0.61   0.545    -.0415651    .0787073
         e_1_8 |   .1236198   .0704793     1.75   0.079    -.0145171    .2617566
         e_2_8 |  -.0113179   .0489129    -0.23   0.817    -.1071853    .0845496
         e_3_8 |   .1154793   .0537553     2.15   0.032     .0101209    .2208376
         e_4_8 |   .0673195   .0577589     1.17   0.244    -.0458859     .180525
         e_5_8 |   .0040069   .0219484     0.18   0.855    -.0390112     .047025
         e_6_8 |  -.0052777   .0392309    -0.13   0.893    -.0821689    .0716135
         e_7_8 |   .0960913   .0542411     1.77   0.076    -.0102192    .2024018
         e_8_8 |  -.7729377   .0593526   -13.02   0.000    -.8892666   -.6566087
         e_9_8 |   .0154874   .0221772     0.70   0.485    -.0279792     .058954
        e_10_8 |   .0666492   .0368894     1.81   0.071    -.0056527     .138951
        e_11_8 |   -.053618    .035142    -1.53   0.127    -.1224951    .0152592
        e_12_8 |   .0020612   .0357217     0.06   0.954     -.067952    .0720744
        e_13_8 |   .0632655   .0633957     1.00   0.318    -.0609877    .1875187
        e_14_8 |   .3211495    .075356     4.26   0.000     .1734544    .4688446
        e_15_8 |   -.015578   .0295807    -0.53   0.598    -.0735552    .0423992
         e_1_9 |    .140953   .1097781     1.28   0.199    -.0742081    .3561141
         e_2_9 |   .0827086   .0878019     0.94   0.346    -.0893799    .2547972
         e_3_9 |   .1576756   .0715296     2.20   0.028     .0174801    .2978711
         e_4_9 |  -.0910568   .1760232    -0.52   0.605    -.4360559    .2539424
         e_5_9 |   .0211698   .0346069     0.61   0.541    -.0466585    .0889982
         e_6_9 |  -.0491575    .093959    -0.52   0.601    -.2333137    .1349986
         e_7_9 |   .1822383   .0799069     2.28   0.023     .0256237    .3388529
         e_8_9 |   .2508831   .0526482     4.77   0.000     .1476945    .3540717
         e_9_9 |   -1.22864   .1066026   -11.53   0.000    -1.437577   -1.019703
        e_10_9 |   -.214123   .1877535    -1.14   0.254     -.582113    .1538671
        e_11_9 |  -.0452893   .0447357    -1.01   0.311    -.1329697    .0423912
        e_12_9 |   .0492486   .0592838     0.83   0.406    -.0669454    .1654426
        e_13_9 |   .1917608   .1167177     1.64   0.100    -.0370017    .4205233
        e_14_9 |    .528879   .2342552     2.26   0.024     .0697473    .9880107
        e_15_9 |   .0529537   .0703084     0.75   0.451    -.0848483    .1907557
        e_1_10 |   .0489091   .1246145     0.39   0.695    -.1953307     .293149
        e_2_10 |   .0593527   .1228397     0.48   0.629    -.1814087    .3001141
        e_3_10 |   .0599061   .0852011     0.70   0.482    -.1070851    .2268973
        e_4_10 |   .1362853   .3164911     0.43   0.667    -.4840259    .7565965
        e_5_10 |   -.045932     .02597    -1.77   0.077    -.0968323    .0049683
        e_6_10 |  -.0068897    .125689    -0.05   0.956    -.2532355    .2394561
        e_7_10 |   .1338729   .0878706     1.52   0.128    -.0383503     .306096
        e_8_10 |   .1371168   .0839559     1.63   0.102    -.0274337    .3016674
        e_9_10 |  -.0691126    .085069    -0.81   0.417    -.2358448    .0976196
       e_10_10 |  -.5362088   .5175535    -1.04   0.300    -1.550595    .4781774
       e_11_10 |  -.0167418    .055782    -0.30   0.764    -.1260725    .0925889
       e_12_10 |  -.0439764   .0654456    -0.67   0.502    -.1722474    .0842946
       e_13_10 |   .4229771   .1644642     2.57   0.010     .1006331    .7453211
       e_14_10 |  -.3121542   .3546093    -0.88   0.379    -1.007176    .3828673
       e_15_10 |   .0461167   .0719029     0.64   0.521    -.0948104    .1870438
        e_1_11 |   .1433499   .1133729     1.26   0.206    -.0788569    .3655566
        e_2_11 |   .0679254   .0583702     1.16   0.245    -.0464782    .1823289
        e_3_11 |   .1549513   .1087281     1.43   0.154    -.0581519    .3680544
        e_4_11 |   .1614134   .1111689     1.45   0.147    -.0564736    .3793004
        e_5_11 |   .0736536   .0300672     2.45   0.014     .0147229    .1325843
        e_6_11 |   .0156357   .0708401     0.22   0.825    -.1232084    .1544798
        e_7_11 |  -.0916816   .0772254    -1.19   0.235    -.2430405    .0596774
        e_8_11 |  -.1678275   .1021877    -1.64   0.101    -.3681117    .0324567
        e_9_11 |  -.0154388   .0377422    -0.41   0.682    -.0894121    .0585345
       e_10_11 |   -.012561   .0952835    -0.13   0.895    -.1993131    .1741912
       e_11_11 |  -.8183553   .1255903    -6.52   0.000    -1.064508   -.5722029
       e_12_11 |   .0762589    .081234     0.94   0.348    -.0829568    .2354746
       e_13_11 |   .4029785   .2228225     1.81   0.071    -.0337455    .8397026
       e_14_11 |   .1047081   .2408067     0.43   0.664    -.3672643    .5766806
       e_15_11 |   .0577847   .0563111     1.03   0.305     -.052583    .1681523
        e_1_12 |  -.1600175    .095525    -1.68   0.094    -.3472431    .0272081
        e_2_12 |   .0659735   .0510884     1.29   0.197    -.0341578    .1661049
        e_3_12 |   .2361709   .1181952     2.00   0.046     .0045125    .4678293
        e_4_12 |   .0866553    .078618     1.10   0.270    -.0674332    .2407438
        e_5_12 |   .0289971   .0317637     0.91   0.361    -.0332586    .0912529
        e_6_12 |   .0814649   .0412986     1.97   0.049     .0005211    .1624087
        e_7_12 |    .037534   .0766804     0.49   0.624    -.1127569    .1878249
        e_8_12 |   .0592036   .0696304     0.85   0.395    -.0772694    .1956766
        e_9_12 |   .0056293   .0344795     0.16   0.870    -.0619492    .0732079
       e_10_12 |  -.1262293   .0565379    -2.23   0.026    -.2370415    -.015417
       e_11_12 |    .040508     .04825     0.84   0.401    -.0540602    .1350762
       e_12_12 |    -.98075   .2228507    -4.40   0.000    -1.417529   -.5439707
       e_13_12 |   .7824181   .1942415     4.03   0.000     .4017117    1.163125
       e_14_12 |  -.0648749   .1732274    -0.37   0.708    -.4043944    .2746446
       e_15_12 |  -.0208686   .0511566    -0.41   0.683    -.1211337    .0793964
        e_1_13 |    .055777   .1859957     0.30   0.764    -.3087678    .4203218
        e_2_13 |  -.0336098   .1187468    -0.28   0.777    -.2663492    .1991297
        e_3_13 |   .1982026     .15659     1.27   0.206    -.1087081    .5051132
        e_4_13 |   .3252743   .2905231     1.12   0.263    -.2441405    .8946891
        e_5_13 |  -.0087991   .0638457    -0.14   0.890    -.1339343    .1163361
        e_6_13 |   .0460391   .0968686     0.48   0.635    -.1438199     .235898
        e_7_13 |    .171137   .0697268     2.45   0.014      .034475    .3077989
        e_8_13 |   .0624978   .0759677     0.82   0.411     -.086396    .2113917
        e_9_13 |   .0854726   .0914492     0.93   0.350    -.0937644    .2647097
       e_10_13 |   .0606929   .2030325     0.30   0.765    -.3372435    .4586293
       e_11_13 |   .0760233   .0650681     1.17   0.243    -.0515078    .2035544
       e_12_13 |    .256394   .0995692     2.58   0.010      .061242     .451546
       e_13_13 |  -.8338267   .1018243    -8.19   0.000    -1.033399   -.6342548
       e_14_13 |   .2822296   .3554816     0.79   0.427    -.4145015    .9789608
       e_15_13 |   .1054112   .0739868     1.42   0.154    -.0396003    .2504228
        e_1_14 |   .0942496   .1075118     0.88   0.381    -.1164697     .304969
        e_2_14 |   .0890887    .118226     0.75   0.451      -.14263    .3208074
        e_3_14 |  -.0356646   .1010384    -0.35   0.724    -.2336963     .162367
        e_4_14 |  -.1300658   .2219315    -0.59   0.558    -.5650435     .304912
        e_5_14 |   .0417209   .0597771     0.70   0.485      -.07544    .1588818
        e_6_14 |   .0588757   .0826592     0.71   0.476    -.1031333    .2208847
        e_7_14 |   .1353757   .0857031     1.58   0.114    -.0325993    .3033506
        e_8_14 |   .2632342   .0926269     2.84   0.004     .0816889    .4447795
        e_9_14 |   .1138018   .0762616     1.49   0.136    -.0356681    .2632717
       e_10_14 |  -.0481281   .1499146    -0.32   0.748    -.3419554    .2456991
       e_11_14 |    .030586   .0470329     0.65   0.515    -.0615968    .1227689
       e_12_14 |  -.0015519   .0793536    -0.02   0.984    -.1570821    .1539783
       e_13_14 |   .0017478   .1859196     0.01   0.992    -.3626479    .3661436
       e_14_14 |  -.9161655   .2737345    -3.35   0.001    -1.452675   -.3796556
       e_15_14 |   .0704872   .0731926     0.96   0.336    -.0729676     .213942
        e_1_15 |  -.0298765    .132743    -0.23   0.822    -.2900479    .2302949
        e_2_15 |   .0952609   .1392932     0.68   0.494    -.1777487    .3682706
        e_3_15 |   .1941976   .1610919     1.21   0.228    -.1215367    .5099318
        e_4_15 |  -.1695309    .128907    -1.32   0.188    -.4221839    .0831222
        e_5_15 |    .040201   .0653986     0.61   0.539    -.0879778    .1683799
        e_6_15 |  -.1311445   .2156232    -0.61   0.543    -.5537582    .2914691
        e_7_15 |   .0717778   .0544603     1.32   0.188    -.0349624    .1785181
        e_8_15 |  -.0461222   .1460268    -0.32   0.752    -.3323296    .2400851
        e_9_15 |   .0056061   .1953342     0.03   0.977    -.3772418    .3884541
       e_10_15 |   .0404312   .1497155     0.27   0.787    -.2530057    .3338681
       e_11_15 |   .0332364   .0532518     0.62   0.533    -.0711351    .1376079
       e_12_15 |   .0199514   .0694057     0.29   0.774    -.1160814    .1559841
       e_13_15 |   .2787703   .2393341     1.16   0.244    -.1903158    .7478565
       e_14_15 |   .5380629   .2438346     2.21   0.027     .0601559     1.01597
       e_15_15 |  -.7848895   .4238681    -1.85   0.064    -1.615656    .0458767
--------------------------------------------------------------------------------
Note: One or more parameters could not be estimated in 19 bootstrap replicates;
      standard-error estimates include only complete replications.

. parmest, saving(adj_med_mid_output, replace)
(file adj_med_mid_output.dta not found)
file adj_med_mid_output.dta saved

. 
. log close
      name:  <unnamed>
       log:  C:\Users\Chung\Desktop\EVS\Adj_med\Mid\adj_med_mid.log
  log type:  text
 closed on:  18 Feb 2025, 17:39:50
------------------------------------------------------------------------------------------------------------------
