------------------------------------------------------------------------------------------------------------------
      name:  <unnamed>
       log:  C:\Users\Chung\Desktop\EVS\Adj_med\Low\adj_med_low.log
  log type:  text
 opened on:   9 Feb 2025, 13:34:27

. 
. *load the main data
. use "$path\adj_med_low.dta", clear 

. 
. *set seed
. set seed 123

. 
. *define the local variables for the estimation
. local demographic_vars urban EF29 monthly age edu

. local adj_median_prices adj_P1 adj_P2 adj_P3 adj_P4 adj_P5 adj_P6 adj_P7 adj_P8 adj_P9 adj_P10 adj_P11 adj_P12 a
> dj_P13 adj_P14 adj_P15

. 
. *estimate the QUAIDSCE model
. quaidsce W1-W15, anot(2) prices(`adj_median_prices') expenditure(expfd) demographics(`demographic_vars') nolog r
> eps(50)
--------------------------------------------------------------------------------
Parallel Computing with Stata
Child processes: 7
pll_id         : 55iyr43gh1
Running at     : C:\Users\Chung\Desktop\EVS\Adj_med\Low
Randtype       : datetime
Waiting for the child processes to finish...
child process 0002 has exited without error...
child process 0004 has exited without error...
child process 0007 has exited without error...
child process 0003 has exited without error...
child process 0005 has exited without error...
child process 0001 has exited without error...
child process 0006 has exited without error...
--------------------------------------------------------------------------------
Enter -parallel printlog #- to checkout logfiles.
--------------------------------------------------------------------------------

parallel bootstrapping                                   Number of obs = 2,523
                                                         Replications  =    40

      Command: quaidsce_c W1-W15, anot(2) prices(adj_P1 adj_P2 adj_P3 adj_P4 adj_P5 adj_P6 adj_P7 adj_P8 adj_P9
                   adj_P10 adj_P11 adj_P12 adj_P13 adj_P14 adj_P15) expenditure(expfd) demographics(urban EF29
                   monthly age edu) nolog reps(50)

--------------------------------------------------------------------------------
               |   Observed   Bootstrap                         Normal-based
               | coefficient  std. err.      z    P>|z|     [95% conf. interval]
---------------+----------------------------------------------------------------
alpha          |
       alpha_1 |   .0819262    .044851     1.83   0.068    -.0059801    .1698325
       alpha_2 |    .013759   .0287479     0.48   0.632     -.042586    .0701039
       alpha_3 |  -.0057747   .0565245    -0.10   0.919    -.1165607    .1050112
       alpha_4 |  -.0013679    .038516    -0.04   0.972     -.076858    .0741222
       alpha_5 |   .0589559   .0216471     2.72   0.006     .0165284    .1013834
       alpha_6 |   .0237544   .0269045     0.88   0.377    -.0289775    .0764864
       alpha_7 |   .0036847   .0334937     0.11   0.912    -.0619619    .0693312
       alpha_8 |   .0920545   .0577603     1.59   0.111    -.0211536    .2052626
       alpha_9 |   .0219586    .016003     1.37   0.170    -.0094067    .0533238
      alpha_10 |   .0315896    .028101     1.12   0.261    -.0234874    .0866665
      alpha_11 |   -.012356   .0221376    -0.56   0.577    -.0557449    .0310328
      alpha_12 |   .0220876   .0278947     0.79   0.428    -.0325851    .0767603
      alpha_13 |   .1567148   .0771488     2.03   0.042     .0055059    .3079237
      alpha_14 |   .3294797   .0871818     3.78   0.000     .1586064     .500353
      alpha_15 |   .0378368   .0453826     0.83   0.404    -.0511115    .1267852
---------------+----------------------------------------------------------------
beta           |
        beta_1 |  -.0019779   .0343136    -0.06   0.954    -.0692312    .0652754
        beta_2 |   .0030823   .0159242     0.19   0.847    -.0281286    .0342931
        beta_3 |   .0877999   .0386482     2.27   0.023     .0120508     .163549
        beta_4 |   .0133425   .0248574     0.54   0.591    -.0353771    .0620622
        beta_5 |   -.023946   .0126836    -1.89   0.059    -.0488055    .0009135
        beta_6 |  -.0098733    .015901    -0.62   0.535    -.0410387    .0212921
        beta_7 |   .0300991   .0229847     1.31   0.190      -.01495    .0751482
        beta_8 |  -.0351724   .0442295    -0.80   0.426    -.1218606    .0515158
        beta_9 |  -.0094988   .0075917    -1.25   0.211    -.0243782    .0053807
       beta_10 |  -.0058351   .0146891    -0.40   0.691    -.0346251     .022955
       beta_11 |   .0327088   .0140317     2.33   0.020     .0052073    .0602104
       beta_12 |   .0075309   .0218973     0.34   0.731    -.0353869    .0504488
       beta_13 |   .0955342   .0538542     1.77   0.076    -.0100181    .2010864
       beta_14 |  -.1857045   .0655321    -2.83   0.005     -.314145    -.057264
       beta_15 |   .0016892   .0295714     0.06   0.954    -.0562698    .0596481
---------------+----------------------------------------------------------------
gamma          |
     gamma_1_1 |   .0098672   .0220171     0.45   0.654    -.0332856      .05302
     gamma_2_1 |    .011503   .0063563     1.81   0.070    -.0009551    .0239612
     gamma_3_1 |  -.0154468   .0106483    -1.45   0.147     -.036317    .0054234
     gamma_4_1 |  -.0129711    .012978    -1.00   0.318    -.0384074    .0124652
     gamma_5_1 |   .0003778   .0031555     0.12   0.905    -.0058068    .0065625
     gamma_6_1 |  -.0054686   .0064237    -0.85   0.395    -.0180588    .0071215
     gamma_7_1 |   .0038656   .0076624     0.50   0.614    -.0111524    .0188837
     gamma_8_1 |   .0114502   .0138796     0.82   0.409    -.0157533    .0386537
     gamma_9_1 |  -.0001774   .0018187    -0.10   0.922    -.0037419    .0033871
    gamma_10_1 |  -.0102565   .0084228    -1.22   0.223    -.0267648    .0062519
    gamma_11_1 |  -.0042026   .0054901    -0.77   0.444    -.0149631    .0065578
    gamma_12_1 |   .0019833    .004334     0.46   0.647    -.0065111    .0104777
    gamma_13_1 |  -.0152057   .0249184    -0.61   0.542    -.0640448    .0336335
    gamma_14_1 |   .0113406   .0266657     0.43   0.671    -.0409232    .0636043
    gamma_15_1 |    .013341   .0052755     2.53   0.011     .0030013    .0236807
     gamma_2_2 |  -.0035327   .0101177    -0.35   0.727    -.0233631    .0162976
     gamma_3_2 |   .0003908   .0050502     0.08   0.938    -.0095075    .0102891
     gamma_4_2 |  -.0240554   .0088796    -2.71   0.007     -.041459   -.0066518
     gamma_5_2 |   .0006743   .0016755     0.40   0.687    -.0026095    .0039582
     gamma_6_2 |   .0018208    .004832     0.38   0.706    -.0076497    .0112913
     gamma_7_2 |   .0059609   .0046615     1.28   0.201    -.0031755    .0150974
     gamma_8_2 |   .0069378   .0057086     1.22   0.224    -.0042509    .0181266
     gamma_9_2 |   .0002934   .0022728     0.13   0.897    -.0041612     .004748
    gamma_10_2 |   .0058563   .0071553     0.82   0.413    -.0081678    .0198804
    gamma_11_2 |  -.0057148    .002783    -2.05   0.040    -.0111693   -.0002603
    gamma_12_2 |  -.0027149   .0037387    -0.73   0.468    -.0100425    .0046127
    gamma_13_2 |   -.001693   .0086107    -0.20   0.844    -.0185696    .0151835
    gamma_14_2 |   .0044648   .0149689     0.30   0.765    -.0248736    .0338033
    gamma_15_2 |  -.0001914   .0038433    -0.05   0.960    -.0077242    .0073414
     gamma_3_3 |  -.0049185   .0197874    -0.25   0.804     -.043701     .033864
     gamma_4_3 |   .0172481   .0086415     2.00   0.046     .0003112    .0341851
     gamma_5_3 |   -.000805   .0035205    -0.23   0.819    -.0077051    .0060951
     gamma_6_3 |   .0011105   .0050578     0.22   0.826    -.0088027    .0110237
     gamma_7_3 |  -.0087992   .0064884    -1.36   0.175    -.0215163    .0039179
     gamma_8_3 |  -.0010412   .0121486    -0.09   0.932     -.024852    .0227695
     gamma_9_3 |   .0001914   .0020028     0.10   0.924     -.003734    .0041168
    gamma_10_3 |   .0045093   .0045365     0.99   0.320    -.0043821    .0134007
    gamma_11_3 |   .0015579    .005137     0.30   0.762    -.0085104    .0116261
    gamma_12_3 |   .0005992    .005999     0.10   0.920    -.0111585     .012357
    gamma_13_3 |  -.0121308   .0191335    -0.63   0.526    -.0496317    .0253702
    gamma_14_3 |   .0185059   .0191361     0.97   0.334    -.0190001    .0560119
    gamma_15_3 |  -.0009717   .0059195    -0.16   0.870    -.0125737    .0106303
     gamma_4_4 |   .0622389   .0354656     1.75   0.079    -.0072723    .1317502
     gamma_5_4 |   .0016848   .0029792     0.57   0.572    -.0041543     .007524
     gamma_6_4 |  -.0180022   .0103752    -1.74   0.083    -.0383371    .0023328
     gamma_7_4 |   .0086014   .0065084     1.32   0.186    -.0041549    .0213577
     gamma_8_4 |  -.0022236   .0092824    -0.24   0.811    -.0204167    .0159696
     gamma_9_4 |  -.0060355    .004062    -1.49   0.137    -.0139969    .0019259
    gamma_10_4 |   .0013963    .012616     0.11   0.912    -.0233306    .0261232
    gamma_11_4 |  -.0009862   .0045191    -0.22   0.827    -.0098436    .0078711
    gamma_12_4 |  -.0074601   .0046898    -1.59   0.112    -.0166519    .0017316
    gamma_13_4 |   .0076551   .0092221     0.83   0.406    -.0104199    .0257301
    gamma_14_4 |  -.0216248   .0259113    -0.83   0.404    -.0724101    .0291605
    gamma_15_4 |  -.0054659   .0067166    -0.81   0.416    -.0186302    .0076985
     gamma_5_5 |  -.0016376   .0017593    -0.93   0.352    -.0050858    .0018106
     gamma_6_5 |  -.0020745   .0017882    -1.16   0.246    -.0055793    .0014303
     gamma_7_5 |   .0017878   .0024469     0.73   0.465    -.0030081    .0065837
     gamma_8_5 |  -.0005984   .0029664    -0.20   0.840    -.0064124    .0052157
     gamma_9_5 |  -.0010438   .0006501    -1.61   0.108    -.0023179    .0002303
    gamma_10_5 |  -.0005187   .0021335    -0.24   0.808    -.0047002    .0036629
    gamma_11_5 |   .0022889   .0014289     1.60   0.109    -.0005117    .0050896
    gamma_12_5 |   .0018725   .0020027     0.93   0.350    -.0020527    .0057976
    gamma_13_5 |   .0117988   .0074507     1.58   0.113    -.0028042    .0264019
    gamma_14_5 |  -.0150784   .0067048    -2.25   0.025    -.0282196   -.0019373
    gamma_15_5 |   .0012713   .0020064     0.63   0.526    -.0026611    .0052037
     gamma_6_6 |  -.0093448   .0099596    -0.94   0.348    -.0288653    .0101757
     gamma_7_6 |   .0052734   .0037871     1.39   0.164    -.0021491    .0126959
     gamma_8_6 |   .0050632   .0041744     1.21   0.225    -.0031184    .0132448
     gamma_9_6 |   -.000848   .0025054    -0.34   0.735    -.0057586    .0040625
    gamma_10_6 |  -.0108929   .0085553    -1.27   0.203    -.0276609    .0058751
    gamma_11_6 |   .0003549   .0029107     0.12   0.903      -.00535    .0060599
    gamma_12_6 |  -.0036087   .0032646    -1.11   0.269    -.0100073    .0027898
    gamma_13_6 |   .0079503   .0076415     1.04   0.298    -.0070268    .0229274
    gamma_14_6 |   .0339761   .0167172     2.03   0.042     .0012111    .0667412
    gamma_15_6 |  -.0053095   .0041902    -1.27   0.205    -.0135222    .0029032
     gamma_7_7 |  -.0084816   .0058855    -1.44   0.150     -.020017    .0030537
     gamma_8_7 |  -.0002397   .0077658    -0.03   0.975    -.0154603    .0149809
     gamma_9_7 |   .0009328   .0012735     0.73   0.464    -.0015633    .0034289
    gamma_10_7 |   .0051466   .0053159     0.97   0.333    -.0052723    .0155656
    gamma_11_7 |  -.0072507   .0028733    -2.52   0.012    -.0128823   -.0016191
    gamma_12_7 |   -.000868    .003275    -0.27   0.791    -.0072868    .0055509
    gamma_13_7 |  -.0021064     .01431    -0.15   0.883    -.0301536    .0259407
    gamma_14_7 |  -.0024883   .0153294    -0.16   0.871    -.0325333    .0275567
    gamma_15_7 |  -.0013347    .004033    -0.33   0.741    -.0092392    .0065697
     gamma_8_8 |  -.0174101   .0130018    -1.34   0.181    -.0428931     .008073
     gamma_9_8 |  -.0023238   .0022069    -1.05   0.292    -.0066492    .0020015
    gamma_10_8 |   .0136257   .0064062     2.13   0.033     .0010698    .0261817
    gamma_11_8 |   -.009935   .0056964    -1.74   0.081    -.0210998    .0012298
    gamma_12_8 |  -.0024021   .0067958    -0.35   0.724    -.0157215    .0109174
    gamma_13_8 |   .0024219   .0183998     0.13   0.895    -.0336411    .0384849
    gamma_14_8 |   .0001786    .019971     0.01   0.993    -.0389639     .039321
    gamma_15_8 |  -.0035035   .0064548    -0.54   0.587    -.0161546    .0091475
     gamma_9_9 |  -.0041495   .0012042    -3.45   0.001    -.0065096   -.0017893
    gamma_10_9 |  -.0004138   .0035726    -0.12   0.908    -.0074161    .0065884
    gamma_11_9 |   .0012653   .0012877     0.98   0.326    -.0012586    .0037891
    gamma_12_9 |   .0017707   .0010924     1.62   0.105    -.0003704    .0039118
    gamma_13_9 |   .0008347   .0035083     0.24   0.812    -.0060415    .0077109
    gamma_14_9 |   .0080162   .0065019     1.23   0.218    -.0047273    .0207596
    gamma_15_9 |   .0016873   .0018115     0.93   0.352    -.0018631    .0052377
   gamma_10_10 |   .0047745    .019656     0.24   0.808    -.0337506    .0432996
   gamma_11_10 |   -.002332   .0044375    -0.53   0.599    -.0110294    .0063654
   gamma_12_10 |   .0013054   .0047035     0.28   0.781    -.0079134    .0105241
   gamma_13_10 |   .0067925   .0116569     0.58   0.560    -.0160545    .0296396
   gamma_14_10 |   -.010842   .0213742    -0.51   0.612    -.0527347    .0310507
   gamma_15_10 |  -.0081508   .0041111    -1.98   0.047    -.0162084   -.0000932
   gamma_11_11 |  -.0014979   .0030815    -0.49   0.627    -.0075375    .0045416
   gamma_12_11 |  -.0002418   .0027284    -0.09   0.929    -.0055894    .0051057
   gamma_13_11 |  -.0035366   .0079878    -0.44   0.658    -.0191925    .0121193
   gamma_14_11 |   .0298602   .0113088     2.64   0.008     .0076954     .052025
   gamma_15_11 |   .0003705   .0027928     0.13   0.894    -.0051034    .0058443
   gamma_12_12 |  -.0041927   .0090784    -0.46   0.644    -.0219861    .0136007
   gamma_13_12 |  -.0025481   .0100253    -0.25   0.799    -.0221973    .0171011
   gamma_14_12 |   .0165158   .0145674     1.13   0.257    -.0120357    .0450673
   gamma_15_12 |  -.0000105   .0027314    -0.00   0.997    -.0053639    .0053429
   gamma_13_13 |  -.0629396   .0397915    -1.58   0.114    -.1409296    .0150503
   gamma_14_13 |   .0537395   .0370456     1.45   0.147    -.0188686    .1263476
   gamma_15_13 |   .0089674   .0098155     0.91   0.361    -.0102706    .0282054
   gamma_14_14 |  -.1238689   .0708079    -1.75   0.080    -.2626499    .0149121
   gamma_15_14 |  -.0026952   .0121685    -0.22   0.825    -.0265449    .0211546
   gamma_15_15 |   .0019956   .0052825     0.38   0.706    -.0083578    .0123491
---------------+----------------------------------------------------------------
lambda         |
      lambda_1 |   .0014319   .0067381     0.21   0.832    -.0117746    .0146384
      lambda_2 |  -.0003673   .0026373    -0.14   0.889    -.0055364    .0048018
      lambda_3 |  -.0160327   .0071651    -2.24   0.025    -.0300761   -.0019893
      lambda_4 |  -.0009951    .004448    -0.22   0.823    -.0097131    .0077229
      lambda_5 |   .0034538   .0020078     1.72   0.085    -.0004814    .0073891
      lambda_6 |   .0014879   .0025965     0.57   0.567    -.0036013     .006577
      lambda_7 |  -.0040981   .0038216    -1.07   0.284    -.0115882    .0033921
      lambda_8 |   .0136989   .0090284     1.52   0.129    -.0039964    .0313942
      lambda_9 |   .0014366   .0010809     1.33   0.184    -.0006819     .003555
     lambda_10 |   .0008665   .0023363     0.37   0.711    -.0037126    .0054457
     lambda_11 |  -.0065676   .0023099    -2.84   0.004     -.011095   -.0020402
     lambda_12 |  -.0008215    .004098    -0.20   0.841    -.0088533    .0072104
     lambda_13 |  -.0291462    .012092    -2.41   0.016     -.052846   -.0054464
     lambda_14 |   .0360534   .0132153     2.73   0.006      .010152    .0619548
     lambda_15 |  -.0002739   .0049169    -0.06   0.956    -.0099109    .0093631
---------------+----------------------------------------------------------------
delta          |
       delta_1 |   .1116317   .0290672     3.84   0.000      .054661    .1686025
       delta_2 |   .0375318   .0181263     2.07   0.038     .0020048    .0730588
       delta_3 |   .1194932   .0399102     2.99   0.003     .0412707    .1977158
       delta_4 |   .0653695   .0151083     4.33   0.000     .0357577    .0949813
       delta_5 |  -.0000142   .0071454    -0.00   0.998    -.0140189    .0139904
       delta_6 |   .0243791   .0145703     1.67   0.094    -.0041782    .0529364
       delta_7 |   .0782416   .0146025     5.36   0.000     .0496212     .106862
       delta_8 |   .1318675   .0467887     2.82   0.005     .0401632    .2235717
       delta_9 |   .0137207   .0106287     1.29   0.197    -.0071112    .0345527
      delta_10 |   .0317857   .0106705     2.98   0.003     .0108718    .0526995
      delta_11 |   .0173982   .0074006     2.35   0.019     .0028933    .0319031
      delta_12 |   .0436336    .009347     4.67   0.000     .0253138    .0619535
      delta_13 |   .2530517   .0971618     2.60   0.009      .062618    .4434853
      delta_14 |   .2002517   .0321559     6.23   0.000     .1372272    .2632761
      delta_15 |   .0283361   .0164286     1.72   0.085    -.0038634    .0605356
---------------+----------------------------------------------------------------
eta            |
   eta_urban_1 |   .0007377   .0013199     0.56   0.576    -.0018492    .0033247
   eta_urban_2 |   .0002979   .0005461     0.55   0.585    -.0007723    .0013682
   eta_urban_3 |  -.0017875   .0019401    -0.92   0.357      -.00559    .0020151
   eta_urban_4 |   .0000221   .0010321     0.02   0.983    -.0020008     .002045
   eta_urban_5 |  -.0000881   .0004075    -0.22   0.829    -.0008868    .0007106
   eta_urban_6 |   .0002913   .0005068     0.57   0.565    -.0007019    .0012846
   eta_urban_7 |  -.0002704   .0013699    -0.20   0.844    -.0029554    .0024147
   eta_urban_8 |  -.0038582   .0023092    -1.67   0.095    -.0083842    .0006678
   eta_urban_9 |  -.0000879   .0002167    -0.41   0.685    -.0005126    .0003368
  eta_urban_10 |   .0003346    .000644     0.52   0.603    -.0009277    .0015969
  eta_urban_11 |  -.0001603   .0004296    -0.37   0.709    -.0010022    .0006817
  eta_urban_12 |   .0010194   .0010321     0.99   0.323    -.0010035    .0030423
  eta_urban_13 |  -.0015065   .0050841    -0.30   0.767    -.0114711    .0084581
  eta_urban_14 |   .0046525   .0027291     1.70   0.088    -.0006966    .0100015
  eta_urban_15 |   .0004033   .0007036     0.57   0.567    -.0009758    .0017823
    eta_EF29_1 |   .0006819   .0010477     0.65   0.515    -.0013715    .0027353
    eta_EF29_2 |   .0004119   .0004191     0.98   0.326    -.0004095    .0012333
    eta_EF29_3 |  -.0007326   .0010671    -0.69   0.492    -.0028241    .0013588
    eta_EF29_4 |   .0006074   .0008743     0.69   0.487    -.0011062    .0023211
    eta_EF29_5 |  -.0004529   .0002605    -1.74   0.082    -.0009634    .0000576
    eta_EF29_6 |  -.0003115   .0002304    -1.35   0.176    -.0007632    .0001401
    eta_EF29_7 |   .0003142   .0005177     0.61   0.544    -.0007005    .0013289
    eta_EF29_8 |   .0008838   .0013414     0.66   0.510    -.0017453    .0035129
    eta_EF29_9 |   .0000389   .0001041     0.37   0.709    -.0001651    .0002429
   eta_EF29_10 |  -.0001371   .0003393    -0.40   0.686    -.0008021    .0005279
   eta_EF29_11 |  -.0009388   .0003401    -2.76   0.006    -.0016055   -.0002722
   eta_EF29_12 |   .0000685   .0005186     0.13   0.895    -.0009479     .001085
   eta_EF29_13 |  -.0030437   .0036103    -0.84   0.399    -.0101197    .0040323
   eta_EF29_14 |   .0021248   .0016302     1.30   0.192    -.0010703      .00532
   eta_EF29_15 |   .0004852   .0005114     0.95   0.343    -.0005171    .0014875
 eta_monthly_1 |  -1.74e-06   1.09e-06    -1.59   0.112    -3.88e-06    4.07e-07
 eta_monthly_2 |  -2.34e-07   3.45e-07    -0.68   0.497    -9.10e-07    4.42e-07
 eta_monthly_3 |  -8.69e-08   1.23e-06    -0.07   0.944    -2.49e-06    2.32e-06
 eta_monthly_4 |  -1.56e-06   5.41e-07    -2.89   0.004    -2.62e-06   -5.03e-07
 eta_monthly_5 |  -7.88e-08   2.01e-07    -0.39   0.695    -4.72e-07    3.15e-07
 eta_monthly_6 |   2.35e-07   2.36e-07     0.99   0.321    -2.29e-07    6.98e-07
 eta_monthly_7 |  -4.03e-07   4.02e-07    -1.00   0.316    -1.19e-06    3.84e-07
 eta_monthly_8 |  -2.38e-06   1.07e-06    -2.23   0.026    -4.47e-06   -2.88e-07
 eta_monthly_9 |   2.92e-08   8.68e-08     0.34   0.737    -1.41e-07    1.99e-07
eta_monthly_10 |   1.32e-07   3.22e-07     0.41   0.681    -4.99e-07    7.64e-07
eta_monthly_11 |   6.22e-07   2.51e-07     2.48   0.013     1.29e-07    1.11e-06
eta_monthly_12 |  -1.15e-06   4.83e-07    -2.39   0.017    -2.10e-06   -2.07e-07
eta_monthly_13 |   9.37e-06   2.77e-06     3.39   0.001     3.94e-06    .0000148
eta_monthly_14 |  -3.05e-06   2.07e-06    -1.48   0.140    -7.10e-06    1.00e-06
eta_monthly_15 |   3.00e-07   3.85e-07     0.78   0.436    -4.54e-07    1.05e-06
     eta_age_1 |   .0000915   .0000532     1.72   0.085    -.0000127    .0001957
     eta_age_2 |   .0000841   .0000312     2.70   0.007     .0000229    .0001452
     eta_age_3 |  -.0001745   .0000663    -2.63   0.008    -.0003044   -.0000447
     eta_age_4 |   .0000176   .0000594     0.30   0.768    -.0000989    .0001341
     eta_age_5 |   .0000187   .0000171     1.09   0.274    -.0000148    .0000522
     eta_age_6 |   .0000234   .0000291     0.81   0.421    -.0000336    .0000804
     eta_age_7 |   .0000412   .0000436     0.95   0.344    -.0000442    .0001267
     eta_age_8 |   .0002807   .0000629     4.47   0.000     .0001575    .0004039
     eta_age_9 |   5.79e-06   7.61e-06     0.76   0.447    -9.13e-06    .0000207
    eta_age_10 |   .0000146   .0000299     0.49   0.625    -.0000439    .0000731
    eta_age_11 |  -.0000412   .0000187    -2.20   0.028    -.0000778   -4.51e-06
    eta_age_12 |   .0000677   .0000397     1.71   0.088    -.0000101    .0001456
    eta_age_13 |  -.0003405   .0002078    -1.64   0.101    -.0007478    .0000668
    eta_age_14 |  -.0000241   .0000986    -0.24   0.807    -.0002173     .000169
    eta_age_15 |  -.0000649    .000025    -2.60   0.009    -.0001138    -.000016
     eta_edu_1 |  -.0002341    .002339    -0.10   0.920    -.0048184    .0043502
     eta_edu_2 |  -.0003822   .0009621    -0.40   0.691    -.0022678    .0015034
     eta_edu_3 |   .0070076   .0023276     3.01   0.003     .0024457    .0115695
     eta_edu_4 |   .0015711   .0015163     1.04   0.300    -.0014007    .0045429
     eta_edu_5 |  -.0000305   .0005298    -0.06   0.954    -.0010689    .0010079
     eta_edu_6 |  -.0008342   .0007631    -1.09   0.274    -.0023298    .0006615
     eta_edu_7 |   .0013911   .0013413     1.04   0.300    -.0012379    .0040201
     eta_edu_8 |   .0012849   .0027712     0.46   0.643    -.0041467    .0067164
     eta_edu_9 |  -.0001122   .0002557    -0.44   0.661    -.0006134    .0003891
    eta_edu_10 |  -.0003829    .000931    -0.41   0.681    -.0022076    .0014418
    eta_edu_11 |   .0005366   .0005834     0.92   0.358    -.0006069      .00168
    eta_edu_12 |   .0017699   .0010021     1.77   0.077    -.0001942     .003734
    eta_edu_13 |  -.0119018   .0091727    -1.30   0.194    -.0298799    .0060764
    eta_edu_14 |   .0002672   .0040646     0.07   0.948    -.0076994    .0082337
    eta_edu_15 |   .0000494   .0013193     0.04   0.970    -.0025362    .0026351
---------------+----------------------------------------------------------------
rho            |
     rho_urban |  -.0550311   .1292813    -0.43   0.670    -.3084179    .1983557
      rho_EF29 |  -.0031649   .0965422    -0.03   0.974    -.1923841    .1860542
   rho_monthly |   -.000043   .0000682    -0.63   0.528    -.0001766    .0000906
       rho_age |   .0094206    .005262     1.79   0.073    -.0008928    .0197341
       rho_edu |   .7200002   .3047278     2.36   0.018     .1227447    1.317256
---------------+----------------------------------------------------------------
tau            |
          p1_1 |  -1.869929   .3462782    -5.40   0.000    -2.548622   -1.191236
          p2_1 |   .8249753   .4626048     1.78   0.075    -.0817135    1.731664
          p3_1 |   .0676768   .2683222     0.25   0.801     -.458225    .5935787
          p4_1 |   1.607521   1.256166     1.28   0.201    -.8545196    4.069561
          p5_1 |  -.0258436   .1264969    -0.20   0.838    -.2737729    .2220858
          p6_1 |   .5109718   .8134198     0.63   0.530    -1.083302    2.105245
          p7_1 |   .5047304   .2965522     1.70   0.089    -.0765012    1.085962
          p8_1 |   .2159275   .2657569     0.81   0.417    -.3049465    .7368015
          p9_1 |  -.6580218   .2927992    -2.25   0.025    -1.231898   -.0841458
         p10_1 |  -1.105587   1.274295    -0.87   0.386    -3.603158    1.391985
         p11_1 |   .0601736   .1737215     0.35   0.729    -.2803143    .4006614
         p12_1 |   .1396983   .2285923     0.61   0.541    -.3083345    .5877311
         p13_1 |  -.0312935   .4843042    -0.06   0.948    -.9805124    .9179253
         p14_1 |  -1.682781    2.40215    -0.70   0.484    -6.390909    3.025347
         p15_1 |    .218472   .2122129     1.03   0.303    -.1974577    .6344016
           M_1 |   .7704795   .0812584     9.48   0.000     .6112159     .929743
       urban_1 |   .0011884   .1009765     0.01   0.991     -.196722    .1990988
        EF29_1 |  -.0682396   .0973959    -0.70   0.484    -.2591321    .1226529
     monthly_1 |   .0000944   .0000737     1.28   0.200      -.00005    .0002388
         age_1 |  -.0009296   .0028951    -0.32   0.748     -.006604    .0047447
         edu_1 |   .0581013   .1699107     0.34   0.732    -.2749175      .39112
        cons_1 |  -2.161243   .3224294    -6.70   0.000    -2.793193   -1.529293
          p1_2 |   .4674897   .3203642     1.46   0.144    -.1604126    1.095392
          p2_2 |  -1.953072   .2185319    -8.94   0.000    -2.381386   -1.524757
          p3_2 |   .0448308   .2464402     0.18   0.856    -.4381832    .5278448
          p4_2 |  -.2346328   .6924637    -0.34   0.735    -1.591837    1.122571
          p5_2 |   .0168476   .0863586     0.20   0.845    -.1524122    .1861073
          p6_2 |   .9180615    .498208     1.84   0.065    -.0584082    1.894531
          p7_2 |  -.0268901   .2025107    -0.13   0.894    -.4238038    .3700237
          p8_2 |   .4114448   .2021476     2.04   0.042     .0152428    .8076468
          p9_2 |  -.0596409    .220348    -0.27   0.787     -.491515    .3722333
         p10_2 |   .4869079   .5168717     0.94   0.346    -.5261419    1.499958
         p11_2 |  -.1045807    .089081    -1.17   0.240    -.2791763    .0700148
         p12_2 |  -.0955111   .1523933    -0.63   0.531    -.3941965    .2031744
         p13_2 |  -.2070477   .2972212    -0.70   0.486    -.7895905    .3754951
         p14_2 |   -2.03269   1.482243    -1.37   0.170    -4.937833     .872454
         p15_2 |  -.0568473   .1367026    -0.42   0.678    -.3247794    .2110849
           M_2 |   .8529769     .07106    12.00   0.000     .7137019     .992252
       urban_2 |   .1041365   .0653902     1.59   0.111     -.024026     .232299
        EF29_2 |   -.100583   .0552899    -1.82   0.069    -.2089492    .0077833
     monthly_2 |   9.75e-07    .000038     0.03   0.979    -.0000734    .0000754
         age_2 |   -.001629   .0015533    -1.05   0.294    -.0046734    .0014154
         edu_2 |   .0700454   .0668762     1.05   0.295    -.0610295    .2011204
        cons_2 |  -3.386234    .320193   -10.58   0.000    -4.013801   -2.758668
          p1_3 |   -.168478   .5739916    -0.29   0.769    -1.293481    .9565248
          p2_3 |  -.0076561   .7229215    -0.01   0.992    -1.424556    1.409244
          p3_3 |  -.6916264   .3085124    -2.24   0.025      -1.2963   -.0869532
          p4_3 |  -.4524223   1.458763    -0.31   0.756    -3.311545      2.4067
          p5_3 |   .1960624   .1145123     1.71   0.087    -.0283776    .4205024
          p6_3 |   2.593312   1.650816     1.57   0.116     -.642229    5.828852
          p7_3 |  -.2576231   .3428028    -0.75   0.452    -.9295042     .414258
          p8_3 |   .3498516   .4235884     0.83   0.409    -.4803665     1.18007
          p9_3 |   -.518959    .404899    -1.28   0.200    -1.312546    .2746284
         p10_3 |  -.7207354   1.510676    -0.48   0.633    -3.681607    2.240136
         p11_3 |   .2309801   .2168608     1.07   0.287    -.1940593    .6560194
         p12_3 |  -.0075981   .2249297    -0.03   0.973    -.4484521     .433256
         p13_3 |   -.799743    .473661    -1.69   0.091    -1.728102    .1286155
         p14_3 |  -.6546399   3.033217    -0.22   0.829    -6.599636    5.290356
         p15_3 |  -.3522895   .3724557    -0.95   0.344    -1.082289    .3777103
           M_3 |   1.021842    .097378    10.49   0.000     .8309843    1.212699
       urban_3 |   .0579705   .1380583     0.42   0.675    -.2126187    .3285598
        EF29_3 |  -.2262622    .129303    -1.75   0.080    -.4796915    .0271671
     monthly_3 |   .0001536   .0001219     1.26   0.208    -.0000854    .0003926
         age_3 |  -.0042015    .003741    -1.12   0.261    -.0115337    .0031307
         edu_3 |    .060519   .1408564     0.43   0.667    -.2155544    .3365924
        cons_3 |  -2.870179   .4261593    -6.73   0.000    -3.705436   -2.034922
          p1_4 |   .2756601   .4364229     0.63   0.528     -.579713    1.131033
          p2_4 |  -.3904796   .3813067    -1.02   0.306    -1.137827    .3568677
          p3_4 |  -.0795982   .3002316    -0.27   0.791    -.6680413    .5088449
          p4_4 |  -.2263671   .6790118    -0.33   0.739    -1.557206    1.104472
          p5_4 |  -.0066787   .0927008    -0.07   0.943     -.188369    .1750115
          p6_4 |   .2609175   .5328866     0.49   0.624     -.783521    1.305356
          p7_4 |  -.2210873   .2631425    -0.84   0.401    -.7368371    .2946625
          p8_4 |  -.3149387   .2324572    -1.35   0.175    -.7705465     .140669
          p9_4 |    .219735     .23382     0.94   0.347    -.2385438    .6780138
         p10_4 |    .486464   .7777362     0.63   0.532    -1.037871    2.010799
         p11_4 |   .1197346   .1176843     1.02   0.309    -.1109223    .3503915
         p12_4 |   .1763263   .1322854     1.33   0.183    -.0829484     .435601
         p13_4 |  -.6694703   .3028216    -2.21   0.027     -1.26299   -.0759508
         p14_4 |  -1.114325   1.781999    -0.63   0.532    -4.606979    2.378329
         p15_4 |  -.2093878   .1600062    -1.31   0.191    -.5229943    .1042186
           M_4 |   .9779313   .0741833    13.18   0.000     .8325348    1.123328
       urban_4 |  -.0208215   .0803455    -0.26   0.796    -.1782958    .1366528
        EF29_4 |  -.0206694     .06464    -0.32   0.749    -.1473615    .1060227
     monthly_4 |  -.0000558    .000052    -1.07   0.283    -.0001578    .0000461
         age_4 |  -.0100117   .0021018    -4.76   0.000    -.0141311   -.0058923
         edu_4 |   .0968039    .096456     1.00   0.316    -.0922464    .2858543
        cons_4 |  -3.066266   .3252793    -9.43   0.000    -3.703802   -2.428731
          p1_5 |  -.2103482    .251828    -0.84   0.404    -.7039219    .2832256
          p2_5 |  -.2135166   .2804529    -0.76   0.446    -.7631943     .336161
          p3_5 |  -.1065717   .1589876    -0.67   0.503    -.4181817    .2050383
          p4_5 |  -.7236673   .5035255    -1.44   0.151    -1.710559    .2632245
          p5_5 |  -.2825228   .0777065    -3.64   0.000    -.4348248   -.1302208
          p6_5 |  -.4142977   .4593964    -0.90   0.367    -1.314698    .4861027
          p7_5 |   .0144746   .1483499     0.10   0.922    -.2762859    .3052351
          p8_5 |  -.1020431   .1620429    -0.63   0.529    -.4196413    .2155551
          p9_5 |  -.3290302   .2063378    -1.59   0.111    -.7334448    .0753844
         p10_5 |   .2425584   .6461051     0.38   0.707    -1.023784    1.508901
         p11_5 |  -.0856362   .1005979    -0.85   0.395    -.2828044     .111532
         p12_5 |   .0031807   .1181311     0.03   0.979     -.228352    .2347134
         p13_5 |   .5766975   .2401895     2.40   0.016     .1059347     1.04746
         p14_5 |    .620028    1.19334     0.52   0.603    -1.718875    2.958931
         p15_5 |  -.3804187   .1456593    -2.61   0.009    -.6659056   -.0949317
           M_5 |   .7426275   .0519826    14.29   0.000     .6407435    .8445114
       urban_5 |   -.072674   .0733142    -0.99   0.322    -.2163671    .0710191
        EF29_5 |  -.0926981   .0431793    -2.15   0.032     -.177328   -.0080683
     monthly_5 |  -.0000134   .0000348    -0.39   0.700    -.0000817    .0000548
         age_5 |   .0074745   .0020063     3.73   0.000     .0035423    .0114067
         edu_5 |  -.0627924     .07515    -0.84   0.403    -.2100836    .0844988
        cons_5 |  -3.442816   .2231827   -15.43   0.000    -3.880246   -3.005386
          p1_6 |   .1763435   .2994157     0.59   0.556    -.4105005    .7631875
          p2_6 |  -.5176005    .250583    -2.07   0.039    -1.008734   -.0264669
          p3_6 |   .2822667   .2166127     1.30   0.193    -.1422865    .7068199
          p4_6 |   .2388375   .6811638     0.35   0.726    -1.096219    1.573894
          p5_6 |  -.0181396   .0815251    -0.22   0.824    -.1779258    .1416467
          p6_6 |  -.6753423   .3289353    -2.05   0.040    -1.320044   -.0306409
          p7_6 |   .0119021   .2089823     0.06   0.955    -.3976957       .4215
          p8_6 |  -.3903967   .1505672    -2.59   0.010    -.6855029   -.0952904
          p9_6 |  -.2953262   .2226942    -1.33   0.185    -.7317988    .1411464
         p10_6 |  -.2131259   .6061383    -0.35   0.725    -1.401135    .9748832
         p11_6 |  -.1538859   .1098688    -1.40   0.161    -.3692249     .061453
         p12_6 |  -.4014498   .1210787    -3.32   0.001    -.6387597   -.1641399
         p13_6 |   .4524169   .2270405     1.99   0.046     .0074258    .8974081
         p14_6 |  -.9699804   1.222149    -0.79   0.427    -3.365348    1.425387
         p15_6 |  -.0839687   .1254758    -0.67   0.503    -.3298967    .1619594
           M_6 |    .560563    .050708    11.05   0.000     .4611771    .6599489
       urban_6 |   .0201127    .055753     0.36   0.718    -.0891612    .1293866
        EF29_6 |   .0134551   .0519269     0.26   0.796    -.0883197      .11523
     monthly_6 |   .0000694   .0000432     1.60   0.109    -.0000154    .0001541
         age_6 |  -.0113526   .0019136    -5.93   0.000    -.0151031    -.007602
         edu_6 |  -.1380997   .0636221    -2.17   0.030    -.2627967   -.0134027
        cons_6 |  -1.991568   .2341537    -8.51   0.000    -2.450501   -1.532635
          p1_7 |    -.01375   .3210171    -0.04   0.966     -.642932     .615432
          p2_7 |   .5036254    .329037     1.53   0.126    -.1412752    1.148526
          p3_7 |  -.2568656   .1972713    -1.30   0.193    -.6435103     .129779
          p4_7 |  -.1160748   .8183385    -0.14   0.887    -1.719989    1.487839
          p5_7 |  -.0683827   .0719087    -0.95   0.342    -.2093211    .0725558
          p6_7 |   .4305257   .5808454     0.74   0.459    -.7079105    1.568962
          p7_7 |  -.8443046   .1499423    -5.63   0.000    -1.138186    -.550423
          p8_7 |  -.3902387   .1520232    -2.57   0.010    -.6881987   -.0922787
          p9_7 |  -.1448883   .2399121    -0.60   0.546    -.6151073    .3253308
         p10_7 |   .2700679   .6803859     0.40   0.691    -1.063464      1.6036
         p11_7 |  -.6572845   .0900306    -7.30   0.000    -.8337412   -.4808277
         p12_7 |  -.0788537   .1316435    -0.60   0.549    -.3368702    .1791627
         p13_7 |   .2320219   .2788957     0.83   0.405    -.3146037    .7786475
         p14_7 |   -4.26055   1.361722    -3.13   0.002    -6.929477   -1.591624
         p15_7 |  -.2996662   .1555715    -1.93   0.054    -.6045808    .0052483
           M_7 |   .7768968   .0544263    14.27   0.000     .6702232    .8835704
       urban_7 |  -.1142312   .0814903    -1.40   0.161    -.2739493    .0454869
        EF29_7 |    .035593   .0528164     0.67   0.500    -.0679251    .1391112
     monthly_7 |    .000025   .0000336     0.74   0.458    -.0000409    .0000908
         age_7 |    .008679   .0017822     4.87   0.000     .0051861     .012172
         edu_7 |  -.3481536   .0738682    -4.71   0.000    -.4929326   -.2033747
        cons_7 |  -3.342976   .2687074   -12.44   0.000    -3.869633   -2.816319
          p1_8 |   .0704526   .5815517     0.12   0.904    -1.069368    1.210273
          p2_8 |    .217025   .5602945     0.39   0.699    -.8811319    1.315182
          p3_8 |  -.2296298   .3350587    -0.69   0.493    -.8863329    .4270732
          p4_8 |  -1.448066   1.243443    -1.16   0.244     -3.88517    .9890372
          p5_8 |  -.1615859   .1189721    -1.36   0.174    -.3947669     .071595
          p6_8 |   .7362529   .7128099     1.03   0.302    -.6608289    2.133335
          p7_8 |  -.1178546   .2519314    -0.47   0.640    -.6116312    .3759219
          p8_8 |  -.9411022   .2008371    -4.69   0.000    -1.334736   -.5474688
          p9_8 |  -.1821584   .5288899    -0.34   0.731    -1.218763    .8544467
         p10_8 |   -.606278   .8552152    -0.71   0.478    -2.282469    1.069913
         p11_8 |  -.6380682    .159653    -4.00   0.000    -.9509824    -.325154
         p12_8 |   .0575087   .2205871     0.26   0.794    -.3748341    .4898514
         p13_8 |   .1252797   .3763369     0.33   0.739     -.612327    .8628864
         p14_8 |  -1.297924   1.804056    -0.72   0.472    -4.833808     2.23796
         p15_8 |  -.1315262    .210306    -0.63   0.532    -.5437183    .2806659
           M_8 |    .514358    .081297     6.33   0.000     .3550188    .6736971
       urban_8 |  -.2343949       .133    -1.76   0.078    -.4950701    .0262803
        EF29_8 |   .0014053   .0923531     0.02   0.988    -.1796034    .1824141
     monthly_8 |   .0002281   .0000751     3.04   0.002     .0000808    .0003754
         age_8 |   .0177208   .0027163     6.52   0.000     .0123969    .0230446
         edu_8 |  -.4854682   .1068037    -4.55   0.000    -.6947997   -.2761367
        cons_8 |  -1.798386   .3285457    -5.47   0.000    -2.442323   -1.154448
          p1_9 |  -.7681547   .3773956    -2.04   0.042    -1.507837   -.0284729
          p2_9 |   .4489442   .3598641     1.25   0.212    -.2563764    1.154265
          p3_9 |   .1388028   .2347071     0.59   0.554    -.3212146    .5988202
          p4_9 |  -1.034609    .640913    -1.61   0.106    -2.290776    .2215569
          p5_9 |   .1834688   .0770934     2.38   0.017     .0323684    .3345692
          p6_9 |  -.1576447   .4548334    -0.35   0.729    -1.049102    .7338125
          p7_9 |   .3957668   .1730164     2.29   0.022     .0566609    .7348727
          p8_9 |  -.0940536   .1616993    -0.58   0.561    -.4109784    .2228712
          p9_9 |  -2.033922   .2001168   -10.16   0.000    -2.426144   -1.641701
         p10_9 |   1.295687   .7506896     1.73   0.084    -.1756373    2.767012
         p11_9 |  -.1080647   .0794884    -1.36   0.174     -.263859    .0477296
         p12_9 |   .0722908   .1184467     0.61   0.542    -.1598605    .3044421
         p13_9 |  -.2879682   .2399862    -1.20   0.230    -.7583326    .1823961
         p14_9 |   1.860881   1.255352     1.48   0.138    -.5995641    4.321325
         p15_9 |   .2585955   .1119925     2.31   0.021     .0390941    .4780968
           M_9 |   .6421832    .060366    10.64   0.000     .5238681    .7604983
       urban_9 |   .1385714   .0694822     1.99   0.046     .0023888     .274754
        EF29_9 |   .0171296    .053366     0.32   0.748    -.0874659     .121725
     monthly_9 |   -.000048   .0000293    -1.64   0.102    -.0001054    9.50e-06
         age_9 |   .0098088     .00209     4.69   0.000     .0057125    .0139051
         edu_9 |   .1067363   .0773118     1.38   0.167    -.0447921    .2582647
        cons_9 |  -4.502674   .2959702   -15.21   0.000    -5.082765   -3.922583
         p1_10 |  -.6270124   .2942264    -2.13   0.033    -1.203685   -.0503393
         p2_10 |  -.0387172   .2537148    -0.15   0.879     -.535989    .4585547
         p3_10 |  -.0302527   .1792224    -0.17   0.866    -.3815223    .3210168
         p4_10 |   .4400436   .5617873     0.78   0.433    -.6610392    1.541126
         p5_10 |   .0831806   .0748639     1.11   0.267      -.06355    .2299111
         p6_10 |    .044659   .4101333     0.11   0.913    -.7591874    .8485055
         p7_10 |  -.0242416   .1482342    -0.16   0.870    -.3147753    .2662921
         p8_10 |  -.1713048   .1533454    -1.12   0.264    -.4718562    .1292466
         p9_10 |  -.0146863   .2088198    -0.07   0.944    -.4239656    .3945929
        p10_10 |   -.850629   .4851433    -1.75   0.080    -1.801493    .1002345
        p11_10 |  -.2198668   .1010596    -2.18   0.030    -.4179399   -.0217936
        p12_10 |  -.0098424   .1222524    -0.08   0.936    -.2494527    .2297679
        p13_10 |  -.0934805   .2050441    -0.46   0.648    -.4953595    .3083985
        p14_10 |  -.7453164   1.207751    -0.62   0.537    -3.112465    1.621832
        p15_10 |  -.3507763   .1480428    -2.37   0.018    -.6409349   -.0606177
          M_10 |   .7107041   .0645214    11.02   0.000     .5842444    .8371638
      urban_10 |  -.1344312    .067456    -1.99   0.046    -.2666426   -.0022198
       EF29_10 |   .0195053   .0490891     0.40   0.691    -.0767076    .1157182
    monthly_10 |  -.0000495    .000033    -1.50   0.133    -.0001141    .0000151
        age_10 |   .0097733   .0017038     5.74   0.000     .0064339    .0131127
        edu_10 |  -.0625335   .0737746    -0.85   0.397     -.207129    .0820619
       cons_10 |  -3.373236   .2712975   -12.43   0.000     -3.90497   -2.841503
         p1_11 |  -.1560497   .2865597    -0.54   0.586    -.7176964     .405597
         p2_11 |  -.1210028   .2417545    -0.50   0.617     -.594833    .3528273
         p3_11 |   .0085587   .2404647     0.04   0.972    -.4627434    .4798608
         p4_11 |  -.2372464   .6643932    -0.36   0.721    -1.539433     1.06494
         p5_11 |   .0919896   .0772052     1.19   0.233    -.0593298     .243309
         p6_11 |  -.1587609   .4914613    -0.32   0.747    -1.122007    .8044857
         p7_11 |   .1353379   .1908253     0.71   0.478    -.2386728    .5093486
         p8_11 |   -.005721   .1712399    -0.03   0.973    -.3413451    .3299031
         p9_11 |  -.0686091   .2998252    -0.23   0.819    -.6562556    .5190375
        p10_11 |   .1565995   .8064918     0.19   0.846    -1.424095    1.737294
        p11_11 |  -.7991708   .0778468   -10.27   0.000    -.9517478   -.6465939
        p12_11 |   .0154074   .1379375     0.11   0.911    -.2549452    .2857599
        p13_11 |  -.1797734   .3091467    -0.58   0.561    -.7856899     .426143
        p14_11 |   .0010404   1.431522     0.00   0.999    -2.804692    2.806773
        p15_11 |  -.0361936   .1806217    -0.20   0.841    -.3902057    .3178185
          M_11 |   .7180698   .0611842    11.74   0.000      .598151    .8379885
      urban_11 |  -.0207918   .0690504    -0.30   0.763    -.1561281    .1145445
       EF29_11 |  -.1033797   .0535606    -1.93   0.054    -.2083566    .0015972
    monthly_11 |   .0000877   .0000434     2.02   0.043     2.72e-06    .0001728
        age_11 |   .0054647   .0022193     2.46   0.014      .001115    .0098144
        edu_11 |  -.0707385   .0836884    -0.85   0.398    -.2347647    .0932878
       cons_11 |  -3.094566   .2802724   -11.04   0.000     -3.64389   -2.545243
         p1_12 |   .0551187   .4291552     0.13   0.898    -.7860101    .8962474
         p2_12 |  -.3909106   .3535722    -1.11   0.269    -1.083899    .3020781
         p3_12 |   .2025922   .2682257     0.76   0.450    -.3231205    .7283049
         p4_12 |   .0459564   1.028887     0.04   0.964    -1.970625    2.062538
         p5_12 |    .038848   .1042632     0.37   0.709    -.1655041       .2432
         p6_12 |  -.9271845   .5620487    -1.65   0.099     -2.02878    .1744106
         p7_12 |  -.0206998   .2429876    -0.09   0.932    -.4969467    .4555471
         p8_12 |   .4304728   .2043865     2.11   0.035     .0298827     .831063
         p9_12 |   .4049506   .2859019     1.42   0.157    -.1554068    .9653081
        p10_12 |   .9496523   .9922195     0.96   0.339    -.9950622    2.894367
        p11_12 |  -.0500813   .1247673    -0.40   0.688    -.2946207     .194458
        p12_12 |   -1.18972   .1167369   -10.19   0.000     -1.41852   -.9609203
        p13_12 |  -.1964746   .3384967    -0.58   0.562    -.8599159    .4669667
        p14_12 |    .391554   1.533683     0.26   0.798    -2.614409    3.397517
        p15_12 |  -.0714577   .1853374    -0.39   0.700    -.4347124    .2917969
          M_12 |   .6433318   .0602524    10.68   0.000     .5252393    .7614242
      urban_12 |    .158526   .0749439     2.12   0.034     .0116387    .3054132
       EF29_12 |   .0217306   .0603126     0.36   0.719    -.0964799    .1399411
    monthly_12 |   .0000141   .0000503     0.28   0.779    -.0000846    .0001128
        age_12 |   .0077289   .0022368     3.46   0.001     .0033448    .0121131
        edu_12 |  -.0577109   .1134022    -0.51   0.611    -.2799751    .1645533
       cons_12 |  -2.350258   .2560149    -9.18   0.000    -2.852038   -1.848478
         p1_13 |   -2.29169   557.5374    -0.00   0.997    -1095.045    1090.462
         p2_13 |  -1.207257   137.4513    -0.01   0.993     -270.607    268.1924
         p3_13 |   -.564975   182.5994    -0.00   0.998    -358.4533    357.3233
         p4_13 |  -4.797724   2953.784    -0.00   0.999    -5794.108    5784.513
         p5_13 |  -.9442062   128.3139    -0.01   0.994    -252.4348    250.5464
         p6_13 |   .5307897   923.5854     0.00   1.000    -1809.663    1810.725
         p7_13 |  -.4989383   228.7262    -0.00   0.998     -448.794    447.7962
         p8_13 |   1.353103   558.8224     0.00   0.998    -1093.919    1096.625
         p9_13 |   .1480237    270.332     0.00   1.000     -529.693     529.989
        p10_13 |   1.468651   1442.159     0.00   0.999    -2825.112    2828.049
        p11_13 |    -.09116    26.4588    -0.00   0.997    -51.94945    51.76713
        p12_13 |   .0037168   69.33373     0.00   1.000    -135.8879    135.8953
        p13_13 |   .5320837   229.4151     0.00   0.998    -449.1132    450.1774
        p14_13 |  -.2937797    1108.17    -0.00   1.000    -2172.267    2171.679
        p15_13 |   -1.80524   42.64073    -0.04   0.966    -85.37954    81.76906
          M_13 |   1.439377    339.613     0.00   0.997    -664.1899    667.0687
      urban_13 |   .5539176   79.17924     0.01   0.994    -154.6345    155.7424
       EF29_13 |   .2288425   117.4283     0.00   0.998    -229.9265    230.3842
    monthly_13 |  -.0000857   .1021226    -0.00   0.999    -.2002423     .200071
        age_13 |  -.0011131   .9980449    -0.00   0.999    -1.957245    1.955019
        edu_13 |  -.1643182    309.838    -0.00   1.000    -607.4357     607.107
       cons_13 |  -3.202963   890.1296    -0.00   0.997    -1747.825    1741.419
         p1_14 |  -.6534889    .767105    -0.85   0.394    -2.156987    .8500093
         p2_14 |  -.7882088   .7241567    -1.09   0.276     -2.20753    .6311122
         p3_14 |  -.0319732   .7858499    -0.04   0.968    -1.572211    1.508264
         p4_14 |   .5478317   1.558345     0.35   0.725    -2.506468    3.602131
         p5_14 |  -.0479402   .1951665    -0.25   0.806    -.4304595     .334579
         p6_14 |    .285231   1.089073     0.26   0.793    -1.849313    2.419775
         p7_14 |  -.3622377   .3978199    -0.91   0.363     -1.14195    .4174751
         p8_14 |   .2933408   .5301717     0.55   0.580    -.7457766    1.332458
         p9_14 |  -.1409505   .4979986    -0.28   0.777     -1.11701    .8351088
        p10_14 |    1.04852   1.535382     0.68   0.495    -1.960774    4.057815
        p11_14 |   -.315881   .2368918    -1.33   0.182    -.7801804    .1484184
        p12_14 |  -.4302615   .3010856    -1.43   0.153    -1.020378    .1598554
        p13_14 |  -.5677149   .5403775    -1.05   0.293    -1.626835    .4914055
        p14_14 |   2.313589   1.588158     1.46   0.145     -.799143    5.426321
        p15_14 |  -.1265883   .3982478    -0.32   0.751    -.9071397    .6539631
          M_14 |   .6314308   .1481869     4.26   0.000     .3409899    .9218718
      urban_14 |  -.0596623   .1286418    -0.46   0.643    -.3117955    .1924709
       EF29_14 |  -.0730757    .128864    -0.57   0.571    -.3256445    .1794931
    monthly_14 |   .0002436   .0001689     1.44   0.149    -.0000874    .0005747
        age_14 |  -.0037481   .0039876    -0.94   0.347    -.0115636    .0040674
        edu_14 |  -.1654082   .1621028    -1.02   0.308    -.4831239    .1523074
       cons_14 |   -.967692   .6417433    -1.51   0.132    -2.225486    .2901017
         p1_15 |   .2363551   .3505214     0.67   0.500    -.4506542    .9233643
         p2_15 |  -.5134685   .2907052    -1.77   0.077     -1.08324    .0563031
         p3_15 |   .0571022   .2267666     0.25   0.801    -.3873521    .5015565
         p4_15 |  -1.135235    .640127    -1.77   0.076     -2.38986    .1193913
         p5_15 |    .130533    .084423     1.55   0.122     -.034933    .2959991
         p6_15 |  -.0101253   .5967912    -0.02   0.986    -1.179815    1.159564
         p7_15 |  -.1438167   .2065399    -0.70   0.486    -.5486274     .260994
         p8_15 |   .3846192   .2200102     1.75   0.080    -.0465929    .8158312
         p9_15 |   .3290368   .2577244     1.28   0.202    -.1760937    .8341673
        p10_15 |  -1.355657   .8801566    -1.54   0.124    -3.080733    .3694177
        p11_15 |   .0753957   .1311623     0.57   0.565    -.1816776    .3324691
        p12_15 |  -.2704833   .1228543    -2.20   0.028    -.5112734   -.0296932
        p13_15 |  -.1506895   .3009685    -0.50   0.617    -.7405769    .4391979
        p14_15 |   .5329912   1.574018     0.34   0.735    -2.552027    3.618009
        p15_15 |  -.8127452   .1197746    -6.79   0.000    -1.047499   -.5779913
          M_15 |   .6237898    .075534     8.26   0.000     .4757459    .7718336
      urban_15 |   .1424815   .0818408     1.74   0.082    -.0179235    .3028865
       EF29_15 |    .094035   .0706644     1.33   0.183    -.0444648    .2325347
    monthly_15 |   .0000548   .0000549     1.00   0.318    -.0000528    .0001624
        age_15 |  -.0205031     .00236    -8.69   0.000    -.0251287   -.0158775
        edu_15 |  -.0040475   .0792468    -0.05   0.959    -.1593684    .1512735
       cons_15 |  -1.199491    .305827    -3.92   0.000    -1.798901   -.6000808
---------------+----------------------------------------------------------------
ELAS_INC       |
           e_1 |   1.042839   .0818418    12.74   0.000     .8824322    1.203246
           e_2 |   1.131461   .6090844     1.86   0.063     -.062323    2.325244
           e_3 |   .8850535   .2448275     3.62   0.000     .4052004    1.364907
           e_4 |   .9788799    .132559     7.38   0.000     .7190691    1.238691
           e_5 |   1.009324   .0904718    11.16   0.000      .832002    1.186645
           e_6 |   .9958648   .0991177    10.05   0.000     .8015977    1.190132
           e_7 |   1.132403   .0709913    15.95   0.000     .9932621    1.271543
           e_8 |    1.26218   .0544862    23.17   0.000     1.155389    1.368971
           e_9 |   1.067924   .1304824     8.18   0.000     .8121835    1.323665
          e_10 |   1.051771   .1335942     7.87   0.000     .7899315    1.313611
          e_11 |   .9250925   .0627305    14.75   0.000      .802143    1.048042
          e_12 |   1.106013   .0832983    13.28   0.000     .9427517    1.269275
          e_13 |   .7050768   81.12625     0.01   0.993    -158.2995    159.7096
          e_14 |   .9713582   .0895688    10.84   0.000     .7958065     1.14691
          e_15 |   1.014916   .0926895    10.95   0.000     .8332477    1.196584
---------------+----------------------------------------------------------------
ELAS_UNCOMP    |
         e_1_1 |  -.8949122   .1618308    -5.53   0.000    -1.212095   -.5777296
         e_2_1 |   .0712602   .0659761     1.08   0.280    -.0580505    .2005708
         e_3_1 |  -.1182468    .095519    -1.24   0.216    -.3054605     .068967
         e_4_1 |  -.1283635   .1186857    -1.08   0.279    -.3609832    .1042561
         e_5_1 |   .0000119   .0361551     0.00   1.000    -.0708507    .0708745
         e_6_1 |  -.0523788   .0568459    -0.92   0.357    -.1637947     .059037
         e_7_1 |   .0197583   .0802309     0.25   0.805    -.1374914     .177008
         e_8_1 |   .0776519   .0830879     0.93   0.350    -.0851974    .2405013
         e_9_1 |   .0096559   .0445317     0.22   0.828    -.0776245    .0969364
        e_10_1 |   -.059101   .1288698    -0.46   0.647    -.3116811    .1934791
        e_11_1 |  -.0323515   .0468901    -0.69   0.490    -.1242543    .0595513
        e_12_1 |   .0112066   .0478967     0.23   0.815    -.0826692    .1050825
        e_13_1 |  -.1238681   .1872091    -0.66   0.508    -.4907913    .2430551
        e_14_1 |   .0987694   .2343321     0.42   0.673    -.3605129    .5580518
        e_15_1 |   .0951237   .0602907     1.58   0.115    -.0230439    .2132914
         e_1_2 |   .2494544   .7234353     0.34   0.730    -1.168453    1.667362
         e_2_2 |  -1.127316   .5134044    -2.20   0.028    -2.133571   -.1210623
         e_3_2 |   .0105432   .1724215     0.06   0.951    -.3273967    .3484831
         e_4_2 |  -.5196519   .8859378    -0.59   0.558    -2.256058    1.216754
         e_5_2 |   .0088357   .1232018     0.07   0.943    -.2326353    .2503067
         e_6_2 |   .0605667   .1368832     0.44   0.658    -.2077194    .3288528
         e_7_2 |   .1266396   .3752354     0.34   0.736    -.6088083    .8620874
         e_8_2 |   .1491693    .290849     0.51   0.608    -.4208842    .7192229
         e_9_2 |   .0027327   .1353631     0.02   0.984     -.262574    .2680394
        e_10_2 |   .1348025   1.833047     0.07   0.941    -3.457903    3.727508
        e_11_2 |  -.1231449   .0643195    -1.91   0.056    -.2492088     .002919
        e_12_2 |   -.062533   .1276995    -0.49   0.624    -.3128195    .1877535
        e_13_2 |  -.0582981     .44662    -0.13   0.896    -.9336572    .8170611
        e_14_2 |   .0072992   2.980421     0.00   0.998    -5.834218    5.848816
        e_15_2 |  -.0093015   .0880633    -0.11   0.916    -.1819023    .1632994
         e_1_3 |  -.0337234   .2383807    -0.14   0.887     -.500941    .4334941
         e_2_3 |   .0760042   .0979288     0.78   0.438    -.1159328    .2679411
         e_3_3 |  -.9320588       .143    -6.52   0.000    -1.212334   -.6517839
         e_4_3 |   .2271891   .2381124     0.95   0.340    -.2395025    .6938808
         e_5_3 |   .0595014   .0724853     0.82   0.412    -.0825672    .2015699
         e_6_3 |  -.0475205   .6497614    -0.07   0.942    -1.321029    1.225988
         e_7_3 |    .017012   .1580149     0.11   0.914    -.2926916    .3267156
         e_8_3 |   .0522124   .1740772     0.30   0.764    -.2889726    .3933974
         e_9_3 |   .1004831   .1505894     0.67   0.505    -.1946668    .3956329
        e_10_3 |   .1444115    .158907     0.91   0.363    -.1670404    .4558635
        e_11_3 |   .0714634   .1186246     0.60   0.547    -.1610365    .3039634
        e_12_3 |   .0781543    .100933     0.77   0.439    -.1196707    .2759793
        e_13_3 |   .0281427   .3239482     0.09   0.931    -.6067841    .6630695
        e_14_3 |   .2679298   .2644036     1.01   0.311    -.2502917    .7861514
        e_15_3 |   .0842291   .0947167     0.89   0.374    -.1014121    .2698704
         e_1_4 |  -.2747681   .2647958    -1.04   0.299    -.7937584    .2442222
         e_2_4 |  -.3740265   .1799299    -2.08   0.038    -.7266825   -.0213705
         e_3_4 |   .3188096   .1802732     1.77   0.077    -.0345194    .6721385
         e_4_4 |   .1360708   .6721453     0.20   0.840     -1.18131    1.453451
         e_5_4 |   .0257904   .0781666     0.33   0.741    -.1274133    .1789941
         e_6_4 |  -.3556173    .219544    -1.62   0.105    -.7859157    .0746811
         e_7_4 |   .1834416   .1291113     1.42   0.155    -.0696119    .4364951
         e_8_4 |  -.0057657   .2069134    -0.03   0.978    -.4113086    .3997772
         e_9_4 |   -.137609   .1013563    -1.36   0.175    -.3362636    .0610456
        e_10_4 |  -.0427783   .2382748    -0.18   0.858    -.5097882    .4242317
        e_11_4 |  -.0308302   .1092382    -0.28   0.778    -.2449332    .1832727
        e_12_4 |  -.1570715   .0972764    -1.61   0.106    -.3477298    .0335868
        e_13_4 |   .2102107   .2150992     0.98   0.328     -.211376    .6317973
        e_14_4 |  -.2679605   .5536091    -0.48   0.628    -1.353014    .8170934
        e_15_4 |  -.0713942   .1322219    -0.54   0.589    -.3305444     .187756
         e_1_5 |  -.0025766     .17106    -0.02   0.988     -.337848    .3326948
         e_2_5 |  -.0058019   .1225806    -0.05   0.962    -.2460555    .2344517
         e_3_5 |  -.0582508   .1937774    -0.30   0.764    -.4380475     .321546
         e_4_5 |  -.1588122   .2114752    -0.75   0.453     -.573296    .2556716
         e_5_5 |  -1.162902   .1091466   -10.65   0.000    -1.376826   -.9489786
         e_6_5 |  -.2545764   .1600511    -1.59   0.112    -.5682707    .0591179
         e_7_5 |   .1538585   .1359543     1.13   0.258    -.1126071    .4203241
         e_8_5 |   -.014308   .1624007    -0.09   0.930    -.3326076    .3039916
         e_9_5 |  -.1566026   .0837568    -1.87   0.062    -.3207629    .0075576
        e_10_5 |   .1144674   .1701581     0.67   0.501    -.2190362    .4479711
        e_11_5 |   .1385561   .0765117     1.81   0.070    -.0114041    .2885164
        e_12_5 |    .159819   .1092149     1.46   0.143    -.0542384    .3738763
        e_13_5 |   1.046223   .4054791     2.58   0.010     .2514987    1.840948
        e_14_5 |  -.5355986   .4658311    -1.15   0.250    -1.448611    .3774135
        e_15_5 |   -.030925   .0945152    -0.33   0.744    -.2161713    .1543214
         e_1_6 |  -.1906651   .2537908    -0.75   0.452    -.6880859    .3067556
         e_2_6 |     .06174   .1823266     0.34   0.735    -.2956137    .4190936
         e_3_6 |    .047502   .1906571     0.25   0.803    -.3261791     .421183
         e_4_6 |  -.6435838   .4277927    -1.50   0.132    -1.482042    .1948744
         e_5_6 |  -.0711545   .0661151    -1.08   0.282    -.2007377    .0584287
         e_6_6 |  -1.343835   .3994497    -3.36   0.001    -2.126742   -.5609282
         e_7_6 |   .1940817   .1494113     1.30   0.194     -.098759    .4869224
         e_8_6 |   .1817164   .1690252     1.08   0.282    -.1495669    .5129996
         e_9_6 |  -.0313392   .1149936    -0.27   0.785    -.2567225    .1940441
        e_10_6 |  -.3929346   .3200441    -1.23   0.220    -1.020209    .2343403
        e_11_6 |   .0137704   .1119367     0.12   0.902    -.2056216    .2331623
        e_12_6 |  -.1326216   .1360829    -0.97   0.330    -.3993393    .1340961
        e_13_6 |   .2990975   .2758652     1.08   0.278    -.2415884    .8397835
        e_14_6 |   1.220726   .6612377     1.85   0.065    -.0752766    2.516728
        e_15_6 |  -.1892482   .1703779    -1.11   0.267    -.5231827    .1446864
         e_1_7 |   .0364673   .0934607     0.39   0.696    -.1467123    .2196468
         e_2_7 |   .0926999   .0597019     1.55   0.120    -.0243137    .2097135
         e_3_7 |  -.0870877   .0835298    -1.04   0.297    -.2508032    .0766278
         e_4_7 |   .0808369   .1068969     0.76   0.450    -.1286772    .2903509
         e_5_7 |   .0160298   .0347105     0.46   0.644    -.0520015    .0840611
         e_6_7 |   .0811301   .0636402     1.27   0.202    -.0436025    .2058627
         e_7_7 |  -1.120427   .0693254   -16.16   0.000    -1.256303   -.9845519
         e_8_7 |  -.0249466   .1051466    -0.24   0.812    -.2310301    .1811369
         e_9_7 |   .0067113   .0397909     0.17   0.866    -.0712773       .0847
        e_10_7 |    .069662   .0936868     0.74   0.457    -.1139606    .2532847
        e_11_7 |  -.0964847   .0608384    -1.59   0.113    -.2157258    .0227564
        e_12_7 |  -.0058884   .0440616    -0.13   0.894    -.0922475    .0804707
        e_13_7 |  -.0100324   .1460755    -0.07   0.945    -.2963351    .2762703
        e_14_7 |  -.2989639   .3321125    -0.90   0.368    -.9498923    .3519646
        e_15_7 |  -.0248204   .0598269    -0.41   0.678    -.1420791    .0924382
         e_1_8 |   .0585048   .1339894     0.44   0.662    -.2041096    .3211193
         e_2_8 |   .0574578    .054849     1.05   0.295    -.0500441    .1649598
         e_3_8 |   .0010641   .0967872     0.01   0.991    -.1886354    .1907636
         e_4_8 |  -.0589905   .4288671    -0.14   0.891    -.8995546    .7815736
         e_5_8 |  -.0091264    .071326    -0.13   0.898    -.1489228    .1306699
         e_6_8 |   .0677234   .1801736     0.38   0.707    -.2854102    .4208571
         e_7_8 |   .0077428   .1014316     0.08   0.939    -.1910596    .2065451
         e_8_8 |  -1.139067   .1572819    -7.24   0.000    -1.447334   -.8308005
         e_9_8 |  -.0102155   .0551579    -0.19   0.853    -.1183229    .0978919
        e_10_8 |   .0527282   .1631307     0.32   0.747    -.2670021    .3724585
        e_11_8 |  -.0616815   .1278989    -0.48   0.630    -.3123588    .1889958
        e_12_8 |  -.0003684   .0487972    -0.01   0.994    -.0960091    .0952724
        e_13_8 |  -.0044721   .1304387    -0.03   0.973    -.2601273    .2511831
        e_14_8 |  -.1185281   .1465315    -0.81   0.419    -.4057246    .1686684
        e_15_8 |  -.0180352   .0531875    -0.34   0.735    -.1222807    .0862103
         e_1_9 |  -.1680003   .1863445    -0.90   0.367    -.5332288    .1972281
         e_2_9 |   .1207965   .2398079     0.50   0.614    -.3492184    .5908113
         e_3_9 |   .0454273   .1512726     0.30   0.764    -.2510616    .3419161
         e_4_9 |  -.5402407   .3536696    -1.53   0.127     -1.23342     .152939
         e_5_9 |  -.0047108   .0418727    -0.11   0.910    -.0867797    .0773581
         e_6_9 |  -.0724605   .1539126    -0.47   0.638    -.3741237    .2292027
         e_7_9 |   .1418544    .084369     1.68   0.093    -.0235058    .3072146
         e_8_9 |  -.1306574   .1301018    -1.00   0.315    -.3856523    .1243375
         e_9_9 |  -1.660609   .3998569    -4.15   0.000    -2.444314   -.8769043
        e_10_9 |   .2722068   .2860454     0.95   0.341    -.2884319    .8328456
        e_11_9 |    .046712   .0791413     0.59   0.555    -.1084021    .2018262
        e_12_9 |   .1156236   .0879787     1.31   0.189    -.0568115    .2880587
        e_13_9 |  -.0031597   .1655276    -0.02   0.985    -.3275878    .3212684
        e_14_9 |   .8612103   .5195732     1.66   0.097    -.1571345    1.879555
        e_15_9 |   .1535968   .0679169     2.26   0.024     .0204822    .2867114
        e_1_10 |  -.2859661   .3855313    -0.74   0.458    -1.041594    .4696615
        e_2_10 |    .134717   .2353993     0.57   0.567    -.3266572    .5960912
        e_3_10 |   .1038361   .1166441     0.89   0.373     -.124782    .3324543
        e_4_10 |   .0663797   .3328997     0.20   0.842    -.5860917     .718851
        e_5_10 |  -.0050755    .059694    -0.09   0.932    -.1220736    .1119225
        e_6_10 |  -.2505165     .21902    -1.14   0.253    -.6797878    .1787548
        e_7_10 |   .1192005   .1336762     0.89   0.373    -.1428001     .381201
        e_8_10 |   .3064991   .1821468     1.68   0.092    -.0505021    .6635004
        e_9_10 |  -.0100281    .103144    -0.10   0.923    -.2121865    .1921303
       e_10_10 |  -.9514845   .5040709    -1.89   0.059    -1.939445    .0364764
       e_11_10 |  -.0703198    .102985    -0.68   0.495    -.2721666     .131527
       e_12_10 |   .0305216   .1789534     0.17   0.865    -.3202206    .3812637
       e_13_10 |   .1527166    .283217     0.54   0.590    -.4023786    .7078117
       e_14_10 |  -.3081464   .5531817    -0.56   0.577    -1.392362    .7760698
       e_15_10 |  -.2160802   .1790611    -1.21   0.228    -.5670335    .1348732
        e_1_11 |  -.0984486   .1948638    -0.51   0.613    -.4803746    .2834773
        e_2_11 |   -.157953    .097744    -1.62   0.106    -.3495277    .0336217
        e_3_11 |   .1077998   .1829846     0.59   0.556    -.2508434    .4664429
        e_4_11 |   -.006876   .1576004    -0.04   0.965    -.3157672    .3020151
        e_5_11 |   .1521018   .0547862     2.78   0.005     .0447229    .2594807
        e_6_11 |   .0522159   .1243254     0.42   0.674    -.1914574    .2958893
        e_7_11 |  -.1858487   .1087891    -1.71   0.088    -.3990715    .0273741
        e_8_11 |  -.2814959   .2053625    -1.37   0.170     -.683999    .1210073
        e_9_11 |   .0934828   .0615452     1.52   0.129    -.0271435    .2141091
       e_10_11 |  -.0071238   .1595015    -0.04   0.964     -.319741    .3054933
       e_11_11 |  -1.086542   .1138279    -9.55   0.000    -1.309641   -.8634436
       e_12_11 |   .0497148   .1000207     0.50   0.619    -.1463221    .2457517
       e_13_11 |   -.066204   .2476668    -0.27   0.789     -.551622    .4192139
       e_14_11 |   1.149243   .4364897     2.63   0.008      .293739    2.004747
       e_15_11 |   .0680134   .0934171     0.73   0.467    -.1150808    .2511076
        e_1_12 |   .0291351   .0765952     0.38   0.704    -.1209887    .1792588
        e_2_12 |  -.0581776    .076492    -0.76   0.447    -.2080992     .091744
        e_3_12 |   .0178752   .1066772     0.17   0.867    -.1912083    .2269587
        e_4_12 |  -.1233584   .0806555    -1.53   0.126    -.2814403    .0347235
        e_5_12 |   .0287148   .0468904     0.61   0.540    -.0631887    .1206183
        e_6_12 |  -.0908008   .0722862    -1.26   0.209    -.2324791    .0508776
        e_7_12 |  -.0146652   .0574605    -0.26   0.799    -.1272857    .0979553
        e_8_12 |  -.0341447   .1233703    -0.28   0.782     -.275946    .2076566
        e_9_12 |   .0415616   .0350762     1.18   0.236    -.0271864    .1103097
       e_10_12 |   .0498886   .0846655     0.59   0.556    -.1160527    .2158299
       e_11_12 |  -.0036552   .0479691    -0.08   0.939    -.0976729    .0903625
       e_12_12 |  -1.108708   .1939043    -5.72   0.000    -1.488753   -.7286625
       e_13_12 |  -.0616117   .1586137    -0.39   0.698    -.3724888    .2492654
       e_14_12 |   .2636193   .2476448     1.06   0.287    -.2217556    .7489942
       e_15_12 |  -.0046878   .0505149    -0.09   0.926    -.1036952    .0943195
        e_1_13 |   .1368549   133.0332     0.00   0.999    -260.6033     260.877
        e_2_13 |   .1212635   32.51954     0.00   0.997    -63.61587     63.8584
        e_3_13 |    .051425   43.47888     0.00   0.999    -85.16562    85.26847
        e_4_13 |   .3094071   705.0433     0.00   1.000     -1381.55    1382.169
        e_5_13 |   .1678771   30.49078     0.01   0.996    -59.59296    59.92871
        e_6_13 |   .0810707   220.1779     0.00   1.000    -431.4597    431.6219
        e_7_13 |   .0863103   54.51993     0.00   0.999    -106.7708    106.9434
        e_8_13 |   .0412686   133.4413     0.00   1.000    -261.4988    261.5814
        e_9_13 |   .0723181   64.35114     0.00   0.999    -126.0536    126.1982
       e_10_13 |   .0372979   343.7802     0.00   1.000    -673.7594     673.834
       e_11_13 |   .0595818   6.060474     0.01   0.992    -11.81873    11.93789
       e_12_13 |   .0667944   16.55219     0.00   0.997     -32.3749    32.50849
       e_13_13 |  -1.139443   54.60498    -0.02   0.983    -108.1632    105.8843
       e_14_13 |   .3499084   263.6576     0.00   0.999    -516.4094    517.1092
       e_15_13 |   .1910015   10.16202     0.02   0.985     -19.7262     20.1082
        e_1_14 |    .397747   .2527373     1.57   0.116    -.0976089    .8931029
        e_2_14 |    .378332   .1719648     2.20   0.028     .0412872    .7153768
        e_3_14 |   .3716449   .2200856     1.69   0.091    -.0597149    .8030047
        e_4_14 |   .0923958   .2399606     0.39   0.700    -.3779184      .56271
        e_5_14 |   .1904325   .1372589     1.39   0.165    -.0785901     .459455
        e_6_14 |   .4187662   .1459741     2.87   0.004     .1326622    .7048702
        e_7_14 |   .2947025   .1728588     1.70   0.088    -.0440944    .6334995
        e_8_14 |   .2335661    .188838     1.24   0.216    -.1365496    .6036818
        e_9_14 |   .3261387   .1364119     2.39   0.017     .0587763     .593501
       e_10_14 |   .0941391   .1884902     0.50   0.617     -.275295    .4635731
       e_11_14 |   .4639801    .155104     2.99   0.003     .1599818    .7679784
       e_12_14 |   .4034713   .1655012     2.44   0.015     .0790949    .7278478
       e_13_14 |   .6129732   .3041646     2.02   0.044     .0168215    1.209125
       e_14_14 |  -1.663467   .4712723    -3.53   0.000    -2.587144   -.7397904
       e_15_14 |   .2663957   .1486156     1.79   0.073    -.0248855    .5576768
        e_1_15 |   .3203953   .2222133     1.44   0.149    -.1151347    .7559254
        e_2_15 |  -.0463301   .4891232    -0.09   0.925    -1.004994    .9123338
        e_3_15 |  -.0171726   .1771817    -0.10   0.923    -.3644424    .3300973
        e_4_15 |  -.2161453   .5623153    -0.38   0.701    -1.318263    .8859725
        e_5_15 |   .0413542   .0963736     0.43   0.668    -.1475347     .230243
        e_6_15 |  -.1184988   .2206858    -0.54   0.591     -.551035    .3140375
        e_7_15 |  -.0415706   .1867019    -0.22   0.824    -.4074996    .3243585
        e_8_15 |    -.04291   .2286157    -0.19   0.851    -.4909886    .4051687
        e_9_15 |     .06574   .0615492     1.07   0.285    -.0548942    .1863742
       e_10_15 |   -.293183   .4649538    -0.63   0.528    -1.204476    .6181096
       e_11_15 |   .0140811   .1235142     0.11   0.909    -.2280023    .2561646
       e_12_15 |   -.021837   .1032571    -0.21   0.833    -.2242172    .1805431
       e_13_15 |   .1934568   .3527683     0.55   0.583    -.4979564    .8848699
       e_14_15 |  -.0039671   .3077572    -0.01   0.990    -.6071601    .5992259
       e_15_15 |  -1.021429   .1207204    -8.46   0.000    -1.258037   -.7848214
---------------+----------------------------------------------------------------
ELAS_COMP      |
         e_1_1 |  -.7937789   .1623103    -4.89   0.000    -1.111901   -.4756565
         e_2_1 |   .1055179   .0670567     1.57   0.116    -.0259108    .2369467
         e_3_1 |  -.0204177   .0961784    -0.21   0.832    -.2089238    .1680885
         e_4_1 |  -.0927145   .1199308    -0.77   0.439    -.3277746    .1423456
         e_5_1 |   .0170022   .0359193     0.47   0.636    -.0533983    .0874028
         e_6_1 |  -.0342445   .0567661    -0.60   0.546     -.145504    .0770149
         e_7_1 |   .1032276   .0849457     1.22   0.224    -.0632628    .2697181
         e_8_1 |   .2340407   .0774831     3.02   0.003     .0821766    .3859049
         e_9_1 |   .0205703   .0442483     0.46   0.642    -.0661548    .1072953
        e_10_1 |  -.0282664   .1278257    -0.22   0.825    -.2788002    .2222673
        e_11_1 |  -.0753725   .1939555    -0.39   0.698    -.4555182    .3047733
        e_12_1 |  -.1108862   .0971616    -1.14   0.254    -.3013195    .0795471
        e_13_1 |   .3256839   .1823682     1.79   0.074    -.0317512     .683119
        e_14_1 |   .1257752   .1591782     0.79   0.429    -.1862083    .4377588
        e_15_1 |   .1886616   .0550892     3.42   0.001     .0806887    .2966346
         e_1_2 |   .3591821   .7820169     0.46   0.646    -1.173543    1.891907
         e_2_2 |  -1.090147   .4958335    -2.20   0.028    -2.061963   -.1183316
         e_3_2 |   .1166859    .138532     0.84   0.400    -.1548319    .3882037
         e_4_2 |  -.4809734   .8665532    -0.56   0.579    -2.179386     1.21744
         e_5_2 |   .0272699   .1320627     0.21   0.836    -.2315682    .2861081
         e_6_2 |   .0802421   .1319775     0.61   0.543    -.1784291    .3389132
         e_7_2 |   .2172022   .4223192     0.51   0.607    -.6105282    1.044933
         e_8_2 |   .3188482   .3751265     0.85   0.395    -.4163862    1.054083
         e_9_2 |   .0145746   .1409397     0.10   0.918    -.2616622    .2908114
        e_10_2 |   .1682574   1.850624     0.09   0.928      -3.4589    3.795415
        e_11_2 |  -.0981076   .0596382    -1.65   0.100    -.2149963     .018781
        e_12_2 |  -.0114665    .109355    -0.10   0.916    -.2257983    .2028654
        e_13_2 |   .1781021   .3320118     0.54   0.592    -.4726291    .8288332
        e_14_2 |   .1512233   2.904401     0.05   0.958    -5.541297    5.843744
        e_15_2 |   .0303653   .0847688     0.36   0.720    -.1357784     .196509
         e_1_3 |    .052108   .2185278     0.24   0.812    -.3761987    .4804146
         e_2_3 |   .1050786   .0933994     1.13   0.261    -.0779809    .2881381
         e_3_3 |  -.8490316    .137509    -6.17   0.000    -1.118544   -.5795189
         e_4_3 |   .2574444   .2317136     1.11   0.267     -.196706    .7115948
         e_5_3 |    .073921   .0726603     1.02   0.309    -.0684906    .2163326
         e_6_3 |    -.03213   .6533734    -0.05   0.961    -1.312718    1.248458
         e_7_3 |   .0878521   .1400037     0.63   0.530    -.1865501    .3622543
         e_8_3 |    .184939   .1978121     0.93   0.350    -.2027655    .5726435
         e_9_3 |    .109746   .1484702     0.74   0.460    -.1812501    .4007422
        e_10_3 |   .1705807    .153338     1.11   0.266    -.1299563    .4711178
        e_11_3 |   .0910481   .1220036     0.75   0.456    -.1480746    .3301709
        e_12_3 |   .1180997   .0975216     1.21   0.226    -.0730392    .3092386
        e_13_3 |   .2130601   .2810273     0.76   0.448    -.3377434    .7638636
        e_14_3 |   .3805105   .2638833     1.44   0.149    -.1366913    .8977122
        e_15_3 |   .1152574   .0951898     1.21   0.226    -.0713112    .3018259
         e_1_4 |  -.1798375   .2710603    -0.66   0.507    -.7111059    .3514309
         e_2_4 |  -.3418698   .1803089    -1.90   0.058    -.6952687    .0115291
         e_3_4 |   .4106386   .1773348     2.32   0.021     .0630687    .7582085
         e_4_4 |   .1695335   .6711325     0.25   0.801    -1.145862    1.484929
         e_5_4 |   .0417387   .0772526     0.54   0.589    -.1096737    .1931511
         e_6_4 |  -.3385952   .2188774    -1.55   0.122     -.767587    .0903966
         e_7_4 |   .2617916   .1272791     2.06   0.040     .0123291     .511254
         e_8_4 |   .1410315   .2043745     0.69   0.490    -.2595353    .5415982
         e_9_4 |  -.1273641   .1014806    -1.26   0.209    -.3262623    .0715342
        e_10_4 |  -.0138348   .2379219    -0.06   0.954    -.4801533    .4524836
        e_11_4 |  -.0091693   .1100317    -0.08   0.934    -.2248275    .2064888
        e_12_4 |  -.1128914   .0993241    -1.14   0.256    -.3075631    .0817803
        e_13_4 |   .4147316   .2035586     2.04   0.042     .0157642     .813699
        e_14_4 |   -.143445    .553832    -0.26   0.796    -1.228936    .9420458
        e_15_4 |  -.0370766   .1321159    -0.28   0.779    -.2960191    .2218658
         e_1_5 |   .0953064   .1711129     0.56   0.578    -.2400688    .4306815
         e_2_5 |   .0273549   .1226194     0.22   0.823    -.2129746    .2676845
         e_3_5 |   .0364342   .1941389     0.19   0.851     -.344071    .4169395
         e_4_5 |  -.1243089   .2118035    -0.59   0.557     -.539436    .2908183
         e_5_5 |  -1.146458   .1094977   -10.47   0.000    -1.361069   -.9318463
         e_6_5 |  -.2370249   .1605842    -1.48   0.140    -.5517642    .0777144
         e_7_5 |   .2346452   .1337923     1.75   0.079    -.0275829    .4968734
         e_8_5 |   .1370546   .1579256     0.87   0.385    -.1724739    .4465832
         e_9_5 |  -.1460391   .0833233    -1.75   0.080    -.3093497    .0172716
        e_10_5 |    .144311   .1698832     0.85   0.396     -.188654     .477276
        e_11_5 |   .1608907    .076735     2.10   0.036     .0104928    .3112886
        e_12_5 |   .2053731   .1083803     1.89   0.058    -.0070484    .4177946
        e_13_5 |   1.257105   .4061483     3.10   0.002     .4610687    2.053141
        e_14_5 |  -.4072105   .4660767    -0.87   0.382    -1.320704     .506283
        e_15_5 |   .0044599   .0937335     0.05   0.962    -.1792543    .1881742
         e_1_6 |  -.0940874   .2551924    -0.37   0.712    -.5942553    .4060806
         e_2_6 |   .0944546   .1817398     0.52   0.603    -.2617489    .4506582
         e_3_6 |   .1409244   .1925599     0.73   0.464    -.2364861    .5183348
         e_4_6 |  -.6095405   .4277979    -1.42   0.154    -1.448009     .228928
         e_5_6 |  -.0549295   .0663475    -0.83   0.408    -.1849681    .0751092
         e_6_6 |  -1.326518   .3995971    -3.32   0.001    -2.109714    -.543322
         e_7_6 |   .2737912   .1471366     1.86   0.063    -.0145913    .5621737
         e_8_6 |   .3310607    .170606     1.94   0.052     -.003321    .6654423
         e_9_6 |  -.0209165       .115    -0.18   0.856    -.2463124    .2044794
        e_10_6 |  -.3634889   .3203039    -1.13   0.256    -.9912731    .2642952
        e_11_6 |   .0358071   .1117243     0.32   0.749    -.1831685    .2547827
        e_12_6 |   -.087675   .1359696    -0.64   0.519    -.3541705    .1788206
        e_13_6 |   .5071672   .2710248     1.87   0.061    -.0240317    1.038366
        e_14_6 |   1.347402   .6628366     2.03   0.042     .0482658    2.646537
        e_15_6 |  -.1543351   .1693143    -0.91   0.362     -.486185    .1775148
         e_1_7 |   .1462863   .0944924     1.55   0.122    -.0389154    .3314879
         e_2_7 |   .1298999   .0599772     2.17   0.030     .0123468     .247453
         e_3_7 |   .0191434   .0807768     0.24   0.813    -.1391762    .1774629
         e_4_7 |   .1195476   .1066975     1.12   0.263    -.0895757     .328671
         e_5_7 |   .0344794   .0345461     1.00   0.318    -.0332297    .1021885
         e_6_7 |   .1008219   .0638369     1.58   0.114    -.0242961    .2259399
         e_7_7 |  -1.029789   .0660585   -15.59   0.000    -1.159261    -.900317
         e_8_7 |   .1448735   .0994656     1.46   0.145    -.0500756    .3398226
         e_9_7 |    .018563   .0394832     0.47   0.638    -.0588226    .0959487
        e_10_7 |   .1031448   .0931317     1.11   0.268      -.07939    .2856796
        e_11_7 |  -.0714266   .0596869    -1.20   0.231    -.1884108    .0455575
        e_12_7 |   .0452206   .0432842     1.04   0.296    -.0396148     .130056
        e_13_7 |   .2265645   .1497924     1.51   0.130    -.0670231    .5201522
        e_14_7 |    -.15492   .3263069    -0.47   0.635    -.7944697    .4846298
        e_15_7 |   .0148794   .0588028     0.25   0.800    -.1003719    .1301307
         e_1_8 |   .1809095   .1371181     1.32   0.187     -.087837    .4496561
         e_2_8 |   .0989211   .0556257     1.78   0.075    -.0101032    .2079454
         e_3_8 |   .1194697   .0984845     1.21   0.225    -.0735564    .3124958
         e_4_8 |  -.0158433   .4276861    -0.04   0.970    -.8540927    .8224061
         e_5_8 |   .0114375   .0710458     0.16   0.872    -.1278097    .1506848
         e_6_8 |   .0896719   .1806673     0.50   0.620    -.2644296    .4437734
         e_7_8 |   .1087683   .0993289     1.10   0.274    -.0859128    .3034494
         e_8_8 |  -.9497851   .1527784    -6.22   0.000    -1.249225    -.650345
         e_9_8 |   .0029945   .0552689     0.05   0.957    -.1053306    .1113195
        e_10_8 |   .0900483   .1622652     0.55   0.579    -.2279858    .4080823
        e_11_8 |  -.0337517   .1273793    -0.26   0.791    -.2834106    .2159072
        e_12_8 |    .056598   .0479454     1.18   0.238    -.0373733    .1505693
        e_13_8 |   .2592398    .133955     1.94   0.053    -.0033073    .5217869
        e_14_8 |   .0420238   .1446492     0.29   0.771    -.2414834    .3255311
        e_15_8 |   .0262143   .0532457     0.49   0.622    -.0781454    .1305741
         e_1_9 |  -.0644343   .1823808    -0.35   0.724    -.4218941    .2930254
         e_2_9 |   .1558783   .2404924     0.65   0.517    -.3154782    .6272348
         e_3_9 |   .1456096   .1548492     0.94   0.347    -.1578893    .4491086
         e_4_9 |  -.5037341    .351908    -1.43   0.152    -1.193461    .1859929
         e_5_9 |   .0126883   .0422684     0.30   0.764    -.0701563    .0955328
         e_6_9 |    -.05389   .1545458    -0.35   0.727    -.3567941    .2490141
         e_7_9 |   .2273316   .0851481     2.67   0.008     .0604444    .3942188
         e_8_9 |   .0294933   .1281201     0.23   0.818    -.2216175     .280604
         e_9_9 |  -1.649432   .3992611    -4.13   0.000     -2.43197   -.8668951
        e_10_9 |   .3037831   .2866152     1.06   0.289    -.2579724    .8655386
        e_11_9 |   .0703433   .0780408     0.90   0.367    -.0826138    .2233004
        e_12_9 |   .1638225    .087787     1.87   0.062    -.0082369    .3358819
        e_13_9 |   .2199656   .1759834     1.25   0.211    -.1249555    .5648866
        e_14_9 |   .9970524   .5171542     1.93   0.054    -.0165512    2.010656
        e_15_9 |   .1910361   .0661576     2.89   0.004     .0613696    .3207026
        e_1_10 |  -.1839666   .3782065    -0.49   0.627    -.9252377    .5573045
        e_2_10 |   .1692682   .2373206     0.71   0.476    -.2958715     .634408
        e_3_10 |   .2025032   .1186853     1.71   0.088    -.0301156     .435122
        e_4_10 |   .1023341   .3314953     0.31   0.758    -.5473847    .7520528
        e_5_10 |   .0120604   .0596979     0.20   0.840    -.1049453     .129066
        e_6_10 |  -.2322269   .2195934    -1.06   0.290     -.662622    .1981682
        e_7_10 |   .2033847   .1312662     1.55   0.121    -.0538923    .4606617
        e_8_10 |   .4642274   .1895016     2.45   0.014     .0928112    .8356437
        e_9_10 |   .0009797    .102696     0.01   0.992    -.2003007    .2022601
       e_10_10 |  -.9203859   .5056279    -1.82   0.069    -1.911398    .0706266
       e_11_10 |  -.0470459   .1026479    -0.46   0.647     -.248232    .1541402
       e_12_10 |   .0779915    .175136     0.45   0.656    -.2652687    .4212516
       e_13_10 |   .3724669   .2850751     1.31   0.191      -.18627    .9312039
       e_14_10 |  -.1743589    .547061    -0.32   0.750    -1.246579    .8978609
       e_15_10 |  -.1792071   .1768372    -1.01   0.311    -.5258017    .1673875
        e_1_11 |  -.0087343   .1952036    -0.04   0.964    -.3913264    .3738578
        e_2_11 |  -.1275632   .0980743    -1.30   0.193    -.3197853    .0646589
        e_3_11 |    .194583   .1840124     1.06   0.290    -.1660746    .5552406
        e_4_11 |   .0247479   .1583303     0.16   0.876    -.2855738    .3350696
        e_5_11 |   .1671738   .0548584     3.05   0.002     .0596533    .2746943
        e_6_11 |   .0683027   .1244098     0.55   0.583     -.175536    .3121414
        e_7_11 |  -.1118039   .1095067    -1.02   0.307     -.326433    .1028253
        e_8_11 |  -.1427649   .2053587    -0.70   0.487    -.5452607    .2597308
        e_9_11 |   .1031648   .0615654     1.68   0.094    -.0175011    .2238307
       e_10_11 |   .0202292   .1600335     0.13   0.899    -.2934306    .3338891
       e_11_11 |  -1.066072   .1137753    -9.37   0.000    -1.289067   -.8430761
       e_12_11 |   .0914673   .0995384     0.92   0.358    -.1036244    .2865589
       e_13_11 |   .1270789   .2471177     0.51   0.607    -.3572629    .6114206
       e_14_11 |   1.266917    .434684     2.91   0.004     .4149518    2.118882
       e_15_11 |   .1004453   .0929231     1.08   0.280    -.0816807    .2825712
        e_1_12 |   .1363949   .0776009     1.76   0.079       -.0157    .2884898
        e_2_12 |  -.0218445   .0773083    -0.28   0.778    -.1733661     .129677
        e_3_12 |   .1216307    .107321     1.13   0.257    -.0887146     .331976
        e_4_12 |  -.0855498    .080632    -1.06   0.289    -.2435856    .0724861
        e_5_12 |   .0467344   .0466892     1.00   0.317    -.0447747    .1382435
        e_6_12 |  -.0715679   .0721574    -0.99   0.321    -.2129937    .0698579
        e_7_12 |   .0738607   .0576765     1.28   0.200    -.0391831    .1869044
        e_8_12 |    .131718   .1267796     1.04   0.299    -.1167654    .3802014
        e_9_12 |   .0531371   .0351906     1.51   0.131    -.0158353    .1221095
       e_10_12 |   .0825911   .0857187     0.96   0.335    -.0854145    .2505967
       e_11_12 |   .0208189   .0480739     0.43   0.665    -.0734042    .1150421
       e_12_12 |   -1.05879   .1926501    -5.50   0.000    -1.436377   -.6812028
       e_13_12 |   .1694716   .1595218     1.06   0.288    -.1431854    .4821287
       e_14_12 |   .4043065    .245742     1.65   0.100    -.0773391     .885952
       e_15_12 |   .0340868   .0504684     0.68   0.499    -.0648295     .133003
        e_1_13 |   .2052324   125.1184     0.00   0.999    -245.0224    245.4328
        e_2_13 |   .1444256   30.06122     0.00   0.996    -58.77449    59.06334
        e_3_13 |   .1175685   50.92061     0.00   0.998      -99.685    99.92014
        e_4_13 |   .3335099    702.297     0.00   1.000    -1376.143     1376.81
        e_5_13 |   .1793645    31.7431     0.01   0.995    -62.03597     62.3947
        e_6_13 |   .0933315   218.7786     0.00   1.000    -428.7048    428.8915
        e_7_13 |   .1427449   48.07768     0.00   0.998    -94.08777    94.37326
        e_8_13 |    .147005   145.3711     0.00   0.999    -284.7751    285.0691
        e_9_13 |   .0796975   63.61793     0.00   0.999    -124.6091    124.7685
       e_10_13 |   .0581456   346.0252     0.00   1.000    -678.1388    678.2551
       e_11_13 |   .0751839   6.879023     0.01   0.991    -13.40745    13.55782
       e_12_13 |   .0986168    12.9609     0.01   0.994    -25.30428    25.50152
       e_13_13 |  -.9921291   71.18573    -0.01   0.989    -140.5136    138.5293
       e_14_13 |   .4395956   273.7139     0.00   0.999    -536.0298     536.909
       e_15_13 |   .2157201   7.829583     0.03   0.978    -15.12998    15.56142
        e_1_14 |   .4919482   .2549495     1.93   0.054    -.0077437      .99164
        e_2_14 |   .4102416   .1729161     2.37   0.018     .0713322     .749151
        e_3_14 |   .4627684   .2235109     2.07   0.038     .0246951    .9008416
        e_4_14 |   .1256013   .2408387     0.52   0.602    -.3464338    .5976364
        e_5_14 |   .2062582    .137803     1.50   0.134    -.0638307    .4763471
        e_6_14 |   .4356575   .1469116     2.97   0.003      .147716    .7235989
        e_7_14 |   .3724505   .1752974     2.12   0.034     .0288739    .7160271
        e_8_14 |   .3792353   .1910844     1.98   0.047     .0047166    .7537539
        e_9_14 |   .3363049   .1367016     2.46   0.014     .0683746    .6042351
       e_10_14 |   .1228601   .1886537     0.65   0.515    -.2468944    .4926146
       e_11_14 |   .4854745   .1556991     3.12   0.002     .1803098    .7906392
       e_12_14 |   .4473119   .1670969     2.68   0.007      .119808    .7748158
       e_13_14 |   .8159226   .3075148     2.65   0.008     .2132046    1.418641
       e_14_14 |  -1.539908   .4741924    -3.25   0.001    -2.469308   -.6105084
       e_15_14 |   .3004495   .1493386     2.01   0.044     .0077512    .5931479
        e_1_15 |   .4188206   .2285659     1.83   0.067    -.0291603    .8668016
        e_2_15 |  -.0129896   .4870042    -0.03   0.979    -.9675003    .9415212
        e_3_15 |   .0780371   .1796392     0.43   0.664    -.2740493    .4301234
        e_4_15 |  -.1814508   .5603468    -0.32   0.746     -1.27971    .9168087
        e_5_15 |   .0578896   .0970897     0.60   0.551    -.1324027    .2481819
        e_6_15 |    -.10085   .2214351    -0.46   0.649    -.5348549    .3331548
        e_7_15 |   .0396638   .1897708     0.21   0.834    -.3322802    .4116077
        e_8_15 |   .1092913   .2349908     0.47   0.642    -.3512822    .5698648
        e_9_15 |   .0763621   .0614216     1.24   0.214     -.044022    .1967462
       e_10_15 |  -.2631741    .463119    -0.57   0.570    -1.170871    .6445224
       e_11_15 |   .0365394   .1242608     0.29   0.769    -.2070072     .280086
       e_12_15 |   .0239695   .1016549     0.24   0.814    -.1752705    .2232094
       e_13_15 |   .4055068    .340624     1.19   0.234    -.2621039    1.073117
       e_14_15 |   .1251323   .3047625     0.41   0.681    -.4721913    .7224558
       e_15_15 |  -.9858481    .119699    -8.24   0.000    -1.220454   -.7512423
--------------------------------------------------------------------------------
Note: One or more parameters could not be estimated in 10 bootstrap replicates;
      standard-error estimates include only complete replications.

. parmest, saving(adj_med_low_output, replace)
(file adj_med_low_output.dta not found)
file adj_med_low_output.dta saved

. 
. log close
      name:  <unnamed>
       log:  C:\Users\Chung\Desktop\EVS\Adj_med\Low\adj_med_low.log
  log type:  text
 closed on:  10 Feb 2025, 17:18:50
------------------------------------------------------------------------------------------------------------------
