-------------------------------------------------------------------------------
      name:  <unnamed>
       log:  /home/timo/Documents/Adj_pca/adj_pca_all.log
  log type:  text
 opened on:  30 Jan 2025, 08:09:28

. 
. *load the main data
. use "$path/adj_pca_all.dta", clear 

. 
. *set seed
. set seed 123

. 
. *define the local variables for the estimation
. local demographic_vars urban EF29 monthly age edu

. local adj_pca_prices adj_pca_P1 adj_pca_P2 adj_pca_P3 adj_pca_P4 adj_pca_P5 a
> dj_pca_P6 adj_pca_P7 adj_pca_P8 adj_pca_P9 adj_pca_P10 adj_pca_P11 adj_pca_P1
> 2 adj_pca_P13 adj_pca_P14 adj_pca_P15

. 
. *estimate the QUAIDSCE model
. quaidsce W1-W15, anot(2) prices(`adj_pca_prices') expenditure(expfd) demograp
> hics(`demographic_vars') nolog reps(50)
-------------------------------------------------------------------------------
Parallel Computing with Stata
Child processes: 6
pll_id         : eunuij7341
Running at     : /home/timo/Stata18
Randtype       : datetime

Waiting for the child processes to finish...
child process 0001 has exited without error...
child process 0003 has exited without error...
child process 0002 has exited without error...
child process 0004 has exited without error...
child process 0005 has exited without error...
child process 0006 has exited without error...
-------------------------------------------------------------------------------
Enter -parallel printlog #- to checkout logfiles.
-------------------------------------------------------------------------------

parallel bootstrapping                                  Number of obs = 10,174
                                                        Replications  =     50

      Command: quaidsce_c W1-W15, anot(2) prices(adj_pca_P1 adj_pca_P2
                   adj_pca_P3 adj_pca_P4 adj_pca_P5 adj_pca_P6 adj_pca_P7
                   adj_pca_P8 adj_pca_P9 adj_pca_P10 adj_pca_P11 adj_pca_P12
                   adj_pca_P13 adj_pca_P14 adj_pca_P15) expenditure(expfd)
                   demographics(urban EF29 monthly age edu) nolog reps(50)

------------------------------------------------------------------------------
             |   Observed   Bootstrap                         Normal-based
             | coefficient  std. err.      z    P>|z|     [95% conf. interval]
-------------+----------------------------------------------------------------
alpha        |
     alpha_1 |   .0264405   .0474786     0.56   0.578    -.0666158    .1194968
     alpha_2 |   .0338546   .0282998     1.20   0.232     -.021612    .0893212
     alpha_3 |  -.0226384   .0504991    -0.45   0.654    -.1216149     .076338
     alpha_4 |   -.027493    .043052    -0.64   0.523    -.1118733    .0568873
     alpha_5 |   .0005824   .0133353     0.04   0.965    -.0255542    .0267191
     alpha_6 |   .0466622   .0158003     2.95   0.003     .0156941    .0776303
     alpha_7 |   .0430928   .0247729     1.74   0.082    -.0054611    .0916467
     alpha_8 |   .0189342   .0307243     0.62   0.538    -.0412843    .0791528
     alpha_9 |   .0398425   .0188211     2.12   0.034     .0029538    .0767312
    alpha_10 |   .0072314    .025973     0.28   0.781    -.0436748    .0581376
    alpha_11 |   .0419109   .0251453     1.67   0.096    -.0073729    .0911948
    alpha_12 |   .1199057   .0502672     2.39   0.017     .0213838    .2184276
    alpha_13 |   .2447619   .0888629     2.75   0.006     .0705937      .41893
    alpha_14 |   .2319019   .0805738     2.88   0.004     .0739802    .3898236
    alpha_15 |   .0361746   .0286017     1.26   0.206    -.0198836    .0922329
-------------+----------------------------------------------------------------
beta         |
      beta_1 |   .0605101   .0334018     1.81   0.070    -.0049562    .1259763
      beta_2 |  -.0079516   .0179036    -0.44   0.657    -.0430421    .0271389
      beta_3 |   .1098576   .0410498     2.68   0.007     .0294014    .1903138
      beta_4 |   .0308885   .0247171     1.25   0.211    -.0175561     .079333
      beta_5 |   .0150441   .0079519     1.89   0.059    -.0005413    .0306295
      beta_6 |  -.0197692   .0086308    -2.29   0.022    -.0366853   -.0028531
      beta_7 |  -.0020845   .0147778    -0.14   0.888    -.0310484    .0268794
      beta_8 |   .0416553   .0277188     1.50   0.133    -.0126725    .0959831
      beta_9 |  -.0196749   .0096145    -2.05   0.041     -.038519   -.0008308
     beta_10 |   .0124982   .0142862     0.87   0.382    -.0155022    .0404985
     beta_11 |  -.0200277   .0137685    -1.45   0.146    -.0470135     .006958
     beta_12 |  -.0551646   .0333229    -1.66   0.098    -.1204763    .0101471
     beta_13 |  -.0300486   .0573731    -0.52   0.600    -.1424979    .0824007
     beta_14 |  -.1175999   .0644476    -1.82   0.068    -.2439148    .0087151
     beta_15 |   .0001018   .0165953     0.01   0.995    -.0324244     .032628
-------------+----------------------------------------------------------------
gamma        |
   gamma_1_1 |   .0238028   .0139043     1.71   0.087    -.0034492    .0510548
   gamma_2_1 |   .0017863   .0060509     0.30   0.768    -.0100734    .0136459
   gamma_3_1 |  -.0171464   .0118627    -1.45   0.148    -.0403968     .006104
   gamma_4_1 |   .0151172   .0102842     1.47   0.142    -.0050395    .0352739
   gamma_5_1 |   -.004057   .0023878    -1.70   0.089    -.0087371     .000623
   gamma_6_1 |   .0015846   .0029574     0.54   0.592    -.0042117     .007381
   gamma_7_1 |   .0035043   .0054472     0.64   0.520    -.0071721    .0141806
   gamma_8_1 |  -.0007927   .0069485    -0.11   0.909    -.0144115    .0128261
   gamma_9_1 |   .0035539   .0020315     1.75   0.080    -.0004277    .0075356
  gamma_10_1 |  -.0025334   .0039745    -0.64   0.524    -.0103233    .0052566
  gamma_11_1 |   .0046802   .0034808     1.34   0.179     -.002142    .0115023
  gamma_12_1 |   .0056519   .0070254     0.80   0.421    -.0081175    .0194214
  gamma_13_1 |  -.0147815   .0136569    -1.08   0.279    -.0415485    .0119856
  gamma_14_1 |  -.0223487   .0166038    -1.35   0.178    -.0548916    .0101942
  gamma_15_1 |   .0019784   .0034228     0.58   0.563    -.0047301    .0086869
   gamma_2_2 |   .0035623    .005585     0.64   0.524    -.0073842    .0145087
   gamma_3_2 |   .0017419   .0058824     0.30   0.767    -.0097875    .0132713
   gamma_4_2 |   -.006545   .0057849    -1.13   0.258    -.0178832    .0047931
   gamma_5_2 |   .0005371   .0014225     0.38   0.706    -.0022509    .0033252
   gamma_6_2 |  -.0034078   .0021957    -1.55   0.121    -.0077112    .0008956
   gamma_7_2 |   -.001023   .0029755    -0.34   0.731     -.006855    .0048089
   gamma_8_2 |   .0008326   .0039649     0.21   0.834    -.0069385    .0086037
   gamma_9_2 |   .0019123   .0015014     1.27   0.203    -.0010304     .004855
  gamma_10_2 |   .0045244   .0037253     1.21   0.225     -.002777    .0118258
  gamma_11_2 |  -.0000318   .0026079    -0.01   0.990    -.0051432    .0050796
  gamma_12_2 |  -.0032791   .0032494    -1.01   0.313    -.0096478    .0030896
  gamma_13_2 |  -.0001956   .0053608    -0.04   0.971    -.0107026    .0103114
  gamma_14_2 |  -.0010655   .0099657    -0.11   0.915    -.0205978    .0184669
  gamma_15_2 |    .000651   .0023102     0.28   0.778    -.0038768    .0051789
   gamma_3_3 |  -.0062172   .0195288    -0.32   0.750    -.0444928    .0320585
   gamma_4_3 |   .0036873   .0072156     0.51   0.609     -.010455    .0178296
   gamma_5_3 |  -.0019936   .0034073    -0.59   0.558    -.0086717    .0046845
   gamma_6_3 |   .0043108   .0018036     2.39   0.017     .0007757    .0078459
   gamma_7_3 |  -.0044967   .0054552    -0.82   0.410    -.0151887    .0061952
   gamma_8_3 |  -.0045171   .0084231    -0.54   0.592    -.0210261    .0119919
   gamma_9_3 |   .0022475   .0020878     1.08   0.282    -.0018445    .0063395
  gamma_10_3 |  -.0037861   .0042966    -0.88   0.378    -.0122072    .0046349
  gamma_11_3 |   .0044045   .0050817     0.87   0.386    -.0055555    .0143644
  gamma_12_3 |   .0098085   .0070885     1.38   0.166    -.0040846    .0237017
  gamma_13_3 |   .0092186   .0133191     0.69   0.489    -.0168864    .0353235
  gamma_14_3 |   .0027573   .0163747     0.17   0.866    -.0293366    .0348512
  gamma_15_3 |  -.0000193   .0036332    -0.01   0.996    -.0071402    .0071016
   gamma_4_4 |   .0014206   .0246411     0.06   0.954     -.046875    .0497163
   gamma_5_4 |  -.0014623   .0020999    -0.70   0.486    -.0055781    .0026534
   gamma_6_4 |   .0057553   .0037533     1.53   0.125     -.001601    .0131115
   gamma_7_4 |  -.0018299   .0053351    -0.34   0.732    -.0122865    .0086266
   gamma_8_4 |   .0037009   .0055684     0.66   0.506    -.0072129    .0146147
   gamma_9_4 |   .0010051   .0029981     0.34   0.737    -.0048711    .0068813
  gamma_10_4 |  -.0105873   .0096813    -1.09   0.274    -.0295624    .0083877
  gamma_11_4 |     .00318   .0033697     0.94   0.345    -.0034245    .0097845
  gamma_12_4 |  -.0020412   .0043443    -0.47   0.638     -.010556    .0064735
  gamma_13_4 |   .0007549   .0080769     0.09   0.926    -.0150756    .0165854
  gamma_14_4 |  -.0098497   .0222599    -0.44   0.658    -.0534784     .033779
  gamma_15_4 |  -.0023057   .0038621    -0.60   0.551    -.0098754    .0052639
   gamma_5_5 |   .0010693   .0010198     1.05   0.294    -.0009295    .0030681
   gamma_6_5 |   .0005025   .0007127     0.70   0.481    -.0008945    .0018994
   gamma_7_5 |  -7.72e-06   .0013405    -0.01   0.995    -.0026351    .0026197
   gamma_8_5 |   -.002243   .0019057    -1.18   0.239    -.0059781    .0014921
   gamma_9_5 |   .0005056   .0003626     1.39   0.163     -.000205    .0012163
  gamma_10_5 |  -.0011253   .0011177    -1.01   0.314    -.0033159    .0010653
  gamma_11_5 |  -.0017717   .0011111    -1.59   0.111    -.0039494     .000406
  gamma_12_5 |    -.00019   .0016418    -0.12   0.908    -.0034079     .003028
  gamma_13_5 |   .0042238   .0037429     1.13   0.259    -.0031122    .0115598
  gamma_14_5 |   .0060773   .0041907     1.45   0.147    -.0021364    .0142909
  gamma_15_5 |  -.0000649   .0010895    -0.06   0.953    -.0022002    .0020705
   gamma_6_6 |   .0027322   .0037478     0.73   0.466    -.0046133    .0100778
   gamma_7_6 |   .0006948   .0015438     0.45   0.653    -.0023311    .0037207
   gamma_8_6 |   .0011826   .0015606     0.76   0.449    -.0018761    .0042412
   gamma_9_6 |   -.001388   .0017547    -0.79   0.429    -.0048272    .0020511
  gamma_10_6 |   -.001822   .0041704    -0.44   0.662    -.0099959    .0063519
  gamma_11_6 |  -.0036747   .0009986    -3.68   0.000    -.0056319   -.0017175
  gamma_12_6 |  -.0011506   .0014619    -0.79   0.431    -.0040159    .0017148
  gamma_13_6 |  -.0011305   .0024579    -0.46   0.646    -.0059479     .003687
  gamma_14_6 |  -.0030826   .0054545    -0.57   0.572    -.0137731    .0076079
  gamma_15_6 |  -.0011067   .0011886    -0.93   0.352    -.0034363    .0012229
   gamma_7_7 |   .0042544   .0028484     1.49   0.135    -.0013284    .0098373
   gamma_8_7 |  -.0001606   .0037025    -0.04   0.965    -.0074173    .0070961
   gamma_9_7 |   .0010437   .0007773     1.34   0.179    -.0004797    .0025671
  gamma_10_7 |   .0023855   .0020518     1.16   0.245     -.001636    .0064069
  gamma_11_7 |  -.0049382   .0019834    -2.49   0.013    -.0088256   -.0010509
  gamma_12_7 |   .0002593   .0025531     0.10   0.919    -.0047446    .0052632
  gamma_13_7 |  -.0068038   .0049695    -1.37   0.171    -.0165439    .0029363
  gamma_14_7 |   .0057482   .0081295     0.71   0.480    -.0101854    .0216818
  gamma_15_7 |   .0013699   .0020946     0.65   0.513    -.0027354    .0054752
   gamma_8_8 |  -.0040279   .0061802    -0.65   0.515     -.016141    .0080851
   gamma_9_8 |   .0023836   .0010396     2.29   0.022      .000346    .0044212
  gamma_10_8 |  -.0019729   .0028255    -0.70   0.485    -.0075108    .0035649
  gamma_11_8 |  -.0075569   .0034693    -2.18   0.029    -.0143567   -.0007571
  gamma_12_8 |   .0021018    .004852     0.43   0.665     -.007408    .0116116
  gamma_13_8 |  -.0049749   .0083273    -0.60   0.550    -.0212961    .0113464
  gamma_14_8 |   .0193197   .0119892     1.61   0.107    -.0041788    .0428182
  gamma_15_8 |  -.0032752   .0027382    -1.20   0.232    -.0086419    .0020915
   gamma_9_9 |  -.0029029   .0010149    -2.86   0.004     -.004892   -.0009138
  gamma_10_9 |  -.0042111   .0026271    -1.60   0.109    -.0093601    .0009378
  gamma_11_9 |  -.0007991   .0007295    -1.10   0.273    -.0022289    .0006307
  gamma_12_9 |  -.0008759   .0011079    -0.79   0.429    -.0030474    .0012956
  gamma_13_9 |  -.0017343   .0017918    -0.97   0.333    -.0052462    .0017777
  gamma_14_9 |  -.0002313    .003755    -0.06   0.951     -.007591    .0071285
  gamma_15_9 |  -.0005091   .0007265    -0.70   0.483    -.0019331    .0009148
 gamma_10_10 |   .0175833   .0093997     1.87   0.061    -.0008397    .0360064
 gamma_11_10 |   -.001375   .0023446    -0.59   0.558    -.0059702    .0032203
 gamma_12_10 |  -.0007643   .0022984    -0.33   0.739     -.005269    .0037405
 gamma_13_10 |   .0044069   .0039149     1.13   0.260    -.0032661      .01208
 gamma_14_10 |   .0012414   .0115098     0.11   0.914    -.0213173    .0238001
 gamma_15_10 |  -.0019641   .0020883    -0.94   0.347     -.006057    .0021288
 gamma_11_11 |   .0074243   .0030967     2.40   0.017     .0013549    .0134937
 gamma_12_11 |  -.0069846   .0020267    -3.45   0.001    -.0109568   -.0030123
 gamma_13_11 |   .0054438   .0047654     1.14   0.253    -.0038962    .0147837
 gamma_14_11 |   .0001092   .0065757     0.02   0.987    -.0127789    .0129973
 gamma_15_11 |   .0018901   .0013262     1.43   0.154    -.0007092    .0044894
 gamma_12_12 |   .0108393   .0079237     1.37   0.171    -.0046908    .0263694
 gamma_13_12 |  -.0004092   .0092984    -0.04   0.965    -.0186338    .0178153
 gamma_14_12 |  -.0140814   .0101919    -1.38   0.167    -.0340572    .0058944
 gamma_15_12 |   .0011153   .0021357     0.52   0.602    -.0030706    .0053012
 gamma_13_13 |  -.0055084   .0221529    -0.25   0.804    -.0489273    .0379104
 gamma_14_13 |   .0130166   .0205699     0.63   0.527    -.0272997    .0533329
 gamma_15_13 |  -.0015265   .0038213    -0.40   0.690     -.009016     .005963
 gamma_14_14 |   .0016066   .0329635     0.05   0.961    -.0630007    .0662139
 gamma_15_14 |   .0007828   .0065755     0.12   0.905    -.0121049    .0136705
 gamma_15_15 |   .0029841   .0023213     1.29   0.199    -.0015655    .0075336
-------------+----------------------------------------------------------------
lambda       |
    lambda_1 |  -.0128267   .0064462    -1.99   0.047    -.0254611   -.0001924
    lambda_2 |   .0018206   .0027836     0.65   0.513    -.0036352    .0072764
    lambda_3 |  -.0224408   .0085073    -2.64   0.008    -.0391148   -.0057669
    lambda_4 |  -.0042999    .003933    -1.09   0.274    -.0120085    .0034087
    lambda_5 |  -.0029559   .0013429    -2.20   0.028    -.0055879   -.0003238
    lambda_6 |   .0023355    .001142     2.05   0.041     .0000973    .0045737
    lambda_7 |   .0042822   .0026283     1.63   0.103    -.0008691    .0094336
    lambda_8 |  -.0048739   .0056896    -0.86   0.392    -.0160253    .0062775
    lambda_9 |   .0030635    .001233     2.48   0.013     .0006469    .0054801
   lambda_10 |  -.0015636   .0020679    -0.76   0.450    -.0056167    .0024894
   lambda_11 |   .0036574    .002055     1.78   0.075    -.0003703    .0076852
   lambda_12 |   .0088504   .0055994     1.58   0.114    -.0021241     .019825
   lambda_13 |   .0057658   .0092017     0.63   0.531    -.0122692    .0238007
   lambda_14 |   .0186065   .0122127     1.52   0.128      -.00533    .0425431
   lambda_15 |   .0008201   .0025323     0.32   0.746    -.0041432    .0057833
-------------+----------------------------------------------------------------
delta        |
     delta_1 |   .1065905   .0144766     7.36   0.000     .0782169    .1349642
     delta_2 |    .033506   .0058102     5.77   0.000     .0221183    .0448938
     delta_3 |   .1589554   .0207045     7.68   0.000     .1183752    .1995355
     delta_4 |    .061378   .0162144     3.79   0.000     .0295985    .0931575
     delta_5 |  -.0001942   .0074617    -0.03   0.979    -.0148188    .0144304
     delta_6 |   .0147279   .0021723     6.78   0.000     .0104703    .0189854
     delta_7 |   .0666596   .0046953    14.20   0.000     .0574569    .0758623
     delta_8 |   .1398011   .0151936     9.20   0.000     .1100222    .1695799
     delta_9 |   .0164098   .0024542     6.69   0.000     .0115996      .02122
    delta_10 |   .0331371   .0061371     5.40   0.000     .0211085    .0451656
    delta_11 |   .0416437   .0114125     3.65   0.000     .0192757    .0640117
    delta_12 |   .0378015   .0128007     2.95   0.003     .0127126    .0628904
    delta_13 |   .2834539   .0265299    10.68   0.000     .2314562    .3354516
    delta_14 |   .2064472   .0318652     6.48   0.000     .1439926    .2689019
    delta_15 |   .0199891   .0049274     4.06   0.000     .0103315    .0296467
-------------+----------------------------------------------------------------
eta          |
 eta_urban_1 |   -.000263   .0011671    -0.23   0.822    -.0025505    .0020245
 eta_urban_2 |   .0003023   .0005198     0.58   0.561    -.0007165    .0013212
 eta_urban_3 |  -.0018989   .0015177    -1.25   0.211    -.0048735    .0010757
 eta_urban_4 |   .0012247   .0008123     1.51   0.132    -.0003674    .0028168
 eta_urban_5 |  -.0001431    .000323    -0.44   0.658    -.0007762      .00049
 eta_urban_6 |  -.0003477   .0002052    -1.69   0.090    -.0007499    .0000545
 eta_urban_7 |   .0009452   .0006466     1.46   0.144     -.000322    .0022124
 eta_urban_8 |  -.0040094   .0016154    -2.48   0.013    -.0071756   -.0008432
 eta_urban_9 |   1.44e-06   .0001523     0.01   0.992     -.000297    .0002999
eta_urban_10 |  -.0004432   .0004088    -1.08   0.278    -.0012443     .000358
eta_urban_11 |  -.0001446     .00032    -0.45   0.651    -.0007719    .0004826
eta_urban_12 |   .0017288   .0009079     1.90   0.057    -.0000508    .0035083
eta_urban_13 |  -.0008862   .0036667    -0.24   0.809    -.0080728    .0063004
eta_urban_14 |   .0030629   .0023285     1.32   0.188    -.0015009    .0076267
eta_urban_15 |   .0008709   .0003579     2.43   0.015     .0001694    .0015723
  eta_EF29_1 |  -.0012153   .0007227    -1.68   0.093    -.0026319    .0002012
  eta_EF29_2 |   .0000284   .0003651     0.08   0.938    -.0006873     .000744
  eta_EF29_3 |   -.000731   .0010619    -0.69   0.491    -.0028122    .0013503
  eta_EF29_4 |  -.0002853   .0004468    -0.64   0.523    -.0011611    .0005905
  eta_EF29_5 |   .0001642   .0001786     0.92   0.358    -.0001859    .0005143
  eta_EF29_6 |   .0003405    .000119     2.86   0.004     .0001072    .0005738
  eta_EF29_7 |  -.0006429   .0003961    -1.62   0.105    -.0014192    .0001334
  eta_EF29_8 |     .00118   .0006633     1.78   0.075      -.00012      .00248
  eta_EF29_9 |  -.0001239   .0000767    -1.61   0.106    -.0002743    .0000265
 eta_EF29_10 |   .0001626   .0002123     0.77   0.444    -.0002535    .0005787
 eta_EF29_11 |   .0003201   .0002873     1.11   0.265     -.000243    .0008833
 eta_EF29_12 |  -.0014699   .0005149    -2.85   0.004    -.0024792   -.0004607
 eta_EF29_13 |   .0005852   .0018915     0.31   0.757    -.0031221    .0042925
 eta_EF29_14 |    .001526   .0012815     1.19   0.234    -.0009856    .0040377
 eta_EF29_15 |   .0001612   .0002969     0.54   0.587    -.0004207    .0007432
eta_monthl~1 |   1.24e-07   2.19e-07     0.56   0.573    -3.06e-07    5.54e-07
eta_monthl~2 |  -4.86e-08   1.07e-07    -0.46   0.649    -2.58e-07    1.61e-07
eta_monthl~3 |  -3.69e-07   2.51e-07    -1.47   0.141    -8.61e-07    1.23e-07
eta_monthl~4 |  -4.13e-08   8.03e-08    -0.51   0.607    -1.99e-07    1.16e-07
eta_monthl~5 |  -4.18e-08   5.01e-08    -0.83   0.404    -1.40e-07    5.64e-08
eta_monthl~6 |   2.97e-08   3.60e-08     0.82   0.410    -4.09e-08    1.00e-07
eta_monthl~7 |  -1.80e-08   1.14e-07    -0.16   0.875    -2.42e-07    2.06e-07
eta_monthl~8 |  -1.72e-07   2.13e-07    -0.81   0.419    -5.90e-07    2.45e-07
eta_monthl~9 |   2.75e-08   2.42e-08     1.14   0.255    -1.98e-08    7.49e-08
eta_month~10 |  -2.18e-08   4.91e-08    -0.45   0.656    -1.18e-07    7.44e-08
eta_month~11 |  -2.10e-07   8.19e-08    -2.57   0.010    -3.71e-07   -4.98e-08
eta_month~12 |  -1.49e-07   1.28e-07    -1.16   0.244    -4.01e-07    1.02e-07
eta_month~13 |   6.68e-07   4.45e-07     1.50   0.133    -2.04e-07    1.54e-06
eta_month~14 |   1.59e-07   3.12e-07     0.51   0.610    -4.53e-07    7.70e-07
eta_month~15 |   6.49e-08   5.82e-08     1.12   0.265    -4.91e-08    1.79e-07
   eta_age_1 |   .0000687   .0000563     1.22   0.222    -.0000416    .0001789
   eta_age_2 |   .0000509   .0000324     1.57   0.116    -.0000125    .0001144
   eta_age_3 |  -.0001271   .0000797    -1.60   0.110    -.0002833     .000029
   eta_age_4 |  -.0000339   .0000407    -0.83   0.405    -.0001136    .0000459
   eta_age_5 |   .0000129   .0000152     0.85   0.396    -.0000169    .0000428
   eta_age_6 |   .0000297    .000011     2.71   0.007     8.24e-06    .0000512
   eta_age_7 |  -.0000276    .000036    -0.77   0.444    -.0000982     .000043
   eta_age_8 |   .0002519   .0000426     5.91   0.000     .0001683    .0003355
   eta_age_9 |   .0000145   6.81e-06     2.12   0.034     1.09e-06    .0000278
  eta_age_10 |  -.0000176     .00002    -0.88   0.378    -.0000567    .0000215
  eta_age_11 |  -.0000103   .0000195    -0.53   0.595    -.0000485    .0000278
  eta_age_12 |   .0000486   .0000351     1.38   0.166    -.0000202    .0001174
  eta_age_13 |   -.000326   .0001003    -3.25   0.001    -.0005227   -.0001294
  eta_age_14 |   .0001576   .0000875     1.80   0.072    -.0000138    .0003291
  eta_age_15 |  -.0000923    .000014    -6.58   0.000    -.0001198   -.0000648
   eta_edu_1 |  -.0010763   .0012216    -0.88   0.378    -.0034706     .001318
   eta_edu_2 |   .0007614   .0006627     1.15   0.251    -.0005374    .0020602
   eta_edu_3 |    .003927   .0017082     2.30   0.022      .000579     .007275
   eta_edu_4 |  -.0006295   .0009155    -0.69   0.492    -.0024238    .0011648
   eta_edu_5 |    -.00113   .0002941    -3.84   0.000    -.0017065   -.0005536
   eta_edu_6 |  -.0008136   .0001924    -4.23   0.000    -.0011907   -.0004364
   eta_edu_7 |  -.0009162   .0007715    -1.19   0.235    -.0024284    .0005959
   eta_edu_8 |  -.0022615   .0012278    -1.84   0.065    -.0046679     .000145
   eta_edu_9 |    .000137   .0001219     1.12   0.261     -.000102     .000376
  eta_edu_10 |    .000549   .0004238     1.30   0.195    -.0002817    .0013797
  eta_edu_11 |   .0000653   .0004045     0.16   0.872    -.0007275     .000858
  eta_edu_12 |   .0008456   .0006742     1.25   0.210    -.0004759     .002167
  eta_edu_13 |  -.0000194   .0025285    -0.01   0.994    -.0049751    .0049363
  eta_edu_14 |   .0001409   .0020646     0.07   0.946    -.0039055    .0041874
  eta_edu_15 |   .0004204   .0003293     1.28   0.202     -.000225    .0010658
-------------+----------------------------------------------------------------
rho          |
   rho_urban |  -.1151812   .1027544    -1.12   0.262    -.3165762    .0862138
    rho_EF29 |   .0166368   .0478123     0.35   0.728    -.0770736    .1103473
 rho_monthly |   .0000282   .0000165     1.71   0.087    -4.12e-06    .0000605
     rho_age |   .0067784   .0024543     2.76   0.006     .0019682    .0115887
     rho_edu |    .011176   .0686432     0.16   0.871    -.1233621    .1457142
-------------+----------------------------------------------------------------
tau          |
        p1_1 |  -.2797643   .1431268    -1.95   0.051    -.5602877    .0007591
        p2_1 |   .3911154   .2993229     1.31   0.191    -.1955466    .9777775
        p3_1 |  -.0122532   .1626583    -0.08   0.940    -.3310577    .3065513
        p4_1 |   .4466316   .7088102     0.63   0.529    -.9426109    1.835874
        p5_1 |   .0022362   .0876201     0.03   0.980     -.169496    .1739684
        p6_1 |   -.464839   .5714757    -0.81   0.416    -1.584911    .6552329
        p7_1 |  -.0272196   .1626511    -0.17   0.867    -.3460099    .2915707
        p8_1 |   .2124654   .1608338     1.32   0.186    -.1027631    .5276938
        p9_1 |   .0411761   .2044464     0.20   0.840    -.3595314    .4418836
       p10_1 |   -1.29624   .7161139    -1.81   0.070    -2.699798    .1073171
       p11_1 |   .1284515   .0782528     1.64   0.101    -.0249211    .2818241
       p12_1 |   .2553759   .0929641     2.75   0.006     .0731697    .4375821
       p13_1 |  -.1798165   .2211882    -0.81   0.416    -.6133374    .2537044
       p14_1 |  -1.144696   1.280576    -0.89   0.371     -3.65458    1.365188
       p15_1 |   -.047998   .1299368    -0.37   0.712    -.3026694    .2066734
         M_1 |   .9125516   .0431573    21.14   0.000     .8279647    .9971384
     urban_1 |   -.068388   .0610655    -1.12   0.263     -.188074    .0512981
      EF29_1 |   -.051946   .0455827    -1.14   0.254    -.1412865    .0373945
   monthly_1 |   .0000153   .0000171     0.90   0.370    -.0000182    .0000488
       age_1 |  -.0012155   .0016657    -0.73   0.466    -.0044801    .0020491
       edu_1 |   .0652865   .0471832     1.38   0.166    -.0271909    .1577639
      cons_1 |  -2.674712   .1553711   -17.21   0.000    -2.979234   -2.370191
        p1_2 |  -.0305789   .1741303    -0.18   0.861     -.371868    .3107102
        p2_2 |  -.2516121   .0995529    -2.53   0.011    -.4467321    -.056492
        p3_2 |   .0999491   .1170744     0.85   0.393    -.1295125    .3294108
        p4_2 |   .2595622   .3839739     0.68   0.499    -.4930128    1.012137
        p5_2 |   .0102177   .0497508     0.21   0.837    -.0872921    .1077275
        p6_2 |   .4858264   .3353398     1.45   0.147    -.1714275     1.14308
        p7_2 |   .0015064   .0853421     0.02   0.986    -.1657611    .1687739
        p8_2 |   .0911115   .1013177     0.90   0.369    -.1074676    .2896905
        p9_2 |   .2778631   .1197846     2.32   0.020     .0430897    .5126365
       p10_2 |  -.6333428   .5049004    -1.25   0.210    -1.622929    .3562437
       p11_2 |   .0843908   .0625903     1.35   0.178     -.038284    .2070656
       p12_2 |   .0178624   .0692609     0.26   0.796    -.1178864    .1536112
       p13_2 |  -.5618611    .125788    -4.47   0.000    -.8084011    -.315321
       p14_2 |  -.3241105   .6694026    -0.48   0.628    -1.636115    .9878944
       p15_2 |  -.0472031    .079989    -0.59   0.555    -.2039786    .1095724
         M_2 |   .8228703   .0299251    27.50   0.000     .7642181    .8815225
     urban_2 |   .0548311    .033205     1.65   0.099    -.0102495    .1199117
      EF29_2 |  -.0687256   .0239951    -2.86   0.004    -.1157552    -.021696
   monthly_2 |   4.68e-06   6.55e-06     0.71   0.475    -8.15e-06    .0000175
       age_2 |   -.001509   .0011117    -1.36   0.175    -.0036878    .0006699
       edu_2 |   .1348463   .0380421     3.54   0.000     .0602852    .2094074
      cons_2 |  -3.232477   .1356336   -23.83   0.000    -3.498314    -2.96664
        p1_3 |  -.5119123   .2705163    -1.89   0.058    -1.042115      .01829
        p2_3 |     .02386   .3252437     0.07   0.942     -.613606     .661326
        p3_3 |  -.1174848   .1138271    -1.03   0.302    -.3405818    .1056122
        p4_3 |  -.0291056   .7362952    -0.04   0.968    -1.472218    1.414006
        p5_3 |   .2048968   .0745447     2.75   0.006     .0587919    .3510016
        p6_3 |   -.014831   .6216956    -0.02   0.981    -1.233332     1.20367
        p7_3 |  -.0296906    .208649    -0.14   0.887    -.4386351    .3792539
        p8_3 |   .0520233   .1742443     0.30   0.765    -.2894892    .3935358
        p9_3 |   .1134268   .2307113     0.49   0.623    -.3387589    .5656126
       p10_3 |  -1.490284   .8360151    -1.78   0.075    -3.128843    .1482759
       p11_3 |  -.0087326   .1028469    -0.08   0.932    -.2103089    .1928437
       p12_3 |    .178129   .1236481     1.44   0.150    -.0642169    .4204749
       p13_3 |  -.3178364   .2371932    -1.34   0.180    -.7827265    .1470537
       p14_3 |  -.8128125   1.234426    -0.66   0.510    -3.232243    1.606618
       p15_3 |  -.0842679   .1975168    -0.43   0.670    -.4713937    .3028579
         M_3 |   1.102298   .0613313    17.97   0.000     .9820905    1.222505
     urban_3 |   .0062944   .0570577     0.11   0.912    -.1055367    .1181256
      EF29_3 |  -.0823608   .0454849    -1.81   0.070    -.1715096     .006788
   monthly_3 |   4.36e-06   .0000147     0.30   0.768    -.0000245    .0000332
       age_3 |  -.0033465   .0017242    -1.94   0.052    -.0067258    .0000329
       edu_3 |  -.0171056     .07378    -0.23   0.817    -.1617117    .1275005
      cons_3 |   -3.17463   .2714725   -11.69   0.000    -3.706706   -2.642553
        p1_4 |  -.1710718   .1736599    -0.99   0.325     -.511439    .1692954
        p2_4 |   .0205452    .158303     0.13   0.897    -.2897229    .3308133
        p3_4 |  -.1681108   .1046631    -1.61   0.108    -.3732468    .0370251
        p4_4 |  -.4048641   .2468867    -1.64   0.101    -.8887531    .0790249
        p5_4 |  -.0413948   .0417623    -0.99   0.322    -.1232473    .0404578
        p6_4 |   .3660166   .2996862     1.22   0.222    -.2213575    .9533906
        p7_4 |  -.0646175   .1082274    -0.60   0.550    -.2767393    .1475042
        p8_4 |  -.2657724   .0944295    -2.81   0.005    -.4508508    -.080694
        p9_4 |   .1170208   .1462953     0.80   0.424    -.1697128    .4037544
       p10_4 |  -.0140542   .3885909    -0.04   0.971    -.7756784    .7475699
       p11_4 |   .0492627   .0624529     0.79   0.430    -.0731426    .1716681
       p12_4 |  -.0576653   .0793453    -0.73   0.467    -.2131792    .0978485
       p13_4 |   -.119727   .1356611    -0.88   0.377    -.3856179    .1461639
       p14_4 |   .8939027   .7896331     1.13   0.258    -.6537498    2.441555
       p15_4 |  -.0862818   .0830644    -1.04   0.299    -.2490851    .0765215
         M_4 |   .9473405   .0346883    27.31   0.000     .8793526    1.015328
     urban_4 |   .0396185   .0414637     0.96   0.339    -.0416489    .1208859
      EF29_4 |  -.0199984   .0235814    -0.85   0.396    -.0662171    .0262203
   monthly_4 |  -.0000289   5.67e-06    -5.09   0.000      -.00004   -.0000177
       age_4 |  -.0096064   .0012714    -7.56   0.000    -.0120982   -.0071145
       edu_4 |   .0569556   .0390934     1.46   0.145    -.0196659    .1335772
      cons_4 |  -3.099896   .1786994   -17.35   0.000     -3.45014   -2.749652
        p1_5 |   .2882923     .13291     2.17   0.030     .0277935    .5487911
        p2_5 |   .1655642   .1358222     1.22   0.223    -.1006425    .4317709
        p3_5 |  -.2050779   .1075091    -1.91   0.056    -.4157919    .0056361
        p4_5 |  -.7406133   .3795851    -1.95   0.051    -1.484586    .0033598
        p5_5 |   .0007259   .0332416     0.02   0.983    -.0644264    .0658783
        p6_5 |  -.2782865   .2149909    -1.29   0.196     -.699661     .143088
        p7_5 |  -.0030291   .0788946    -0.04   0.969    -.1576597    .1516015
        p8_5 |  -.0751315   .0870715    -0.86   0.388    -.2457885    .0955255
        p9_5 |  -.1909574   .1083502    -1.76   0.078    -.4033198     .021405
       p10_5 |  -.0992669   .3466244    -0.29   0.775    -.7786382    .5801043
       p11_5 |  -.0480087   .0477789    -1.00   0.315    -.1416536    .0456362
       p12_5 |  -.1025483   .0572509    -1.79   0.073    -.2147581    .0096615
       p13_5 |   .0998747   .0935236     1.07   0.286    -.0834282    .2831776
       p14_5 |   -.110136   .5970121    -0.18   0.854    -1.280258    1.059986
       p15_5 |  -.1182959   .0610329    -1.94   0.053    -.2379183    .0013264
         M_5 |   .8020754   .0251689    31.87   0.000     .7527454    .8514055
     urban_5 |   .0205554   .0290357     0.71   0.479    -.0363536    .0774643
      EF29_5 |  -.0794011   .0246112    -3.23   0.001    -.1276382    -.031164
   monthly_5 |  -.0000268   5.23e-06    -5.13   0.000    -.0000371   -.0000166
       age_5 |   .0051174   .0012089     4.23   0.000      .002748    .0074869
       edu_5 |  -.0735182   .0323548    -2.27   0.023    -.1369324    -.010104
      cons_5 |   -3.79574   .1242626   -30.55   0.000    -4.039291    -3.55219
        p1_6 |    .087576   .1350211     0.65   0.517    -.1770605    .3522125
        p2_6 |  -.3293676   .1459147    -2.26   0.024    -.6153551     -.04338
        p3_6 |   .0822873   .0981758     0.84   0.402    -.1101337    .2747082
        p4_6 |   .3843365   .3251141     1.18   0.237    -.2528754    1.021548
        p5_6 |  -.0629391   .0400456    -1.57   0.116    -.1414271    .0155489
        p6_6 |   .7306624   .2259307     3.23   0.001     .2878464    1.173478
        p7_6 |  -.1326523   .0811051    -1.64   0.102    -.2916154    .0263108
        p8_6 |  -.2157119   .0661624    -3.26   0.001    -.3453879    -.086036
        p9_6 |  -.1678241   .0911292    -1.84   0.066     -.346434    .0107858
       p10_6 |  -.0635652   .3059012    -0.21   0.835    -.6631205      .53599
       p11_6 |  -.0906335   .0435114    -2.08   0.037    -.1759143   -.0053526
       p12_6 |   -.277981   .0497987    -5.58   0.000    -.3755847   -.1803773
       p13_6 |   .1668454   .1039829     1.60   0.109    -.0369574    .3706482
       p14_6 |  -.9769872   .5579881    -1.75   0.080    -2.070624    .1166495
       p15_6 |  -.0177949   .0622131    -0.29   0.775    -.1397303    .1041406
         M_6 |   .6004023   .0239197    25.10   0.000     .5535206    .6472839
     urban_6 |   .0271454   .0369384     0.73   0.462    -.0452525    .0995434
      EF29_6 |   .0482145   .0221956     2.17   0.030     .0047118    .0917171
   monthly_6 |  -9.51e-06   4.94e-06    -1.93   0.054    -.0000192    1.69e-07
       age_6 |  -.0139113   .0008709   -15.97   0.000    -.0156182   -.0122044
       edu_6 |  -.1865637   .0321692    -5.80   0.000    -.2496141   -.1235133
      cons_6 |  -2.001786    .123814   -16.17   0.000    -2.244457   -1.759115
        p1_7 |  -.0555114   .1614023    -0.34   0.731    -.3718541    .2608313
        p2_7 |  -.3011138   .1261064    -2.39   0.017    -.5482779   -.0539498
        p3_7 |  -.1473559   .1042221    -1.41   0.157    -.3516274    .0569157
        p4_7 |   .0051226   .4424868     0.01   0.991    -.8621356    .8723808
        p5_7 |   -.098014   .0444386    -2.21   0.027     -.185112    -.010916
        p6_7 |   .2416693   .3059327     0.79   0.430    -.3579476    .8412863
        p7_7 |   .1443347   .0611533     2.36   0.018     .0244763     .264193
        p8_7 |  -.1431283    .116576    -1.23   0.220     -.371613    .0853563
        p9_7 |  -.2445202   .1228278    -1.99   0.047    -.4852582   -.0037821
       p10_7 |   .6599736    .375233     1.76   0.079    -.0754696    1.395417
       p11_7 |  -.5245181   .0662357    -7.92   0.000    -.6543377   -.3946985
       p12_7 |  -.0844405    .075738    -1.11   0.265    -.2328842    .0640032
       p13_7 |  -.2598549   .1287842    -2.02   0.044    -.5122673   -.0074426
       p14_7 |  -.8776869   .6234477    -1.41   0.159    -2.099622    .3442481
       p15_7 |  -.1067992   .0719773    -1.48   0.138     -.247872    .0342736
         M_7 |   .9417419   .0282883    33.29   0.000     .8862978     .997186
     urban_7 |   -.046508   .0322631    -1.44   0.149    -.1097425    .0167264
      EF29_7 |   .0521347   .0214391     2.43   0.015     .0101148    .0941546
   monthly_7 |   -.000019   6.73e-06    -2.82   0.005    -.0000322   -5.80e-06
       age_7 |   .0041166   .0011488     3.58   0.000      .001865    .0063682
       edu_7 |  -.3289495    .034037    -9.66   0.000    -.3956608   -.2622381
      cons_7 |  -3.982304   .1362474   -29.23   0.000    -4.249344   -3.715264
        p1_8 |  -.2388655    .260757    -0.92   0.360    -.7499399    .2722088
        p2_8 |  -.6081002   .2510095    -2.42   0.015     -1.10007   -.1161306
        p3_8 |   .1041585   .1560943     0.67   0.505    -.2017808    .4100978
        p4_8 |   .5660095   .6294825     0.90   0.369    -.6677536    1.799773
        p5_8 |  -.0988973   .0749427    -1.32   0.187    -.2457823    .0479877
        p6_8 |   -.125151   .3949545    -0.32   0.751    -.8992476    .6489455
        p7_8 |   .0215034   .0764846     0.28   0.779    -.1284037    .1714105
        p8_8 |  -.0103037   .0932753    -0.11   0.912    -.1931199    .1725125
        p9_8 |   .0107208   .2187559     0.05   0.961    -.4180329    .4394746
       p10_8 |  -.0612829    .430314    -0.14   0.887    -.9046829    .7821171
       p11_8 |  -.5457757   .0914082    -5.97   0.000    -.7249324   -.3666189
       p12_8 |  -.0114302   .1016721    -0.11   0.910    -.2107038    .1878435
       p13_8 |  -.1230621   .2332023    -0.53   0.598    -.5801302    .3340061
       p14_8 |  -1.307659   .9789922    -1.34   0.182    -3.226449    .6111301
       p15_8 |  -.1361222    .114323    -1.19   0.234    -.3601911    .0879468
         M_8 |   .6317804   .0445411    14.18   0.000     .5444814    .7190794
     urban_8 |   -.125447   .0645651    -1.94   0.052    -.2519923    .0010983
      EF29_8 |   .1850756   .0582033     3.18   0.001     .0709993    .2991519
   monthly_8 |  -2.97e-07   .0000266    -0.01   0.991    -.0000525    .0000519
       age_8 |   .0156223   .0018941     8.25   0.000       .01191    .0193347
       edu_8 |  -.3439076   .0536467    -6.41   0.000    -.4490532   -.2387619
      cons_8 |  -2.171063   .2067897   -10.50   0.000    -2.576363   -1.765762
        p1_9 |  -.0428222   .1513315    -0.28   0.777    -.3394264    .2537821
        p2_9 |   .1935909   .1135487     1.70   0.088    -.0289606    .4161423
        p3_9 |   .0324676   .1005455     0.32   0.747     -.164598    .2295332
        p4_9 |  -.1859778   .2978362    -0.62   0.532    -.7697261    .3977705
        p5_9 |   .0978531    .037268     2.63   0.009     .0248091    .1708971
        p6_9 |  -.0948993   .2076584    -0.46   0.648    -.5019023    .3121037
        p7_9 |   .1664521   .0741168     2.25   0.025     .0211859    .3117183
        p8_9 |  -.0327294   .0798399    -0.41   0.682    -.1892128     .123754
        p9_9 |  -.4822929   .1103086    -4.37   0.000    -.6984938   -.2660921
       p10_9 |  -.0832776   .3040963    -0.27   0.784    -.6792954    .5127402
       p11_9 |  -.1151263   .0507179    -2.27   0.023    -.2145316   -.0157209
       p12_9 |   .0008464   .0616749     0.01   0.989    -.1200342    .1217269
       p13_9 |   -.070625    .106542    -0.66   0.507    -.2794436    .1381935
       p14_9 |   .7802971   .5265194     1.48   0.138     -.251662    1.812256
       p15_9 |   .1122483   .0657993     1.71   0.088    -.0167159    .2412126
         M_9 |   .6025575   .0284063    21.21   0.000     .5468821    .6582328
     urban_9 |   .1042362   .0386866     2.69   0.007     .0284119    .1800604
      EF29_9 |  -.0298837   .0220436    -1.36   0.175    -.0730884     .013321
   monthly_9 |   3.57e-06   7.12e-06     0.50   0.616    -.0000104    .0000175
       age_9 |   .0082119   .0011287     7.28   0.000     .0059996    .0104242
       edu_9 |   .0799513   .0284717     2.81   0.005     .0241478    .1357548
      cons_9 |  -4.224794   .1540943   -27.42   0.000    -4.526814   -3.922775
       p1_10 |  -.1957752   .1440893    -1.36   0.174    -.4781851    .0866346
       p2_10 |   .2205314   .1288413     1.71   0.087    -.0319929    .4730557
       p3_10 |  -.0393698   .0892501    -0.44   0.659    -.2142968    .1355572
       p4_10 |   .1192275   .3281337     0.36   0.716    -.5239028    .7623578
       p5_10 |  -.0191256   .0315306    -0.61   0.544    -.0809245    .0426733
       p6_10 |  -.1330744   .2594307    -0.51   0.608    -.6415493    .3754004
       p7_10 |  -.1750881   .0809153    -2.16   0.030    -.3336793   -.0164969
       p8_10 |  -.1846442   .0980194    -1.88   0.060    -.3767587    .0074703
       p9_10 |  -.0685363   .1052198    -0.65   0.515    -.2747633    .1376908
      p10_10 |  -.1773088    .208313    -0.85   0.395    -.5855948    .2309773
      p11_10 |  -.1495413   .0493282    -3.03   0.002    -.2462227   -.0528599
      p12_10 |  -.0825936   .0641557    -1.29   0.198    -.2083365    .0431492
      p13_10 |   .0119985   .1134944     0.11   0.916    -.2104465    .2344434
      p14_10 |  -.3614263   .6363476    -0.57   0.570    -1.608645    .8857921
      p15_10 |  -.1242273   .0674801    -1.84   0.066    -.2564858    .0080311
        M_10 |   .7082121   .0242321    29.23   0.000      .660718    .7557061
    urban_10 |  -.0759385   .0355067    -2.14   0.032    -.1455304   -.0063467
     EF29_10 |   .0065631   .0278649     0.24   0.814     -.048051    .0611772
  monthly_10 |  -.0000357   4.51e-06    -7.92   0.000    -.0000445   -.0000269
      age_10 |   .0075429   .0011577     6.52   0.000     .0052738    .0098121
      edu_10 |  -.0133026   .0323047    -0.41   0.680    -.0766186    .0500133
     cons_10 |  -3.342634   .1157242   -28.88   0.000    -3.569449   -3.115819
       p1_11 |   .1846975   .1561254     1.18   0.237    -.1213027    .4906976
       p2_11 |  -.1528258   .1411623    -1.08   0.279    -.4294987    .1238472
       p3_11 |  -.2056992   .1151454    -1.79   0.074      -.43138    .0199816
       p4_11 |  -.6781519   .4647392    -1.46   0.145    -1.589024    .2327202
       p5_11 |   .0576168   .0339426     1.70   0.090    -.0089094    .1241431
       p6_11 |  -.2753803    .267742    -1.03   0.304     -.800145    .2493844
       p7_11 |  -.0828638   .0844841    -0.98   0.327    -.2484495     .082722
       p8_11 |   .0303505   .0809056     0.38   0.708    -.1282215    .1889225
       p9_11 |  -.0526555   .1138068    -0.46   0.644    -.2757128    .1704017
      p10_11 |   .1378292   .3710352     0.37   0.710    -.5893864    .8650448
      p11_11 |  -.0423429   .0427198    -0.99   0.322    -.1260721    .0413863
      p12_11 |  -.0849403   .0664441    -1.28   0.201    -.2151684    .0452877
      p13_11 |  -.2097897   .1606964    -1.31   0.192    -.5247488    .1051694
      p14_11 |  -.6518219   .6480918    -1.01   0.315    -1.922058    .6184147
      p15_11 |  -.0084916   .0792493    -0.11   0.915    -.1638173    .1468341
        M_11 |   .7835534   .0229796    34.10   0.000     .7385143    .8285926
    urban_11 |   .0271042   .0338009     0.80   0.423    -.0391443    .0933527
     EF29_11 |  -.0663157   .0224261    -2.96   0.003    -.1102702   -.0223613
  monthly_11 |  -7.10e-06   6.87e-06    -1.03   0.301    -.0000206    6.35e-06
      age_11 |   .0038441   .0012505     3.07   0.002     .0013932    .0062951
      edu_11 |  -.0387971    .033787    -1.15   0.251    -.1050183    .0274242
     cons_11 |   -3.24247   .1144955   -28.32   0.000    -3.466877   -3.018063
       p1_12 |   -.244418   .1639036    -1.49   0.136    -.5656632    .0768272
       p2_12 |  -.3768786    .174136    -2.16   0.030    -.7181788   -.0355784
       p3_12 |    .024949    .123666     0.20   0.840    -.2174318    .2673298
       p4_12 |   .3662314   .5131716     0.71   0.475    -.6395666    1.372029
       p5_12 |  -.0509801   .0624181    -0.82   0.414    -.1733174    .0713572
       p6_12 |  -.3915519   .3118033    -1.26   0.209    -1.002675    .2195714
       p7_12 |  -.0742248    .109561    -0.68   0.498    -.2889605    .1405108
       p8_12 |   .1777934   .1263828     1.41   0.159    -.0699123    .4254991
       p9_12 |   .0391795   .1315777     0.30   0.766    -.2187081     .297067
      p10_12 |   .2656161   .4605915     0.58   0.564    -.6371267    1.168359
      p11_12 |  -.0042597   .0689667    -0.06   0.951     -.139432    .1309127
      p12_12 |  -.0955371   .0338757    -2.82   0.005    -.1619322   -.0291419
      p13_12 |   .1205048   .1373533     0.88   0.380    -.1487027    .3897124
      p14_12 |  -.2140295   .9495373    -0.23   0.822    -2.075088    1.647029
      p15_12 |  -.1396286   .1014275    -1.38   0.169    -.3384229    .0591657
        M_12 |   .5991387   .0402171    14.90   0.000     .5203146    .6779627
    urban_12 |  -.0041796   .0449392    -0.09   0.926    -.0922587    .0838996
     EF29_12 |   .0270719   .0285136     0.95   0.342    -.0288139    .0829576
  monthly_12 |  -.0000127   7.06e-06    -1.80   0.072    -.0000265    1.15e-06
      age_12 |   .0096168   .0011733     8.20   0.000     .0073171    .0119165
      edu_12 |   -.049739   .0372344    -1.34   0.182     -.122717     .023239
     cons_12 |  -2.153649   .1823794   -11.81   0.000    -2.511106   -1.796192
       p1_13 |  -.0447398   1.067806    -0.04   0.967    -2.137601    2.048121
       p2_13 |  -.9851053   1.534432    -0.64   0.521    -3.992537    2.022326
       p3_13 |   .1676212   .6825099     0.25   0.806    -1.170074    1.505316
       p4_13 |  -.4465132   2.374618    -0.19   0.851    -5.100679    4.207653
       p5_13 |   .0786753   .2821939     0.28   0.780    -.4744145    .6317651
       p6_13 |   1.617345   1.942549     0.83   0.405    -2.189981     5.42467
       p7_13 |  -.5752721   .6635044    -0.87   0.386    -1.875717    .7251725
       p8_13 |   .7851429   .3898144     2.01   0.044     .0211206    1.549165
       p9_13 |  -.3775464   .3371592    -1.12   0.263    -1.038366    .2832736
      p10_13 |    .395922   .9366354     0.42   0.673     -1.43985    2.231694
      p11_13 |   .2833957   .2193867     1.29   0.196    -.1465943    .7133857
      p12_13 |  -.6863279   .4805067    -1.43   0.153    -1.628104    .2554479
      p13_13 |  -.2520251   .2255014    -1.12   0.264    -.6939998    .1899496
      p14_13 |  -.8021123   3.629523    -0.22   0.825    -7.915847    6.311623
      p15_13 |  -.5001725   .4329669    -1.16   0.248    -1.348772     .348427
        M_13 |   .8557904   .2702466     3.17   0.002     .3261168    1.385464
    urban_13 |   .0776725   .1941294     0.40   0.689     -.302814    .4581591
     EF29_13 |   .1128333   .1715265     0.66   0.511    -.2233524    .4490191
  monthly_13 |   .0001017   .0000701     1.45   0.147    -.0000357    .0002391
      age_13 |   .0071519   .0047986     1.49   0.136    -.0022532    .0165569
      edu_13 |  -.3083777   .2254497    -1.37   0.171     -.750251    .1334956
     cons_13 |  -1.665043   .8222424    -2.03   0.043    -3.276608   -.0534772
       p1_14 |  -.6258155   .3832337    -1.63   0.102     -1.37694    .1253087
       p2_14 |  -.1276339   .3359272    -0.38   0.704    -.7860391    .5307713
       p3_14 |  -.0435724   .3671212    -0.12   0.906    -.7631168    .6759719
       p4_14 |    .602724   1.007288     0.60   0.550    -1.371523    2.576971
       p5_14 |  -.1101153   .1113852    -0.99   0.323    -.3284264    .1081957
       p6_14 |  -.3221279    .577906    -0.56   0.577    -1.454803     .810547
       p7_14 |  -.0556401   .2018714    -0.28   0.783    -.4513007    .3400206
       p8_14 |   .1039873   .2813078     0.37   0.712    -.4473658    .6553404
       p9_14 |  -.3728995    .392263    -0.95   0.342    -1.141721    .3959217
      p10_14 |   .4852168   .8681209     0.56   0.576    -1.216269    2.186703
      p11_14 |   .0064591   .1451712     0.04   0.965    -.2780713    .2909895
      p12_14 |    .048457   .1795733     0.27   0.787    -.3035002    .4004141
      p13_14 |   .1746179   .2359142     0.74   0.459    -.2877654    .6370013
      p14_14 |  -.5957106   .7628674    -0.78   0.435    -2.090903    .8994822
      p15_14 |  -.0831188   .1761343    -0.47   0.637    -.4283357    .2620982
        M_14 |   .8532451   .0756934    11.27   0.000     .7048888    1.001601
    urban_14 |  -.1017596   .0810977    -1.25   0.210    -.2607082     .057189
     EF29_14 |   .0687735    .058052     1.18   0.236    -.0450063    .1825533
  monthly_14 |  -.0000119    .000018    -0.66   0.509    -.0000471    .0000233
      age_14 |  -.0051822   .0024917    -2.08   0.038    -.0100658   -.0002986
      edu_14 |  -.0556073   .0785857    -0.71   0.479    -.2096323    .0984178
     cons_14 |  -1.596242   .2803531    -5.69   0.000    -2.145724    -1.04676
       p1_15 |   .0128565    .189385     0.07   0.946    -.3583314    .3840443
       p2_15 |   .0603692   .1515785     0.40   0.690    -.2367193    .3574577
       p3_15 |  -.0705487   .1222582    -0.58   0.564    -.3101703     .169073
       p4_15 |  -.4661154   .3623657    -1.29   0.198    -1.176339    .2441083
       p5_15 |   .0617555   .0441276     1.40   0.162    -.0247331    .1482441
       p6_15 |  -.2098865   .3507438    -0.60   0.550    -.8973318    .4775588
       p7_15 |   .0210513   .0958272     0.22   0.826    -.1667666    .2088692
       p8_15 |  -.1434034    .094722    -1.51   0.130    -.3290552    .0422484
       p9_15 |   .0419737   .1180223     0.36   0.722    -.1893456    .2732931
      p10_15 |  -.6814315   .3692821    -1.85   0.065    -1.405211    .0423481
      p11_15 |    .065356   .0607794     1.08   0.282    -.0537695    .1844815
      p12_15 |  -.0052862   .0802714    -0.07   0.947    -.1626153    .1520429
      p13_15 |  -.3794432    .139145    -2.73   0.006    -.6521624    -.106724
      p14_15 |   1.108955   .6556013     1.69   0.091    -.1760004     2.39391
      p15_15 |  -.1077847   .0483403    -2.23   0.026    -.2025298   -.0130395
        M_15 |    .754402   .0233986    32.24   0.000     .7085416    .8002623
    urban_15 |   .1021406   .0429863     2.38   0.017      .017889    .1863923
     EF29_15 |   .0240097    .028936     0.83   0.407    -.0327038    .0807232
  monthly_15 |  -.0000142   5.99e-06    -2.37   0.018     -.000026   -2.48e-06
      age_15 |  -.0204528    .001424   -14.36   0.000    -.0232439   -.0176618
      edu_15 |   .0099439   .0295815     0.34   0.737    -.0480348    .0679225
     cons_15 |   -1.78689   .1274215   -14.02   0.000    -2.036632   -1.537148
-------------+----------------------------------------------------------------
ELAS_INC     |
         e_1 |   .9180318   .0789004    11.64   0.000     .7633899    1.072674
         e_2 |    1.17091   .0613936    19.07   0.000     1.050581    1.291239
         e_3 |   .6676651   .1213818     5.50   0.000     .4297611     .905569
         e_4 |    .955752   .1243968     7.68   0.000     .7119388    1.199565
         e_5 |   1.207535   .1442043     8.37   0.000     .9248996     1.49017
         e_6 |   .8465029   .0877637     9.65   0.000     .6744892    1.018517
         e_7 |   1.287452   .0548526    23.47   0.000     1.179943    1.394962
         e_8 |   1.138376   .0459227    24.79   0.000     1.048369    1.228383
         e_9 |   1.076224   .0981081    10.97   0.000     .8839361    1.268513
        e_10 |   1.104784   .0832626    13.27   0.000     .9415927    1.267976
        e_11 |   .9059752   .0691456    13.10   0.000     .7704522    1.041498
        e_12 |   1.006178   .0676391    14.88   0.000     .8736074    1.138748
        e_13 |   .8942894   .0727776    12.29   0.000     .7516479    1.036931
        e_14 |   .9134522   .1129427     8.09   0.000     .6920887    1.134816
        e_15 |    1.13219   .0635011    17.83   0.000      1.00773     1.25665
-------------+----------------------------------------------------------------
ELAS_UNCOMP  |
       e_1_1 |  -.7728374   .1091222    -7.08   0.000     -.986713   -.5589618
       e_2_1 |   .0670233   .0790503     0.85   0.397    -.0879124     .221959
       e_3_1 |  -.0786654    .058496    -1.34   0.179    -.1933154    .0359846
       e_4_1 |   .1604411   .0889776     1.80   0.071    -.0139518     .334834
       e_5_1 |   .0200215   .0587424     0.34   0.733    -.0951114    .1351544
       e_6_1 |   .0643269   .0643261     1.00   0.317    -.0617499    .1904037
       e_7_1 |    .079365    .065142     1.22   0.223     -.048311    .2070409
       e_8_1 |   .0462383   .0674388     0.69   0.493    -.0859392    .1784158
       e_9_1 |    .079644   .0542911     1.47   0.142    -.0267647    .1860527
      e_10_1 |   .0283575   .0926776     0.31   0.760    -.1532872    .2100022
      e_11_1 |   .0883835   .0573837     1.54   0.124    -.0240865    .2008535
      e_12_1 |   .1024674   .0944392     1.09   0.278    -.0826301    .2875649
      e_13_1 |  -.0390639   .1200744    -0.33   0.745    -.2744054    .1962776
      e_14_1 |   -.098608   .1713189    -0.58   0.565    -.4343869    .2371708
      e_15_1 |    .067457   .0691438     0.98   0.329    -.0680624    .2029764
       e_1_2 |   .0332784   .1249503     0.27   0.790    -.2116198    .2781766
       e_2_2 |  -.9458547    .113754    -8.31   0.000    -1.168808    -.722901
       e_3_2 |   .0467665   .1313749     0.36   0.722    -.2107237    .3042566
       e_4_2 |   -.112703   .1193864    -0.94   0.345    -.3466961      .12129
       e_5_2 |   .0132205   .0292675     0.45   0.651    -.0441427    .0705838
       e_6_2 |  -.0415132   .0537276    -0.77   0.440    -.1468174     .063791
       e_7_2 |   -.024412   .0634966    -0.38   0.701    -.1488632    .1000391
       e_8_2 |   .0226078   .0845474     0.27   0.789    -.1431021    .1883177
       e_9_2 |   .0549424   .0329573     1.67   0.095    -.0096527    .1195374
      e_10_2 |   .0514713   .0846945     0.61   0.543     -.114527    .2174695
      e_11_2 |   .0016733   .0556541     0.03   0.976    -.1074068    .1107534
      e_12_2 |  -.0786853   .0663118    -1.19   0.235     -.208654    .0512835
      e_13_2 |  -.0684637   .1101313    -0.62   0.534    -.2843171    .1473897
      e_14_2 |  -.0689786    .205703    -0.34   0.737     -.472149    .3341918
      e_15_2 |   .0076096    .050955     0.15   0.881    -.0922604    .1074796
       e_1_3 |   .0789645   .1511953     0.52   0.601    -.2173729    .3753019
       e_2_3 |   .1477147   .1321908     1.12   0.264    -.1113746    .4068039
       e_3_3 |  -.9020423   .1197824    -7.53   0.000    -1.136811   -.6672732
       e_4_3 |   .1551518   .1279782     1.21   0.225    -.0956809    .4059844
       e_5_3 |   .0935867   .0921249     1.02   0.310    -.0869747    .2741482
       e_6_3 |   .1727099   .1151513     1.50   0.134    -.0529825    .3984024
       e_7_3 |   .1126845   .1263883     0.89   0.373     -.135032     .360401
       e_8_3 |   .0979713   .1119819     0.87   0.382    -.1215093    .3174518
       e_9_3 |   .1417576   .1109084     1.28   0.201     -.075619    .3591341
      e_10_3 |   .2842406   .1560804     1.82   0.069    -.0216713    .5901524
      e_11_3 |   .1716969   .1206364     1.42   0.155     -.064746    .4081399
      e_12_3 |   .2025693   .1455193     1.39   0.164    -.0826434     .487782
      e_13_3 |   .2826211   .1582135     1.79   0.074    -.0274717    .5927139
      e_14_3 |    .294177   .2372691     1.24   0.215    -.1708618    .7592158
      e_15_3 |   .1488279   .1223529     1.22   0.224    -.0909794    .3886352
       e_1_4 |   .3271195   .2199446     1.49   0.137    -.1039641     .758203
       e_2_4 |  -.1094672   .1281312    -0.85   0.393    -.3605997    .1416654
       e_3_4 |   .1145564   .1460376     0.78   0.433     -.171672    .4007849
       e_4_4 |  -.8957889   .5152025    -1.74   0.082    -1.905567    .1139895
       e_5_4 |  -.0020732   .0705802    -0.03   0.977    -.1404078    .1362613
       e_6_4 |   .0752918   .0869112     0.87   0.386    -.0950511    .2456346
       e_7_4 |  -.0094549   .1171276    -0.08   0.936    -.2390208     .220111
       e_8_4 |   .1245512   .1220879     1.02   0.308    -.1147367    .3638391
       e_9_4 |   .0197982   .0808804     0.24   0.807    -.1387245     .178321
      e_10_4 |  -.1790128   .2036198    -0.88   0.379    -.5781002    .2200746
      e_11_4 |   .0699655   .0735626     0.95   0.342    -.0742145    .2141455
      e_12_4 |  -.0208804   .1192957    -0.18   0.861    -.2546957    .2129349
      e_13_4 |   .0299208   .1640171     0.18   0.855    -.2915467    .3513884
      e_14_4 |  -.3073089    .455243    -0.68   0.500    -1.199569     .584951
      e_15_4 |  -.0149329   .1014244    -0.15   0.883     -.213721    .1838552
       e_1_5 |  -.1369586   .1431475    -0.96   0.339    -.4175227    .1436054
       e_2_5 |    .141662   .1302653     1.09   0.277    -.1136533    .3969772
       e_3_5 |   -.207686   .2408159    -0.86   0.388    -.6796765    .2643046
       e_4_5 |  -.4006698   .2895023    -1.38   0.166     -.968084    .1667443
       e_5_5 |  -.8956063   .0810272   -11.05   0.000    -1.054417   -.7367958
       e_6_5 |  -.0501299   .0921174    -0.54   0.586    -.2306767    .1304169
       e_7_5 |   .0311689   .0956931     0.33   0.745    -.1563862     .218724
       e_8_5 |  -.1639329   .1253601    -1.31   0.191    -.4096342    .0817685
       e_9_5 |   -.013258   .0541525    -0.24   0.807     -.119395    .0928789
      e_10_5 |  -.0955578    .149596    -0.64   0.523    -.3887606    .1976449
      e_11_5 |  -.1151768   .0869048    -1.33   0.185    -.2855071    .0551535
      e_12_5 |  -.0141947   .1200808    -0.12   0.906    -.2495489    .2211594
      e_13_5 |   .4075386   .2971531     1.37   0.170    -.1748708    .9899479
      e_14_5 |   .4486633   .2694589     1.67   0.096    -.0794663     .976793
      e_15_5 |  -.0235129   .0818508    -0.29   0.774    -.1839376    .1369118
       e_1_6 |   .1063583   .1423708     0.75   0.455    -.1726833    .3853999
       e_2_6 |  -.1723492   .1147222    -1.50   0.133    -.3972005    .0525021
       e_3_6 |   .2218008   .0893671     2.48   0.013     .0466444    .3969571
       e_4_6 |   .3227881   .1819551     1.77   0.076    -.0338374    .6794136
       e_5_6 |   .0329864   .0357202     0.92   0.356    -.0370239    .1029968
       e_6_6 |  -.7615519   .1697844    -4.49   0.000    -1.094323   -.4287806
       e_7_6 |   .0433572   .0804891     0.54   0.590    -.1143985    .2011129
       e_8_6 |   .0511379    .077607     0.66   0.510    -.1009691    .2032448
       e_9_6 |  -.0583826   .0812989    -0.72   0.473    -.2177254    .1009603
      e_10_6 |  -.0738338   .2033419    -0.36   0.717    -.4723766     .324709
      e_11_6 |  -.1554622   .0453869    -3.43   0.001     -.244419   -.0665055
      e_12_6 |  -.0421931   .0644375    -0.65   0.513    -.1684882     .084102
      e_13_6 |   .0377634   .1199685     0.31   0.753    -.1973706    .2728973
      e_14_6 |  -.1876774   .2695236    -0.70   0.486    -.7159339    .3405791
      e_15_6 |  -.0288328   .0535778    -0.54   0.590    -.1338433    .0761777
       e_1_7 |   .0252685   .0584739     0.43   0.666    -.0893382    .1398752
       e_2_7 |  -.0422465   .0342863    -1.23   0.218    -.1094465    .0249535
       e_3_7 |  -.0508958   .0598589    -0.85   0.395    -.1682171    .0664256
       e_4_7 |  -.0104178   .0657783    -0.16   0.874     -.139341    .1185053
       e_5_7 |  -.0075513   .0173326    -0.44   0.663    -.0415227      .02642
       e_6_7 |   .0200385   .0331373     0.60   0.545    -.0449094    .0849864
       e_7_7 |  -.9531575   .0282632   -33.72   0.000    -1.008552   -.8977627
       e_8_7 |  -.0167783   .0435998    -0.38   0.700    -.1022323    .0686756
       e_9_7 |  -.0182967   .0131333    -1.39   0.164    -.0440376    .0074442
      e_10_7 |   .0816778   .0448157     1.82   0.068    -.0061594     .169515
      e_11_7 |  -.1018944   .0225451    -4.52   0.000     -.146082   -.0577067
      e_12_7 |  -.0280557   .0264837    -1.06   0.289    -.0799628    .0238513
      e_13_7 |  -.1379137   .0563285    -2.45   0.014    -.2483156   -.0275118
      e_14_7 |  -.0678079   .0974523    -0.70   0.487    -.2588108    .1231951
      e_15_7 |  -.0021437    .023283    -0.09   0.927    -.0477776    .0434901
       e_1_8 |  -.0030115   .0397033    -0.08   0.940    -.0808285    .0748055
       e_2_8 |  -.0058561   .0343752    -0.17   0.865    -.0732302     .061518
       e_3_8 |  -.0068127   .0473454    -0.14   0.886    -.0996079    .0859825
       e_4_8 |   .0491861   .0416328     1.18   0.237    -.0324126    .1307849
       e_5_8 |   -.003544   .0141044    -0.25   0.802    -.0311881    .0241002
       e_6_8 |   .0078893   .0253223     0.31   0.755    -.0417415    .0575202
       e_7_8 |   .0054756    .023016     0.24   0.812    -.0396348    .0505861
       e_8_8 |   -1.01252   .0282997   -35.78   0.000    -1.067986   -.9570536
       e_9_8 |   .0187306    .017807     1.05   0.293    -.0161704    .0536316
      e_10_8 |  -.0018955   .0334584    -0.06   0.955    -.0674727    .0636818
      e_11_8 |  -.0485282   .0345587    -1.40   0.160    -.1162619    .0192056
      e_12_8 |    .006991   .0323961     0.22   0.829    -.0565042    .0704861
      e_13_8 |  -.0478297   .0568568    -0.84   0.400     -.159267    .0636077
      e_14_8 |    .046381   .0973487     0.48   0.634    -.1444189     .237181
      e_15_8 |  -.0142123    .023639    -0.60   0.548    -.0605438    .0321192
       e_1_9 |   .1679763   .1140354     1.47   0.141    -.0555289    .3914816
       e_2_9 |   .1462816    .064824     2.26   0.024     .0192289    .2733344
       e_3_9 |   .1244562   .1085779     1.15   0.252    -.0883526    .3372649
       e_4_9 |   .0246485   .1623829     0.15   0.879    -.2936161    .3429131
       e_5_9 |   .0635094   .0229623     2.77   0.006     .0185042    .1085145
       e_6_9 |  -.0567463   .0964905    -0.59   0.556    -.2458642    .1323715
       e_7_9 |   .1033086   .0511703     2.02   0.043     .0030166    .2036006
       e_8_9 |   .1188404   .0571813     2.08   0.038      .006767    .2309137
       e_9_9 |  -1.203742   .0528884   -22.76   0.000    -1.307402   -1.100083
      e_10_9 |  -.1790275   .1455389    -1.23   0.219    -.4642785    .1062235
      e_11_9 |  -.0355874   .0400182    -0.89   0.374    -.1140215    .0428467
      e_12_9 |  -.0108969    .045586    -0.24   0.811    -.1002439      .07845
      e_13_9 |  -.0569521   .0841414    -0.68   0.498    -.2218662     .107962
      e_14_9 |    .185215   .2168305     0.85   0.393    -.2397651     .610195
      e_15_9 |   .0241422   .0374068     0.65   0.519    -.0491737    .0974581
      e_1_10 |  -.0688439   .1018377    -0.68   0.499     -.268442    .1307543
      e_2_10 |   .1189573   .0907456     1.31   0.190    -.0589009    .2968154
      e_3_10 |  -.0834583   .0993681    -0.84   0.401    -.2782163    .1112997
      e_4_10 |  -.2254649    .240722    -0.94   0.349    -.6972714    .2463416
      e_5_10 |  -.0233447   .0269351    -0.87   0.386    -.0761366    .0294471
      e_6_10 |  -.0495646   .1045038    -0.47   0.635    -.2543882     .155259
      e_7_10 |   .0425699   .0554744     0.77   0.443     -.066158    .1512977
      e_8_10 |  -.0550378   .0703187    -0.78   0.434    -.1928601    .0827844
      e_9_10 |  -.0985434   .0602847    -1.63   0.102    -.2166993    .0196125
     e_10_10 |  -.6129291   .2197528    -2.79   0.005    -1.043637   -.1822214
     e_11_10 |  -.0403795     .06186    -0.65   0.514    -.1616229    .0808639
     e_12_10 |  -.0262312   .0518002    -0.51   0.613    -.1277576    .0752952
     e_13_10 |   .0900769   .0900479     1.00   0.317    -.0864137    .2665675
     e_14_10 |   -.006696   .2822822    -0.02   0.981     -.559959     .546567
     e_15_10 |  -.0515654   .0531469    -0.97   0.332    -.1557315    .0526006
      e_1_11 |   .1230325   .1406514     0.87   0.382    -.1526391    .3987041
      e_2_11 |   .0350786   .0869787     0.40   0.687    -.1353965    .2055536
      e_3_11 |   .1620771   .1693784     0.96   0.339    -.1698985    .4940527
      e_4_11 |   .1851186   .1217823     1.52   0.128    -.0535704    .4238075
      e_5_11 |  -.0373913   .0371826    -1.01   0.315    -.1102678    .0354853
      e_6_11 |  -.0494249   .0555506    -0.89   0.374    -.1583021    .0594523
      e_7_11 |  -.1067779    .066214    -1.61   0.107    -.2365549    .0229991
      e_8_11 |  -.1915589   .1094848    -1.75   0.080    -.4061452    .0230273
      e_9_11 |   .0022517   .0360976     0.06   0.950    -.0684983    .0730016
     e_10_11 |  -.0361616   .0899817    -0.40   0.688    -.2125225    .1401993
     e_11_11 |  -.7751987   .0979801    -7.91   0.000    -.9672362   -.5831611
     e_12_11 |  -.1621752   .0660066    -2.46   0.014    -.2915457   -.0328046
     e_13_11 |   .1909933   .1527418     1.25   0.211    -.1083751    .4903617
     e_14_11 |   .0985551   .2166373     0.45   0.649    -.3260463    .5231564
     e_15_11 |   .0701604   .0457302     1.53   0.125    -.0194691    .1597898
      e_1_12 |   .1517996   .1960826     0.77   0.439    -.2325153    .5361145
      e_2_12 |  -.0110578   .1175212    -0.09   0.925    -.2413951    .2192794
      e_3_12 |   .2391523   .1988238     1.20   0.229    -.1505351    .6288397
      e_4_12 |   .0548814   .0975083     0.56   0.574    -.1362314    .2459942
      e_5_12 |   .0618066   .1119042     0.55   0.581    -.1575216    .2811349
      e_6_12 |   .0253286   .0921875     0.27   0.784    -.1553557    .2060128
      e_7_12 |   .0694686   .1275613     0.54   0.586     -.180547    .3194842
      e_8_12 |   .1163935   .1528778     0.76   0.446    -.1832415    .4160286
      e_9_12 |   .0567682   .1040855     0.55   0.585    -.1472357    .2607721
     e_10_12 |   .0718241   .0997081     0.72   0.471    -.1236002    .2672483
     e_11_12 |  -.0517769   .1040019    -0.50   0.619    -.2556168     .152063
     e_12_12 |  -.7460439   .0871173    -8.56   0.000    -.9167907   -.5752972
     e_13_12 |   .0763351   .2092572     0.36   0.715    -.3338014    .4864716
     e_14_12 |  -.1819753   .1610607    -1.13   0.259    -.4976485    .1336979
     e_15_12 |   .0800087   .0996392     0.80   0.422    -.1152805     .275298
      e_1_13 |  -.0394444    .102194    -0.39   0.700     -.239741    .1608522
      e_2_13 |   .0846554   .0877343     0.96   0.335    -.0873007    .2566115
      e_3_13 |   .0257032    .072542     0.35   0.723    -.1164765    .1678828
      e_4_13 |   .0437359   .1228137     0.36   0.722    -.1969745    .2844464
      e_5_13 |   .0161412   .0352624     0.46   0.647    -.0529718    .0852543
      e_6_13 |  -.1201554   .0944663    -1.27   0.203    -.3053059    .0649952
      e_7_13 |   .0301889   .0482821     0.63   0.532    -.0644424    .1248201
      e_8_13 |  -.0700158   .0483114    -1.45   0.147    -.1647043    .0246728
      e_9_13 |   .0323602   .0333022     0.97   0.331    -.0329109    .0976313
     e_10_13 |  -.0075928   .0621606    -0.12   0.903    -.1294254    .1142397
     e_11_13 |   .0061203   .0314877     0.19   0.846    -.0555945    .0678352
     e_12_13 |   .0640902   .0482976     1.33   0.185    -.0305713    .1587517
     e_13_13 |  -.9824798   .0723785   -13.57   0.000    -1.124339   -.8406205
     e_14_13 |   .1242232   .2111133     0.59   0.556    -.2895512    .5379976
     e_15_13 |   .0424592   .0353265     1.20   0.229    -.0267795    .1116979
      e_1_14 |   .0427658   .1821507     0.23   0.814    -.3142429    .3997745
      e_2_14 |   .0964542   .1153976     0.84   0.403    -.1297209    .3226294
      e_3_14 |   .1076857   .1829318     0.59   0.556     -.250854    .4662254
      e_4_14 |  -.0373733   .1811121    -0.21   0.837    -.3923465    .3175999
      e_5_14 |   .1330573   .1220788     1.09   0.276    -.1062128    .3723274
      e_6_14 |   .1088661   .1225255     0.89   0.374    -.1312795    .3490116
      e_7_14 |   .1240616    .126995     0.98   0.329     -.124844    .3729672
      e_8_14 |   .1777797   .1315956     1.35   0.177     -.080143    .4357024
      e_9_14 |   .1303246   .1109643     1.17   0.240    -.0871616    .3478107
     e_10_14 |   .0354813   .1357501     0.26   0.794     -.230584    .3015466
     e_11_14 |   .0864682   .1109177     0.78   0.436    -.1309265    .3038629
     e_12_14 |   .0043192   .0895259     0.05   0.962    -.1711482    .1797867
     e_13_14 |   .1319586   .1654786     0.80   0.425    -.1923736    .4562908
     e_14_14 |  -.8361412   .1836577    -4.55   0.000    -1.196104   -.4761788
     e_15_14 |   .1009408   .1113369     0.91   0.365    -.1172754    .3191571
      e_1_15 |   .0531639   .1098979     0.48   0.629     -.162232    .2685598
      e_2_15 |   .0245827   .0704734     0.35   0.727    -.1135427    .1627081
      e_3_15 |  -.0085311    .105422    -0.08   0.936    -.2151545    .1980923
      e_4_15 |  -.1206977   .1405369    -0.86   0.390     -.396145    .1547497
      e_5_15 |   .0071349   .0438558     0.16   0.871    -.0788209    .0930907
      e_6_15 |  -.0576702   .0590756    -0.98   0.329    -.1734563    .0581159
      e_7_15 |   .0378276   .0716965     0.53   0.598    -.1026948    .1783501
      e_8_15 |  -.1045536   .0796679    -1.31   0.189    -.2606998    .0515925
      e_9_15 |  -.0083431   .0392474    -0.21   0.832    -.0852666    .0685805
     e_10_15 |  -.1415308   .0770327    -1.84   0.066    -.2925122    .0094506
     e_11_15 |   .0573332   .0453466     1.26   0.206    -.0315444    .1462109
     e_12_15 |   .0252315   .0562895     0.45   0.654    -.0850939     .135557
     e_13_15 |  -.0974888   .0952129    -1.02   0.306    -.2841026    .0891251
     e_14_15 |   .1612204   .2045314     0.79   0.431    -.2396539    .5620946
     e_15_15 |  -.9369521   .0651459   -14.38   0.000    -1.064636   -.8092684
-------------+----------------------------------------------------------------
ELAS_COMP    |
       e_1_1 |  -.6783583   .1063103    -6.38   0.000    -.8867226   -.4699941
       e_2_1 |   .1005578   .0784626     1.28   0.200    -.0532261    .2543417
       e_3_1 |   .0102063   .0604691     0.17   0.866     -.108311    .1287237
       e_4_1 |   .1898099    .088356     2.15   0.032     .0166354    .3629844
       e_5_1 |   .0328633   .0582032     0.56   0.572    -.0812129    .1469395
       e_6_1 |   .0781012    .063668     1.23   0.220    -.0466858    .2028883
       e_7_1 |   .1511468   .0620832     2.43   0.015     .0294661    .2728276
       e_8_1 |    .184238   .0664007     2.77   0.006     .0540949    .3143811
       e_9_1 |   .0916346   .0536866     1.71   0.088    -.0135892    .1968585
      e_10_1 |   .0565881   .0911935     0.62   0.535    -.1221479    .2353242
      e_11_1 |   .1429071   .1409788     1.01   0.311    -.1334062    .4192204
      e_12_1 |   .0768264   .0877164     0.88   0.381    -.0950947    .2487474
      e_13_1 |   .3506974   .1717963     2.04   0.041     .0139829     .687412
      e_14_1 |   .3013068    .121574     2.48   0.013     .0630262    .5395874
      e_15_1 |  -.0086635   .0370642    -0.23   0.815     -.081308    .0639809
       e_1_2 |   .1537824   .1248693     1.23   0.218     -.090957    .3985218
       e_2_2 |  -.9030828   .1136468    -7.95   0.000    -1.125826   -.6803392
       e_3_2 |   .1601185   .1313805     1.22   0.223    -.0973825    .4176195
       e_4_2 |  -.0752443   .1192963    -0.63   0.528    -.3090609    .1585722
       e_5_2 |   .0295997   .0290264     1.02   0.308     -.027291    .0864904
       e_6_2 |  -.0239446    .053843    -0.44   0.657    -.1294749    .0815856
       e_7_2 |   .0671426   .0636586     1.05   0.292    -.0576259    .1919111
       e_8_2 |   .1986205   .0842541     2.36   0.018     .0334854    .3637555
       e_9_2 |   .0702359   .0328718     2.14   0.033     .0058084    .1346635
      e_10_2 |   .0874782   .0849176     1.03   0.303    -.0789572    .2539137
      e_11_2 |   .0270224   .0556608     0.49   0.627    -.0820707    .1361155
      e_12_2 |  -.0254378   .0668057    -0.38   0.703    -.1563746    .1054991
      e_13_2 |   .1721134   .1115874     1.54   0.123    -.0465939    .3908206
      e_14_2 |   .0792145   .2044399     0.39   0.698    -.3214803    .4799093
      e_15_2 |   .0442506   .0507885     0.87   0.384     -.055293    .1437942
       e_1_3 |   .1476771   .1470898     1.00   0.315    -.1406135    .4359678
       e_2_3 |   .1721036   .1293528     1.33   0.183    -.0814232    .4256304
       e_3_3 |  -.8374078   .1170386    -7.15   0.000    -1.066799   -.6080164
       e_4_3 |   .1765111   .1262912     1.40   0.162     -.071015    .4240373
       e_5_3 |   .1029263   .0909995     1.13   0.258    -.0754295    .2812821
       e_6_3 |   .1827277   .1138866     1.60   0.109    -.0404858    .4059413
       e_7_3 |   .1648899   .1205002     1.37   0.171    -.0712861     .401066
       e_8_3 |   .1983355   .1033898     1.92   0.055    -.0043047    .4009758
       e_9_3 |   .1504781   .1098522     1.37   0.171    -.0648283    .3657846
      e_10_3 |   .3047721   .1536272     1.98   0.047     .0036683    .6058759
      e_11_3 |   .1861513    .118803     1.57   0.117    -.0466983    .4190008
      e_12_3 |   .2329316   .1418248     1.64   0.101    -.0450399    .5109031
      e_13_3 |   .4198007   .1444941     2.91   0.004     .1365975    .7030038
      e_14_3 |   .3786783   .2262959     1.67   0.094    -.0648535    .8222101
      e_15_3 |    .169721   .1197503     1.42   0.156    -.0649853    .4044272
       e_1_4 |   .4254805   .2183702     1.95   0.051    -.0025172    .8534782
       e_2_4 |  -.0745548   .1289437    -0.58   0.563    -.3272799    .1781703
       e_3_4 |   .2070797   .1431876     1.45   0.148    -.0735627    .4877222
       e_4_4 |  -.8652133   .5147793    -1.68   0.093    -1.874162    .1437357
       e_5_4 |   .0112962   .0702127     0.16   0.872    -.1263181    .1489105
       e_6_4 |   .0896321   .0869072     1.03   0.302    -.0807029     .259967
       e_7_4 |   .0652763   .1171079     0.56   0.577     -.164251    .2948037
       e_8_4 |   .2682211   .1208745     2.22   0.026     .0313113    .5051308
       e_9_4 |   .0322815    .080429     0.40   0.688    -.1253564    .1899195
      e_10_4 |  -.1496222   .2031411    -0.74   0.461    -.5477714     .248527
      e_11_4 |   .0906567   .0737239     1.23   0.219    -.0538394    .2351528
      e_12_4 |   .0225827   .1174885     0.19   0.848    -.2076905    .2528559
      e_13_4 |   .2262912   .1560447     1.45   0.147    -.0795508    .5321332
      e_14_4 |  -.1863467   .4541279    -0.41   0.682    -1.076421    .7037277
      e_15_4 |   .0149752   .1001661     0.15   0.881    -.1813468    .2112972
       e_1_5 |  -.0126854   .1488146    -0.09   0.932    -.3043567    .2789858
       e_2_5 |   .1857716   .1326995     1.40   0.162    -.0743145    .4458578
       e_3_5 |  -.0907884   .2407961    -0.38   0.706    -.5627401    .3811633
       e_4_5 |  -.3620395    .286599    -1.26   0.207    -.9237631    .1996842
       e_5_5 |  -.8787148   .0814131   -10.79   0.000    -1.038281   -.7191481
       e_6_5 |  -.0320118   .0910636    -0.35   0.725    -.2104932    .1464696
       e_7_5 |   .1255873   .0922445     1.36   0.173    -.0552086    .3063832
       e_8_5 |   .0175853   .1311663     0.13   0.893     -.239496    .2746666
       e_9_5 |   .0025139   .0541982     0.05   0.963    -.1037127    .1087405
      e_10_5 |  -.0584246   .1491602    -0.39   0.695    -.3507732    .2339241
      e_11_5 |  -.0890348    .085721    -1.04   0.299    -.2570448    .0789752
      e_12_5 |   .0407183   .1174101     0.35   0.729    -.1894012    .2708378
      e_13_5 |   .6556406   .3041249     2.16   0.031     .0595668    1.251714
      e_14_5 |   .6014917    .269759     2.23   0.026     .0727737     1.13021
      e_15_5 |   .0142741   .0807808     0.18   0.860    -.1440533    .1726016
       e_1_6 |    .193476   .1396067     1.39   0.166    -.0801482    .4671002
       e_2_6 |  -.1414275   .1134898    -1.25   0.213    -.3638634    .0810083
       e_3_6 |    .303748   .0867877     3.50   0.000     .1336471    .4738488
       e_4_6 |   .3498687   .1808574     1.93   0.053    -.0046053    .7043427
       e_5_6 |   .0448276    .035449     1.26   0.206    -.0246511    .1143064
       e_6_6 |  -.7488508   .1701111    -4.40   0.000    -1.082262   -.4154391
       e_7_6 |   .1095461   .0791715     1.38   0.166    -.0456271    .2647193
       e_8_6 |   .1783852   .0784492     2.27   0.023     .0246277    .3321428
       e_9_6 |  -.0473262   .0813219    -0.58   0.561    -.2067141    .1120618
      e_10_6 |  -.0478027   .2035019    -0.23   0.814    -.4466592    .3510537
      e_11_6 |  -.1371362    .045771    -3.00   0.003    -.2268458   -.0474266
      e_12_6 |  -.0036981    .065246    -0.06   0.955    -.1315779    .1241818
      e_13_6 |   .2116872   .1206552     1.75   0.079    -.0247927    .4481671
      e_14_6 |   -.080542   .2705713    -0.30   0.766    -.6108521     .449768
      e_15_6 |  -.0023434   .0536428    -0.04   0.965    -.1074813    .1027945
       e_1_7 |   .1577664   .0584236     2.70   0.007     .0432582    .2722747
       e_2_7 |   .0047825   .0339091     0.14   0.888    -.0616781    .0712431
       e_3_7 |   .0737384   .0604107     1.22   0.222    -.0446643    .1921411
       e_4_7 |   .0307692   .0660044     0.47   0.641    -.0985971    .1601355
       e_5_7 |   .0104581   .0172773     0.61   0.545    -.0234048    .0443209
       e_6_7 |   .0393557   .0332765     1.18   0.237    -.0258651    .1045765
       e_7_7 |  -.8524903   .0272203   -31.32   0.000    -.9058411   -.7991394
       e_8_7 |   .1767532   .0475052     3.72   0.000     .0836447    .2698617
       e_9_7 |   -.001481   .0130744    -0.11   0.910    -.0271062    .0241443
      e_10_7 |   .1212686   .0445456     2.72   0.006     .0339608    .2085764
      e_11_7 |  -.0740222   .0223606    -3.31   0.001    -.1178482   -.0301961
      e_12_7 |   .0304916   .0262111     1.16   0.245    -.0208813    .0818644
      e_13_7 |   .1266084   .0525644     2.41   0.016      .023584    .2296327
      e_14_7 |   .0951351   .0959666     0.99   0.322     -.092956    .2832261
      e_15_7 |   .0381442   .0229722     1.66   0.097    -.0068806    .0831689
       e_1_8 |   .1141443   .0402203     2.84   0.005      .035314    .1929746
       e_2_8 |   .0357273   .0340525     1.05   0.294    -.0310144    .1024689
       e_3_8 |   .1033898   .0485531     2.13   0.033     .0082275    .1985521
       e_4_8 |    .085604   .0420731     2.03   0.042     .0031423    .1680658
       e_5_8 |   .0123801   .0139334     0.89   0.374    -.0149289    .0396891
       e_6_8 |   .0249698    .025198     0.99   0.322    -.0244173    .0743569
       e_7_8 |   .0944864   .0211212     4.47   0.000     .0530896    .1358832
       e_8_8 |  -.8413978   .0301197   -27.94   0.000    -.9004313   -.7823644
       e_9_8 |   .0335993   .0176978     1.90   0.058    -.0010878    .0682863
      e_10_8 |   .0331111   .0332963     0.99   0.320    -.0321485    .0983706
      e_11_8 |  -.0238834   .0342561    -0.70   0.486     -.091024    .0432573
      e_12_8 |    .058759   .0312586     1.88   0.060    -.0025068    .1200247
      e_13_8 |   .1860628   .0546546     3.40   0.001     .0789419    .2931838
      e_14_8 |   .1904565    .094079     2.02   0.043      .006065    .3748479
      e_15_8 |   .0214106   .0228732     0.94   0.349      -.02342    .0662412
       e_1_9 |   .2787358   .1116407     2.50   0.013     .0599241    .4975475
       e_2_9 |   .1855947   .0646087     2.87   0.004      .058964    .3122255
       e_3_9 |    .228642   .1031812     2.22   0.027     .0264106    .4308734
       e_4_9 |   .0590781   .1612269     0.37   0.714    -.2569208    .3750771
       e_5_9 |    .078564   .0224127     3.51   0.000      .034636     .122492
       e_6_9 |  -.0405984   .0969653    -0.42   0.675     -.230647    .1494501
       e_7_9 |   .1874597   .0472659     3.97   0.000     .0948203    .2800992
       e_8_9 |   .2806198   .0509001     5.51   0.000     .1808574    .3803822
       e_9_9 |  -1.189685   .0529848   -22.45   0.000    -1.293534   -1.085837
      e_10_9 |  -.1459322   .1454526    -1.00   0.316    -.4310142    .1391497
      e_11_9 |  -.0122881   .0397922    -0.31   0.757    -.0902794    .0657032
      e_12_9 |   .0380447   .0450427     0.84   0.398    -.0502373    .1263267
      e_13_9 |   .1641707   .0804331     2.04   0.041     .0065248    .3218166
      e_14_9 |   .3214244   .2158375     1.49   0.136    -.1016093    .7444581
      e_15_9 |   .0578202   .0364512     1.59   0.113    -.0136227    .1292632
      e_1_10 |   .0448548   .1012726     0.44   0.658    -.1536358    .2433455
      e_2_10 |   .1593136   .0909384     1.75   0.080    -.0189223    .3375496
      e_3_10 |   .0234923   .0987382     0.24   0.812     -.170031    .2170157
      e_4_10 |  -.1901216   .2405266    -0.79   0.429     -.661545    .2813018
      e_5_10 |  -.0078905    .026733    -0.30   0.768    -.0602863    .0445053
      e_6_10 |  -.0329882   .1044772    -0.32   0.752    -.2377598    .1717834
      e_7_10 |   .1289541   .0572128     2.25   0.024     .0168191    .2410891
      e_8_10 |   .1110348   .0709288     1.57   0.117    -.0279832    .2500527
      e_9_10 |  -.0841135   .0605961    -1.39   0.165    -.2028798    .0346527
     e_10_10 |  -.5789555   .2196255    -2.64   0.008    -1.009414   -.1484975
     e_11_10 |  -.0164619   .0615592    -0.27   0.789    -.1371157    .1041918
     e_12_10 |   .0240092   .0525581     0.46   0.648    -.0790027    .1270212
     e_13_10 |   .3170676    .091204     3.48   0.001     .1383111    .4958241
     e_14_10 |    .133128   .2841057     0.47   0.639    -.4237089     .689965
     e_15_10 |  -.0169937   .0518349    -0.33   0.743    -.1185882    .0846009
      e_1_11 |   .2162708   .1405093     1.54   0.124    -.0591223    .4916639
      e_2_11 |   .0681727   .0863506     0.79   0.430    -.1010714    .2374167
      e_3_11 |   .2497817   .1688206     1.48   0.139    -.0811007     .580664
      e_4_11 |   .2141017   .1213236     1.76   0.078    -.0236881    .4518915
      e_5_11 |  -.0247181   .0372739    -0.66   0.507    -.0977736    .0483374
      e_6_11 |  -.0358315   .0552994    -0.65   0.517    -.1442163    .0725533
      e_7_11 |  -.0359387   .0644185    -0.56   0.577    -.1621967    .0903192
      e_8_11 |  -.0553716   .1098668    -0.50   0.614    -.2707067    .1599635
      e_9_11 |   .0140849   .0357607     0.39   0.694    -.0560049    .0841746
     e_10_11 |  -.0083017   .0894104    -0.09   0.926    -.1835428    .1669395
     e_11_11 |  -.7555851   .0980943    -7.70   0.000    -.9478463   -.5633239
     e_12_11 |  -.1209756   .0656017    -1.84   0.065    -.2495527    .0076014
     e_13_11 |   .3771364   .1505804     2.50   0.012     .0820042    .6722686
     e_14_11 |   .2132174   .2182055     0.98   0.328    -.2144575    .6408922
     e_15_11 |   .0985108   .0458042     2.15   0.032     .0087363    .1882853
      e_1_12 |   .2553502   .1973182     1.29   0.196    -.1313864    .6420868
      e_2_12 |   .0256965   .1176868     0.22   0.827    -.2049654    .2563585
      e_3_12 |   .3365571   .2010368     1.67   0.094    -.0574678     .730582
      e_4_12 |   .0870701   .0976786     0.89   0.373    -.1043765    .2785167
      e_5_12 |   .0758815    .112126     0.68   0.499    -.1438814    .2956443
      e_6_12 |   .0404255   .0924779     0.44   0.662    -.1408278    .2216788
      e_7_12 |   .1481427   .1286109     1.15   0.249    -.1039302    .4002155
      e_8_12 |   .2676434   .1567753     1.71   0.088    -.0396305    .5749174
      e_9_12 |   .0699102   .1043503     0.67   0.503    -.1346127     .274433
     e_10_12 |   .1027653   .0999909     1.03   0.304    -.0932133    .2987439
     e_11_12 |   -.029994   .1042101    -0.29   0.773    -.2342421     .174254
     e_12_12 |  -.7002877   .0866093    -8.09   0.000    -.8700388   -.5305366
     e_13_12 |   .2830659   .2119517     1.34   0.182    -.1323518    .6984837
     e_14_12 |  -.0546312   .1616117    -0.34   0.735    -.3713842    .2621219
     e_15_12 |   .1114948   .0999633     1.12   0.265    -.0844296    .3074192
      e_1_13 |   .0525912    .102315     0.51   0.607    -.1479424    .2531249
      e_2_13 |   .1173226   .0877517     1.34   0.181    -.0546675    .2893128
      e_3_13 |   .1122765    .072833     1.54   0.123    -.0304736    .2550266
      e_4_13 |   .0723452    .122811     0.59   0.556      -.16836    .3130505
      e_5_13 |   .0286509     .03553     0.81   0.420    -.0409867    .0982885
      e_6_13 |  -.1067373    .094163    -1.13   0.257    -.2912934    .0778189
      e_7_13 |   .1001143   .0480742     2.08   0.037     .0058907    .1943379
      e_8_13 |    .064415   .0504025     1.28   0.201    -.0343721     .163202
      e_9_13 |   .0440408   .0330574     1.33   0.183    -.0207505    .1088321
     e_10_13 |   .0199077   .0620817     0.32   0.748    -.1017702    .1415857
     e_11_13 |   .0254809   .0313011     0.81   0.416    -.0358681    .0868299
     e_12_13 |   .1047583   .0474135     2.21   0.027     .0118295    .1976872
     e_13_13 |  -.7987377   .0726204   -11.00   0.000     -.941071   -.6564044
     e_14_13 |   .2374066   .2109996     1.13   0.261    -.1761451    .6509583
     e_15_13 |    .070444    .035268     2.00   0.046       .00132     .139568
      e_1_14 |   .1367736   .1868327     0.73   0.464    -.2294119     .502959
      e_2_14 |   .1298215   .1168909     1.11   0.267    -.0992806    .3589235
      e_3_14 |   .1961141   .1892617     1.04   0.300    -.1748321    .5670603
      e_4_14 |  -.0081509   .1822705    -0.04   0.964    -.3653945    .3490927
      e_5_14 |   .1458351   .1227563     1.19   0.235    -.0947628    .3864329
      e_6_14 |   .1225717   .1230637     1.00   0.319    -.1186287    .3637721
      e_7_14 |   .1954854   .1313389     1.49   0.137    -.0619341    .4529049
      e_8_14 |    .315091   .1407361     2.24   0.025     .0392534    .5909287
      e_9_14 |   .1422554   .1115426     1.28   0.202     -.076364    .3608748
     e_10_14 |   .0635711   .1369578     0.46   0.643    -.2048612    .3320034
     e_11_14 |   .1062436   .1117872     0.95   0.342    -.1128552    .3253425
     e_12_14 |   .0458588   .0916972     0.50   0.617    -.1338645     .225582
     e_13_14 |   .3196379   .1705578     1.87   0.061    -.0146492     .653925
     e_14_14 |  -.7205326   .1842325    -3.91   0.000    -1.081622   -.3594435
     e_15_14 |   .1295253   .1128909     1.15   0.251    -.0917368    .3507873
      e_1_15 |    .169683   .1096596     1.55   0.122    -.0452458    .3846119
      e_2_15 |   .0659402   .0704862     0.94   0.350    -.0722102    .2040905
      e_3_15 |   .1010726   .1047779     0.96   0.335    -.1042883    .3064336
      e_4_15 |  -.0844776   .1408897    -0.60   0.549    -.3606164    .1916611
      e_5_15 |   .0229725   .0436636     0.53   0.599    -.0626066    .1085515
      e_6_15 |  -.0406826   .0590174    -0.69   0.491    -.1563546    .0749895
      e_7_15 |   .1263548   .0716459     1.76   0.078    -.0140687    .2667782
      e_8_15 |   .0656386   .0803321     0.82   0.414    -.0918095    .2230868
      e_9_15 |   .0064448   .0392958     0.16   0.870    -.0705737    .0834632
     e_10_15 |  -.1067145   .0769075    -1.39   0.165    -.2574505    .0440215
     e_11_15 |   .0818442   .0455249     1.80   0.072     -.007383    .1710713
     e_12_15 |   .0767182   .0557321     1.38   0.169    -.0325146    .1859511
     e_13_15 |   .1351328   .0982394     1.38   0.169    -.0574129    .3276786
     e_14_15 |    .304513   .2029019     1.50   0.133    -.0931675    .7021934
     e_15_15 |  -.9015227   .0648059   -13.91   0.000     -1.02854   -.7745055
------------------------------------------------------------------------------

. parmest, saving(adj_pca_all_output, replace)
(file adj_pca_all_output.dta not found)
file adj_pca_all_output.dta saved

. 
. log close
      name:  <unnamed>
       log:  /home/timo/Documents/Adj_pca/adj_pca_all.log
  log type:  text
 closed on:   2 Feb 2025, 22:19:40
-------------------------------------------------------------------------------
