-------------------------------------------------------------------------------
      name:  <unnamed>
       log:  /home/timo/Documents/Adj_pca/High/adj_pca_high.log
  log type:  text
 opened on:  28 Jan 2025, 10:17:27

. 
. *load the main data
. use "$path/adj_pca_high.dta", clear 

. 
. *set seed
. set seed 123

. 
. *define the local variables for the estimation
. local demographic_vars urban EF29 monthly age edu

. local adj_pca_prices adj_pca_P1 adj_pca_P2 adj_pca_P3 adj_pca_P4 adj_pca_P5 a
> dj_pca_P6 adj_pca_P7 adj_pca_P8 adj_pca_P9 adj_pca_P10 adj_pca_P11 adj_pca_P1
> 2 adj_pca_P13 adj_pca_P14 adj_pca_P15

. 
. *estimate the QUAIDSCE model
. quaidsce W1-W15, anot(2) prices(`adj_pca_prices') expenditure(expfd) demograp
> hics(`demographic_vars') nolog reps(50)
-------------------------------------------------------------------------------
Parallel Computing with Stata
Child processes: 6
pll_id         : yzbt2p5np1
Running at     : /home/timo/Stata18
Randtype       : datetime

Waiting for the child processes to finish...
child process 0003 has exited without error...
child process 0001 has exited without error...
child process 0006 has exited without error...
child process 0004 has exited without error...
child process 0005 has exited without error...
child process 0002 has exited without error...
-------------------------------------------------------------------------------
Enter -parallel printlog #- to checkout logfiles.
-------------------------------------------------------------------------------

parallel bootstrapping                                   Number of obs = 2,542
                                                         Replications  =    25

      Command: quaidsce_c W1-W15, anot(2) prices(adj_pca_P1 adj_pca_P2
                   adj_pca_P3 adj_pca_P4 adj_pca_P5 adj_pca_P6 adj_pca_P7
                   adj_pca_P8 adj_pca_P9 adj_pca_P10 adj_pca_P11 adj_pca_P12
                   adj_pca_P13 adj_pca_P14 adj_pca_P15) expenditure(expfd)
                   demographics(urban EF29 monthly age edu) nolog reps(50)

------------------------------------------------------------------------------
             |   Observed   Bootstrap                         Normal-based
             | coefficient  std. err.      z    P>|z|     [95% conf. interval]
-------------+----------------------------------------------------------------
alpha        |
     alpha_1 |  -.1019411   .0553575    -1.84   0.066    -.2104398    .0065576
     alpha_2 |  -.0032335   .0457597    -0.07   0.944    -.0929209    .0864539
     alpha_3 |  -.0249839   .0644665    -0.39   0.698    -.1513359    .1013681
     alpha_4 |  -.0187463    .027736    -0.68   0.499    -.0731079    .0356153
     alpha_5 |  -.0091579   .0133444    -0.69   0.493    -.0353124    .0169966
     alpha_6 |   .0444591   .0206315     2.15   0.031     .0040221    .0848962
     alpha_7 |  -.0600206   .0497097    -1.21   0.227    -.1574498    .0374086
     alpha_8 |   .1322497    .068926     1.92   0.055    -.0028428    .2673421
     alpha_9 |   .0075325   .0264581     0.28   0.776    -.0443244    .0593895
    alpha_10 |   .0347054   .0342801     1.01   0.311    -.0324824    .1018932
    alpha_11 |   .0870556   .0241209     3.61   0.000     .0397796    .1343317
    alpha_12 |   .1103593   .0682019     1.62   0.106     -.023314    .2440325
    alpha_13 |   .2642084   .1037749     2.55   0.011     .0608133    .4676034
    alpha_14 |   .3434886   .1531181     2.24   0.025     .0433827    .6435946
    alpha_15 |   .0704837   .0405911     1.74   0.082    -.0090734    .1500409
-------------+----------------------------------------------------------------
beta         |
      beta_1 |    .155553   .0416043     3.74   0.000       .07401     .237096
      beta_2 |   .0174425    .030826     0.57   0.572    -.0429754    .0778604
      beta_3 |   .1055688   .0437974     2.41   0.016     .0197274    .1914102
      beta_4 |   .0287611   .0188649     1.52   0.127    -.0082135    .0657357
      beta_5 |   .0113199    .007809     1.45   0.147    -.0039855    .0266253
      beta_6 |  -.0192366   .0123717    -1.55   0.120    -.0434847    .0050116
      beta_7 |   .0683519   .0326571     2.09   0.036     .0043451    .1323586
      beta_8 |  -.0459221   .0543413    -0.85   0.398    -.1524291     .060585
      beta_9 |   .0043313   .0141221     0.31   0.759    -.0233475    .0320101
     beta_10 |  -.0046781    .017737    -0.26   0.792     -.039442    .0300858
     beta_11 |  -.0446817   .0142996    -3.12   0.002    -.0727084    -.016655
     beta_12 |  -.0504829   .0452445    -1.12   0.265    -.1391605    .0381946
     beta_13 |  -.0361965   .0837309    -0.43   0.666     -.200306     .127913
     beta_14 |   -.171022   .1106095    -1.55   0.122    -.3878126    .0457687
     beta_15 |  -.0195385   .0248526    -0.79   0.432    -.0682488    .0291718
-------------+----------------------------------------------------------------
gamma        |
   gamma_1_1 |  -.0277708   .0260093    -1.07   0.286    -.0787482    .0232065
   gamma_2_1 |  -.0035083   .0097875    -0.36   0.720    -.0226915    .0156748
   gamma_3_1 |  -.0291479   .0178417    -1.63   0.102    -.0641169    .0058212
   gamma_4_1 |   .0030423   .0116548     0.26   0.794    -.0198008    .0258853
   gamma_5_1 |  -.0060993   .0048141    -1.27   0.205    -.0155347     .003336
   gamma_6_1 |   .0008392   .0039256     0.21   0.831    -.0068549    .0085332
   gamma_7_1 |  -.0210512   .0104585    -2.01   0.044    -.0415496   -.0005529
   gamma_8_1 |  -2.65e-06   .0127305    -0.00   1.000     -.024954    .0249487
   gamma_9_1 |   .0015163   .0044332     0.34   0.732    -.0071727    .0102052
  gamma_10_1 |   .0067504   .0078272     0.86   0.388    -.0085905    .0220914
  gamma_11_1 |    .020386   .0077365     2.64   0.008     .0052228    .0355492
  gamma_12_1 |   .0133134   .0092007     1.45   0.148    -.0047197    .0313465
  gamma_13_1 |  -.0044532   .0213158    -0.21   0.835    -.0462315     .037325
  gamma_14_1 |   .0299241   .0215203     1.39   0.164     -.012255    .0721031
  gamma_15_1 |   .0162619   .0075306     2.16   0.031     .0015021    .0310216
   gamma_2_2 |   .0115654   .0084007     1.38   0.169    -.0048997    .0280305
   gamma_3_2 |  -.0069076    .009737    -0.71   0.478    -.0259917    .0121765
   gamma_4_2 |     -.0106   .0096024    -1.10   0.270    -.0294204    .0082204
   gamma_5_2 |  -.0015418    .002342    -0.66   0.510    -.0061321    .0030485
   gamma_6_2 |  -.0004234    .003441    -0.12   0.902    -.0071675    .0063208
   gamma_7_2 |  -.0080912   .0046382    -1.74   0.081     -.017182    .0009995
   gamma_8_2 |    .001024   .0067297     0.15   0.879     -.012166    .0142139
   gamma_9_2 |    .003147   .0020969     1.50   0.133    -.0009628    .0072569
  gamma_10_2 |  -.0013329   .0063013    -0.21   0.832    -.0136832    .0110173
  gamma_11_2 |   .0043515   .0027122     1.60   0.109    -.0009643    .0096673
  gamma_12_2 |   .0002475   .0049224     0.05   0.960    -.0094002    .0098952
  gamma_13_2 |  -.0030029   .0093442    -0.32   0.748    -.0213172    .0153115
  gamma_14_2 |   .0159053   .0156218     1.02   0.309    -.0147129    .0465236
  gamma_15_2 |  -.0008326   .0036149    -0.23   0.818    -.0079178    .0062525
   gamma_3_3 |   .0001703    .014954     0.01   0.991     -.029139    .0294796
   gamma_4_3 |   -.007326   .0068739    -1.07   0.287    -.0207987    .0061467
   gamma_5_3 |  -.0047175   .0036925    -1.28   0.201    -.0119546    .0025196
   gamma_6_3 |    .005905   .0037277     1.58   0.113    -.0014011    .0132111
   gamma_7_3 |  -.0166406   .0066323    -2.51   0.012    -.0296396   -.0036416
   gamma_8_3 |   .0026237   .0112976     0.23   0.816    -.0195191    .0247665
   gamma_9_3 |  -.0005944   .0030707    -0.19   0.847    -.0066128     .005424
  gamma_10_3 |  -.0048685    .006219    -0.78   0.434    -.0170576    .0073206
  gamma_11_3 |   .0116807   .0046958     2.49   0.013      .002477    .0208843
  gamma_12_3 |   .0133681   .0096073     1.39   0.164    -.0054619     .032198
  gamma_13_3 |   -.000268   .0175108    -0.02   0.988    -.0345885    .0340526
  gamma_14_3 |   .0339266   .0242823     1.40   0.162    -.0136659    .0815191
  gamma_15_3 |   .0027962   .0044651     0.63   0.531    -.0059551    .0115476
   gamma_4_4 |  -.0229575   .0209114    -1.10   0.272    -.0639431    .0180282
   gamma_5_4 |  -.0008988   .0028984    -0.31   0.756    -.0065795    .0047819
   gamma_6_4 |   .0114901   .0072329     1.59   0.112    -.0026861    .0256664
   gamma_7_4 |  -.0086667   .0050369    -1.72   0.085    -.0185388    .0012054
   gamma_8_4 |  -.0026758   .0050362    -0.53   0.595    -.0125465    .0071949
   gamma_9_4 |   .0019426   .0040804     0.48   0.634    -.0060549    .0099401
  gamma_10_4 |  -.0034536   .0149089    -0.23   0.817    -.0326745    .0257674
  gamma_11_4 |   .0073117   .0024735     2.96   0.003     .0024638    .0121596
  gamma_12_4 |  -.0005912   .0032924    -0.18   0.858    -.0070442    .0058619
  gamma_13_4 |   .0083269   .0085559     0.97   0.330    -.0084424    .0250962
  gamma_14_4 |   .0245428   .0254392     0.96   0.335     -.025317    .0744026
  gamma_15_4 |   .0005131   .0035104     0.15   0.884    -.0063671    .0073933
   gamma_5_5 |   .0035051    .001399     2.51   0.012     .0007631    .0062471
   gamma_6_5 |   .0001097   .0011166     0.10   0.922    -.0020787    .0022982
   gamma_7_5 |  -.0034227   .0013669    -2.50   0.012    -.0061018   -.0007435
   gamma_8_5 |  -.0028833    .003716    -0.78   0.438    -.0101665    .0043998
   gamma_9_5 |  -.0007316   .0008033    -0.91   0.362    -.0023061    .0008429
  gamma_10_5 |   .0011312   .0019539     0.58   0.563    -.0026983    .0049607
  gamma_11_5 |  -.0006985   .0015299    -0.46   0.648     -.003697       .0023
  gamma_12_5 |   .0012557    .001718     0.73   0.465    -.0021115     .004623
  gamma_13_5 |    .009639   .0048234     2.00   0.046     .0001853    .0190926
  gamma_14_5 |   .0046201   .0055282     0.84   0.403     -.006215    .0154551
  gamma_15_5 |   .0007328   .0013669     0.54   0.592    -.0019463    .0034119
   gamma_6_6 |   .0035139   .0071767     0.49   0.624    -.0105521    .0175799
   gamma_7_6 |   .0029526    .002551     1.16   0.247    -.0020472    .0079523
   gamma_8_6 |  -.0035461   .0024625    -1.44   0.150    -.0083726    .0012804
   gamma_9_6 |   .0015136   .0018768     0.81   0.420    -.0021647     .005192
  gamma_10_6 |  -.0019145   .0071464    -0.27   0.789    -.0159213    .0120923
  gamma_11_6 |   -.002374   .0017438    -1.36   0.173    -.0057918    .0010438
  gamma_12_6 |  -.0003143   .0025322    -0.12   0.901    -.0052774    .0046488
  gamma_13_6 |   .0018092   .0041815     0.43   0.665    -.0063864    .0100048
  gamma_14_6 |  -.0175677   .0081143    -2.17   0.030    -.0334714    -.001664
  gamma_15_6 |  -.0019933   .0012911    -1.54   0.123    -.0045239    .0005372
   gamma_7_7 |   .0098935    .007007     1.41   0.158      -.00384    .0236269
   gamma_8_7 |   .0056227   .0104036     0.54   0.589     -.014768    .0260134
   gamma_9_7 |   .0001325   .0015315     0.09   0.931    -.0028692    .0031343
  gamma_10_7 |   .0095484   .0054114     1.76   0.078    -.0010578    .0201546
  gamma_11_7 |   .0011532   .0038599     0.30   0.765     -.006412    .0087185
  gamma_12_7 |   .0038196   .0074313     0.51   0.607    -.0107455    .0183846
  gamma_13_7 |   .0018507   .0103419     0.18   0.858    -.0184191    .0221205
  gamma_14_7 |   .0229624   .0123895     1.85   0.064    -.0013205    .0472453
  gamma_15_7 |  -.0000631   .0042261    -0.01   0.988    -.0083461    .0082199
   gamma_8_8 |  -.0071273   .0140998    -0.51   0.613    -.0347625    .0205079
   gamma_9_8 |   .0023716   .0023935     0.99   0.322    -.0023196    .0070627
  gamma_10_8 |  -.0001097    .004342    -0.03   0.980    -.0086198    .0084005
  gamma_11_8 |  -.0046031   .0039838    -1.16   0.248    -.0124112    .0032051
  gamma_12_8 |  -.0057293   .0075959    -0.75   0.451    -.0206169    .0091584
  gamma_13_8 |   .0121998   .0125723     0.97   0.332    -.0124414     .036841
  gamma_14_8 |  -.0025361   .0158343    -0.16   0.873    -.0335707    .0284985
  gamma_15_8 |   .0053715   .0048576     1.11   0.269    -.0041492    .0148922
   gamma_9_9 |   .0026613   .0032594     0.82   0.414    -.0037269    .0090496
  gamma_10_9 |  -.0120457   .0056637    -2.13   0.033    -.0231464   -.0009449
  gamma_11_9 |  -.0000534   .0010057    -0.05   0.958    -.0020245    .0019178
  gamma_12_9 |  -.0001755   .0021345    -0.08   0.934     -.004359    .0040081
  gamma_13_9 |   -.001391   .0033906    -0.41   0.682    -.0080364    .0052544
  gamma_14_9 |   .0006341    .006911     0.09   0.927    -.0129112    .0141794
  gamma_15_9 |   .0010725   .0014968     0.72   0.474    -.0018612    .0040061
 gamma_10_10 |   .0501134    .016006     3.13   0.002     .0187422    .0814846
 gamma_11_10 |  -.0058679   .0028651    -2.05   0.041    -.0114834   -.0002525
 gamma_12_10 |  -.0061534   .0039905    -1.54   0.123    -.0139747    .0016678
 gamma_13_10 |  -.0042362   .0070694    -0.60   0.549    -.0180921    .0096196
 gamma_14_10 |  -.0284423   .0137779    -2.06   0.039    -.0554466   -.0014381
 gamma_15_10 |   .0008813   .0027479     0.32   0.748    -.0045044     .006267
 gamma_11_11 |   .0054727   .0031857     1.72   0.086    -.0007712    .0117166
 gamma_12_11 |  -.0050869    .003635    -1.40   0.162    -.0122112    .0020375
 gamma_13_11 |  -.0136986   .0071341    -1.92   0.055    -.0276812    .0002841
 gamma_14_11 |  -.0159246   .0089238    -1.78   0.074    -.0334149    .0015656
 gamma_15_11 |  -.0020489    .002294    -0.89   0.372    -.0065451    .0024473
 gamma_12_12 |  -.0013085   .0087959    -0.15   0.882    -.0185482    .0159312
 gamma_13_12 |   -.012008   .0128634    -0.93   0.351    -.0372199    .0132038
 gamma_14_12 |   .0023333   .0121627     0.19   0.848    -.0215051    .0261717
 gamma_15_12 |  -.0029705   .0040218    -0.74   0.460     -.010853     .004912
 gamma_13_13 |   .0321809   .0408608     0.79   0.431    -.0479049    .1122666
 gamma_14_13 |  -.0098272   .0237282    -0.41   0.679    -.0563337    .0366794
 gamma_15_13 |  -.0171214   .0082112    -2.09   0.037    -.0332151   -.0010278
 gamma_14_14 |  -.0507378   .0478642    -1.06   0.289      -.14455    .0430744
 gamma_15_14 |  -.0098129     .01269    -0.77   0.439    -.0346848    .0150591
 gamma_15_15 |   .0072135   .0034102     2.12   0.034     .0005297    .0138973
-------------+----------------------------------------------------------------
lambda       |
    lambda_1 |    -.02968     .00797    -3.72   0.000    -.0453008   -.0140591
    lambda_2 |  -.0007572   .0049554    -0.15   0.879    -.0104696    .0089552
    lambda_3 |  -.0208294       .008    -2.60   0.009     -.036509   -.0051497
    lambda_4 |  -.0034632   .0032115    -1.08   0.281    -.0097576    .0028312
    lambda_5 |  -.0013648   .0012537    -1.09   0.276     -.003822    .0010923
    lambda_6 |   .0026722   .0017392     1.54   0.124    -.0007366     .006081
    lambda_7 |  -.0076067   .0051398    -1.48   0.139    -.0176806    .0024671
    lambda_8 |   .0131997   .0106507     1.24   0.215    -.0076753    .0340746
    lambda_9 |  -.0007872   .0018605    -0.42   0.672    -.0044337    .0028594
   lambda_10 |   .0007697   .0023636     0.33   0.745    -.0038628    .0054022
   lambda_11 |   .0077275   .0022365     3.46   0.001      .003344     .012111
   lambda_12 |   .0065643   .0072643     0.90   0.366    -.0076735    .0208021
   lambda_13 |   .0021481   .0174004     0.12   0.902     -.031956    .0362523
   lambda_14 |   .0288909   .0191592     1.51   0.132    -.0086604    .0664423
   lambda_15 |   .0025458   .0039106     0.65   0.515    -.0051188    .0102104
-------------+----------------------------------------------------------------
delta        |
     delta_1 |   .1226235   .0126163     9.72   0.000      .097896    .1473509
     delta_2 |   .0550294   .0068215     8.07   0.000     .0416596    .0683992
     delta_3 |    .111862   .0098886    11.31   0.000     .0924807    .1312433
     delta_4 |   .0395145    .005947     6.64   0.000     .0278585    .0511704
     delta_5 |   .0100672   .0056556     1.78   0.075    -.0010175     .021152
     delta_6 |   .0125865   .0026335     4.78   0.000     .0074251     .017748
     delta_7 |   .0759593   .0046315    16.40   0.000     .0668816    .0850369
     delta_8 |   .1253999   .0161246     7.78   0.000     .0937964    .1570035
     delta_9 |   .0184048   .0027586     6.67   0.000     .0129981    .0238115
    delta_10 |   .0327262   .0074456     4.40   0.000     .0181331    .0473192
    delta_11 |   .0218264   .0118326     1.84   0.065    -.0013651    .0450179
    delta_12 |   .0543255   .0078167     6.95   0.000      .039005    .0696461
    delta_13 |   .2387784   .0972333     2.46   0.014     .0482046    .4293523
    delta_14 |   .1572857    .019593     8.03   0.000      .118884    .1956873
    delta_15 |   .0138198   .0060718     2.28   0.023     .0019192    .0257203
-------------+----------------------------------------------------------------
eta          |
 eta_urban_1 |  -.0026795   .0041475    -0.65   0.518    -.0108085    .0054494
 eta_urban_2 |   .0012689   .0013376     0.95   0.343    -.0013527    .0038905
 eta_urban_3 |  -.0015217    .003435    -0.44   0.658    -.0082543    .0052108
 eta_urban_4 |   .0007057   .0010994     0.64   0.521    -.0014491    .0028604
 eta_urban_5 |  -.0001833   .0004909    -0.37   0.709    -.0011454    .0007789
 eta_urban_6 |  -.0000224   .0003928    -0.06   0.955    -.0007923    .0007476
 eta_urban_7 |   .0007677   .0016976     0.45   0.651    -.0025596     .004095
 eta_urban_8 |  -.0029875   .0029014    -1.03   0.303    -.0086741    .0026991
 eta_urban_9 |   .0000257   .0002876     0.09   0.929    -.0005379    .0005893
eta_urban_10 |   .0002775   .0007553     0.37   0.713    -.0012028    .0017579
eta_urban_11 |   .0007105   .0006438     1.10   0.270    -.0005514    .0019723
eta_urban_12 |   .0008634   .0014282     0.60   0.545    -.0019359    .0036627
eta_urban_13 |  -.0024991   .0119125    -0.21   0.834    -.0258472     .020849
eta_urban_14 |   .0044646   .0103529     0.43   0.666    -.0158266    .0247558
eta_urban_15 |   .0008094   .0009431     0.86   0.391     -.001039    .0026578
  eta_EF29_1 |  -.0002881   .0011266    -0.26   0.798    -.0024962    .0019201
  eta_EF29_2 |  -.0003814    .000424    -0.90   0.368    -.0012125    .0004497
  eta_EF29_3 |  -.0014499    .001131    -1.28   0.200    -.0036666    .0007667
  eta_EF29_4 |  -.0002994   .0003009    -1.00   0.320    -.0008891    .0002903
  eta_EF29_5 |  -.0001542   .0002179    -0.71   0.479    -.0005813    .0002729
  eta_EF29_6 |   .0001852   .0001475     1.26   0.209    -.0001039    .0004744
  eta_EF29_7 |   -.000517   .0004257    -1.21   0.225    -.0013514    .0003173
  eta_EF29_8 |  -.0001177   .0012681    -0.09   0.926    -.0026031    .0023678
  eta_EF29_9 |  -.0000623   .0001512    -0.41   0.680    -.0003586     .000234
 eta_EF29_10 |   .0000325   .0002774     0.12   0.907    -.0005111    .0005762
 eta_EF29_11 |  -.0000811   .0004348    -0.19   0.852    -.0009332     .000771
 eta_EF29_12 |  -.0001238   .0005678    -0.22   0.827    -.0012367    .0009891
 eta_EF29_13 |   .0015367   .0031564     0.49   0.626    -.0046496    .0077231
 eta_EF29_14 |   .0015908   .0021038     0.76   0.450    -.0025326    .0057141
 eta_EF29_15 |   .0001296    .000304     0.43   0.670    -.0004662    .0007254
eta_monthl~1 |  -1.04e-07   1.80e-07    -0.57   0.566    -4.57e-07    2.50e-07
eta_monthl~2 |  -3.00e-07   1.02e-07    -2.93   0.003    -5.01e-07   -9.93e-08
eta_monthl~3 |   1.84e-07   2.63e-07     0.70   0.484    -3.32e-07    7.01e-07
eta_monthl~4 |  -1.60e-07   6.84e-08    -2.34   0.019    -2.94e-07   -2.60e-08
eta_monthl~5 |   5.26e-09   3.16e-08     0.17   0.868    -5.66e-08    6.71e-08
eta_monthl~6 |  -2.02e-09   3.59e-08    -0.06   0.955    -7.25e-08    6.84e-08
eta_monthl~7 |   1.62e-08   1.10e-07     0.15   0.883    -2.00e-07    2.32e-07
eta_monthl~8 |  -3.26e-07   2.21e-07    -1.48   0.139    -7.59e-07    1.06e-07
eta_monthl~9 |   1.30e-08   2.66e-08     0.49   0.625    -3.91e-08    6.51e-08
eta_month~10 |  -3.36e-08   4.27e-08    -0.79   0.432    -1.17e-07    5.02e-08
eta_month~11 |  -2.03e-08   4.37e-08    -0.47   0.642    -1.06e-07    6.53e-08
eta_month~12 |  -1.11e-08   9.33e-08    -0.12   0.906    -1.94e-07    1.72e-07
eta_month~13 |  -2.98e-08   5.40e-07    -0.06   0.956    -1.09e-06    1.03e-06
eta_month~14 |   6.41e-07   3.24e-07     1.98   0.048     5.69e-09    1.28e-06
eta_month~15 |   1.28e-07   5.68e-08     2.25   0.025     1.64e-08    2.39e-07
   eta_age_1 |   .0000655    .000095     0.69   0.490    -.0001207    .0002516
   eta_age_2 |  -.0000468   .0000414    -1.13   0.258    -.0001278    .0000343
   eta_age_3 |  -.0000324   .0001018    -0.32   0.750    -.0002318     .000167
   eta_age_4 |  -.0000357   .0000341    -1.05   0.295    -.0001025    .0000311
   eta_age_5 |  -2.40e-06   .0000162    -0.15   0.882    -.0000341    .0000293
   eta_age_6 |   4.85e-07   .0000145     0.03   0.973     -.000028     .000029
   eta_age_7 |  -.0000726   .0000338    -2.14   0.032    -.0001389   -6.22e-06
   eta_age_8 |   .0001278   .0000674     1.89   0.058    -4.41e-06    .0002599
   eta_age_9 |   7.46e-06   9.76e-06     0.76   0.445    -.0000117    .0000266
  eta_age_10 |   .0000102    .000029     0.35   0.724    -.0000465     .000067
  eta_age_11 |  -.0000403   .0000237    -1.70   0.090    -.0000868    6.22e-06
  eta_age_12 |   .0000999   .0000429     2.33   0.020     .0000159    .0001839
  eta_age_13 |   .0000844   .0002114     0.40   0.690    -.0003299    .0004988
  eta_age_14 |  -.0001227   .0001149    -1.07   0.286    -.0003479    .0001026
  eta_age_15 |   -.000043   .0000244    -1.76   0.078    -.0000908    4.77e-06
   eta_edu_1 |   .0054038   .0018408     2.94   0.003     .0017959    .0090117
   eta_edu_2 |   .0013999   .0009107     1.54   0.124    -.0003851    .0031849
   eta_edu_3 |   .0031129   .0022735     1.37   0.171    -.0013432    .0075689
   eta_edu_4 |  -.0007589   .0004104    -1.85   0.064    -.0015633    .0000455
   eta_edu_5 |   -.000169   .0002673    -0.63   0.527    -.0006928    .0003549
   eta_edu_6 |  -.0000747   .0001823    -0.41   0.682    -.0004319    .0002826
   eta_edu_7 |   .0003948   .0010606     0.37   0.710     -.001684    .0024736
   eta_edu_8 |  -.0002495   .0013886    -0.18   0.857    -.0029712    .0024721
   eta_edu_9 |   .0003388   .0002347     1.44   0.149    -.0001213    .0007988
  eta_edu_10 |  -.0008092   .0005495    -1.47   0.141    -.0018862    .0002679
  eta_edu_11 |  -.0006527   .0004694    -1.39   0.164    -.0015726    .0002672
  eta_edu_12 |   .0005444   .0012124     0.45   0.653    -.0018319    .0029208
  eta_edu_13 |    -.00422   .0042519    -0.99   0.321    -.0125535    .0041135
  eta_edu_14 |  -.0038535   .0023995    -1.61   0.108    -.0085564    .0008494
  eta_edu_15 |  -.0004072   .0004845    -0.84   0.401    -.0013568    .0005424
-------------+----------------------------------------------------------------
rho          |
   rho_urban |   .0228765    .219364     0.10   0.917    -.4070691    .4528222
    rho_EF29 |  -.0911439   .0574439    -1.59   0.113    -.2037318    .0214441
 rho_monthly |  -5.28e-06   .0000126    -0.42   0.676    -.0000301    .0000195
     rho_age |   .0039324   .0043427     0.91   0.365    -.0045791    .0124439
     rho_edu |   .2345703    .135189     1.74   0.083    -.0303953    .4995358
-------------+----------------------------------------------------------------
tau          |
        p1_1 |  -.7948135   .4409788    -1.80   0.071    -1.659116    .0694891
        p2_1 |   .1085521   .4459427     0.24   0.808    -.7654795    .9825836
        p3_1 |   .1571354   .3811374     0.41   0.680    -.5898802    .9041509
        p4_1 |   1.483969   1.443541     1.03   0.304    -1.345319    4.313257
        p5_1 |   .0914208   .1551051     0.59   0.556    -.2125797    .3954213
        p6_1 |  -1.828547   1.299658    -1.41   0.159    -4.375831    .7187366
        p7_1 |   .0503189   .3259605     0.15   0.877    -.5885518    .6891897
        p8_1 |  -.1775313   .3589603    -0.49   0.621    -.8810806    .5260181
        p9_1 |   .3876592   .4517078     0.86   0.391    -.4976718     1.27299
       p10_1 |  -.1814396   1.455765    -0.12   0.901    -3.034686    2.671807
       p11_1 |   .0155509   .1838232     0.08   0.933    -.3447358    .3758377
       p12_1 |   .3262436   .2110801     1.55   0.122    -.0874658     .739953
       p13_1 |  -.1449605   .4350115    -0.33   0.739    -.9975674    .7076464
       p14_1 |   -.309831   2.942414    -0.11   0.916    -6.076857    5.457195
       p15_1 |  -.1681362   .2249994    -0.75   0.455     -.609127    .2728545
         M_1 |   1.170518   .1106246    10.58   0.000     .9536974    1.387338
     urban_1 |   -.402406   .1464763    -2.75   0.006    -.6894943   -.1153177
      EF29_1 |   .0619691   .0845015     0.73   0.463    -.1036509     .227589
   monthly_1 |  -.0000119   .0000135    -0.88   0.381    -.0000384    .0000147
       age_1 |   .0011537   .0038118     0.30   0.762    -.0063172    .0086246
       edu_1 |   .0649057   .1125501     0.58   0.564    -.1556885    .2854999
      cons_1 |   -3.74851   .4266601    -8.79   0.000    -4.584748   -2.912271
        p1_2 |    .026609   .3206391     0.08   0.934    -.6018321    .6550502
        p2_2 |   .1249984   .2170586     0.58   0.565    -.3004286    .5504255
        p3_2 |   .1551266   .2359859     0.66   0.511    -.3073973    .6176504
        p4_2 |  -.1225244   .8144775    -0.15   0.880    -1.718871    1.473822
        p5_2 |  -.1612977   .0886343    -1.82   0.069    -.3350177    .0124224
        p6_2 |  -.1958651   .6768749    -0.29   0.772    -1.522516    1.130785
        p7_2 |   .0178401   .2315367     0.08   0.939    -.4359635    .4716438
        p8_2 |   .0229229     .14908     0.15   0.878    -.2692686    .3151144
        p9_2 |  -.1346052   .2829749    -0.48   0.634    -.6892258    .4200155
       p10_2 |  -.8391514   .9265993    -0.91   0.365    -2.655253    .9769498
       p11_2 |   .1828682   .1068274     1.71   0.087    -.0265096    .3922461
       p12_2 |  -.0107454   .1520834    -0.07   0.944    -.3088233    .2873325
       p13_2 |  -.7568346    .283182    -2.67   0.008    -1.311861   -.2018082
       p14_2 |   1.950789   1.519854     1.28   0.199     -1.02807    4.929647
       p15_2 |  -.1177649   .1699685    -0.69   0.488    -.4508971    .2153672
         M_2 |   .8726653   .0720612    12.11   0.000      .731428    1.013903
     urban_2 |  -.0336231   .0801206    -0.42   0.675    -.1906567    .1234105
      EF29_2 |  -.0456217    .056791    -0.80   0.422      -.15693    .0656866
   monthly_2 |   6.82e-06   .0000128     0.53   0.593    -.0000182    .0000318
       age_2 |  -.0018552   .0022151    -0.84   0.402    -.0061968    .0024864
       edu_2 |   .1595999   .0870739     1.83   0.067    -.0110619    .3302617
      cons_2 |  -3.465593   .3196174   -10.84   0.000    -4.092031   -2.839154
        p1_3 |  -.2890314   .4572097    -0.63   0.527    -1.185146    .6070831
        p2_3 |    -.34847   .6625129    -0.53   0.599    -1.646971    .9500314
        p3_3 |  -.0356732   .3200846    -0.11   0.911    -.6630274    .5916811
        p4_3 |  -1.270108   1.553797    -0.82   0.414    -4.315493    1.775277
        p5_3 |   .3608908   .1763057     2.05   0.041      .015338    .7064437
        p6_3 |  -.5419791   1.319163    -0.41   0.681    -3.127492    2.043533
        p7_3 |   .3246557   .3094483     1.05   0.294    -.2818519    .9311632
        p8_3 |  -.2321911   .3668939    -0.63   0.527      -.95129    .4869078
        p9_3 |   .2618295   .3864652     0.68   0.498    -.4956283    1.019287
       p10_3 |    .068133   1.529042     0.04   0.964    -2.928734       3.065
       p11_3 |  -.0890597   .2520802    -0.35   0.724    -.5831278    .4050083
       p12_3 |    .042491    .314526     0.14   0.893    -.5739686    .6589506
       p13_3 |  -.9568128   .4299799    -2.23   0.026    -1.799558   -.1140676
       p14_3 |   1.926852   2.338679     0.82   0.410    -2.656874    6.510579
       p15_3 |  -.3841648   .2527848    -1.52   0.129    -.8796138    .1112843
         M_3 |   1.217019   .1035839    11.75   0.000     1.013998    1.420039
     urban_3 |  -.3068748   .2770599    -1.11   0.268    -.8499022    .2361527
      EF29_3 |  -.0751301   .1007768    -0.75   0.456     -.272649    .1223888
   monthly_3 |   .0000466   .0000349     1.33   0.182    -.0000218     .000115
       age_3 |  -.0050665   .0052605    -0.96   0.335    -.0153768    .0052439
       edu_3 |  -.0598167   .1577167    -0.38   0.704    -.3689359    .2493024
      cons_3 |  -3.669473   .4242927    -8.65   0.000    -4.501071   -2.837874
        p1_4 |  -.4208928   .4196301    -1.00   0.316    -1.243353    .4015671
        p2_4 |  -.1517006   .2915681    -0.52   0.603    -.7231635    .4197623
        p3_4 |  -.4940558   .2701566    -1.83   0.067    -1.023553    .0354414
        p4_4 |  -.0727887   .5171132    -0.14   0.888    -1.086312    .9407346
        p5_4 |  -.0124234   .0944936    -0.13   0.895    -.1976274    .1727806
        p6_4 |   1.183865   .7466066     1.59   0.113    -.2794573    2.647187
        p7_4 |  -.2755738   .2033289    -1.36   0.175    -.6740912    .1229436
        p8_4 |  -.2922792   .1931489    -1.51   0.130     -.670844    .0862857
        p9_4 |  -.1001843   .3908013    -0.26   0.798    -.8661408    .6657721
       p10_4 |   .5067436   .7502241     0.68   0.499    -.9636687    1.977156
       p11_4 |   .1477534    .122732     1.20   0.229    -.0927969    .3883037
       p12_4 |  -.1094389   .1781881    -0.61   0.539    -.4586812    .2398033
       p13_4 |  -.2567553   .3334532    -0.77   0.441    -.9103116    .3968009
       p14_4 |   4.548686   1.651775     2.75   0.006     1.311266    7.786106
       p15_4 |  -.0509374   .1372942    -0.37   0.711    -.3200291    .2181544
         M_4 |   1.061203   .0804738    13.19   0.000     .9034769    1.218929
     urban_4 |  -.0890907    .086797    -1.03   0.305    -.2592097    .0810282
      EF29_4 |  -.0564137   .0792769    -0.71   0.477    -.2117935    .0989661
   monthly_4 |  -.0000219   7.81e-06    -2.80   0.005    -.0000372   -6.59e-06
       age_4 |  -.0150811   .0037292    -4.04   0.000    -.0223903    -.007772
       edu_4 |   .0057408   .0504985     0.11   0.909    -.0932343     .104716
      cons_4 |  -3.275815   .2570229   -12.75   0.000     -3.77957   -2.772059
        p1_5 |   .5117685   .2544848     2.01   0.044     .0129875     1.01055
        p2_5 |   .3683641   .2329814     1.58   0.114    -.0882711    .8249994
        p3_5 |   -.386503    .190075    -2.03   0.042    -.7590432   -.0139628
        p4_5 |  -.0860977   .5646191    -0.15   0.879    -1.192731    1.020535
        p5_5 |   .0596323   .0739165     0.81   0.420    -.0852413     .204506
        p6_5 |  -.3195258   .6407051    -0.50   0.618    -1.575285    .9362332
        p7_5 |  -.0077937   .1441559    -0.05   0.957    -.2903341    .2747468
        p8_5 |   .0028767   .1535309     0.02   0.985    -.2980383    .3037917
        p9_5 |  -.0172045   .2275547    -0.08   0.940    -.4632034    .4287944
       p10_5 |   .3982092    .989294     0.40   0.687    -1.540771     2.33719
       p11_5 |   .0339876   .0880527     0.39   0.700    -.1385924    .2065677
       p12_5 |  -.1110897   .0956545    -1.16   0.245     -.298569    .0763896
       p13_5 |  -.4783297   .2733735    -1.75   0.080    -1.014132    .0574725
       p14_5 |   -2.88755   1.275583    -2.26   0.024    -5.387646   -.3874532
       p15_5 |   .1057493   .1390074     0.76   0.447    -.1667001    .3781987
         M_5 |   .8276206   .0550656    15.03   0.000     .7196941    .9355472
     urban_5 |    .022482   .0869168     0.26   0.796    -.1478719    .1928359
      EF29_5 |  -.0321882   .0551259    -0.58   0.559    -.1402331    .0758566
   monthly_5 |  -9.36e-06   7.57e-06    -1.24   0.216    -.0000242    5.47e-06
       age_5 |   .0056343   .0020449     2.76   0.006     .0016264    .0096422
       edu_5 |   .0716168   .0529706     1.35   0.176    -.0322037    .1754372
      cons_5 |  -4.303698    .309083   -13.92   0.000     -4.90949   -3.697906
        p1_6 |   .1307354   .2162196     0.60   0.545    -.2930472     .554518
        p2_6 |  -.3643026    .248354    -1.47   0.142    -.8510675    .1224623
        p3_6 |   .1133001   .1672062     0.68   0.498    -.2144179    .4410182
        p4_6 |   .0747747   .6802532     0.11   0.912    -1.258497    1.408046
        p5_6 |  -.1257171   .0787014    -1.60   0.110    -.2799691    .0285348
        p6_6 |   1.630963   .5835804     2.79   0.005     .4871668     2.77476
        p7_6 |  -.2209188   .1214428    -1.82   0.069    -.4589424    .0171048
        p8_6 |  -.2948454    .157519    -1.87   0.061    -.6035771    .0138862
        p9_6 |  -.1362973   .2526816    -0.54   0.590    -.6315442    .3589496
       p10_6 |   .2446469   .5875642     0.42   0.677    -.9069577    1.396252
       p11_6 |   .0106957   .0877655     0.12   0.903    -.1613216    .1827129
       p12_6 |  -.3359194    .132611    -2.53   0.011    -.5958322   -.0760065
       p13_6 |    .011125   .2491757     0.04   0.964    -.4772504    .4995003
       p14_6 |   .1086839   1.206531     0.09   0.928    -2.256073    2.473441
       p15_6 |  -.1245297   .1117925    -1.11   0.265     -.343639    .0945796
         M_6 |   .5673685   .0632222     8.97   0.000     .4434553    .6912818
     urban_6 |   .0934351   .0624126     1.50   0.134    -.0288913    .2157615
      EF29_6 |   .0256559   .0482585     0.53   0.595     -.068929    .1202408
   monthly_6 |  -2.71e-06   7.25e-06    -0.37   0.709    -.0000169    .0000115
       age_6 |  -.0155744   .0026445    -5.89   0.000    -.0207574   -.0103913
       edu_6 |  -.2424083   .0481663    -5.03   0.000    -.3368125   -.1480041
      cons_6 |  -1.866433   .3546113    -5.26   0.000    -2.561459   -1.171408
        p1_7 |  -.3778335   .3327376    -1.14   0.256    -1.029987    .2743202
        p2_7 |  -.5853389   .2665884    -2.20   0.028    -1.107843   -.0628353
        p3_7 |  -.5606147   .1849823    -3.03   0.002    -.9231735    -.198056
        p4_7 |   .4026124   1.022999     0.39   0.694    -1.602428    2.407653
        p5_7 |  -.1994148   .0687587    -2.90   0.004    -.3341793   -.0646503
        p6_7 |  -.0257743    .671181    -0.04   0.969    -1.341265    1.289716
        p7_7 |   .7917625   .1060612     7.47   0.000     .5838864    .9996386
        p8_7 |  -.1084128   .2245202    -0.48   0.629    -.5484644    .3316387
        p9_7 |  -.4979115   .2871124    -1.73   0.083    -1.060642    .0648186
       p10_7 |   2.368099    .658887     3.59   0.000     1.076704    3.659494
       p11_7 |  -.3298844   .1464636    -2.25   0.024    -.6169478   -.0428211
       p12_7 |   -.265622    .132274    -2.01   0.045    -.5248742   -.0063697
       p13_7 |  -.0582975   .2979096    -0.20   0.845    -.6421896    .5255946
       p14_7 |   .2406681   1.522904     0.16   0.874     -2.74417    3.225506
       p15_7 |  -.0873562   .1142758    -0.76   0.445    -.3113326    .1366202
         M_7 |   .9873522   .0476775    20.71   0.000     .8939061    1.080798
     urban_7 |  -.0502425   .0888035    -0.57   0.572    -.2242942    .1238092
      EF29_7 |   .0329906    .059295     0.56   0.578    -.0832255    .1492067
   monthly_7 |   -.000017   8.73e-06    -1.94   0.052    -.0000341    1.31e-07
       age_7 |  -.0026704   .0029931    -0.89   0.372    -.0085368     .003196
       edu_7 |  -.2458671   .0554679    -4.43   0.000    -.3545822   -.1371521
      cons_7 |  -3.930038   .2445498   -16.07   0.000    -4.409347   -3.450729
        p1_8 |  -1.139249   .4878944    -2.34   0.020    -2.095505   -.1829938
        p2_8 |  -.8796485   .4630351    -1.90   0.057    -1.787181    .0278836
        p3_8 |   .2543855   .2617104     0.97   0.331    -.2585574    .7673284
        p4_8 |   .8166812   1.599563     0.51   0.610    -2.318404    3.951767
        p5_8 |  -.4140744   .1255643    -3.30   0.001    -.6601759   -.1679729
        p6_8 |  -1.265285   .9259651    -1.37   0.172    -3.080143    .5495737
        p7_8 |   .5065518   .1661748     3.05   0.002     .1808552    .8322483
        p8_8 |   .2723585   .1669219     1.63   0.103    -.0548023    .5995194
        p9_8 |   .3528498    .549032     0.64   0.520    -.7232332    1.428933
       p10_8 |   .7295645    .893127     0.82   0.414    -1.020932    2.480061
       p11_8 |  -.5007853   .1630457    -3.07   0.002     -.820349   -.1812215
       p12_8 |  -.3645962   .2343412    -1.56   0.120    -.8238965    .0947042
       p13_8 |   .3906722   .4179856     0.93   0.350    -.4285644    1.209909
       p14_8 |  -1.616329   2.252213    -0.72   0.473    -6.030585    2.797927
       p15_8 |   .0013283   .2631435     0.01   0.996    -.5144235    .5170802
         M_8 |   .8255237   .1062109     7.77   0.000     .6173542    1.033693
     urban_8 |  -.1848691    .116211    -1.59   0.112    -.4126384    .0429001
      EF29_8 |    .191104   .0843843     2.26   0.024     .0257137    .3564942
   monthly_8 |  -.0000322   .0000178    -1.81   0.071    -.0000671    2.71e-06
       age_8 |     .01291   .0041113     3.14   0.002      .004852     .020968
       edu_8 |  -.1746438   .1006869    -1.73   0.083    -.3719864    .0226988
      cons_8 |  -2.841174   .4909805    -5.79   0.000    -3.803478    -1.87887
        p1_9 |   .3404443   .3023989     1.13   0.260    -.2522467    .9331353
        p2_9 |   .1887266   .1763671     1.07   0.285    -.1569466    .5343998
        p3_9 |  -.1523111   .1523138    -1.00   0.317    -.4508406    .1462184
        p4_9 |   -.651117   .5228507    -1.25   0.213    -1.675886    .3736515
        p5_9 |   .0581052   .0819911     0.71   0.479    -.1025945    .2188049
        p6_9 |   .2843407   .6362707     0.45   0.655     -.962727    1.531408
        p7_9 |   .2551269   .1501852     1.70   0.089    -.0392308    .5494845
        p8_9 |  -.1347496   .1587884    -0.85   0.396    -.4459691    .1764699
        p9_9 |   .0021316   .2518867     0.01   0.993    -.4915572    .4958204
       p10_9 |   .4555832   .6422024     0.71   0.478    -.8031105    1.714277
       p11_9 |  -.1332775   .0886296    -1.50   0.133    -.3069883    .0404332
       p12_9 |  -.1056553   .1209799    -0.87   0.382    -.3427715    .1314609
       p13_9 |  -.1758758   .2207158    -0.80   0.426    -.6084708    .2567193
       p14_9 |   .9218703   1.200458     0.77   0.443    -1.430984    3.274725
       p15_9 |  -.0447684   .1088783    -0.41   0.681    -.2581658    .1686291
         M_9 |   .6156138   .0551464    11.16   0.000     .5075289    .7236988
     urban_9 |   .1378852   .0731073     1.89   0.059    -.0054025    .2811729
      EF29_9 |  -.0390149   .0421268    -0.93   0.354     -.121582    .0435521
   monthly_9 |  -1.14e-06   7.11e-06    -0.16   0.873    -.0000151    .0000128
       age_9 |   .0046798   .0023856     1.96   0.050     4.11e-06    .0093556
       edu_9 |   .0731604   .0644226     1.14   0.256    -.0531056    .1994264
      cons_9 |  -4.057134   .2497171   -16.25   0.000    -4.546571   -3.567697
       p1_10 |  -.0736668   .3487981    -0.21   0.833    -.7572985    .6099649
       p2_10 |   .2655376   .2456415     1.08   0.280    -.2159109    .7469861
       p3_10 |  -.1778775   .1863529    -0.95   0.340    -.5431225    .1873675
       p4_10 |    .036837   .7287116     0.05   0.960    -1.391411    1.465086
       p5_10 |  -.0156826   .0663434    -0.24   0.813    -.1457133    .1143482
       p6_10 |  -.1476547   .6762837    -0.22   0.827    -1.473146    1.177837
       p7_10 |  -.1707888   .1218697    -1.40   0.161    -.4096489    .0680714
       p8_10 |  -.3483459   .2051277    -1.70   0.089    -.7503888     .053697
       p9_10 |   -.136871   .2580944    -0.53   0.596    -.6427268    .3689848
      p10_10 |   .8557435   .5259412     1.63   0.104    -.1750824    1.886569
      p11_10 |  -.0763616   .0864847    -0.88   0.377    -.2458686    .0931454
      p12_10 |  -.1602197    .125554    -1.28   0.202     -.406301    .0858615
      p13_10 |  -.2887197   .1775237    -1.63   0.104    -.6366598    .0592205
      p14_10 |   .7660793   1.356739     0.56   0.572     -1.89308    3.425239
      p15_10 |    .032864   .1241158     0.26   0.791    -.2103984    .2761264
        M_10 |   .7364962   .0664472    11.08   0.000     .6062622    .8667302
    urban_10 |  -.0735795   .0733934    -1.00   0.316     -.217428    .0702691
     EF29_10 |   .0356281   .0498321     0.71   0.475    -.0620409    .1332972
  monthly_10 |  -.0000333   8.04e-06    -4.14   0.000    -.0000491   -.0000176
      age_10 |   .0062477   .0021686     2.88   0.004     .0019972    .0104981
      edu_10 |   .0162493   .0739668     0.22   0.826    -.1287229    .1612216
     cons_10 |  -3.496682   .2727134   -12.82   0.000    -4.031191   -2.962174
       p1_11 |   .1424828   .3400152     0.42   0.675    -.5239349    .8089004
       p2_11 |  -.0258827    .309406    -0.08   0.933    -.6323074     .580542
       p3_11 |  -.3298038    .152558    -2.16   0.031    -.6288119   -.0307957
       p4_11 |  -1.276344   .8842224    -1.44   0.149    -3.009388    .4566999
       p5_11 |   .0508962   .0720016     0.71   0.480    -.0902244    .1920169
       p6_11 |  -.6635882   .5895243    -1.13   0.260    -1.819035    .4918582
       p7_11 |   .1330188   .1543361     0.86   0.389    -.1694744    .4355121
       p8_11 |  -.1677979    .136077    -1.23   0.218    -.4345039    .0989081
       p9_11 |  -.1094406    .269199    -0.41   0.684     -.637061    .4181797
      p10_11 |   .9889692   .8559655     1.16   0.248    -.6886923    2.666631
      p11_11 |   .1156077   .1028274     1.12   0.261    -.0859303    .3171457
      p12_11 |  -.2406733   .1282305    -1.88   0.061    -.4920005    .0106538
      p13_11 |  -.0778667   .2797632    -0.28   0.781    -.6261925    .4704592
      p14_11 |  -1.972156   1.803099    -1.09   0.274    -5.506166    1.561854
      p15_11 |   .1435448   .1972178     0.73   0.467    -.2429949    .5300845
        M_11 |   .7473474   .0662609    11.28   0.000     .6174785    .8772163
    urban_11 |    .019362   .0817062     0.24   0.813    -.1407792    .1795032
     EF29_11 |  -.0143948   .0435009    -0.33   0.741     -.099655    .0708653
  monthly_11 |  -6.95e-06   .0000102    -0.68   0.496     -.000027    .0000131
      age_11 |   .0054636   .0023287     2.35   0.019     .0008995    .0100277
      edu_11 |  -.1128166   .0556972    -2.03   0.043     -.221981   -.0036521
     cons_11 |  -3.193903   .3002617   -10.64   0.000    -3.782405   -2.605401
       p1_12 |   .1865603   .3068209     0.61   0.543    -.4147976    .7879181
       p2_12 |  -.6816739    .397963    -1.71   0.087    -1.461667    .0983193
       p3_12 |  -.3200244   .2276017    -1.41   0.160    -.7661155    .1260666
       p4_12 |  -1.163512   .9363123    -1.24   0.214    -2.998651     .671626
       p5_12 |  -.2170484   .0909393    -2.39   0.017    -.3952861   -.0388107
       p6_12 |  -.5153437   .8034337    -0.64   0.521    -2.090045    1.059357
       p7_12 |   .0085363   .1804566     0.05   0.962    -.3451522    .3622247
       p8_12 |  -.0505836   .1883106    -0.27   0.788    -.4196656    .3184983
       p9_12 |  -.3191002   .2568697    -1.24   0.214    -.8225556    .1843552
      p10_12 |   2.229559   .8855905     2.52   0.012     .4938339    3.965285
      p11_12 |   .0608563   .1047805     0.58   0.561    -.1445097    .2662224
      p12_12 |   .1670805   .0606193     2.76   0.006     .0482687    .2858922
      p13_12 |   .2667793   .3184747     0.84   0.402    -.3574196    .8909783
      p14_12 |  -.1041403    1.60218    -0.06   0.948    -3.244356    3.036075
      p15_12 |   .0524916   .1647263     0.32   0.750     -.270366    .3753492
        M_12 |   .5995295   .0687836     8.72   0.000      .464716    .7343429
    urban_12 |  -.0976461   .0880876    -1.11   0.268    -.2702945    .0750024
     EF29_12 |   .0531133   .0621902     0.85   0.393    -.0687772    .1750037
  monthly_12 |  -8.79e-06   .0000137    -0.64   0.520    -.0000356     .000018
      age_12 |   .0122126   .0024958     4.89   0.000     .0073208    .0171043
      edu_12 |   .0516759   .0743919     0.69   0.487    -.0941294    .1974813
     cons_12 |  -2.390226   .3510633    -6.81   0.000    -3.078297   -1.702154
       p1_13 |   .6007683   119.6497     0.01   0.996    -233.9083    235.1099
       p2_13 |  -5.285364   282.8991    -0.02   0.985    -559.7574    549.1867
       p3_13 |   1.325492   42.95427     0.03   0.975    -82.86332    85.51431
       p4_13 |   .1724365   188.3347     0.00   0.999    -368.9567    369.3016
       p5_13 |   .8523898   68.63205     0.01   0.990     -133.664    135.3687
       p6_13 |   5.471853   71.34649     0.08   0.939    -134.3647    145.3084
       p7_13 |   .8988727   79.63108     0.01   0.991    -155.1752    156.9729
       p8_13 |  -.1869633   66.53343    -0.00   0.998    -130.5901    130.2162
       p9_13 |   -.161977   30.13802    -0.01   0.996    -59.23141    58.90746
      p10_13 |  -1.229518   208.3079    -0.01   0.995    -409.5055    407.0465
      p11_13 |  -.0975311   12.50285    -0.01   0.994    -24.60266     24.4076
      p12_13 |   -.891875   237.4402    -0.00   0.997    -466.2662    464.4824
      p13_13 |  -.4320416   66.18196    -0.01   0.995    -130.1463    129.2822
      p14_13 |   6.049464   1120.585     0.01   0.996    -2190.257    2202.356
      p15_13 |   .1043166   27.66714     0.00   0.997    -54.12229    54.33092
        M_13 |   1.364285   99.03064     0.01   0.989    -192.7322    195.4608
    urban_13 |   .0137383   21.43539     0.00   0.999    -41.99886    42.02634
     EF29_13 |  -.2275565    123.421    -0.00   0.999    -242.1283    241.6732
  monthly_13 |   .0003735   .1123797     0.00   0.997    -.2198866    .2206336
      age_13 |  -.0066327   1.330644    -0.00   0.996    -2.614646    2.601381
      edu_13 |  -.5701894   12.15256    -0.05   0.963    -24.38878     23.2484
     cons_13 |  -3.383147   499.8288    -0.01   0.995    -983.0297    976.2634
       p1_14 |  -.6794441    .753246    -0.90   0.367    -2.155779    .7968909
       p2_14 |   .6762544    .737201     0.92   0.359    -.7686329    2.121142
       p3_14 |    .070454   .6588439     0.11   0.915    -1.220856    1.361764
       p4_14 |  -1.099628   1.352836    -0.81   0.416    -3.751139    1.551882
       p5_14 |  -.1844888   .2033969    -0.91   0.364    -.5831393    .2141618
       p6_14 |  -.0995354   1.663154    -0.06   0.952    -3.359258    3.160188
       p7_14 |  -.2940479   .5455726    -0.54   0.590    -1.363351    .7752548
       p8_14 |  -.6224047   .4380913    -1.42   0.155    -1.481048    .2362386
       p9_14 |  -.6266309   .4814759    -1.30   0.193    -1.570306    .3170446
      p10_14 |   2.047697   1.672298     1.22   0.221    -1.229947    5.325341
      p11_14 |   .1787867    .352828     0.51   0.612    -.5127435    .8703168
      p12_14 |   .3844017    .470746     0.82   0.414    -.5382434    1.307047
      p13_14 |   .4447566   .5498725     0.81   0.419    -.6329736    1.522487
      p14_14 |  -.7402908   1.845353    -0.40   0.688    -4.357116    2.876535
      p15_14 |  -.0163426   .3659354    -0.04   0.964    -.7335628    .7008775
        M_14 |   .9024775   .1746617     5.17   0.000     .5601468    1.244808
    urban_14 |  -.2497609   .2239157    -1.12   0.265    -.6886276    .1891059
     EF29_14 |   .0608572   .1273735     0.48   0.633    -.1887903    .3105046
  monthly_14 |    -.00001    .000035    -0.29   0.774    -.0000786    .0000585
      age_14 |  -.0116508   .0061291    -1.90   0.057    -.0236636     .000362
      edu_14 |  -.0608952   .1480629    -0.41   0.681    -.3510931    .2293026
     cons_14 |  -1.415147   .5726027    -2.47   0.013    -2.537427   -.2928659
       p1_15 |   .0303509   .3699357     0.08   0.935    -.6947098    .7554115
       p2_15 |  -.0292226   .2071788    -0.14   0.888    -.4352855    .3768404
       p3_15 |  -.2343457   .1884459    -1.24   0.214     -.603693    .1350015
       p4_15 |   .1754625   .6314581     0.28   0.781    -1.062173    1.413098
       p5_15 |  -.1089956   .1079188    -1.01   0.313    -.3205126    .1025214
       p6_15 |  -.2472433   .4857216    -0.51   0.611     -1.19924    .7047535
       p7_15 |   .1997396   .1981376     1.01   0.313     -.188603    .5880823
       p8_15 |  -.1086739   .2390867    -0.45   0.649    -.5772751    .3599274
       p9_15 |  -.1121785   .2486231    -0.45   0.652    -.5994708    .3751139
      p10_15 |   .1236984   .9880003     0.13   0.900    -1.812747    2.060143
      p11_15 |   .1796344    .131002     1.37   0.170    -.0771249    .4363937
      p12_15 |   .0643146   .1837273     0.35   0.726    -.2957844    .4244135
      p13_15 |  -.7423481   .3149949    -2.36   0.018    -1.359727   -.1249695
      p14_15 |   .1780873    1.31223     0.14   0.892    -2.393837    2.750012
      p15_15 |   .1884582   .1298395     1.45   0.147    -.0660226    .4429389
        M_15 |   .7755045   .0604091    12.84   0.000     .6571047    .8939043
    urban_15 |   .0593379   .0893671     0.66   0.507    -.1158183    .2344942
     EF29_15 |  -.0347178   .0481651    -0.72   0.471    -.1291196    .0596841
  monthly_15 |   2.21e-06   9.29e-06     0.24   0.812     -.000016    .0000204
      age_15 |  -.0206643   .0028185    -7.33   0.000    -.0261885   -.0151402
      edu_15 |  -.0278732   .0777836    -0.36   0.720    -.1803262    .1245798
     cons_15 |  -1.967483   .2985536    -6.59   0.000    -2.552638   -1.382329
-------------+----------------------------------------------------------------
ELAS_INC     |
         e_1 |    .836241   .1005922     8.31   0.000      .639084    1.033398
         e_2 |   1.139443     .11374    10.02   0.000     .9165165    1.362369
         e_3 |   .8180171   .0759093    10.78   0.000     .6692376    .9667966
         e_4 |   1.083377   .1034198    10.48   0.000     .8806778    1.286076
         e_5 |   1.280592   .1800034     7.11   0.000     .9277923    1.633393
         e_6 |   .9258149    .120525     7.68   0.000     .6895903     1.16204
         e_7 |   1.239577   .0408997    30.31   0.000     1.159415    1.319739
         e_8 |   1.234035   .0789167    15.64   0.000     1.079361    1.388709
         e_9 |   1.138104   .1021054    11.15   0.000     .9379814    1.338227
        e_10 |   1.066947    .095378    11.19   0.000     .8800095    1.253884
        e_11 |   1.032876   .1052985     9.81   0.000     .8264948    1.239257
        e_12 |   .9261302   .0914018    10.13   0.000     .7469861    1.105274
        e_13 |   .8732815   20.45276     0.04   0.966    -39.21339    40.95996
        e_14 |   .9843242   .1693791     5.81   0.000     .6523473    1.316301
        e_15 |   .9959156   .0796821    12.50   0.000     .8397416     1.15209
-------------+----------------------------------------------------------------
ELAS_UNCOMP  |
       e_1_1 |  -.8927949   .1841813    -4.85   0.000    -1.253784   -.5318062
       e_2_1 |    .271983   .1098826     2.48   0.013      .056617     .487349
       e_3_1 |   .0925385   .1236857     0.75   0.454    -.1498811    .3349581
       e_4_1 |    .290937    .100829     2.89   0.004     .0933157    .4885582
       e_5_1 |   .2537304   .0832972     3.05   0.002     .0904708      .41699
       e_6_1 |   .3419225   .1257033     2.72   0.007     .0955486    .5882964
       e_7_1 |   .1447729   .0749969     1.93   0.054    -.0022183    .2917641
       e_8_1 |   .3204322   .1278984     2.51   0.012     .0697559    .5711084
       e_9_1 |   .3031415    .101041     3.00   0.003     .1051049    .5011782
      e_10_1 |   .3526378   .1180239     2.99   0.003     .1213153    .5839603
      e_11_1 |   .4500834   .1244471     3.62   0.000     .2061717    .6939951
      e_12_1 |   .3997059   .1332791     3.00   0.003     .1384836    .6609282
      e_13_1 |    .308395   .1749872     1.76   0.078    -.0345737    .6513637
      e_14_1 |   .5578917   .2150502     2.59   0.009      .136401    .9793823
      e_15_1 |   .4226144   .1018716     4.15   0.000     .2229496    .6222791
       e_1_2 |  -.0401339   .1689336    -0.24   0.812    -.3712376    .2909698
       e_2_2 |   -.810712    .138685    -5.85   0.000     -1.08253   -.5388944
       e_3_2 |  -.1115685   .1423822    -0.78   0.433    -.3906325    .1674954
       e_4_2 |  -.1665827   .1938289    -0.86   0.390    -.5464804    .2133149
       e_5_2 |  -.0183102   .0797307    -0.23   0.818    -.1745796    .1379592
       e_6_2 |  -.0077183   .1097684    -0.07   0.944    -.2228603    .2074237
       e_7_2 |  -.1220982   .0777698    -1.57   0.116    -.2745242    .0303278
       e_8_2 |   -.003382   .1422874    -0.02   0.981    -.2822602    .2754961
       e_9_2 |   .0554432   .0670234     0.83   0.408    -.0759203    .1868067
      e_10_2 |  -.0054502   .1387148    -0.04   0.969    -.2773263    .2664259
      e_11_2 |   .0547421   .0739921     0.74   0.459    -.0902799     .199764
      e_12_2 |  -.0117722   .1305444    -0.09   0.928    -.2676346    .2440902
      e_13_2 |  -.0718552   .1875076    -0.38   0.702    -.4393634    .2956531
      e_14_2 |   .1603948   .2726167     0.59   0.556    -.3739241    .6947138
      e_15_2 |  -.0204841   .0818599    -0.25   0.802    -.1809265    .1399582
       e_1_3 |  -.0808265   .1232102    -0.66   0.512    -.3223141    .1606611
       e_2_3 |   .1005982   .1074165     0.94   0.349    -.1099343    .3111306
       e_3_3 |  -.8549902    .114186    -7.49   0.000    -1.078791   -.6311897
       e_4_3 |   .1071842   .1199637     0.89   0.372    -.1279403    .3423087
       e_5_3 |   .1063903    .102666     1.04   0.300    -.0948314     .307612
       e_6_3 |   .2056948   .1027213     2.00   0.045     .0043647    .4070249
       e_7_3 |   .0103826   .0952839     0.11   0.913    -.1763703    .1971356
       e_8_3 |   .1919572   .1324818     1.45   0.147    -.0677022    .4516167
       e_9_3 |   .1408995   .1107473     1.27   0.203    -.0761613    .3579603
      e_10_3 |   .1164346   .1269404     0.92   0.359     -.132364    .3652332
      e_11_3 |   .2493539   .1280736     1.95   0.052    -.0016657    .5003736
      e_12_3 |   .2639316   .1615313     1.63   0.102    -.0526639     .580527
      e_13_3 |   .2021486   .1557592     1.30   0.194    -.1031338     .507431
      e_14_3 |   .4294014    .329045     1.30   0.192     -.215515    1.074318
      e_15_3 |   .1849281   .1025283     1.80   0.071    -.0160238    .3858799
       e_1_4 |   .1036574   .2616893     0.40   0.692    -.4092442    .6165589
       e_2_4 |  -.2147268   .2156513    -1.00   0.319    -.6373956     .207942
       e_3_4 |  -.1336982   .1528421    -0.87   0.382    -.4332631    .1658668
       e_4_4 |   -1.48953   .4879026    -3.05   0.002    -2.445802   -.5332588
       e_5_4 |  -.0006525   .0585768    -0.01   0.991     -.115461     .114156
       e_6_4 |   .2489279   .2042741     1.22   0.223    -.1514421    .6492978
       e_7_4 |  -.1637694   .1082792    -1.51   0.130    -.3759926    .0484538
       e_8_4 |  -.0497839   .1205645    -0.41   0.680    -.2860859    .1865181
       e_9_4 |   .0624055   .0971069     0.64   0.520    -.1279206    .2527316
      e_10_4 |  -.0709387   .3488235    -0.20   0.839    -.7546201    .6127428
      e_11_4 |   .1695128   .0554387     3.06   0.002      .060855    .2781706
      e_12_4 |  -.0042975   .0709184    -0.06   0.952    -.1432951    .1347001
      e_13_4 |   .1810331    .204069     0.89   0.375    -.2189348     .581001
      e_14_4 |    .450779   .6531504     0.69   0.490    -.8293722     1.73093
      e_15_4 |   .0233483    .090506     0.26   0.796    -.1540401    .2007368
       e_1_5 |  -.2868542   .3570003    -0.80   0.422     -.986562    .4128537
       e_2_5 |  -.0348368   .1868034    -0.19   0.852    -.4009647    .3312912
       e_3_5 |  -.3426037   .3032959    -1.13   0.259    -.9370526    .2518453
       e_4_5 |  -.0578556   .3317093    -0.17   0.862    -.7079939    .5922828
       e_5_5 |  -.7590758   .1289048    -5.89   0.000    -1.011724   -.5064271
       e_6_5 |  -.0381313   .2913246    -0.13   0.896     -.609117    .5328545
       e_7_5 |  -.1997667   .1058306    -1.89   0.059    -.4071909    .0076575
       e_8_5 |  -.1949012   .2686121    -0.73   0.468    -.7213712    .3315689
       e_9_5 |  -.0414524   .0897772    -0.46   0.644    -.2174125    .1345077
      e_10_5 |   .1328173   .2686162     0.49   0.621    -.3936608    .6592954
      e_11_5 |  -.0446214   .1275703    -0.35   0.727    -.2946547    .2054118
      e_12_5 |   .0543419   .1340874     0.41   0.685    -.2084646    .3171483
      e_13_5 |   .5074369   .3658828     1.39   0.165    -.2096801    1.224554
      e_14_5 |  -.1745942   .7161976    -0.24   0.807    -1.578316    1.229127
      e_15_5 |   .0592263   .1188783     0.50   0.618    -.1737709    .2922236
       e_1_6 |    .072442   .2083216     0.35   0.728     -.335861    .4807449
       e_2_6 |  -.0486383   .2104271    -0.23   0.817    -.4610678    .3637912
       e_3_6 |    .352658   .2291529     1.54   0.124    -.0964735    .8017895
       e_4_6 |   .6468674   .4507935     1.43   0.151    -.2366715    1.530406
       e_5_6 |   .0121554   .0566212     0.21   0.830    -.0988202     .123131
       e_6_6 |  -.5534255   .4028946    -1.37   0.170    -1.343084    .2362333
       e_7_6 |   .1430418   .1571834     0.91   0.363     -.165032    .4511157
       e_8_6 |    -.18508    .125135    -1.48   0.139    -.4303402    .0601801
       e_9_6 |    .088281    .112528     0.78   0.433    -.1322699    .3088318
      e_10_6 |  -.0378512   .4347513    -0.09   0.931    -.8899481    .8142457
      e_11_6 |   -.086913   .1017491    -0.85   0.393    -.2863376    .1125115
      e_12_6 |  -.0214235   .1176312    -0.18   0.855    -.2519763    .2091293
      e_13_6 |   .1639436   .2313158     0.71   0.478     -.289427    .6173143
      e_14_6 |   -.846092   .5128729    -1.65   0.099    -1.851304    .1591203
      e_15_6 |  -.0879285   .0937009    -0.94   0.348    -.2715788    .0957219
       e_1_7 |  -.1636304   .0747999    -2.19   0.029    -.3102354   -.0170253
       e_2_7 |  -.0693731   .0556792    -1.25   0.213    -.1785024    .0397561
       e_3_7 |  -.1462193   .0551393    -2.65   0.008    -.2542904   -.0381482
       e_4_7 |  -.0115925   .0941928    -0.12   0.902     -.196207    .1730219
       e_5_7 |   .0002514   .0570628     0.00   0.996    -.1115896    .1120925
       e_6_7 |   .0626551   .0844799     0.74   0.458    -.1029225    .2282327
       e_7_7 |   -.801612   .0447853   -17.90   0.000    -.8893896   -.7138345
       e_8_7 |   .0675389   .1486723     0.45   0.650    -.2238535    .3589314
       e_9_7 |   .0132071   .0551197     0.24   0.811    -.0948255    .1212397
      e_10_7 |   .2746414   .1141574     2.41   0.016      .050897    .4983858
      e_11_7 |   .0190763   .0773533     0.25   0.805    -.1325333    .1706859
      e_12_7 |   .0445066   .1191378     0.37   0.709    -.1889991    .2780124
      e_13_7 |   .0106348   .1396302     0.08   0.939    -.2630353     .284305
      e_14_7 |   .2179726   .1548244     1.41   0.159    -.0854776    .5214227
      e_15_7 |   .0252281   .0814108     0.31   0.757    -.1343342    .1847904
       e_1_8 |   .0020683   .1252305     0.02   0.987     -.243379    .2475156
       e_2_8 |  -.0012989   .0822056    -0.02   0.987    -.1624189    .1598211
       e_3_8 |   .0593134   .1123256     0.53   0.597    -.1608407    .2794676
       e_4_8 |   .0524637   .0761243     0.69   0.491    -.0967372    .2016646
       e_5_8 |  -.0021078   .0658261    -0.03   0.974    -.1311245     .126909
       e_6_8 |  -.0520649   .0768069    -0.68   0.498    -.2026036    .0984739
       e_7_8 |   .0932451   .1184259     0.79   0.431    -.1388655    .3253557
       e_8_8 |  -1.024947   .0583414   -17.57   0.000    -1.139294   -.9105996
       e_9_8 |   .0554477   .0667143     0.83   0.406      -.07531    .1862054
      e_10_8 |   .0521827   .0689508     0.76   0.449    -.0829584    .1873239
      e_11_8 |  -.0343699    .061397    -0.56   0.576    -.1547057    .0859659
      e_12_8 |   -.039507    .074329    -0.53   0.595    -.1851891    .1061751
      e_13_8 |   .0595914   .0840358     0.71   0.478    -.1051158    .2242985
      e_14_8 |  -.1210229   .1401445    -0.86   0.388    -.3957011    .1536552
      e_15_8 |   .0446515   .0667726     0.67   0.504    -.0862204    .1755234
       e_1_9 |   .1312493   .1949607     0.67   0.501    -.2508667    .5133653
       e_2_9 |   .1593275   .0851423     1.87   0.061    -.0075484    .3262035
       e_3_9 |  -.0531044   .1277752    -0.42   0.678    -.3035392    .1973303
       e_4_9 |   -.064228   .2119751    -0.30   0.762    -.4796915    .3512355
       e_5_9 |  -.0136184    .042846    -0.32   0.751    -.0975951    .0703583
       e_6_9 |   .1181583   .1609827     0.73   0.463     -.197362    .4336786
       e_7_9 |   .0609971   .0653119     0.93   0.350    -.0670119    .1890061
       e_8_9 |    .060533   .1157095     0.52   0.601    -.1662535    .2873195
       e_9_9 |  -.8986113   .1441866    -6.23   0.000    -1.181212   -.6160107
      e_10_9 |  -.3530042    .284688    -1.24   0.215    -.9109825     .204974
      e_11_9 |  -.0296123   .0454169    -0.65   0.514    -.1186278    .0594033
      e_12_9 |  -.0284783   .0700073    -0.41   0.684      -.16569    .1087335
      e_13_9 |  -.0900303   .1348491    -0.67   0.504    -.3543297     .174269
      e_14_9 |   .2186268   .3973407     0.55   0.582    -.5601467    .9974002
      e_15_9 |    .031478   .0667097     0.47   0.637    -.0992707    .1622267
      e_1_10 |   .1439856   .1787233     0.81   0.420    -.2063055    .4942768
      e_2_10 |  -.0056987   .1535093    -0.04   0.970    -.3065715    .2951741
      e_3_10 |  -.1223929   .1405323    -0.87   0.384    -.3978311    .1530453
      e_4_10 |  -.0724479     .33504    -0.22   0.829    -.7291142    .5842184
      e_5_10 |   .0244076   .0521001     0.47   0.639    -.0777067    .1265219
      e_6_10 |  -.0546106    .169042    -0.32   0.747    -.3859268    .2767055
      e_7_10 |   .1973323   .1173692     1.68   0.093    -.0327072    .4273717
      e_8_10 |  -.0323724    .106385    -0.30   0.761    -.2408831    .1761383
      e_9_10 |  -.2777391   .1275262    -2.18   0.029    -.5276858   -.0277923
     e_10_10 |   .1838386   .3190216     0.58   0.564    -.4414323    .8091095
     e_11_10 |  -.1360205    .061241    -2.22   0.026    -.2560506   -.0159904
     e_12_10 |  -.1496931    .079761    -1.88   0.061    -.3060217    .0066356
     e_13_10 |  -.1188905   .1323181    -0.90   0.369    -.3782292    .1404481
     e_14_10 |  -.5630917   .3338184    -1.69   0.092    -1.217364    .0911805
     e_15_10 |   .0228621    .062723     0.36   0.715    -.1000726    .1457969
      e_1_11 |   .8259305   .2553611     3.23   0.001     .3254319    1.326429
      e_2_11 |   .2647034   .1002409     2.64   0.008     .0682349    .4611719
      e_3_11 |   .5041429   .1815688     2.78   0.005     .1482745    .8600112
      e_4_11 |   .3107574   .1276824     2.43   0.015     .0605044    .5610104
      e_5_11 |    .093751   .0593534     1.58   0.114    -.0225796    .2100816
      e_6_11 |   .0038354   .1026939     0.04   0.970     -.197441    .2051117
      e_7_11 |   .1613498   .1401133     1.15   0.249    -.1132673    .4359669
      e_8_11 |  -.0508142   .1364911    -0.37   0.710    -.3183319    .2167034
      e_9_11 |   .1088397   .0507049     2.15   0.032     .0094599    .2082194
     e_10_11 |  -.0426108   .1529404    -0.28   0.781    -.3423684    .2571468
     e_11_11 |  -.6901604   .0888836    -7.76   0.000     -.864369   -.5159518
     e_12_11 |  -.0708101   .1001656    -0.71   0.480    -.2671311    .1255109
     e_13_11 |  -.3607883   .2340169    -1.54   0.123     -.819453    .0978764
     e_14_11 |  -.5226851    .376533    -1.39   0.165    -1.260676    .2153059
     e_15_11 |   .0513313   .0907108     0.57   0.571    -.1264586    .2291213
      e_1_12 |   .2392295   .2449498     0.98   0.329    -.2408633    .7193223
      e_2_12 |   .0519246   .1672264     0.31   0.756    -.2758332    .3796824
      e_3_12 |   .2503522   .2525414     0.99   0.322    -.2446199    .7453242
      e_4_12 |   .0426345   .1388082     0.31   0.759    -.2294246    .3146936
      e_5_12 |   .0625736    .131603     0.48   0.634    -.1953634    .3205107
      e_6_12 |    .044827   .1129794     0.40   0.692    -.1766085    .2662626
      e_7_12 |   .0966269   .2259407     0.43   0.669    -.3462087    .5394626
      e_8_12 |  -.0377879   .1171096    -0.32   0.747    -.2673185    .1917426
      e_9_12 |   .0425184    .124293     0.34   0.732    -.2010915    .2861282
     e_10_12 |  -.0736039   .1518405    -0.48   0.628    -.3712059    .2239981
     e_11_12 |  -.0320175   .0962285    -0.33   0.739    -.2206219    .1565869
     e_12_12 |  -.9728769   .0813317   -11.96   0.000    -1.132284   -.8134696
     e_13_12 |  -.1293473   .2295925    -0.56   0.573    -.5793403    .3206456
     e_14_12 |   .1021869   .1997746     0.51   0.609    -.2893642     .493738
     e_15_12 |  -.0002464   .1098536    -0.00   0.998    -.2155555    .2150626
      e_1_13 |  -.0431046   24.56434    -0.00   0.999    -48.18833    48.10212
      e_2_13 |   .1782389   59.36661     0.00   0.998    -116.1782    116.5347
      e_3_13 |  -.0473745   9.437257    -0.01   0.996    -18.54406    18.44931
      e_4_13 |   .0253508   38.63901     0.00   0.999    -75.70572    75.75643
      e_5_13 |   .0068618   14.21444     0.00   1.000    -27.85292    27.86665
      e_6_13 |  -.1809645    17.0096    -0.01   0.992    -33.51917    33.15724
      e_7_13 |   -.027269   16.31625    -0.00   0.999    -32.00653    31.95199
      e_8_13 |   .0641141   13.95024     0.00   0.996    -27.27785    27.40608
      e_9_13 |   .0037393   6.964036     0.00   1.000    -13.64552      13.653
     e_10_13 |   .0332377   43.04038     0.00   0.999    -84.32435    84.39083
     e_11_13 |  -.0372805   2.897375    -0.01   0.990    -5.716031     5.64147
     e_12_13 |  -.0011674   48.53416    -0.00   1.000    -95.12637    95.12403
     e_13_13 |   -.843819    14.0922    -0.06   0.952    -28.46402    26.77638
     e_14_13 |  -.2204107   229.0921    -0.00   0.999    -449.2326    448.7918
     e_15_13 |  -.0582473   5.731242    -0.01   0.992    -11.29128    11.17478
      e_1_14 |   .4732365   .2579711     1.83   0.067    -.0323776    .9788506
      e_2_14 |   .3235642   .2127509     1.52   0.128    -.0934199    .7405484
      e_3_14 |   .4580348   .2770987     1.65   0.098    -.0850687    1.001138
      e_4_14 |   .4599832   .2812328     1.64   0.102    -.0912229    1.011189
      e_5_14 |   .2998665   .1987047     1.51   0.131    -.0895875    .6893205
      e_6_14 |   .1655224   .1820743     0.91   0.363    -.1913366    .5223814
      e_7_14 |   .4130188   .2368651     1.74   0.081    -.0512282    .8772659
      e_8_14 |   .2755572    .209601     1.31   0.189    -.1352532    .6863677
      e_9_14 |   .2976531   .2066896     1.44   0.150     -.107451    .7027572
     e_10_14 |  -.0011218   .1823836    -0.01   0.995    -.3585872    .3563435
     e_11_14 |   .1604083   .1447805     1.11   0.268    -.1233563    .4441729
     e_12_14 |   .2557456   .1596948     1.60   0.109    -.0572504    .5687416
     e_13_14 |   .1779595   .2609994     0.68   0.495    -.3335899    .6895089
     e_14_14 |  -1.004331   .2254006    -4.46   0.000    -1.446108   -.5625535
     e_15_14 |   .2057726   .1673573     1.23   0.219    -.1222417    .5337869
      e_1_15 |   .4881926   .2647822     1.84   0.065    -.0307709    1.007156
      e_2_15 |  -.0164602    .145537    -0.11   0.910    -.3017075    .2687871
      e_3_15 |   .0493567    .164396     0.30   0.764    -.2728534    .3715669
      e_4_15 |   .0599137   .1520724     0.39   0.694    -.2381426    .3579701
      e_5_15 |    .014157   .0730186     0.19   0.846    -.1289567    .1572708
      e_6_15 |  -.0849496   .0761384    -1.12   0.265    -.2341781    .0642789
      e_7_15 |   .0411249   .1704212     0.24   0.809    -.2928945    .3751443
      e_8_15 |   .1735337   .1459268     1.19   0.234    -.1124776    .4595451
      e_9_15 |     .02617   .0897831     0.29   0.771    -.1498016    .2021415
     e_10_15 |   .0691625   .1151223     0.60   0.548     -.156473    .2947981
     e_11_15 |   .0004936   .0740906     0.01   0.995    -.1447212    .1457085
     e_12_15 |  -.0451931   .0840478    -0.54   0.591    -.2099238    .1195376
     e_13_15 |  -.5952726    .233835    -2.55   0.011    -1.053581   -.1369644
     e_14_15 |  -.1919356   .3999139    -0.48   0.631    -.9757525    .5918813
     e_15_15 |  -.7249035   .0912955    -7.94   0.000    -.9038394   -.5459677
-------------+----------------------------------------------------------------
ELAS_COMP    |
       e_1_1 |  -.8018291   .1790998    -4.48   0.000    -1.152858      -.4508
       e_2_1 |   .3064357   .1079637     2.84   0.005     .0948307    .5180406
       e_3_1 |   .1776626   .1231043     1.44   0.149    -.0636173    .4189426
       e_4_1 |   .3170331   .1007791     3.15   0.002     .1195096    .5145566
       e_5_1 |   .2631261   .0826275     3.18   0.001     .1011793     .425073
       e_6_1 |   .3526374    .124693     2.83   0.005     .1082436    .5970313
       e_7_1 |   .2074382   .0734732     2.82   0.005     .0634333    .3514432
       e_8_1 |    .440831   .1250103     3.53   0.000     .1958154    .6858466
       e_9_1 |   .3163683    .100359     3.15   0.002     .1196684    .5130683
      e_10_1 |   .3788812   .1161889     3.26   0.001     .1511551    .6066072
      e_11_1 |   .8434205   .2547828     3.31   0.001     .3440553    1.342786
      e_12_1 |   .3036947   .0995153     3.05   0.002     .1086484    .4987411
      e_13_1 |   .6753565    .179546     3.76   0.000     .3234528     1.02726
      e_14_1 |   .4161103   .1247732     3.33   0.001     .1715594    .6606612
      e_15_1 |   .1176604   .0599958     1.96   0.050     .0000707      .23525
       e_1_2 |    .083814   .1634317     0.51   0.608    -.2365063    .4041343
       e_2_2 |  -.7637676    .138241    -5.52   0.000    -1.034715   -.4928201
       e_3_2 |   .0044197   .1422676     0.03   0.975    -.2744197    .2832591
       e_4_2 |  -.1310247   .1922559    -0.68   0.496    -.5078394      .24579
       e_5_2 |  -.0055078   .0790074    -0.07   0.944    -.1603595     .149344
       e_6_2 |   .0068817   .1091489     0.06   0.950    -.2070463    .2208096
       e_7_2 |  -.0367119   .0762566    -0.48   0.630    -.1861722    .1127484
       e_8_2 |   .1606707   .1360195     1.18   0.238    -.1059226     .427264
       e_9_2 |   .0734658    .066515     1.10   0.269    -.0569013    .2038328
      e_10_2 |   .0303084   .1378459     0.22   0.826    -.2398647    .3004815
      e_11_2 |   .0785735   .0730785     1.08   0.282    -.0646576    .2218047
      e_12_2 |   .0413565   .1278896     0.32   0.746    -.2093024    .2920155
      e_13_2 |   .1614366   .1838399     0.88   0.380    -.1988831    .5217562
      e_14_2 |   .3039463   .2779008     1.09   0.274    -.2407293    .8486219
      e_15_2 |   .0120942   .0813158     0.15   0.882    -.1472818    .1714702
       e_1_3 |   .0081569   .1255676     0.06   0.948    -.2379511    .2542649
       e_2_3 |      .1343   .1073275     1.25   0.211     -.076058    .3446581
       e_3_3 |  -.7717211   .1127539    -6.84   0.000    -.9927148   -.5507275
       e_4_3 |   .1327116   .1191711     1.11   0.265    -.1008595    .3662827
       e_5_3 |   .1155813   .1024431     1.13   0.259    -.0852035    .3163661
       e_6_3 |   .2161763   .1022286     2.11   0.034      .015812    .4165406
       e_7_3 |   .0716823   .0940331     0.76   0.446    -.1126191    .2559837
       e_8_3 |   .3097323   .1269345     2.44   0.015     .0609453    .5585193
       e_9_3 |   .1538381   .1101599     1.40   0.163    -.0620714    .3697475
      e_10_3 |    .142106   .1261714     1.13   0.260    -.1051854    .3893974
      e_11_3 |   .2664628   .1276197     2.09   0.037     .0163327    .5165928
      e_12_3 |   .3020732   .1599102     1.89   0.059     -.011345    .6154914
      e_13_3 |    .369631   .1465901     2.52   0.012     .0823196    .6569424
      e_14_3 |   .5324584   .3266279     1.63   0.103    -.1077205    1.172637
      e_15_3 |   .2083163   .1018857     2.04   0.041     .0086241    .4080086
       e_1_4 |   .2215065   .2664472     0.83   0.406    -.3007205    .7437334
       e_2_4 |  -.1700922   .2137878    -0.80   0.426    -.5891085    .2489241
       e_3_4 |  -.0234171   .1525432    -0.15   0.878    -.3223964    .2755622
       e_4_4 |  -1.455722   .4872661    -2.99   0.003    -2.410746   -.5006978
       e_5_4 |   .0115199   .0586751     0.20   0.844    -.1034812     .126521
       e_6_4 |   .2628095   .2046305     1.28   0.199     -.138259    .6638779
       e_7_4 |  -.0825845   .1099457    -0.75   0.453    -.2980742    .1329052
       e_8_4 |   .1061967   .1152795     0.92   0.357     -.119747    .3321403
       e_9_4 |   .0795412   .0963386     0.83   0.409    -.1092789    .2683614
      e_10_4 |  -.0369396   .3492202    -0.11   0.916    -.7213985    .6475194
      e_11_4 |   .1921716   .0544375     3.53   0.000      .085476    .2988672
      e_12_4 |   .0462171     .07135     0.65   0.517    -.0936263    .1860604
      e_13_4 |   .4028458   .2052185     1.96   0.050      .000625    .8050666
      e_14_4 |   .5872671   .6547584     0.90   0.370    -.6960359     1.87057
      e_15_4 |   .0543236   .0898786     0.60   0.546    -.1218352    .2304825
       e_1_5 |  -.1475521   .3592659    -0.41   0.681    -.8517003    .5565961
       e_2_5 |   .0179229   .1888219     0.09   0.924    -.3521612    .3880071
       e_3_5 |  -.2122473   .2975144    -0.71   0.476    -.7953647    .3708701
       e_4_5 |  -.0178928   .3312441    -0.05   0.957    -.6671193    .6313337
       e_5_5 |  -.7446875   .1299101    -5.73   0.000    -.9993066   -.4900684
       e_6_5 |  -.0217227   .2905602    -0.07   0.940    -.5912102    .5477648
       e_7_5 |  -.1038031   .0988467    -1.05   0.294     -.297539    .0899328
       e_8_5 |  -.0105262   .2754859    -0.04   0.970    -.5504686    .5294161
       e_9_5 |  -.0211973   .0900481    -0.24   0.814    -.1976883    .1552937
      e_10_5 |   .1730055   .2700229     0.64   0.522    -.3562297    .7022406
      e_11_5 |  -.0178378   .1256234    -0.14   0.887    -.2640552    .2283795
      e_12_5 |    .114052   .1336045     0.85   0.393    -.1478079    .3759119
      e_13_5 |   .7696279   .3578765     2.15   0.032     .0682027    1.471053
      e_14_5 |  -.0132601   .7089899    -0.02   0.985    -1.402855    1.376335
      e_15_5 |   .0958403   .1201162     0.80   0.425    -.1395831    .3312637
       e_1_6 |   .1731516   .2086575     0.83   0.407    -.2358096    .5821127
       e_2_6 |  -.0104953   .2095728    -0.05   0.960    -.4212504    .4002599
       e_3_6 |   .4469003   .2251296     1.99   0.047     .0056543    .8881462
       e_4_6 |   .6757589   .4493182     1.50   0.133    -.2048886    1.556406
       e_5_6 |   .0225576   .0558809     0.40   0.686     -.086967    .1320822
       e_6_6 |  -.5415628    .403186    -1.34   0.179    -1.331793    .2486672
       e_7_6 |   .2124195   .1578589     1.35   0.178    -.0969783    .5218174
       e_8_6 |  -.0517847   .1197776    -0.43   0.665    -.2865444    .1829751
       e_9_6 |   .1029245   .1122541     0.92   0.359    -.1170894    .3229385
      e_10_6 |  -.0087968   .4356819    -0.02   0.984    -.8627176    .8451239
      e_11_6 |  -.0675496   .1011276    -0.67   0.504     -.265756    .1306568
      e_12_6 |   .0217444   .1178402     0.18   0.854    -.2092181    .2527069
      e_13_6 |   .3534968   .2291152     1.54   0.123    -.0955608    .8025543
      e_14_6 |  -.7294542   .5097532    -1.43   0.152    -1.728552    .2696438
      e_15_6 |  -.0614581   .0929807    -0.66   0.509    -.2436968    .1207807
       e_1_7 |  -.0287899   .0747565    -0.39   0.700    -.1753099    .1177302
       e_2_7 |  -.0183032   .0554494    -0.33   0.741    -.1269821    .0903756
       e_3_7 |   -.020038    .054775    -0.37   0.714     -.127395     .087319
       e_4_7 |   .0270903   .0936751     0.29   0.772    -.1565095    .2106901
       e_5_7 |   .0141789   .0569998     0.25   0.804    -.0975386    .1258964
       e_6_7 |   .0785382   .0844597     0.93   0.352    -.0869997     .244076
       e_7_7 |   -.708722   .0445426   -15.91   0.000    -.7960239     -.62142
       e_8_7 |   .2460087   .1465451     1.68   0.093    -.0412144    .5332317
       e_9_7 |   .0328134   .0548448     0.60   0.550    -.0746804    .1403073
      e_10_7 |   .3135424    .113871     2.75   0.006     .0903593    .5367256
      e_11_7 |   .0450021   .0774227     0.58   0.561    -.1067436    .1967478
      e_12_7 |   .1023043   .1187283     0.86   0.389    -.1303988    .3350075
      e_13_7 |   .2644283   .1380208     1.92   0.055    -.0060874    .5349441
      e_14_7 |   .3741394    .153582     2.44   0.015     .0731242    .6751546
      e_15_7 |   .0606694   .0811626     0.75   0.455    -.0984064    .2197452
       e_1_8 |   .1363059   .1263322     1.08   0.281    -.1113006    .3839125
       e_2_8 |   .0495427   .0838105     0.59   0.554    -.1147228    .2138082
       e_3_8 |   .1849306    .117623     1.57   0.116    -.0456063    .4154675
       e_4_8 |   .0909736   .0773742     1.18   0.240     -.060677    .2426242
       e_5_8 |   .0117575    .066175     0.18   0.859    -.1179431     .141458
       e_6_8 |  -.0362528   .0764502    -0.47   0.635    -.1860925    .1135869
       e_7_8 |   .1857199   .1223615     1.52   0.129    -.0541043    .4255441
       e_8_8 |  -.8472749   .0587089   -14.43   0.000    -.9623423   -.7322076
       e_9_8 |   .0749664   .0669365     1.12   0.263    -.0562268    .2061595
      e_10_8 |   .0909098   .0700265     1.30   0.194    -.0463396    .2281593
      e_11_8 |    -.00856   .0618475    -0.14   0.890     -.129779    .1126589
      e_12_8 |   .0180323   .0744037     0.24   0.809    -.1277963    .1638609
      e_13_8 |   .3122502   .0924094     3.38   0.001     .1311311    .4933692
      e_14_8 |   .0344457    .141172     0.24   0.807    -.2422463    .3111377
      e_15_8 |   .0799343   .0676792     1.18   0.238    -.0527144    .2125831
       e_1_9 |   .2550516   .1917407     1.33   0.183    -.1207532    .6308564
       e_2_9 |   .2062168   .0855581     2.41   0.016      .038526    .3739076
       e_3_9 |   .0627475   .1226476     0.51   0.609    -.1776373    .3031324
       e_4_9 |  -.0287117   .2118932    -0.14   0.892    -.4440148    .3865913
       e_5_9 |  -.0008311   .0424797    -0.02   0.984    -.0840898    .0824277
       e_6_9 |   .1327412   .1607485     0.83   0.409      -.18232    .4478024
       e_7_9 |   .1462831   .0651292     2.25   0.025     .0186323    .2739339
       e_8_9 |    .224393   .1145005     1.96   0.050    -.0000239      .44881
       e_9_9 |    -.88061   .1436586    -6.13   0.000    -1.162176   -.5990442
      e_10_9 |  -.3172877   .2847601    -1.11   0.265    -.8754072    .2408318
      e_11_9 |  -.0058088   .0456884    -0.13   0.899    -.0953564    .0837388
      e_12_9 |   .0245881    .071016     0.35   0.729    -.1146007    .1637768
      e_13_9 |   .1429874   .1365177     1.05   0.295    -.1245824    .4105571
      e_14_9 |   .3620096   .3982963     0.91   0.363    -.4186368    1.142656
      e_15_9 |   .0640181   .0665718     0.96   0.336    -.0664604    .1944965
      e_1_10 |   .2600475   .1805356     1.44   0.150    -.0937958    .6138908
      e_2_10 |   .0382589   .1522496     0.25   0.802    -.2601448    .3366627
      e_3_10 |  -.0137843   .1359586    -0.10   0.919    -.2802582    .2526896
      e_4_10 |  -.0391522   .3339442    -0.12   0.907    -.6936708    .6153663
      e_5_10 |   .0363954    .051796     0.70   0.482    -.0651229    .1379137
      e_6_10 |  -.0409396   .1686951    -0.24   0.808    -.3715759    .2896967
      e_7_10 |    .277286    .114226     2.43   0.015     .0534072    .5011647
      e_8_10 |   .1212427   .1093839     1.11   0.268    -.0931459    .3356312
      e_9_10 |  -.2608632   .1278526    -2.04   0.041    -.5114498   -.0102766
     e_10_10 |   .2173221   .3191817     0.68   0.496    -.4082626    .8429067
     e_11_10 |  -.1137053   .0620166    -1.83   0.067    -.2352555    .0078449
     e_12_10 |  -.0999446   .0814103    -1.23   0.220    -.2595058    .0596166
     e_13_10 |   .0995582   .1347941     0.74   0.460    -.1646333    .3637497
     e_14_10 |  -.4286735   .3336012    -1.28   0.199     -1.08252    .2251728
     e_15_10 |   .0533677   .0628115     0.85   0.396    -.0697406     .176476
      e_1_11 |   .9382861   .2554078     3.67   0.000     .4376959    1.438876
      e_2_11 |   .3072573   .1003507     3.06   0.002     .1105735    .5039411
      e_3_11 |   .6092833   .1782107     3.42   0.001     .2599967    .9585699
      e_4_11 |   .3429898    .126681     2.71   0.007     .0946995    .5912801
      e_5_11 |   .1053561   .0589723     1.79   0.074    -.0102275    .2209397
      e_6_11 |   .0170699   .1020629     0.17   0.867    -.1829698    .2171096
      e_7_11 |   .2387503    .139536     1.71   0.087    -.0347353    .5122359
      e_8_11 |   .0978954    .139884     0.70   0.484    -.1762721    .3720629
      e_9_11 |   .1251766   .0499983     2.50   0.012     .0271818    .2231715
     e_10_11 |  -.0101966   .1537758    -0.07   0.947    -.3115917    .2911985
     e_11_11 |  -.6685578   .0889532    -7.52   0.000    -.8429029   -.4942127
     e_12_11 |  -.0226502   .0999388    -0.23   0.821    -.2185266    .1732261
     e_13_11 |  -.1493153   .2347416    -0.64   0.525    -.6094003    .3107698
     e_14_11 |  -.3925593   .3735158    -1.05   0.293    -1.124637    .3395181
     e_15_11 |   .0808627   .0906647     0.89   0.372    -.0968369    .2585623
      e_1_12 |   .3399734   .2450007     1.39   0.165    -.1402191    .8201659
      e_2_12 |   .0900806   .1670737     0.54   0.590    -.2373777     .417539
      e_3_12 |   .3446265   .2528358     1.36   0.173    -.1509227    .8401756
      e_4_12 |   .0715358   .1386539     0.52   0.606    -.2002209    .3432924
      e_5_12 |   .0729793   .1314664     0.56   0.579    -.1846902    .3306488
      e_6_12 |   .0566938   .1127051     0.50   0.615    -.1642041    .2775917
      e_7_12 |   .1660283   .2252117     0.74   0.461    -.2753785    .6074351
      e_8_12 |   .0955528   .1109205     0.86   0.389    -.1218474    .3129531
      e_9_12 |   .0571669   .1243581     0.46   0.646    -.1865704    .3009043
     e_10_12 |  -.0445397   .1515461    -0.29   0.769    -.3415645    .2524852
     e_11_12 |  -.0126475   .0960453    -0.13   0.895    -.2008927    .1755978
     e_12_12 |  -.9296942   .0801919   -11.59   0.000    -1.086868   -.7725209
     e_13_12 |   .0602703    .224056     0.27   0.788    -.3788713     .499412
     e_14_12 |   .2188645   .2025988     1.08   0.280    -.1782219    .6159508
     e_15_12 |   .0262329   .1096144     0.24   0.811    -.1886073    .2410732
      e_1_13 |   .0518905   26.75468     0.00   0.998    -52.38632     52.4901
      e_2_13 |   .2142176   58.53304     0.00   0.997    -114.5084    114.9369
      e_3_13 |   .0415201   10.58661     0.00   0.997    -20.70786     20.7909
      e_4_13 |   .0526028   38.06955     0.00   0.999    -74.56234    74.66755
      e_5_13 |   .0166737   14.45158     0.00   0.999    -28.30791    28.34126
      e_6_13 |  -.1697749   17.00698    -0.01   0.992    -33.50284    33.16329
      e_7_13 |    .038172   17.73233     0.00   0.998    -34.71656     34.7929
      e_8_13 |   .1898459    16.2993     0.01   0.991    -31.75619    32.13588
      e_9_13 |    .017552   6.989709     0.00   0.998    -13.68203    13.71713
     e_10_13 |   .0606435   42.47266     0.00   0.999    -83.18423    83.30552
     e_11_13 |  -.0190158   3.068913    -0.01   0.995    -6.033976    5.995944
     e_12_13 |    .039551   47.62352     0.00   0.999    -93.30084    93.37994
     e_13_13 |  -.6650217   17.97241    -0.04   0.970     -35.8903    34.56026
     e_14_13 |  -.1103913   231.5705    -0.00   1.000    -453.9802    453.7595
     e_15_13 |  -.0332789   6.314988    -0.01   0.996    -12.41043    12.34387
      e_1_14 |   .5803107     .26327     2.20   0.028      .064311     1.09631
      e_2_14 |   .3641178    .213946     1.70   0.089    -.0552086    .7834443
      e_3_14 |   .5582329   .2794035     2.00   0.046     .0106121    1.105854
      e_4_14 |   .4907005   .2809517     1.75   0.081    -.0599547    1.041356
      e_5_14 |   .3109261   .1988621     1.56   0.118    -.0788365    .7006887
      e_6_14 |   .1781348   .1818898     0.98   0.327    -.1783626    .5346322
      e_7_14 |    .486781   .2391258     2.04   0.042      .018103     .955459
      e_8_14 |   .4172766   .2100846     1.99   0.047     .0055183    .8290349
      e_9_14 |   .3132221   .2064355     1.52   0.129     -.091384    .7178282
     e_10_14 |   .0297687   .1844603     0.16   0.872    -.3317668    .3913043
     e_11_14 |   .1809954   .1452657     1.25   0.213    -.1037202     .465711
     e_12_14 |   .3016416    .159835     1.89   0.059    -.0116293    .6149125
     e_13_14 |   .3794919   .2496616     1.52   0.129    -.1098358    .8688196
     e_14_14 |  -.8803216   .2312849    -3.81   0.000    -1.333632   -.4270115
     e_15_14 |   .2339159   .1682493     1.39   0.164    -.0958467    .5636784
      e_1_15 |   .5965277   .2621127     2.28   0.023     .0827962    1.110259
      e_2_15 |    .024571   .1454389     0.17   0.866    -.2604841    .3096261
      e_3_15 |   .1507348   .1652773     0.91   0.362    -.1732028    .4746723
      e_4_15 |   .0909928   .1526793     0.60   0.551    -.2082531    .3902387
      e_5_15 |   .0253468   .0728533     0.35   0.728     -.117443    .1681366
      e_6_15 |  -.0721887   .0757534    -0.95   0.341    -.2206627    .0762854
      e_7_15 |   .1157557   .1697184     0.68   0.495    -.2168863    .4483977
      e_8_15 |   .3169219   .1436446     2.21   0.027     .0353837    .5984602
      e_9_15 |   .0419223   .0898074     0.47   0.641    -.1340969    .2179415
     e_10_15 |   .1004169   .1143572     0.88   0.380     -.123719    .3245528
     e_11_15 |   .0213232   .0739326     0.29   0.773    -.1235821    .1662285
     e_12_15 |   .0012434    .083892     0.01   0.988    -.1631819    .1656688
     e_13_15 |  -.3913669    .229079    -1.71   0.088    -.8403534    .0576196
     e_14_15 |  -.0664662   .4045303    -0.16   0.869    -.8593311    .7263986
     e_15_15 |  -.6964289   .0908583    -7.66   0.000    -.8745079   -.5183499
------------------------------------------------------------------------------
Note: One or more parameters could not be estimated in 25 bootstrap replicates;
      standard-error estimates include only complete replications.

. parmest, saving(adj_pca_high_output, replace)
(file adj_pca_high_output.dta not found)
file adj_pca_high_output.dta saved

. 
. log close
      name:  <unnamed>
       log:  /home/timo/Documents/Adj_pca/High/adj_pca_high.log
  log type:  text
 closed on:  29 Jan 2025, 01:53:24
-------------------------------------------------------------------------------
