-------------------------------------------------------------------------------
      name:  <unnamed>
       log:  /home/timo/Documents/Adj_pca/Low/adj_pca_low.log
  log type:  text
 opened on:   8 Feb 2025, 08:42:24

. 
. *load the main data
. use "$path/adj_pca_low.dta", clear 

. 
. *set seed
. set seed 123

. 
. *define the local variables for the estimation
. local demographic_vars urban EF29 monthly age edu

. local adj_pca_prices adj_pca_P1 adj_pca_P2 adj_pca_P3 adj_pca_P4 adj_pca_P5 a
> dj_pca_P6 adj_pca_P7 adj_pca_P8 adj_pca_P9 adj_pca_P10 adj_pca_P11 adj_pca_P1
> 2 adj_pca_P13 adj_pca_P14 adj_pca_P15

. 
. *estimate the QUAIDSCE model
. quaidsce W1-W15, anot(2) prices(`adj_pca_prices') expenditure(expfd) demograp
> hics(`demographic_vars') nolog reps(50)
-------------------------------------------------------------------------------
Parallel Computing with Stata
Child processes: 6
pll_id         : 2yzbzybuv1
Running at     : /home/timo/Stata18
Randtype       : datetime

Waiting for the child processes to finish...
child process 0004 has exited without error...
child process 0003 has exited without error...
child process 0002 has exited without error...
child process 0005 has exited without error...
child process 0006 has exited without error...
child process 0001 has exited without error...
-------------------------------------------------------------------------------
Enter -parallel printlog #- to checkout logfiles.
-------------------------------------------------------------------------------

parallel bootstrapping                                   Number of obs = 2,543
                                                         Replications  =    38

      Command: quaidsce_c W1-W15, anot(2) prices(adj_pca_P1 adj_pca_P2
                   adj_pca_P3 adj_pca_P4 adj_pca_P5 adj_pca_P6 adj_pca_P7
                   adj_pca_P8 adj_pca_P9 adj_pca_P10 adj_pca_P11 adj_pca_P12
                   adj_pca_P13 adj_pca_P14 adj_pca_P15) expenditure(expfd)
                   demographics(urban EF29 monthly age edu) nolog reps(50)

------------------------------------------------------------------------------
             |   Observed   Bootstrap                         Normal-based
             | coefficient  std. err.      z    P>|z|     [95% conf. interval]
-------------+----------------------------------------------------------------
alpha        |
     alpha_1 |    .124618    .052803     2.36   0.018     .0211261    .2281099
     alpha_2 |   .0151343   .0321645     0.47   0.638    -.0479071    .0781756
     alpha_3 |  -.0305834   .0493319    -0.62   0.535    -.1272722    .0661053
     alpha_4 |  -.0328745   .0473679    -0.69   0.488    -.1257138    .0599648
     alpha_5 |   .0430742   .0192553     2.24   0.025     .0053344     .080814
     alpha_6 |   .0383411   .0257095     1.49   0.136    -.0120487    .0887308
     alpha_7 |   .0131058   .0384636     0.34   0.733    -.0622815    .0884931
     alpha_8 |   .0776546    .059613     1.30   0.193    -.0391847    .1944939
     alpha_9 |   .0144334   .0287428     0.50   0.616    -.0419014    .0707683
    alpha_10 |   .0455615   .0380614     1.20   0.231    -.0290376    .1201605
    alpha_11 |   .0284189   .0278543     1.02   0.308    -.0261745    .0830123
    alpha_12 |   .0285673   .0440768     0.65   0.517    -.0578217    .1149563
    alpha_13 |   .1156075    .078907     1.47   0.143    -.0390474    .2702624
    alpha_14 |   .3175342   .1255261     2.53   0.011     .0715077    .5635608
    alpha_15 |   .0512464   .0608107     0.84   0.399    -.0679404    .1704333
-------------+----------------------------------------------------------------
beta         |
      beta_1 |  -.0453729   .0394033    -1.15   0.250    -.1226019    .0318561
      beta_2 |   .0090362   .0194272     0.47   0.642    -.0290403    .0471128
      beta_3 |   .1109699   .0356832     3.11   0.002     .0410322    .1809076
      beta_4 |   .0356094   .0298845     1.19   0.233    -.0229631    .0941818
      beta_5 |  -.0159082    .010895    -1.46   0.144     -.037262    .0054456
      beta_6 |  -.0130075   .0151809    -0.86   0.392    -.0427615    .0167466
      beta_7 |   .0358972   .0251389     1.43   0.153    -.0133742    .0851687
      beta_8 |  -.0293507   .0429068    -0.68   0.494    -.1134465     .054745
      beta_9 |  -.0052005   .0148617    -0.35   0.726    -.0343289    .0239278
     beta_10 |  -.0102485   .0224112    -0.46   0.647    -.0541736    .0336766
     beta_11 |   .0025746   .0144407     0.18   0.858    -.0257287     .030878
     beta_12 |   .0038711   .0295388     0.13   0.896    -.0540238    .0617661
     beta_13 |   .1200766   .0599013     2.00   0.045     .0026722     .237481
     beta_14 |   -.193377   .0875913    -2.21   0.027    -.3650527   -.0217013
     beta_15 |  -.0073328   .0395207    -0.19   0.853    -.0847921    .0701264
-------------+----------------------------------------------------------------
gamma        |
   gamma_1_1 |   .0195023   .0280516     0.70   0.487    -.0354778    .0744825
   gamma_2_1 |   .0103099    .007904     1.30   0.192    -.0051816    .0258015
   gamma_3_1 |  -.0149294   .0114227    -1.31   0.191    -.0373174    .0074587
   gamma_4_1 |  -.0093513   .0182992    -0.51   0.609     -.045217    .0265144
   gamma_5_1 |  -.0040638   .0042535    -0.96   0.339    -.0124005    .0042729
   gamma_6_1 |   .0012484   .0073757     0.17   0.866    -.0132077    .0157044
   gamma_7_1 |    .001966   .0082336     0.24   0.811    -.0141715    .0181035
   gamma_8_1 |  -.0059267   .0102603    -0.58   0.564    -.0260366    .0141831
   gamma_9_1 |  -.0060088   .0043641    -1.38   0.169    -.0145623    .0025446
  gamma_10_1 |   .0089574    .009472     0.95   0.344    -.0096073    .0275221
  gamma_11_1 |   .0030118   .0058355     0.52   0.606    -.0084256    .0144492
  gamma_12_1 |  -.0021751   .0079964    -0.27   0.786    -.0178478    .0134975
  gamma_13_1 |   .0009095   .0224822     0.04   0.968    -.0431548    .0449737
  gamma_14_1 |   -.019818   .0278318    -0.71   0.476    -.0743673    .0347313
  gamma_15_1 |   .0163678   .0088595     1.85   0.065    -.0009966    .0337322
   gamma_2_2 |   .0142589   .0094359     1.51   0.131    -.0042351    .0327529
   gamma_3_2 |  -.0029123   .0074671    -0.39   0.697    -.0175476     .011723
   gamma_4_2 |  -.0216206   .0096352    -2.24   0.025    -.0405053   -.0027358
   gamma_5_2 |  -.0001053   .0028421    -0.04   0.970    -.0056758    .0054651
   gamma_6_2 |   .0012506   .0046797     0.27   0.789    -.0079215    .0104227
   gamma_7_2 |   .0055651    .004488     1.24   0.215    -.0032312    .0143614
   gamma_8_2 |   .0026303   .0059318     0.44   0.657    -.0089959    .0142565
   gamma_9_2 |  -.0026061   .0022711    -1.15   0.251    -.0070573    .0018452
  gamma_10_2 |   .0145133   .0094434     1.54   0.124    -.0039954     .033022
  gamma_11_2 |  -.0105639   .0027823    -3.80   0.000    -.0160171   -.0051108
  gamma_12_2 |  -.0041101   .0040067    -1.03   0.305    -.0119632    .0037429
  gamma_13_2 |  -.0035839   .0113694    -0.32   0.753    -.0258674    .0186997
  gamma_14_2 |  -.0020946   .0179301    -0.12   0.907     -.037237    .0330477
  gamma_15_2 |  -.0009312   .0054151    -0.17   0.863    -.0115447    .0096822
   gamma_3_3 |   .0155332    .022002     0.71   0.480      -.02759    .0586563
   gamma_4_3 |   .0201257    .010427     1.93   0.054    -.0003108    .0405622
   gamma_5_3 |  -.0054542   .0041089    -1.33   0.184    -.0135076    .0025992
   gamma_6_3 |   .0010203   .0040166     0.25   0.799    -.0068521    .0088927
   gamma_7_3 |  -.0102059   .0070016    -1.46   0.145    -.0239288     .003517
   gamma_8_3 |   .0106271   .0109002     0.97   0.330    -.0107368    .0319911
   gamma_9_3 |    .001428   .0030503     0.47   0.640    -.0045504    .0074064
  gamma_10_3 |   .0012148   .0059159     0.21   0.837    -.0103802    .0128098
  gamma_11_3 |   .0047299   .0060818     0.78   0.437    -.0071903      .01665
  gamma_12_3 |   .0040593   .0069966     0.58   0.562    -.0096538    .0177724
  gamma_13_3 |  -.0379793   .0241523    -1.57   0.116     -.085317    .0093584
  gamma_14_3 |   .0174328   .0235087     0.74   0.458    -.0286434     .063509
  gamma_15_3 |  -.0046901   .0067844    -0.69   0.489    -.0179872    .0086071
   gamma_4_4 |   .0596826   .0381755     1.56   0.118      -.01514    .1345052
   gamma_5_4 |  -.0022167   .0035935    -0.62   0.537    -.0092598    .0048264
   gamma_6_4 |    -.02744   .0164753    -1.67   0.096     -.059731    .0048511
   gamma_7_4 |   .0066725   .0070581     0.95   0.344    -.0071611    .0205061
   gamma_8_4 |   .0183558   .0103112     1.78   0.075    -.0018538    .0385653
   gamma_9_4 |   .0049636   .0065434     0.76   0.448    -.0078611    .0177883
  gamma_10_4 |  -.0128226   .0212295    -0.60   0.546    -.0544316    .0287863
  gamma_11_4 |  -.0130499   .0068636    -1.90   0.057    -.0265022    .0004025
  gamma_12_4 |  -.0084903   .0044476    -1.91   0.056    -.0172073    .0002268
  gamma_13_4 |   .0211603   .0142806     1.48   0.138    -.0068292    .0491498
  gamma_14_4 |  -.0266543   .0350629    -0.76   0.447    -.0953763    .0420678
  gamma_15_4 |  -.0093149   .0068149    -1.37   0.172    -.0226719    .0040421
   gamma_5_5 |   .0013344   .0014238     0.94   0.349    -.0014561    .0041249
   gamma_6_5 |   .0004045   .0017241     0.23   0.815    -.0029746    .0037836
   gamma_7_5 |   .0030385   .0022556     1.35   0.178    -.0013825    .0074595
   gamma_8_5 |    -.00553   .0039476    -1.40   0.161    -.0132672    .0022073
   gamma_9_5 |  -.0007185   .0007462    -0.96   0.336    -.0021811    .0007441
  gamma_10_5 |     .00241   .0022881     1.05   0.292    -.0020746    .0068945
  gamma_11_5 |   .0010746   .0016293     0.66   0.510    -.0021187     .004268
  gamma_12_5 |   .0020578   .0018907     1.09   0.276     -.001648    .0057636
  gamma_13_5 |   .0081842    .004949     1.65   0.098    -.0015156    .0178841
  gamma_14_5 |  -.0012178   .0072539    -0.17   0.867    -.0154353    .0129996
  gamma_15_5 |   .0008023    .001512     0.53   0.596    -.0021612    .0037658
   gamma_6_6 |   .0099163   .0106868     0.93   0.353    -.0110293     .030862
   gamma_7_6 |  -.0005218   .0033224    -0.16   0.875    -.0070336    .0059901
   gamma_8_6 |    .004899   .0058001     0.84   0.398     -.006469     .016267
   gamma_9_6 |  -.0014243   .0030807    -0.46   0.644    -.0074623    .0046138
  gamma_10_6 |  -.0000528   .0114953    -0.00   0.996    -.0225831    .0224776
  gamma_11_6 |  -.0026831   .0025333    -1.06   0.290    -.0076483    .0022822
  gamma_12_6 |  -.0051596   .0031467    -1.64   0.101     -.011327    .0010077
  gamma_13_6 |   .0139692   .0068111     2.05   0.040     .0006197    .0273186
  gamma_14_6 |   .0094237   .0204711     0.46   0.645    -.0306989    .0495463
  gamma_15_6 |  -.0048504   .0032071    -1.51   0.130    -.0111361    .0014353
   gamma_7_7 |  -.0091009   .0074115    -1.23   0.219    -.0236272    .0054255
   gamma_8_7 |  -.0078613   .0082073    -0.96   0.338    -.0239472    .0082247
   gamma_9_7 |   .0008189   .0016826     0.49   0.626     -.002479    .0041168
  gamma_10_7 |    .002368   .0056354     0.42   0.674    -.0086772    .0134132
  gamma_11_7 |  -.0031968    .003882    -0.82   0.410    -.0108055    .0044118
  gamma_12_7 |   .0025155   .0054143     0.46   0.642    -.0080963    .0131273
  gamma_13_7 |  -.0148093   .0140275    -1.06   0.291    -.0423026    .0126841
  gamma_14_7 |   .0184333   .0149184     1.24   0.217    -.0108063    .0476729
  gamma_15_7 |   .0043181   .0049388     0.87   0.382    -.0053618    .0139981
   gamma_8_8 |   .0016236   .0139627     0.12   0.907    -.0257427      .02899
   gamma_9_8 |  -.0005535   .0028298    -0.20   0.845    -.0060998    .0049927
  gamma_10_8 |   .0088455   .0069255     1.28   0.202    -.0047283    .0224192
  gamma_11_8 |   -.013211   .0054253    -2.44   0.015    -.0238444   -.0025777
  gamma_12_8 |  -.0049251   .0068808    -0.72   0.474    -.0184113     .008561
  gamma_13_8 |   .0079668   .0189387     0.42   0.674    -.0291523     .045086
  gamma_14_8 |   -.007785   .0222548    -0.35   0.726    -.0514036    .0358337
  gamma_15_8 |  -.0091555   .0071413    -1.28   0.200    -.0231523    .0048413
   gamma_9_9 |  -.0024933   .0027787    -0.90   0.370    -.0079395    .0029529
  gamma_10_9 |  -.0056417   .0046904    -1.20   0.229    -.0148346    .0035512
  gamma_11_9 |   .0015127   .0012901     1.17   0.241    -.0010159    .0040412
  gamma_12_9 |   .0011255   .0018172     0.62   0.536    -.0024362    .0046872
  gamma_13_9 |  -.0012899   .0041594    -0.31   0.756    -.0094421    .0068623
  gamma_14_9 |   .0094448   .0099703     0.95   0.343    -.0100965    .0289862
  gamma_15_9 |   .0014426   .0017324     0.83   0.405    -.0019528     .004838
 gamma_10_10 |   .0068666   .0181581     0.38   0.705    -.0287226    .0424558
 gamma_11_10 |  -.0085402   .0030564    -2.79   0.005    -.0145307   -.0025498
 gamma_12_10 |  -.0027417   .0052006    -0.53   0.598    -.0129347    .0074512
 gamma_13_10 |   .0130273   .0072953     1.79   0.074    -.0012712    .0273258
 gamma_14_10 |  -.0201473   .0253861    -0.79   0.427    -.0699032    .0296086
 gamma_15_10 |  -.0082566   .0037126    -2.22   0.026    -.0155332   -.0009799
 gamma_11_11 |   .0104194   .0037973     2.74   0.006     .0029768    .0178621
 gamma_12_11 |  -.0006782   .0034412    -0.20   0.844    -.0074229    .0060665
 gamma_13_11 |   .0025989   .0075222     0.35   0.730    -.0121443    .0173422
 gamma_14_11 |    .029191   .0092594     3.15   0.002     .0110429    .0473391
 gamma_15_11 |  -.0006153   .0029529    -0.21   0.835    -.0064028    .0051722
 gamma_12_12 |   .0081522   .0103025     0.79   0.429    -.0120404    .0283447
 gamma_13_12 |   .0064888   .0126803     0.51   0.609    -.0183642    .0313418
 gamma_14_12 |   .0040716   .0106694     0.38   0.703    -.0168402    .0249833
 gamma_15_12 |  -.0001905   .0048848    -0.04   0.969    -.0097645    .0093835
 gamma_13_13 |  -.0807772   .0435349    -1.86   0.064    -.1661041    .0045497
 gamma_14_13 |   .0621451   .0380267     1.63   0.102    -.0123858     .136676
 gamma_15_13 |   .0019894   .0127634     0.16   0.876    -.0230264    .0270051
 gamma_14_14 |  -.0807034   .0721137    -1.12   0.263    -.2220438    .0606369
 gamma_15_14 |   .0082781   .0102422     0.81   0.419    -.0117962    .0283524
 gamma_15_15 |   .0048061   .0071803     0.67   0.503     -.009267    .0188793
-------------+----------------------------------------------------------------
lambda       |
    lambda_1 |   .0111904   .0079966     1.40   0.162    -.0044826    .0268635
    lambda_2 |  -.0027322   .0033671    -0.81   0.417    -.0093316    .0038672
    lambda_3 |   -.022364   .0071528    -3.13   0.002    -.0363832   -.0083448
    lambda_4 |  -.0053611   .0049565    -1.08   0.279    -.0150756    .0043534
    lambda_5 |   .0023947   .0017637     1.36   0.175     -.001062    .0058515
    lambda_6 |   .0014022   .0024869     0.56   0.573    -.0034721    .0062765
    lambda_7 |  -.0063154   .0042682    -1.48   0.139    -.0146809    .0020501
    lambda_8 |   .0142736   .0085612     1.67   0.095     -.002506    .0310532
    lambda_9 |   .0008213    .002002     0.41   0.682    -.0031025    .0047451
   lambda_10 |    .001382   .0036662     0.38   0.706    -.0058035    .0085675
   lambda_11 |  -.0014547   .0023342    -0.62   0.533    -.0060297    .0031203
   lambda_12 |   .0002797    .005114     0.05   0.956    -.0097435     .010303
   lambda_13 |  -.0342548   .0125936    -2.72   0.007    -.0589379   -.0095717
   lambda_14 |   .0397319   .0159177     2.50   0.013     .0085337    .0709301
   lambda_15 |   .0013139   .0063276     0.21   0.836     -.011088    .0137158
-------------+----------------------------------------------------------------
delta        |
     delta_1 |   .1041559   .0127858     8.15   0.000     .0790962    .1292157
     delta_2 |   .0322463   .0093187     3.46   0.001      .013982    .0505106
     delta_3 |   .1444661   .0212232     6.81   0.000     .1028694    .1860628
     delta_4 |   .0853384   .0172327     4.95   0.000     .0515629     .119114
     delta_5 |   .0071407   .0075405     0.95   0.344    -.0076384    .0219198
     delta_6 |   .0163993   .0056746     2.89   0.004     .0052772    .0275213
     delta_7 |   .0820425   .0078036    10.51   0.000     .0667477    .0973373
     delta_8 |   .1390368   .0218112     6.37   0.000     .0962876    .1817861
     delta_9 |   .0155855   .0028845     5.40   0.000      .009932     .021239
    delta_10 |   .0227877   .0071366     3.19   0.001     .0088003    .0367752
    delta_11 |   .0182648   .0157917     1.16   0.247    -.0126865     .049216
    delta_12 |   .0603996   .0146861     4.11   0.000     .0316154    .0891838
    delta_13 |   .2309259   .0439833     5.25   0.000     .1447203    .3171315
    delta_14 |   .1972167   .0261973     7.53   0.000      .145871    .2485625
    delta_15 |   .0273872    .007333     3.73   0.000     .0130147    .0417597
-------------+----------------------------------------------------------------
eta          |
 eta_urban_1 |   .0009598   .0019454     0.49   0.622    -.0028531    .0047727
 eta_urban_2 |   .0003822   .0007107     0.54   0.591    -.0010106    .0017751
 eta_urban_3 |  -.0021291   .0015869    -1.34   0.180    -.0052394    .0009812
 eta_urban_4 |    .000132   .0011089     0.12   0.905    -.0020413    .0023054
 eta_urban_5 |   .0000792   .0004507     0.18   0.860    -.0008041    .0009626
 eta_urban_6 |  -.0002231   .0005253    -0.42   0.671    -.0012527    .0008065
 eta_urban_7 |   .0010414   .0014582     0.71   0.475    -.0018166    .0038993
 eta_urban_8 |  -.0040062   .0026496    -1.51   0.131    -.0091993    .0011868
 eta_urban_9 |  -.0000806    .000223    -0.36   0.718    -.0005176    .0003565
eta_urban_10 |  -.0005797   .0006741    -0.86   0.390    -.0019009    .0007415
eta_urban_11 |  -.0009452   .0005054    -1.87   0.061    -.0019357    .0000453
eta_urban_12 |   .0010326   .0011173     0.92   0.355    -.0011573    .0032226
eta_urban_13 |  -.0027578   .0057016    -0.48   0.629    -.0139328    .0084172
eta_urban_14 |   .0063002   .0030643     2.06   0.040     .0002943    .0123061
eta_urban_15 |   .0007942    .000711     1.12   0.264    -.0005994    .0021878
  eta_EF29_1 |   .0011768   .0013828     0.85   0.395    -.0015336    .0038871
  eta_EF29_2 |  -.0001227   .0006095    -0.20   0.840    -.0013174     .001072
  eta_EF29_3 |   .0004426   .0013665     0.32   0.746    -.0022357    .0031209
  eta_EF29_4 |   .0008794   .0009688     0.91   0.364    -.0010195    .0027783
  eta_EF29_5 |  -.0003497   .0003462    -1.01   0.312    -.0010283    .0003288
  eta_EF29_6 |   .0000979   .0003316     0.30   0.768    -.0005521    .0007478
  eta_EF29_7 |  -.0002056   .0007949    -0.26   0.796    -.0017636    .0013523
  eta_EF29_8 |   .0010976   .0016132     0.68   0.496    -.0020642    .0042593
  eta_EF29_9 |  -.0000534   .0001182    -0.45   0.651    -.0002851    .0001782
 eta_EF29_10 |   .0003262   .0004132     0.79   0.430    -.0004836     .001136
 eta_EF29_11 |  -.0006412   .0004699    -1.36   0.172    -.0015622    .0002798
 eta_EF29_12 |  -.0000961   .0007623    -0.13   0.900    -.0015903     .001398
 eta_EF29_13 |   -.005312   .0036962    -1.44   0.151    -.0125565    .0019324
 eta_EF29_14 |   .0024213   .0016898     1.43   0.152    -.0008906    .0057332
 eta_EF29_15 |   .0003392   .0005125     0.66   0.508    -.0006654    .0013438
eta_monthl~1 |  -2.45e-06   1.23e-06    -2.00   0.045    -4.85e-06   -4.97e-08
eta_monthl~2 |   1.23e-07   4.13e-07     0.30   0.766    -6.86e-07    9.31e-07
eta_monthl~3 |   1.90e-07   1.59e-06     0.12   0.905    -2.93e-06    3.31e-06
eta_monthl~4 |  -1.73e-06   7.22e-07    -2.39   0.017    -3.14e-06   -3.13e-07
eta_monthl~5 |  -6.55e-08   2.53e-07    -0.26   0.796    -5.62e-07    4.31e-07
eta_monthl~6 |   1.95e-07   2.80e-07     0.70   0.486    -3.54e-07    7.45e-07
eta_monthl~7 |  -4.83e-08   8.37e-07    -0.06   0.954    -1.69e-06    1.59e-06
eta_monthl~8 |  -1.87e-06   1.64e-06    -1.14   0.256    -5.09e-06    1.35e-06
eta_monthl~9 |   1.40e-07   1.04e-07     1.34   0.179    -6.44e-08    3.45e-07
eta_month~10 |  -3.24e-07   3.79e-07    -0.85   0.393    -1.07e-06    4.19e-07
eta_month~11 |   5.75e-07   3.20e-07     1.80   0.072    -5.17e-08    1.20e-06
eta_month~12 |  -1.37e-06   6.14e-07    -2.24   0.025    -2.58e-06   -1.71e-07
eta_month~13 |     .00001   3.20e-06     3.13   0.002     3.76e-06    .0000163
eta_month~14 |  -3.65e-06   1.85e-06    -1.97   0.048    -7.27e-06   -2.52e-08
eta_month~15 |   2.49e-07   3.42e-07     0.73   0.467    -4.22e-07    9.20e-07
   eta_age_1 |    .000102   .0000656     1.56   0.120    -.0000266    .0002306
   eta_age_2 |   .0000983     .00004     2.46   0.014     .0000199    .0001768
   eta_age_3 |  -.0001755   .0000676    -2.60   0.009     -.000308    -.000043
   eta_age_4 |   .0000195   .0000627     0.31   0.756    -.0001035    .0001425
   eta_age_5 |   .0000116   .0000183     0.64   0.525    -.0000242    .0000474
   eta_age_6 |   .0000173   .0000277     0.62   0.532     -.000037    .0000717
   eta_age_7 |   .0000234    .000059     0.40   0.691    -.0000922     .000139
   eta_age_8 |   .0002209   .0000898     2.46   0.014     .0000449     .000397
   eta_age_9 |  -1.97e-07   9.53e-06    -0.02   0.984    -.0000189    .0000185
  eta_age_10 |   .0000322   .0000291     1.11   0.269    -.0000248    .0000891
  eta_age_11 |  -.0000224   .0000243    -0.92   0.356      -.00007    .0000252
  eta_age_12 |   7.23e-06   .0000381     0.19   0.850    -.0000675     .000082
  eta_age_13 |   -.000263   .0002336    -1.13   0.260    -.0007209     .000195
  eta_age_14 |   2.31e-06   .0001082     0.02   0.983    -.0002097    .0002143
  eta_age_15 |  -.0000738   .0000463    -1.59   0.111    -.0001645    .0000169
   eta_edu_1 |  -.0024371   .0025753    -0.95   0.344    -.0074847    .0026105
   eta_edu_2 |  -.0008192   .0010916    -0.75   0.453    -.0029587    .0013202
   eta_edu_3 |    .003469   .0020598     1.68   0.092    -.0005682    .0075061
   eta_edu_4 |  -.0005474   .0014564    -0.38   0.707    -.0034019     .002307
   eta_edu_5 |  -.0006391   .0006407    -1.00   0.318    -.0018948    .0006165
   eta_edu_6 |  -.0013485   .0006315    -2.14   0.033    -.0025861   -.0001108
   eta_edu_7 |   .0008886   .0013733     0.65   0.518    -.0018031    .0035803
   eta_edu_8 |   .0019649   .0022111     0.89   0.374    -.0023688    .0062986
   eta_edu_9 |   .0001812   .0002687     0.67   0.500    -.0003454    .0007078
  eta_edu_10 |  -.0007468   .0007508    -0.99   0.320    -.0022184    .0007248
  eta_edu_11 |   .0002734   .0007644     0.36   0.721    -.0012247    .0017716
  eta_edu_12 |   .0009038   .0015797     0.57   0.567    -.0021923    .0039999
  eta_edu_13 |  -.0026181   .0069149    -0.38   0.705    -.0161711    .0109348
  eta_edu_14 |   .0015119   .0033712     0.45   0.654    -.0050955    .0081193
  eta_edu_15 |  -.0000365   .0006731    -0.05   0.957    -.0013558    .0012828
-------------+----------------------------------------------------------------
rho          |
   rho_urban |   -.018931   .2331984    -0.08   0.935    -.4759915    .4381295
    rho_EF29 |   .0192872   .1662534     0.12   0.908    -.3065634    .3451378
 rho_monthly |  -.0000202   .0001798    -0.11   0.910    -.0003726    .0003322
     rho_age |    .009153   .0071381     1.28   0.200    -.0048375    .0231434
     rho_edu |   .6359169   .2751106     2.31   0.021       .09671    1.175124
-------------+----------------------------------------------------------------
tau          |
        p1_1 |  -.5580532   .2865477    -1.95   0.051    -1.119676      .00357
        p2_1 |   .9095431   .5870446     1.55   0.121    -.2410432    2.060129
        p3_1 |  -.0952252   .3400218    -0.28   0.779    -.7616558    .5712053
        p4_1 |   1.216406   1.355276     0.90   0.369    -1.439885    3.872698
        p5_1 |   .0104815   .1144223     0.09   0.927    -.2137822    .2347451
        p6_1 |  -.7922953   1.010137    -0.78   0.433    -2.772127    1.187537
        p7_1 |    .529866   .3020621     1.75   0.079    -.0621649    1.121897
        p8_1 |   .0282548   .3544959     0.08   0.936    -.6665443     .723054
        p9_1 |   -.550871   .3464357    -1.59   0.112    -1.229873    .1281306
       p10_1 |  -1.788878   1.004808    -1.78   0.075    -3.758265    .1805095
       p11_1 |   .1910412   .1819604     1.05   0.294    -.1655946    .5476771
       p12_1 |    .175967   .2576422     0.68   0.495    -.3290024    .6809363
       p13_1 |   .0218196   .4525179     0.05   0.962    -.8650992    .9087384
       p14_1 |  -2.077431    2.98263    -0.70   0.486    -7.923279    3.768416
       p15_1 |   .1592966   .2491659     0.64   0.523    -.3290596    .6476529
         M_1 |   .7538599   .1036378     7.27   0.000     .5507336    .9569863
     urban_1 |   .0130945   .1085548     0.12   0.904     -.199669    .2258579
      EF29_1 |  -.0677323   .0954228    -0.71   0.478    -.2547576     .119293
   monthly_1 |   .0000927   .0000732     1.27   0.205    -.0000508    .0002363
       age_1 |  -.0008241   .0027527    -0.30   0.765    -.0062192     .004571
       edu_1 |   .0970593   .1050241     0.92   0.355    -.1087842    .3029028
      cons_1 |  -2.134729   .4429344    -4.82   0.000    -3.002865   -1.266594
        p1_2 |   .3752103   .3304223     1.14   0.256    -.2724056    1.022826
        p2_2 |  -.7356113   .2271476    -3.24   0.001    -1.180813   -.2904101
        p3_2 |   .0220754   .3082641     0.07   0.943    -.5821111    .6262618
        p4_2 |  -.5199526   .7601137    -0.68   0.494    -2.009748     .969843
        p5_2 |  -.0203273    .070866    -0.29   0.774    -.1592221    .1185675
        p6_2 |   1.231171   .6441977     1.91   0.056    -.0314338    2.493775
        p7_2 |   .1101606   .2018666     0.55   0.585    -.2854906    .5058119
        p8_2 |   .4501771   .1777508     2.53   0.011      .101792    .7985623
        p9_2 |   .1527545   .2386515     0.64   0.522    -.3149939    .6205029
       p10_2 |   -.398939    .755884    -0.53   0.598    -1.880444    1.082566
       p11_2 |  -.1172009   .1347035    -0.87   0.384    -.3812149    .1468131
       p12_2 |  -.1176026   .1553956    -0.76   0.449    -.4221724    .1869672
       p13_2 |  -.0851874   .3328053    -0.26   0.798    -.7374737    .5670989
       p14_2 |  -1.765747   1.406978    -1.25   0.209    -4.523373    .9918783
       p15_2 |  -.0600094   .1363497    -0.44   0.660    -.3272499     .207231
         M_2 |    .827304   .0759747    10.89   0.000     .6783962    .9762117
     urban_2 |   .1147601   .0559879     2.05   0.040     .0050259    .2244943
      EF29_2 |  -.0934211   .0556351    -1.68   0.093    -.2024639    .0156216
   monthly_2 |   4.23e-06   .0000435     0.10   0.923    -.0000811    .0000896
       age_2 |  -.0010844   .0018086    -0.60   0.549    -.0046292    .0024604
       edu_2 |   .0764215    .063115     1.21   0.226    -.0472816    .2001245
      cons_2 |  -3.297997   .3055788   -10.79   0.000    -3.896921   -2.699074
        p1_3 |  -.2863457   .5822709    -0.49   0.623    -1.427576    .8548842
        p2_3 |   .2901506   .6458049     0.45   0.653    -.9756038    1.555905
        p3_3 |  -.3555852   .2697126    -1.32   0.187    -.8842122    .1730417
        p4_3 |  -.0715282   2.142781    -0.03   0.973    -4.271302    4.128245
        p5_3 |    .320539   .1582475     2.03   0.043     .0103797    .6306983
        p6_3 |   1.150566   1.192057     0.97   0.334    -1.185824    3.486956
        p7_3 |   .0031708   .3163223     0.01   0.992    -.6168095     .623151
        p8_3 |   .2426413   .3938601     0.62   0.538    -.5293104    1.014593
        p9_3 |  -.4517512   .4671471    -0.97   0.334    -1.367343    .4638404
       p10_3 |   -1.95081   1.833695    -1.06   0.287    -5.544786    1.643167
       p11_3 |    .335946   .2229857     1.51   0.132    -.1010979    .7729899
       p12_3 |   .1264081   .2710464     0.47   0.641     -.404833    .6576492
       p13_3 |  -.3723123   .4807675    -0.77   0.439    -1.314599    .5699748
       p14_3 |  -3.796286    3.16618    -1.20   0.231    -10.00188    2.409314
       p15_3 |  -.1088423   .3447019    -0.32   0.752    -.7844456     .566761
         M_3 |   1.005069   .0927558    10.84   0.000     .8232712    1.186867
     urban_3 |   .0399003   .1764841     0.23   0.821    -.3060023    .3858028
      EF29_3 |  -.1820178   .1245957    -1.46   0.144    -.4262209    .0621853
   monthly_3 |   .0001491   .0000916     1.63   0.103    -.0000303    .0003286
       age_3 |  -.0038561   .0033281    -1.16   0.247     -.010379    .0026669
       edu_3 |   .0920784   .1591968     0.58   0.563    -.2199416    .4040984
      cons_3 |  -2.844572   .3982406    -7.14   0.000    -3.625109   -2.064035
        p1_4 |   .0639911   .3650843     0.18   0.861    -.6515609    .7795431
        p2_4 |  -.1575052   .3127148    -0.50   0.614    -.7704149    .4554044
        p3_4 |   .0844784   .3114697     0.27   0.786    -.5259911    .6949478
        p4_4 |  -.3288912   .6608734    -0.50   0.619    -1.624179    .9663968
        p5_4 |   .0053696   .0836007     0.06   0.949    -.1584847    .1692239
        p6_4 |   .4724026   .6552084     0.72   0.471    -.8117823    1.756588
        p7_4 |  -.0924341   .1977057    -0.47   0.640      -.47993    .2950619
        p8_4 |  -.2503486   .2239126    -1.12   0.264    -.6892092     .188512
        p9_4 |    .158442   .2211847     0.72   0.474    -.2750721    .5919561
       p10_4 |  -.3260419   .7698999    -0.42   0.672    -1.835018    1.182934
       p11_4 |   .1807269   .1536988     1.18   0.240    -.1205173    .4819711
       p12_4 |   .1661613   .1220488     1.36   0.173      -.07305    .4053727
       p13_4 |  -.4651419   .3154313    -1.47   0.140    -1.083376    .1530921
       p14_4 |  -1.576397   1.999579    -0.79   0.430      -5.4955    2.342707
       p15_4 |  -.1990688   .1699375    -1.17   0.241    -.5321403    .1340027
         M_4 |    .983223   .0562196    17.49   0.000     .8730346    1.093411
     urban_4 |   -.017294   .0785172    -0.22   0.826    -.1711849    .1365968
      EF29_4 |   -.012895   .0638117    -0.20   0.840    -.1379636    .1121736
   monthly_4 |  -.0000549   .0000355    -1.54   0.123    -.0001245    .0000148
       age_4 |  -.0097506    .002549    -3.83   0.000    -.0147466   -.0047547
       edu_4 |   .1010431   .0957271     1.06   0.291    -.0865786    .2886647
      cons_4 |  -3.119718   .2638201   -11.83   0.000    -3.636796    -2.60264
        p1_5 |  -.0325086   .2237928    -0.15   0.885    -.4711345    .4061173
        p2_5 |  -.1169428   .2610162    -0.45   0.654    -.6285252    .3946396
        p3_5 |  -.0994578   .1904008    -0.52   0.601    -.4726364    .2737209
        p4_5 |  -.8798915   .8240486    -1.07   0.286    -2.494997    .7352141
        p5_5 |  -.0239076   .0624509    -0.38   0.702    -.1463091    .0984938
        p6_5 |  -.5334985   .5046735    -1.06   0.290     -1.52264    .4556435
        p7_5 |   .1026791   .1871158     0.55   0.583    -.2640612    .4694193
        p8_5 |  -.0804402   .1813207    -0.44   0.657    -.4358222    .2749419
        p9_5 |  -.4424974   .2453941    -1.80   0.071     -.923461    .0384662
       p10_5 |  -.2818623   .6160351    -0.46   0.647    -1.489269    .9255443
       p11_5 |   -.024007   .0917028    -0.26   0.793    -.2037411    .1557271
       p12_5 |  -.0011916   .1269877    -0.01   0.993    -.2500829    .2476997
       p13_5 |   .6722028   .2132196     3.15   0.002        .2543    1.090106
       p14_5 |   .6229349   1.285341     0.48   0.628    -1.896287    3.142157
       p15_5 |  -.3337369   .1250431    -2.67   0.008    -.5788168    -.088657
         M_5 |   .7546948    .052737    14.31   0.000     .6513322    .8580575
     urban_5 |  -.0612512   .0640182    -0.96   0.339    -.1867246    .0642222
      EF29_5 |  -.0905534   .0412704    -2.19   0.028    -.1714418    -.009665
   monthly_5 |  -.0000177   .0000376    -0.47   0.639    -.0000913     .000056
       age_5 |   .0072346   .0018922     3.82   0.000     .0035259    .0109432
       edu_5 |  -.0641685   .0672077    -0.95   0.340    -.1958932    .0675563
      cons_5 |  -3.507148   .2291208   -15.31   0.000    -3.956216   -3.058079
        p1_6 |   .1765135   .3023816     0.58   0.559    -.4161436    .7691706
        p2_6 |  -.5359489   .2440177    -2.20   0.028    -1.014215    -.057683
        p3_6 |   .3313164   .1824535     1.82   0.069    -.0262858    .6889186
        p4_6 |   .7672634   .7131526     1.08   0.282      -.63049    2.165017
        p5_6 |  -.0550268   .0690201    -0.80   0.425    -.1903038    .0802502
        p6_6 |   .0275353   .4075185     0.07   0.946    -.7711864    .8262569
        p7_6 |  -.0262535   .1273242    -0.21   0.837    -.2758042    .2232973
        p8_6 |  -.2045346   .1838774    -1.11   0.266    -.5649276    .1558584
        p9_6 |  -.2226192   .2478888    -0.90   0.369    -.7084724     .263234
       p10_6 |  -.2954881   .7687518    -0.38   0.701    -1.802214    1.211238
       p11_6 |  -.0763962   .0890972    -0.86   0.391    -.2510234    .0982311
       p12_6 |  -.3070761   .1274228    -2.41   0.016    -.5568202    -.057332
       p13_6 |   .4600412   .2531464     1.82   0.069    -.0361165     .956199
       p14_6 |  -1.895271   1.161108    -1.63   0.103    -4.171002    .3804589
       p15_6 |  -.0774394   .1255949    -0.62   0.538    -.3236009    .1687221
         M_6 |   .5749367   .0555395    10.35   0.000     .4660812    .6837922
     urban_6 |   .0191631   .0661033     0.29   0.772    -.1103971    .1487232
      EF29_6 |   .0083522   .0570497     0.15   0.884    -.1034631    .1201676
   monthly_6 |   .0000682   .0000363     1.88   0.061    -3.02e-06    .0001394
       age_6 |  -.0116863   .0017717    -6.60   0.000    -.0151587   -.0082139
       edu_6 |  -.1391192   .0733549    -1.90   0.058    -.2828923    .0046538
      cons_6 |  -2.033819   .2521549    -8.07   0.000    -2.528034   -1.539605
        p1_7 |   .2090123   .3255095     0.64   0.521    -.4289746    .8469991
        p2_7 |   .3651951    .266328     1.37   0.170    -.1567981    .8871884
        p3_7 |  -.0996246   .2551019    -0.39   0.696    -.5996151    .4003659
        p4_7 |   .4968855   .7933056     0.63   0.531    -1.057965    2.051736
        p5_7 |  -.0395319   .0909377    -0.43   0.664    -.2177664    .1387026
        p6_7 |   .2772188   .5804144     0.48   0.633    -.8603726     1.41481
        p7_7 |  -.6301598   .1492626    -4.22   0.000    -.9227091   -.3376105
        p8_7 |  -.2549653   .1995375    -1.28   0.201    -.6460516     .136121
        p9_7 |  -.1328172   .2237954    -0.59   0.553    -.5714481    .3058138
       p10_7 |   -.004043   .5775487    -0.01   0.994    -1.136018    1.127932
       p11_7 |  -.6489753   .1066791    -6.08   0.000    -.8580625   -.4398882
       p12_7 |   .0774607   .1409697     0.55   0.583    -.1988348    .3537561
       p13_7 |   .1918924   .1936176     0.99   0.322    -.1875911    .5713759
       p14_7 |  -4.351092   1.719617    -2.53   0.011    -7.721479   -.9807059
       p15_7 |  -.1595118   .1604652    -0.99   0.320    -.4740177    .1549942
         M_7 |   .8082821   .0631703    12.80   0.000     .6844706    .9320937
     urban_7 |  -.1110069   .0971912    -1.14   0.253    -.3014981    .0794843
      EF29_7 |   .0332078   .0542976     0.61   0.541    -.0732136    .1396292
   monthly_7 |   .0000142    .000036     0.40   0.692    -.0000563    .0000848
       age_7 |   .0082775   .0014918     5.55   0.000     .0053536    .0112014
       edu_7 |  -.3290813   .0612416    -5.37   0.000    -.4491127   -.2090499
      cons_7 |  -3.498893   .2937312   -11.91   0.000    -4.074596    -2.92319
        p1_8 |   .1424065   .6021797     0.24   0.813    -1.037844    1.322657
        p2_8 |  -.2374216   .5130263    -0.46   0.644    -1.242935    .7680914
        p3_8 |   .0004634   .4050183     0.00   0.999     -.793358    .7942847
        p4_8 |  -.5409707   1.141786    -0.47   0.636    -2.778831    1.696889
        p5_8 |  -.1404435   .1236944    -1.14   0.256    -.3828801    .1019931
        p6_8 |   .2567032   .7572699     0.34   0.735    -1.227519    1.740925
        p7_8 |  -.3748338   .2013362    -1.86   0.063    -.7694454    .0197779
        p8_8 |  -.3361126   .1799467    -1.87   0.062    -.6888018    .0165765
        p9_8 |  -.1808774   .4504827    -0.40   0.688    -1.063807    .7020524
       p10_8 |   -.608446   .5859084    -1.04   0.299    -1.756805    .5399134
       p11_8 |  -.6801919   .1614093    -4.21   0.000    -.9965482   -.3638356
       p12_8 |   .1927305   .2552465     0.76   0.450    -.3075433    .6930044
       p13_8 |   .0797095   .3223722     0.25   0.805    -.5521285    .7115475
       p14_8 |  -1.956939   1.796412    -1.09   0.276    -5.477841    1.563964
       p15_8 |   .0474325   .2357266     0.20   0.841    -.4145832    .5094482
         M_8 |   .5322824   .0683266     7.79   0.000     .3983649       .6662
     urban_8 |  -.2210113   .1048909    -2.11   0.035    -.4265937   -.0154289
      EF29_8 |    .029747   .0944522     0.31   0.753     -.155376    .2148699
   monthly_8 |   .0001831   .0000894     2.05   0.040     7.93e-06    .0003583
       age_8 |   .0173157   .0025161     6.88   0.000     .0123843    .0222471
       edu_8 |  -.4570948   .1161548    -3.94   0.000     -.684754   -.2294355
      cons_8 |  -1.853659   .3007222    -6.16   0.000    -2.443063   -1.264254
        p1_9 |  -.7377436   .3611817    -2.04   0.041    -1.445647   -.0298405
        p2_9 |   .7647919   .2584461     2.96   0.003     .2582468    1.271337
        p3_9 |   .1285859   .2194973     0.59   0.558    -.3016209    .5587927
        p4_9 |  -.8388913   .5831182    -1.44   0.150    -1.981782    .3039994
        p5_9 |   .1890826   .0951577     1.99   0.047      .002577    .3755883
        p6_9 |  -.2425797   .4942984    -0.49   0.624    -1.211387    .7262274
        p7_9 |   .3527357   .1887584     1.87   0.062     -.017224    .7226953
        p8_9 |  -.2250439   .2154165    -1.04   0.296    -.6472524    .1971647
        p9_9 |  -1.152497   .2313138    -4.98   0.000    -1.605864     -.69913
       p10_9 |   1.206983    .673977     1.79   0.073    -.1139876    2.527954
       p11_9 |  -.1118602   .1183251    -0.95   0.344    -.3437732    .1200527
       p12_9 |   .0613449   .1545171     0.40   0.691    -.2415031    .3641929
       p13_9 |  -.2348318   .2962792    -0.79   0.428    -.8155283    .3458647
       p14_9 |   .4480464   1.143859     0.39   0.695    -1.793875    2.689968
       p15_9 |   .2467476   .1526677     1.62   0.106    -.0524756    .5459708
         M_9 |   .6337237   .0539802    11.74   0.000     .5279245    .7395229
     urban_9 |   .1543308   .0555494     2.78   0.005      .045456    .2632055
      EF29_9 |   .0052875    .046065     0.11   0.909    -.0849983    .0955733
   monthly_9 |  -.0000451   .0000296    -1.52   0.127     -.000103    .0000129
       age_9 |   .0103972   .0021121     4.92   0.000     .0062576    .0145368
       edu_9 |   .1105772   .0651873     1.70   0.090    -.0171876     .238342
      cons_9 |  -4.474238    .258948   -17.28   0.000    -4.981767    -3.96671
       p1_10 |  -.6889119   .2737811    -2.52   0.012    -1.225513   -.1523107
       p2_10 |    .161885    .298783     0.54   0.588    -.4237188    .7474889
       p3_10 |   .1802193   .1826045     0.99   0.324     -.177679    .5381176
       p4_10 |   .1500681   .8635393     0.17   0.862    -1.542438    1.842574
       p5_10 |   .0996233   .0662153     1.50   0.132    -.0301564     .229403
       p6_10 |   .1468962   .5204591     0.28   0.778     -.873185    1.166977
       p7_10 |  -.0782763   .1677214    -0.47   0.641    -.4070042    .2504516
       p8_10 |  -.0419097   .1615188    -0.26   0.795    -.3584806    .2746613
       p9_10 |   .0268673   .2176793     0.12   0.902    -.3997764    .4535109
      p10_10 |  -1.136416   .5245868    -2.17   0.030    -2.164587   -.1082445
      p11_10 |  -.2060362   .1264296    -1.63   0.103    -.4538338    .0417613
      p12_10 |  -.0031626   .1248287    -0.03   0.980    -.2478224    .2414972
      p13_10 |   .0531703   .2292947     0.23   0.817     -.396239    .5025797
      p14_10 |  -1.294479   1.146389    -1.13   0.259    -3.541361     .952402
      p15_10 |  -.2763417   .1246043    -2.22   0.027    -.5205616   -.0321218
        M_10 |   .7366011    .072741    10.13   0.000     .5940314    .8791709
    urban_10 |  -.1361169    .055664    -2.45   0.014    -.2452163   -.0270174
     EF29_10 |   .0180956   .0482521     0.38   0.708    -.0764769     .112668
  monthly_10 |  -.0000554   .0000317    -1.75   0.080    -.0001174    6.67e-06
      age_10 |   .0093054   .0018589     5.01   0.000      .005662    .0129489
      edu_10 |  -.0725853    .063335    -1.15   0.252    -.1967195    .0515489
     cons_10 |   -3.47603    .320834   -10.83   0.000    -4.104853   -2.847207
       p1_11 |   -.083351   .3042209    -0.27   0.784    -.6796131     .512911
       p2_11 |  -.0318834   .3035467    -0.11   0.916    -.6268239    .5630571
       p3_11 |   .0321986   .2256385     0.14   0.887    -.4100447    .4744418
       p4_11 |  -.7267765   .7337513    -0.99   0.322    -2.164903    .7113496
       p5_11 |   .1293759   .0776551     1.67   0.096    -.0228252    .2815771
       p6_11 |  -.2061403   .4955188    -0.42   0.677    -1.177339    .7650588
       p7_11 |   .0039814   .1670564     0.02   0.981    -.3234431    .3314059
       p8_11 |   -.065077   .1900172    -0.34   0.732     -.437504    .3073499
       p9_11 |   .0571036   .2376283     0.24   0.810    -.4086393    .5228464
      p10_11 |  -.1895645   .4852858    -0.39   0.696    -1.140707    .7615781
      p11_11 |  -.2017863   .0815725    -2.47   0.013    -.3616653   -.0419072
      p12_11 |   .0269618   .1307133     0.21   0.837    -.2292316    .2831552
      p13_11 |  -.3729262   .2872019    -1.30   0.194    -.9358316    .1899793
      p14_11 |   -.743351   1.768662    -0.42   0.674    -4.209864    2.723162
      p15_11 |  -.0329632   .1587063    -0.21   0.835    -.3440218    .2780955
        M_11 |   .7139623   .0657905    10.85   0.000     .5850153    .8429093
    urban_11 |  -.0244232   .0659537    -0.37   0.711    -.1536902    .1048437
     EF29_11 |  -.1018683   .0612499    -1.66   0.096     -.221916    .0181793
  monthly_11 |   .0000822   .0000513     1.60   0.109    -.0000184    .0001827
      age_11 |   .0055931   .0018579     3.01   0.003     .0019516    .0092346
      edu_11 |  -.0542131   .0818211    -0.66   0.508    -.2145794    .1061533
     cons_11 |  -3.068122   .2643438   -11.61   0.000    -3.586226   -2.550018
       p1_12 |   .0397686   .4092855     0.10   0.923    -.7624163    .8419535
       p2_12 |   -.469334   .3282923    -1.43   0.153    -1.112775    .1741072
       p3_12 |   .1342024   .3329961     0.40   0.687    -.5184579    .7868626
       p4_12 |  -.2038489   1.118396    -0.18   0.855    -2.395865    1.988167
       p5_12 |   .0131564    .107432     0.12   0.903    -.1974065    .2237193
       p6_12 |  -1.299917   .5899394    -2.20   0.028    -2.456177    -.143657
       p7_12 |    -.10226   .2799903    -0.37   0.715    -.6510309     .446511
       p8_12 |   .5047455   .2402675     2.10   0.036     .0338298    .9756612
       p9_12 |   .4212616   .3015831     1.40   0.162    -.1698304    1.012354
      p10_12 |    .754903   .8461153     0.89   0.372    -.9034524    2.413258
      p11_12 |  -.0389139   .1494478    -0.26   0.795    -.3318262    .2539983
      p12_12 |  -.4742823    .109715    -4.32   0.000    -.6893199   -.2592448
      p13_12 |  -.3135064   .3664007    -0.86   0.392    -1.031639    .4046258
      p14_12 |  -.0179835   1.501083    -0.01   0.990    -2.960053    2.924086
      p15_12 |  -.0339039   .1600914    -0.21   0.832    -.3476772    .2798695
        M_12 |   .6296014   .0791297     7.96   0.000       .47451    .7846928
    urban_12 |   .1658433   .0754661     2.20   0.028     .0179325    .3137542
     EF29_12 |   .0266042   .0703107     0.38   0.705    -.1112022    .1644106
  monthly_12 |   .0000187   .0000522     0.36   0.720    -.0000836     .000121
      age_12 |   .0075832   .0031945     2.37   0.018     .0013221    .0138443
      edu_12 |  -.0412073   .0918768    -0.45   0.654    -.2212825     .138868
     cons_12 |  -2.306118   .2922933    -7.89   0.000    -2.879002   -1.733233
       p1_13 |  -1.666005   370.3323    -0.00   0.996    -727.5041    724.1721
       p2_13 |  -1.638578   354.5199    -0.00   0.996    -696.4848    693.2076
       p3_13 |  -.0937543   150.4497    -0.00   1.000    -294.9698    294.7823
       p4_13 |  -4.110585   521.0371    -0.01   0.994    -1025.324    1017.103
       p5_13 |  -.6005073   81.11532    -0.01   0.994    -159.5836    158.3826
       p6_13 |   4.302322   632.5698     0.01   0.995    -1235.512    1244.116
       p7_13 |   -.489027   76.84941    -0.01   0.995    -151.1111     150.133
       p8_13 |   1.576638   187.7314     0.01   0.993    -366.3702    369.5235
       p9_13 |  -.3937978    126.778    -0.00   0.998     -248.874    248.0864
      p10_13 |   1.658262   470.7961     0.00   0.997    -921.0852    924.4017
      p11_13 |   .4517436   79.02692     0.01   0.995    -154.4382    155.3417
      p12_13 |   .1382967   258.2745     0.00   1.000    -506.0704     506.347
      p13_13 |  -.8449382   221.2729    -0.00   0.997    -434.5318    432.8419
      p14_13 |   1.867368   169.1749     0.01   0.991    -329.7094    333.4442
      p15_13 |  -.6732497   100.3971    -0.01   0.995    -197.4479    196.1014
        M_13 |   1.239121   194.6215     0.01   0.995    -380.2119    382.6902
    urban_13 |   .4817405   20.41392     0.02   0.981     -39.5288    40.49228
     EF29_13 |   .2255754   49.56412     0.00   0.996    -96.91832    97.36947
  monthly_13 |  -7.98e-06   .0636061    -0.00   1.000    -.1246736    .1246576
      age_13 |   -.000537   1.911759    -0.00   1.000    -3.747516    3.746442
      edu_13 |  -.0730937   64.50657    -0.00   0.999    -126.5037    126.3575
     cons_13 |  -2.657146   418.4121    -0.01   0.995    -822.7298    817.4155
       p1_14 |   -.897241   1.009152    -0.89   0.374    -2.875143    1.080661
       p2_14 |  -.8966946   .6392159    -1.40   0.161    -2.149535    .3561456
       p3_14 |   .0984169   .6356959     0.15   0.877    -1.147524    1.344358
       p4_14 |    2.14522   2.252191     0.95   0.341    -2.268992    6.559433
       p5_14 |  -.1174646   .1936822    -0.61   0.544    -.4970746    .2621455
       p6_14 |  -.7985701   1.247999    -0.64   0.522    -3.244603    1.647463
       p7_14 |  -.3383178   .4021728    -0.84   0.400    -1.126562    .4499264
       p8_14 |   .6701594   .6448022     1.04   0.299    -.5936296    1.933948
       p9_14 |   .1643786   .5707832     0.29   0.773    -.9543358    1.283093
      p10_14 |  -.5477065   1.620008    -0.34   0.735    -3.722864    2.627451
      p11_14 |  -.0619734   .2441084    -0.25   0.800    -.5404172    .4164703
      p12_14 |  -.2049446    .305064    -0.67   0.502    -.8028591    .3929698
      p13_14 |  -.3449934   .5605888    -0.62   0.538    -1.443727    .7537404
      p14_14 |   .2193957   1.503438     0.15   0.884    -2.727288    3.166079
      p15_14 |  -.1761923    .356592    -0.49   0.621    -.8750997    .5227151
        M_14 |   .6551055   .1348367     4.86   0.000     .3908304    .9193805
    urban_14 |  -.0441435   .1660891    -0.27   0.790    -.3696722    .2813853
     EF29_14 |  -.0809646    .140255    -0.58   0.564    -.3558593    .1939301
  monthly_14 |   .0002267   .0001144     1.98   0.047     2.54e-06    .0004509
      age_14 |  -.0036426   .0039699    -0.92   0.359    -.0114235    .0041384
      edu_14 |  -.1543864   .2207828    -0.70   0.484    -.5871128      .27834
     cons_14 |  -1.054552    .655747    -1.61   0.108    -2.339792    .2306887
       p1_15 |    .465152   .4055923     1.15   0.251    -.3297943    1.260098
       p2_15 |  -.3155846   .3203845    -0.99   0.325    -.9435267    .3123575
       p3_15 |  -.0699537   .3094624    -0.23   0.821    -.6764889    .5365815
       p4_15 |  -1.283316   .8162868    -1.57   0.116    -2.883209    .3165766
       p5_15 |   .1750474   .1052149     1.66   0.096      -.03117    .3812648
       p6_15 |   .1301811   .5200098     0.25   0.802    -.8890194    1.149382
       p7_15 |    .009945   .2282967     0.04   0.965    -.4375083    .4573983
       p8_15 |   .3385647   .1965204     1.72   0.085    -.0466083    .7237377
       p9_15 |   .4072986   .3216282     1.27   0.205    -.2230811    1.037678
      p10_15 |  -1.406895   .5428539    -2.59   0.010    -2.470869    -.342921
      p11_15 |   .0830692   .1349131     0.62   0.538    -.1813557    .3474941
      p12_15 |  -.1901759   .1695309    -1.12   0.262    -.5224504    .1420987
      p13_15 |  -.0900459   .2145816    -0.42   0.675    -.5106181    .3305263
      p14_15 |   1.160262   1.612119     0.72   0.472    -1.999434    4.319957
      p15_15 |  -.5978444   .0874605    -6.84   0.000    -.7692638   -.4264251
        M_15 |   .6166484   .0645588     9.55   0.000     .4901155    .7431814
    urban_15 |    .153553   .0752603     2.04   0.041     .0060455    .3010605
     EF29_15 |     .09541   .0669659     1.42   0.154    -.0358407    .2266607
  monthly_15 |    .000062    .000048     1.29   0.196    -.0000321    .0001561
      age_15 |  -.0207368   .0020984    -9.88   0.000    -.0248495    -.016624
      edu_15 |   .0099708   .0612532     0.16   0.871    -.1100833    .1300248
     cons_15 |  -1.186942   .3155861    -3.76   0.000     -1.80548   -.5684049
-------------+----------------------------------------------------------------
ELAS_INC     |
         e_1 |   1.117197   .0700141    15.96   0.000     .9799715    1.254422
         e_2 |   1.039167   .0925256    11.23   0.000     .8578201    1.220514
         e_3 |   .7713322   .0888595     8.68   0.000     .5971707    .9454936
         e_4 |   .8662912   .1405921     6.16   0.000     .5907358    1.141847
         e_5 |   1.028831   .0979282    10.51   0.000     .8368957    1.220767
         e_6 |   .8741788   .1077459     8.11   0.000     .6630007    1.085357
         e_7 |   1.075566   .0558251    19.27   0.000     .9661513    1.184982
         e_8 |   1.286877   .0463556    27.76   0.000     1.196022    1.377732
         e_9 |   1.094217   .2438584     4.49   0.000     .6162636    1.572171
        e_10 |   1.048985   .1204803     8.71   0.000     .8128481    1.285122
        e_11 |   .8547421    .090786     9.41   0.000     .6768047    1.032679
        e_12 |   1.026827   .1003101    10.24   0.000     .8302226    1.223431
        e_13 |   .7498234   36.02863     0.02   0.983      -69.865    71.36465
        e_14 |   1.032304   .1086367     9.50   0.000     .8193805    1.245228
        e_15 |   .9995852   .0945203    10.58   0.000     .8143288    1.184842
-------------+----------------------------------------------------------------
ELAS_UNCOMP  |
       e_1_1 |  -.8350018   .2131572    -3.92   0.000    -1.252782   -.4172213
       e_2_1 |   .1038299   .0855416     1.21   0.225    -.0638285    .2714883
       e_3_1 |  -.0838882   .1179116    -0.71   0.477    -.3149908    .1472143
       e_4_1 |  -.0432426   .1733098    -0.25   0.803    -.3829235    .2964383
       e_5_1 |  -.0088177   .0451945    -0.20   0.845    -.0973973    .0797619
       e_6_1 |   .0344591   .0830437     0.41   0.678    -.1283035    .1972218
       e_7_1 |   .0402718    .082757     0.49   0.627     -.121929    .2024725
       e_8_1 |  -.0275084   .0947065    -0.29   0.771    -.2131298     .158113
       e_9_1 |  -.0193122     .06179    -0.31   0.755    -.1404183    .1017939
      e_10_1 |   .0953081   .0910954     1.05   0.295    -.0832355    .2738518
      e_11_1 |   .0472691   .0748307     0.63   0.528    -.0993965    .1939346
      e_12_1 |   .0072055   .0685137     0.11   0.916    -.1270789    .1414899
      e_13_1 |   .0210208   .1923492     0.11   0.913    -.3559766    .3980183
      e_14_1 |  -.1587564   .2776896    -0.57   0.568     -.703018    .3855052
      e_15_1 |   .1479627   .0772556     1.92   0.055    -.0034555    .2993808
       e_1_2 |   .2605087   .1898571     1.37   0.170    -.1116043    .6326217
       e_2_2 |  -.7217773   .2165716    -3.33   0.001     -1.14625   -.2973048
       e_3_2 |  -.0576902   .1617189    -0.36   0.721    -.3746534     .259273
       e_4_2 |  -.5078941   .2350006    -2.16   0.031    -.9684869   -.0473014
       e_5_2 |   .0030781   .0789407     0.04   0.969    -.1516428    .1577989
       e_6_2 |   .1108303   .1169018     0.95   0.343     -.118293    .3399535
       e_7_2 |   .1370743   .1000839     1.37   0.171    -.0590866    .3332351
       e_8_2 |   .0936048   .1433331     0.65   0.514    -.1873229    .3745325
       e_9_2 |  -.0422183   .0506466    -0.83   0.405    -.1414838    .0570472
      e_10_2 |   .3051362   .2342154     1.30   0.193    -.1539176    .7641899
      e_11_2 |  -.2359832   .0657233    -3.59   0.000    -.3647986   -.1071679
      e_12_2 |  -.0923073   .0894581    -1.03   0.302    -.2676419    .0830273
      e_13_2 |  -.0775188   .2524981    -0.31   0.759    -.5724059    .4173683
      e_14_2 |  -.1461564   .4217106    -0.35   0.729    -.9726941    .6803812
      e_15_2 |  -.0176731    .124185    -0.14   0.887    -.2610713    .2257251
       e_1_3 |   .0555668   .1426403     0.39   0.697     -.224003    .3351366
       e_2_3 |   .0714929   .1049013     0.68   0.496      -.13411    .2770957
       e_3_3 |  -.7353178   .1433055    -5.13   0.000    -1.016191   -.4544441
       e_4_3 |   .2695294    .154872     1.74   0.082    -.0340141    .5730729
       e_5_3 |   .0534792   .0775372     0.69   0.490    -.0984909    .2054493
       e_6_3 |   .0170259   .1059279     0.16   0.872     -.190589    .2246408
       e_7_3 |     .04682    .074799     0.63   0.531    -.0997834    .1934234
       e_8_3 |   .1830783   .1201902     1.52   0.128    -.0524901    .4186467
       e_9_3 |   .1772763   .0912052     1.94   0.052    -.0014826    .3560351
      e_10_3 |   .3297467   .1694676     1.95   0.052    -.0024036    .6618971
      e_11_3 |   .1243194    .103908     1.20   0.232    -.0793364    .3279753
      e_12_3 |   .1403689   .0932796     1.50   0.132    -.0424558    .3231936
      e_13_3 |  -.1049837   .2146632    -0.49   0.625    -.5257158    .3157484
      e_14_3 |   .6672448   .2542749     2.62   0.009     .1688752    1.165614
      e_15_3 |   .1030737   .1071373     0.96   0.336    -.1069117     .313059
       e_1_4 |  -.1500989   .3987717    -0.38   0.707    -.9316771    .6314793
       e_2_4 |  -.2887799   .2371516    -1.22   0.223    -.7535884    .1760287
       e_3_4 |   .3224633    .180121     1.79   0.073    -.0305674    .6754941
       e_4_4 |   .0345673   .7484726     0.05   0.963    -1.432412    1.501547
       e_5_4 |  -.0190021   .1021802    -0.19   0.852    -.2192716    .1812675
       e_6_4 |  -.5157321   .3367704    -1.53   0.126     -1.17579    .1443258
       e_7_4 |    .144235   .1466889     0.98   0.325    -.1432699      .43174
       e_8_4 |   .3572472   .2180988     1.64   0.101    -.0702186    .7847129
       e_9_4 |   .0640784    .185909     0.34   0.730    -.3002966    .4284533
      e_10_4 |  -.1164651   .4431321    -0.26   0.793    -.9849881     .752058
      e_11_4 |  -.2260675   .1382743    -1.63   0.102    -.4970801    .0449451
      e_12_4 |  -.1509826   .1099351    -1.37   0.170    -.3664515    .0644862
      e_13_4 |   .4442545   .2765279     1.61   0.108    -.0977303    .9862392
      e_14_4 |  -.0902179   .7580788    -0.12   0.905    -1.576025    1.395589
      e_15_4 |  -.0883913   .1630701    -0.54   0.588    -.4080027    .2312202
       e_1_5 |  -.1858335   .2460773    -0.76   0.450    -.6681361    .2964691
       e_2_5 |  -.0174699   .1793077    -0.10   0.922    -.3689066    .3339668
       e_3_5 |  -.2985614   .2093114    -1.43   0.154    -.7088042    .1116815
       e_4_5 |   -.320733   .3080742    -1.04   0.298    -.9245473    .2830813
       e_5_5 |  -.9155868   .0742834   -12.33   0.000     -1.06118   -.7699941
       e_6_5 |  -.0889218    .175073    -0.51   0.612    -.4320586     .254215
       e_7_5 |   .1993292   .1461445     1.36   0.173    -.0871087    .4857671
       e_8_5 |  -.2808586   .2101331    -1.34   0.181    -.6927119    .1309946
       e_9_5 |  -.1288838   .1043713    -1.23   0.217    -.3334479    .0756802
      e_10_5 |   .0778421   .2002378     0.39   0.697    -.3146168     .470301
      e_11_5 |   .0686291   .1028745     0.67   0.505    -.1330012    .2702594
      e_12_5 |   .1252878   .1100978     1.14   0.255       -.0905    .3410756
      e_13_5 |   .6216969   .3833263     1.62   0.105    -.1296088    1.373003
      e_14_5 |   .1516889   .4251268     0.36   0.721    -.6815443    .9849222
      e_15_5 |  -.0175447   .0957874    -0.18   0.855    -.2052847    .1701952
       e_1_6 |   .0993622   .3115296     0.32   0.750    -.5112246     .709949
       e_2_6 |   -.000219    .206632    -0.00   0.999    -.4052102    .4047722
       e_3_6 |   .0777545   .1690435     0.46   0.646    -.2535648    .4090737
       e_4_6 |   -1.04138   .7187417    -1.45   0.147    -2.450088    .3673274
       e_5_6 |   .0236646    .075902     0.31   0.755    -.1251006    .1724297
       e_6_6 |  -.5779481   .4361723    -1.33   0.185     -1.43283     .276934
       e_7_6 |  -.0167332   .1387993    -0.12   0.904    -.2887748    .2553085
       e_8_6 |   .1981835   .2561638     0.77   0.439    -.3038883    .7002553
       e_9_6 |  -.0753407   .1524342    -0.49   0.621    -.3741063    .2234248
      e_10_6 |  -.0212674   .5070335    -0.04   0.967    -1.015035       .9725
      e_11_6 |   -.108072   .1147131    -0.94   0.346    -.3329056    .1167615
      e_12_6 |  -.2352626    .147523    -1.59   0.111    -.5244024    .0538772
      e_13_6 |   .6508106   .2968232     2.19   0.028     .0690477    1.232573
      e_14_6 |   .2411719   1.018116     0.24   0.813    -1.754299    2.236642
      e_15_6 |  -.1927729   .1541381    -1.25   0.211    -.4948781    .1093323
       e_1_7 |   .0393524   .1000715     0.39   0.694    -.1567841    .2354889
       e_2_7 |   .0836262   .0655914     1.27   0.202    -.0449306    .2121831
       e_3_7 |  -.0809094   .0642171    -1.26   0.208    -.2067726    .0449537
       e_4_7 |   .1019021   .0933718     1.09   0.275    -.0811032    .2849075
       e_5_7 |   .0396108   .0291772     1.36   0.175    -.0175754    .0967971
       e_6_7 |   .0232124   .0629489     0.37   0.712    -.1001652    .1465899
       e_7_7 |  -1.098816   .0689544   -15.94   0.000    -1.233964   -.9636676
       e_8_7 |  -.0712375   .0963399    -0.74   0.460    -.2600604    .1175853
       e_9_7 |   .0158535   .0393542     0.40   0.687    -.0612793    .0929862
      e_10_7 |   .0352022   .0819711     0.43   0.668    -.1254582    .1958627
      e_11_7 |  -.0467247   .0520891    -0.90   0.370    -.1488173     .055368
      e_12_7 |   .0412027   .0645304     0.64   0.523    -.0852745    .1676799
      e_13_7 |  -.1133648   .1195255    -0.95   0.343    -.3476305    .1209008
      e_14_7 |  -.0446258   .2266012    -0.20   0.844     -.488756    .3995044
      e_15_7 |   .0449671   .0624325     0.72   0.471    -.0773983    .1673325
       e_1_8 |  -.0466965   .0832553    -0.56   0.575    -.2098739    .1164808
       e_2_8 |   .0147472   .0640785     0.23   0.818    -.1108444    .1403387
       e_3_8 |   .0761975   .0853396     0.89   0.372    -.0910651    .2434601
       e_4_8 |   .0991408   .0885057     1.12   0.263    -.0743272    .2726089
       e_5_8 |  -.0318215   .0407294    -0.78   0.435    -.1116496    .0480066
       e_6_8 |   .0361273   .0628814     0.57   0.566     -.087118    .1593725
       e_7_8 |   -.043462   .0790222    -0.55   0.582    -.1983426    .1114186
       e_8_8 |  -1.010768    .075721   -13.35   0.000    -1.159178   -.8623575
       e_9_8 |   .0003348   .0493729     0.01   0.995    -.0964343    .0971038
      e_10_8 |    .026761    .055077     0.49   0.627    -.0811879    .1347099
      e_11_8 |   -.085034   .0663488    -1.28   0.200    -.2150753    .0450072
      e_12_8 |  -.0139758   .0465707    -0.30   0.764    -.1052527    .0773011
      e_13_8 |   .0255157   .1232454     0.21   0.836    -.2160409    .2670723
      e_14_8 |  -.1755108   .1571929    -1.12   0.264    -.4836032    .1325817
      e_15_8 |  -.0467268   .0512248    -0.91   0.362    -.1471255    .0536719
       e_1_9 |  -.4340855    .295915    -1.47   0.142    -1.014068    .1458973
       e_2_9 |   .0204664   .1715047     0.12   0.905    -.3156766    .3566094
       e_3_9 |   .0959148   .1945923     0.49   0.622     -.285479    .4773086
       e_4_9 |   .0841503   .4121849     0.20   0.838    -.7237174    .8920179
       e_5_9 |     .00358   .0774963     0.05   0.963    -.1483099      .15547
       e_6_9 |  -.1145797   .2001824    -0.57   0.567      -.50693    .2777705
       e_7_9 |   .1102399   .1417298     0.78   0.437    -.1675454    .3880251
       e_8_9 |  -.0670601   .1810288    -0.37   0.711      -.42187    .2877498
       e_9_9 |  -1.343375   .1722191    -7.80   0.000    -1.680918   -1.005831
      e_10_9 |  -.0434706   .3621193    -0.12   0.904    -.7532115    .6662703
      e_11_9 |   .0554259   .0964447     0.57   0.566    -.1336023    .2444541
      e_12_9 |   .0696592   .1292005     0.54   0.590    -.1835691    .3228876
      e_13_9 |  -.1043007   .2924142    -0.36   0.721    -.6774221    .4688207
      e_14_9 |   .5631878   .5406403     1.04   0.298    -.4964478    1.622823
      e_15_9 |    .121688   .1286726     0.95   0.344    -.1305058    .3738817
      e_1_10 |    .137998   .2460623     0.56   0.575    -.3442751    .6202712
      e_2_10 |   .3997704   .2640171     1.51   0.130    -.1176936    .9172345
      e_3_10 |   .0584461   .1495777     0.39   0.696    -.2347208     .351613
      e_4_10 |  -.3063424   .6000356    -0.51   0.610    -1.482391    .8697058
      e_5_10 |   .0816274   .0719348     1.13   0.256    -.0593621     .222617
      e_6_10 |   .0251434   .3120086     0.08   0.936    -.5863823     .636669
      e_7_10 |   .0524919   .1595409     0.33   0.742    -.2602025    .3651863
      e_8_10 |   .2280043    .173115     1.32   0.188    -.1112948    .5673034
      e_9_10 |  -.1374655   .1321597    -1.04   0.298    -.3964937    .1215628
     e_10_10 |  -.9865041   .4950698    -1.99   0.046    -1.956823   -.0161851
     e_11_10 |  -.2454197   .0868802    -2.82   0.005    -.4157018   -.0751377
     e_12_10 |  -.0666515    .155349    -0.43   0.668    -.3711301     .237827
     e_13_10 |   .3515739    .198087     1.77   0.076    -.0366694    .7398172
     e_14_10 |  -.6869542   .6599708    -1.04   0.298    -1.980473    .6065648
     e_15_10 |  -.2471718   .1000586    -2.47   0.014    -.4432831   -.0510605
      e_1_11 |   .1235351   .1824691     0.68   0.498    -.2340976    .4811679
      e_2_11 |  -.3652509   .0943228    -3.87   0.000    -.5501201   -.1803817
      e_3_11 |   .1609833   .1884835     0.85   0.393    -.2084375    .5304041
      e_4_11 |  -.5291841   .5320543    -0.99   0.320    -1.571991    .5136231
      e_5_11 |   .0596415   .0709586     0.84   0.401    -.0794347    .1987177
      e_6_11 |  -.1041462   .1155492    -0.90   0.367    -.3306185     .122326
      e_7_11 |  -.1068925     .11995    -0.89   0.373    -.3419901    .1282051
      e_8_11 |  -.4465602   .2731138    -1.64   0.102    -.9818535    .0887331
      e_9_11 |   .0616427    .062025     0.99   0.320    -.0599241    .1832096
     e_10_11 |  -.3039633   .1373289    -2.21   0.027    -.5731231   -.0348035
     e_11_11 |  -.6518988   .1399226    -4.66   0.000    -.9261421   -.3776555
     e_12_11 |  -.0142156   .1385335    -0.10   0.918    -.2857362     .257305
     e_13_11 |   .0791778   .2631362     0.30   0.763    -.4365596    .5949153
     e_14_11 |   1.007424   .6667401     1.51   0.131    -.2993624    2.314211
     e_15_11 |  -.0129385    .152102    -0.09   0.932     -.311053    .2851759
      e_1_12 |   -.042617   .1247111    -0.34   0.733    -.2870462    .2018123
      e_2_12 |  -.0421881   .1020733    -0.41   0.679    -.2422481    .1578719
      e_3_12 |   .0580389   .1416573     0.41   0.682    -.2196043    .3356821
      e_4_12 |   -.119763   .1165815    -1.03   0.304    -.3482585    .1087326
      e_5_12 |   .0286656   .0530638     0.54   0.589    -.0753376    .1326687
      e_6_12 |  -.0203337   .1131111    -0.18   0.857    -.2420274      .20136
      e_7_12 |   .0428878   .1110223     0.39   0.699    -.1747118    .2604874
      e_8_12 |  -.1045777   .1259172    -0.83   0.406    -.3513709    .1422154
      e_9_12 |  -.0034732   .0558994    -0.06   0.950     -.113034    .1060876
     e_10_12 |  -.0808206   .1151757    -0.70   0.483    -.3065608    .1449196
     e_11_12 |  -.0103211   .0792859    -0.13   0.896    -.1657187    .1450764
     e_12_12 |  -.8532069   .1579228    -5.40   0.000     -1.16273    -.543684
     e_13_12 |   .1085173   .2106921     0.52   0.607    -.3044316    .5214662
     e_14_12 |   .0458169   .2052524     0.22   0.823    -.3564704    .4481042
     e_15_12 |  -.0043086   .0635991    -0.07   0.946    -.1289605    .1203433
      e_1_13 |   .1773424   68.92479     0.00   0.998    -134.9128    135.2675
      e_2_13 |    .136136   68.80888     0.00   0.998    -134.7268    134.9991
      e_3_13 |   -.033383   26.95148    -0.00   0.999    -52.85731    52.79055
      e_4_13 |   .2704236    93.7109     0.00   0.998    -183.3996    183.9404
      e_5_13 |    .161907   14.54396     0.01   0.991    -28.34373    28.66754
      e_6_13 |   .0726769   118.0247     0.00   1.000    -231.2516    231.3969
      e_7_13 |   .0693838   14.88382     0.00   0.996    -29.10238    29.24114
      e_8_13 |   .1205667   33.54207     0.00   0.997    -65.62068    65.86182
      e_9_13 |   .1165401   22.83007     0.01   0.996    -44.62957    44.86265
     e_10_13 |   .1297263   84.08384     0.00   0.999    -164.6716     164.931
     e_11_13 |   .1149661   15.31815     0.01   0.994    -29.90806    30.13799
     e_12_13 |   .1360096    46.3625     0.00   0.998    -90.73282    91.00484
     e_13_13 |   -1.13942   40.47969    -0.03   0.978    -80.47815    78.19931
     e_14_13 |   .3634316    31.6666     0.01   0.991    -61.70196    62.42882
     e_15_13 |   .1428648    19.5429     0.01   0.994    -38.16052    38.44625
      e_1_14 |   .2734315   .2457836     1.11   0.266    -.2082955    .7551584
      e_2_14 |   .3799052    .251598     1.51   0.131    -.1132179    .8730282
      e_3_14 |   .3854674   .2954455     1.30   0.192    -.1935951    .9645299
      e_4_14 |  -.0665438   .3268973    -0.20   0.839    -.7072508    .5741633
      e_5_14 |   .3001334   .1883311     1.59   0.111    -.0689889    .6692556
      e_6_14 |   .4293406   .2001567     2.15   0.032     .0370407    .8216405
      e_7_14 |   .4321724   .2313573     1.87   0.062    -.0212795    .8856243
      e_8_14 |   .1785623   .2555944     0.70   0.485    -.3223936    .6795182
      e_9_14 |   .3309389   .1917181     1.73   0.084    -.0448216    .7066995
     e_10_14 |   .2429717   .2225932     1.09   0.275     -.193303    .6792463
     e_11_14 |   .4596544   .1922546     2.39   0.017     .0828423    .8364665
     e_12_14 |   .3392995   .1870614     1.81   0.070     -.027334     .705933
     e_13_14 |   .6581306   .3564256     1.85   0.065    -.0404508    1.356712
     e_14_14 |  -1.191047   .4126748    -2.89   0.004    -1.999875   -.3822198
     e_15_14 |   .3566372   .1910905     1.87   0.062    -.0178933    .7311678
      e_1_15 |   .4180998   .2139785     1.95   0.051    -.0012905      .83749
      e_2_15 |  -.0465753   .2084747    -0.22   0.823    -.4551782    .3620276
      e_3_15 |  -.1111933   .2404534    -0.46   0.644    -.5824733    .3600868
      e_4_15 |  -.3248499   .2494018    -1.30   0.193    -.8136684    .1639685
      e_5_15 |   .0382841   .1114906     0.34   0.731    -.1802336    .2568017
      e_6_15 |  -.0927633   .1551952    -0.60   0.550    -.3969404    .2114137
      e_7_15 |   .1004917   .1954243     0.51   0.607     -.282533    .4835163
      e_8_15 |  -.1681465   .1247819    -1.35   0.178    -.4127146    .0764215
      e_9_15 |   .0720607   .1167785     0.62   0.537    -.1568209    .3009423
     e_10_15 |  -.3079291    .170924    -1.80   0.072     -.642934    .0270758
     e_11_15 |   -.002643   .1272811    -0.02   0.983    -.2521094    .2468235
     e_12_15 |  -.0178787   .1127792    -0.16   0.874    -.2389218    .2031645
     e_13_15 |   .0449695   .3389785     0.13   0.894    -.6194161    .7093551
     e_14_15 |   .3104341   .2365914     1.31   0.189    -.1532766    .7741447
     e_15_15 |  -.9414848   .1033565    -9.11   0.000     -1.14406   -.7389098
-------------+----------------------------------------------------------------
ELAS_COMP    |
       e_1_1 |  -.7267796    .211432    -3.44   0.001    -1.141179   -.3123805
       e_2_1 |   .1406241   .0867804     1.62   0.105    -.0294623    .3107105
       e_3_1 |   .0208119   .1206106     0.17   0.863    -.2155805    .2572044
       e_4_1 |  -.0048503   .1741559    -0.03   0.978    -.3461896    .3364889
       e_5_1 |   .0093616   .0454227     0.21   0.837    -.0796653    .0983885
       e_6_1 |   .0539695    .083336     0.65   0.517     -.109366    .2173051
       e_7_1 |   .1296265   .0839598     1.54   0.123    -.0349317    .2941847
       e_8_1 |   .1399973   .0953085     1.47   0.142     -.046804    .3267986
       e_9_1 |  -.0076337   .0619072    -0.12   0.902    -.1289696    .1137022
      e_10_1 |    .128253   .0919367     1.40   0.163    -.0519396    .3084455
      e_11_1 |   .1482518   .1827993     0.81   0.417    -.2100284    .5065319
      e_12_1 |  -.3148715   .0938495    -3.36   0.001    -.4988132   -.1309299
      e_13_1 |   .3941616   .1888154     2.09   0.037     .0240903    .7642328
      e_14_1 |  -.3868587   .5321552    -0.73   0.467    -1.429864    .6561464
      e_15_1 |   .0989561   .0714895     1.38   0.166    -.0411607    .2390728
       e_1_2 |   .3611722   .1887558     1.91   0.056    -.0087824    .7311268
       e_2_2 |   -.687553   .2160923    -3.18   0.001    -1.111086   -.2640198
       e_3_2 |   .0396973   .1618089     0.25   0.806    -.2774423    .3568368
       e_4_2 |  -.4721833   .2342989    -2.02   0.044    -.9314007    -.012966
       e_5_2 |   .0199877    .078348     0.26   0.799    -.1335716    .1735469
       e_6_2 |    .128978    .116719     1.11   0.269    -.0997871     .357743
       e_7_2 |   .2201881   .1006091     2.19   0.029     .0229978    .4173784
       e_8_2 |   .2494112   .1436916     1.74   0.083    -.0322192    .5310416
       e_9_2 |  -.0313555   .0504291    -0.62   0.534    -.1301947    .0674838
      e_10_2 |     .33578   .2340732     1.43   0.151    -.1229951    .7945551
      e_11_2 |  -.2129929   .0657587    -3.24   0.001    -.3418776   -.0841082
      e_12_2 |  -.0454466    .089076    -0.51   0.610    -.2200324    .1291392
      e_13_2 |   .1393733   .2485995     0.56   0.575    -.3478729    .6266194
      e_14_2 |  -.0137716   .4229366    -0.03   0.974    -.8427122     .815169
      e_15_2 |   .0188956    .124175     0.15   0.879    -.2244829    .2622741
       e_1_3 |   .1302853    .141253     0.92   0.356    -.1465656    .4071362
       e_2_3 |   .0968962   .1042165     0.93   0.352    -.1073644    .3011568
       e_3_3 |   -.663031   .1442388    -4.60   0.000    -.9457338   -.3803281
       e_4_3 |   .2960361   .1543716     1.92   0.055    -.0065266    .5985988
       e_5_3 |   .0660305   .0768261     0.86   0.390    -.0845459    .2166069
       e_6_3 |   .0304962   .1056557     0.29   0.773    -.1765852    .2375776
       e_7_3 |   .1085121   .0723333     1.50   0.134    -.0332586    .2502829
       e_8_3 |   .2987272   .1142016     2.62   0.009     .0748963    .5225581
       e_9_3 |   .1853393   .0905853     2.05   0.041     .0077954    .3628831
      e_10_3 |   .3524924   .1687071     2.09   0.037     .0218325    .6831523
      e_11_3 |   .1413842   .1031989     1.37   0.171     -.060882    .3436504
      e_12_3 |   .1751517   .0918348     1.91   0.056    -.0048412    .3551446
      e_13_3 |   .0560067   .2051664     0.27   0.785     -.346112    .4581253
      e_14_3 |   .7655087   .2503604     3.06   0.002     .2748114    1.256206
      e_15_3 |   .1302172   .1055096     1.23   0.217    -.0765778    .3370121
       e_1_4 |  -.0661818   .4051297    -0.16   0.870    -.8602214    .7278578
       e_2_4 |  -.2602491   .2346133    -1.11   0.267    -.7200828    .1995846
       e_3_4 |   .4036494   .1741301     2.32   0.020     .0623607    .7449381
       e_4_4 |   .0643373   .7471798     0.09   0.931    -1.400108    1.528783
       e_5_4 |  -.0049056   .1018431    -0.05   0.962    -.2045145    .1947033
       e_6_4 |  -.5006035   .3377395    -1.48   0.138    -1.162561    .1613539
       e_7_4 |   .2135221   .1423268     1.50   0.134    -.0654334    .4924775
       e_8_4 |   .4871336    .212836     2.29   0.022     .0699828    .9042844
       e_9_4 |    .073134   .1861286     0.39   0.694    -.2916713    .4379393
      e_10_4 |  -.0909191   .4432774    -0.21   0.837    -.9597269    .7778886
      e_11_4 |  -.2069018   .1377061    -1.50   0.133    -.4768009    .0629972
      e_12_4 |  -.1119177   .1113515    -1.01   0.315    -.3301627    .1063273
      e_13_4 |   .6250644    .277744     2.25   0.024     .0806961    1.169433
      e_14_4 |   .0201434   .7554057     0.03   0.979    -1.460425    1.500711
      e_15_4 |  -.0579061    .163784    -0.35   0.724    -.3789168    .2631046
       e_1_5 |  -.0861712   .2478355    -0.35   0.728    -.5719199    .3995775
       e_2_5 |    .016414   .1790282     0.09   0.927    -.3344748    .3673028
       e_3_5 |  -.2021425   .2099875    -0.96   0.336    -.6137105    .2094255
       e_4_5 |  -.2853774   .3084404    -0.93   0.355    -.8899095    .3191548
       e_5_5 |  -.8988454   .0740797   -12.13   0.000    -1.044039   -.7536519
       e_6_5 |  -.0709546    .174883    -0.41   0.685     -.413719    .2718098
       e_7_5 |   .2816164   .1469893     1.92   0.055    -.0064774    .5697102
       e_8_5 |  -.1266018   .2062318    -0.61   0.539    -.5308087     .277605
       e_9_5 |  -.1181291   .1045053    -1.13   0.258    -.3229557    .0866975
      e_10_5 |   .1081812   .1998882     0.54   0.588    -.2835925    .4999548
      e_11_5 |   .0913907    .103274     0.88   0.376    -.1110225     .293804
      e_12_5 |   .1716824   .1100413     1.56   0.119    -.0439947    .3873594
      e_13_5 |   .8364318   .3834789     2.18   0.029     .0848269    1.588037
      e_14_5 |   .2827571   .4253955     0.66   0.506    -.5510027    1.116517
      e_15_5 |   .0186603   .0964246     0.19   0.847    -.1703284     .207649
       e_1_6 |   .1840434   .3106094     0.59   0.554    -.4247398    .7928266
       e_2_6 |   .0285715    .207517     0.14   0.890    -.3781544    .4352974
       e_3_6 |   .1596797   .1693116     0.94   0.346    -.1721648    .4915243
       e_4_6 |  -1.011339   .7199814    -1.40   0.160    -2.422477    .3997983
       e_5_6 |   .0378894   .0760244     0.50   0.618    -.1111156    .1868945
       e_6_6 |  -.5626817    .436194    -1.29   0.197    -1.417606    .2922428
       e_7_6 |   .0531847   .1393893     0.38   0.703    -.2200132    .3263827
       e_8_6 |   .3292526   .2534365     1.30   0.194    -.1674737     .825979
       e_9_6 |  -.0662026   .1524723    -0.43   0.664    -.3650428    .2326376
      e_10_6 |   .0045111   .5070887     0.01   0.993    -.9893645    .9983867
      e_11_6 |  -.0887319   .1145709    -0.77   0.439    -.3132867     .135823
      e_12_6 |   -.195842   .1476903    -1.33   0.185    -.4853097    .0936257
      e_13_6 |   .8332668   .2963228     2.81   0.005     .2524848    1.414049
      e_14_6 |    .352538   1.015844     0.35   0.729     -1.63848    2.343557
      e_15_6 |  -.1620102   .1535943    -1.05   0.292    -.4630495    .1390291
       e_1_7 |   .1435419   .0995224     1.44   0.149    -.0515184    .3386023
       e_2_7 |   .1190493   .0654598     1.82   0.069    -.0092494    .2473481
       e_3_7 |   .0198893   .0642259     0.31   0.757    -.1059911    .1457697
       e_4_7 |   .1388638   .0929251     1.49   0.135    -.0432661    .3209936
       e_5_7 |   .0571127   .0289628     1.97   0.049     .0003467    .1138788
       e_6_7 |   .0419958   .0626358     0.67   0.503    -.0807682    .1647598
       e_7_7 |  -1.012791   .0682758   -14.83   0.000    -1.146609   -.8789725
       e_8_7 |   .0900264   .0966287     0.93   0.352    -.0993624    .2794152
       e_9_7 |   .0270968   .0394122     0.69   0.492    -.0501497    .1043432
      e_10_7 |   .0669194   .0820192     0.82   0.415    -.0938353    .2276742
      e_11_7 |   -.022929   .0520096    -0.44   0.659    -.1248661     .079008
      e_12_7 |   .0897048   .0634797     1.41   0.158    -.0347131    .2141227
      e_13_7 |   .1111245   .1212797     0.92   0.360    -.1265794    .3488284
      e_14_7 |   .0923962   .2256907     0.41   0.682    -.3499495    .5347418
      e_15_7 |   .0828167   .0620689     1.33   0.182    -.0388362    .2044696
       e_1_8 |   .0779625   .0841106     0.93   0.354    -.0868913    .2428163
       e_2_8 |   .0571297   .0640872     0.89   0.373    -.0684789    .1827383
       e_3_8 |   .1967996   .0864912     2.28   0.023       .02728    .3663191
       e_4_8 |   .1433641   .0886525     1.62   0.106    -.0303916    .3171199
       e_5_8 |  -.0108811   .0405858    -0.27   0.789    -.0904278    .0686655
       e_6_8 |   .0586009   .0631448     0.93   0.353    -.0651606    .1823623
       e_7_8 |    .059464   .0795794     0.75   0.455    -.0965087    .2154368
       e_8_8 |  -.8178214   .0764756   -10.69   0.000    -.9677108   -.6679319
       e_9_8 |    .013787   .0493603     0.28   0.780    -.0829575    .1105315
      e_10_8 |   .0647095   .0555036     1.17   0.244    -.0440755    .1734946
      e_11_8 |  -.0565634   .0664952    -0.85   0.395    -.1868915    .0737647
      e_12_8 |   .0440552   .0464938     0.95   0.343     -.047071    .1351814
      e_13_8 |   .2941092   .1239172     2.37   0.018     .0512358    .5369825
      e_14_8 |  -.0115689   .1556264    -0.07   0.941    -.3165909    .2934532
      e_15_8 |   -.001441   .0512135    -0.03   0.978    -.1018177    .0989356
       e_1_9 |  -.3280893   .2898651    -1.13   0.258    -.8962145    .2400359
       e_2_9 |   .0565038   .1696162     0.33   0.739    -.2759379    .3889454
       e_3_9 |   .1984614   .1997166     0.99   0.320    -.1929759    .5898987
       e_4_9 |   .1217529   .4123082     0.30   0.768    -.6863563     .929862
       e_5_9 |   .0213854   .0754347     0.28   0.777    -.1264638    .1692346
       e_6_9 |  -.0954706   .1994752    -0.48   0.632    -.4864349    .2954936
       e_7_9 |   .1977567   .1385985     1.43   0.154    -.0738913    .4694047
       e_8_9 |   .0970003   .1728255     0.56   0.575    -.2417315     .435732
       e_9_9 |  -1.331936   .1715365    -7.76   0.000    -1.668142    -.995731
      e_10_9 |  -.0112034   .3584491    -0.03   0.975    -.7137508     .691344
      e_11_9 |   .0796342    .094035     0.85   0.397    -.1046711    .2639394
      e_12_9 |   .1190024   .1271904     0.94   0.349    -.1302862    .3682909
      e_13_9 |   .1240814   .2777741     0.45   0.655    -.4203457    .6685086
      e_14_9 |   .7025858   .5400656     1.30   0.193    -.3559234    1.761095
      e_15_9 |   .1601939   .1225809     1.31   0.191    -.0800603    .4004481
      e_1_10 |   .2396126   .2464801     0.97   0.331    -.2434794    .7227047
      e_2_10 |   .4343181   .2628598     1.65   0.098    -.0808777    .9495139
      e_3_10 |   .1567537   .1493266     1.05   0.294    -.1359211    .4494286
      e_4_10 |  -.2702942   .6005704    -0.45   0.653     -1.44739    .9068021
      e_5_10 |   .0986968   .0717392     1.38   0.169    -.0419095     .239303
      e_6_10 |   .0434626   .3118208     0.14   0.889    -.5676949      .65462
      e_7_10 |   .1363911   .1613396     0.85   0.398    -.1798288    .4526109
      e_8_10 |   .3852828   .1774686     2.17   0.030     .0374507     .733115
      e_9_10 |     -.1265   .1323156    -0.96   0.339    -.3858339    .1328338
     e_10_10 |  -.9555708   .4933347    -1.94   0.053    -1.922489    .0113474
     e_11_10 |  -.2222122   .0866453    -2.56   0.010    -.3920339   -.0523905
     e_12_10 |  -.0193481   .1543668    -0.13   0.900    -.3219015    .2832053
     e_13_10 |   .5705153   .1925934     2.96   0.003     .1930391    .9479914
     e_14_10 |  -.5533186   .6635965    -0.83   0.404    -1.853944    .7473068
     e_15_10 |  -.2102576   .0982554    -2.14   0.032    -.4028347   -.0176806
      e_1_11 |   .2063335   .1822813     1.13   0.258    -.1509313    .5635983
      e_2_11 |  -.3371005   .0937289    -3.60   0.000    -.5208057   -.1533953
      e_3_11 |   .2410871   .1902903     1.27   0.205    -.1318752    .6140493
      e_4_11 |  -.4998111   .5330822    -0.94   0.348    -1.544633    .5450109
      e_5_11 |     .07355   .0714549     1.03   0.303    -.0664991    .2135992
      e_6_11 |  -.0892193   .1159238    -0.77   0.442    -.3164258    .1379872
      e_7_11 |  -.0385291   .1207554    -0.32   0.750    -.2752054    .1981471
      e_8_11 |  -.3184053   .2750284    -1.16   0.247    -.8574512    .2206405
      e_9_11 |   .0705777   .0617831     1.14   0.253    -.0505149    .1916703
     e_10_11 |   -.278758   .1376398    -2.03   0.043    -.5485271   -.0089889
     e_11_11 |  -.6329886    .139284    -4.54   0.000    -.9059803    -.359997
     e_12_11 |   .0243285   .1383813     0.18   0.860    -.2468938    .2955508
     e_13_11 |   .2575773   .2633587     0.98   0.328    -.2585963    .7737509
     e_14_11 |   1.116314   .6615767     1.69   0.092    -.1803525    2.412981
     e_15_11 |   .0171402    .151094     0.11   0.910    -.2789986    .3132789
      e_1_12 |   .0568511   .1251336     0.45   0.650    -.1884063    .3021086
      e_2_12 |  -.0083702   .1025885    -0.08   0.935    -.2094399    .1926996
      e_3_12 |   .1542699   .1412934     1.09   0.275    -.1226601    .4311998
      e_4_12 |  -.0844762   .1159949    -0.73   0.466     -.311822    .1428696
      e_5_12 |   .0453743   .0528592     0.86   0.391    -.0582279    .1489766
      e_6_12 |  -.0024015     .11315    -0.02   0.983    -.2241715    .2193685
      e_7_12 |   .1250147   .1106261     1.13   0.258    -.0918086    .3418379
      e_8_12 |   .0493785   .1334224     0.37   0.711    -.2121246    .3108816
      e_9_12 |   .0072606   .0559286     0.13   0.897    -.1023574    .1168787
     e_10_12 |  -.0505407   .1152874    -0.44   0.661    -.2764998    .1754184
     e_11_12 |   .0123962   .0788803     0.16   0.875    -.1422065    .1669988
     e_12_12 |  -.8069028   .1556442    -5.18   0.000     -1.11196   -.5018457
     e_13_12 |   .3228338     .21544     1.50   0.134    -.0994208    .7450884
     e_14_12 |   .1766296   .2028301     0.87   0.384    -.2209101    .5741693
     e_15_12 |   .0318259   .0628429     0.51   0.613    -.0913439    .1549956
      e_1_13 |   .2499774    69.1757     0.00   0.997    -135.3319    135.8319
      e_2_13 |    .160831    69.7672     0.00   0.998    -136.5804     136.902
      e_3_13 |   .0368881   25.18682     0.00   0.999    -49.32836    49.40214
      e_4_13 |   .2961911    92.6182     0.00   0.997    -181.2322    181.8245
      e_5_13 |   .1741083   14.03599     0.01   0.990    -27.33592    27.68414
      e_6_13 |   .0857716   118.6647     0.00   0.999    -232.4927    232.6642
      e_7_13 |   .1293556   17.20626     0.01   0.994    -33.59429      33.853
      e_8_13 |   .2329907   37.89719     0.01   0.995    -74.04413    74.51011
      e_9_13 |   .1243783   23.20629     0.01   0.996    -45.35912    45.60788
     e_10_13 |   .1518377   84.83943     0.00   0.999    -166.1304    166.4341
     e_11_13 |    .131555   14.90337     0.01   0.993    -29.07851    29.34162
     e_12_13 |   .1698225   44.92779     0.00   0.997    -87.88703    88.22668
     e_13_13 |  -.9829192   33.09018    -0.03   0.976    -65.83849    63.87265
     e_14_13 |   .4589555   32.24034     0.01   0.989    -62.73095    63.64886
     e_15_13 |   .1692514   18.64039     0.01   0.993    -36.36524    36.70374
      e_1_14 |   .3734302   .2479805     1.51   0.132    -.1126027    .8594631
      e_2_14 |   .4139035   .2525892     1.64   0.101    -.0811622    .9089691
      e_3_14 |   .4822117   .2995216     1.61   0.107    -.1048398    1.069263
      e_4_14 |  -.0310688   .3278993    -0.09   0.925    -.6737395    .6116019
      e_5_14 |   .3169313   .1890136     1.68   0.094    -.0535285    .6873911
      e_6_14 |   .4473684   .2010717     2.22   0.026     .0532751    .8414617
      e_7_14 |   .5147374   .2346603     2.19   0.028     .0548116    .9746632
      e_8_14 |   .3333398   .2588529     1.29   0.198    -.1740025    .8406822
      e_9_14 |     .34173    .191986     1.78   0.075    -.0345557    .7180157
     e_10_14 |   .2734131   .2235714     1.22   0.221    -.1647789    .7116051
     e_11_14 |   .4824929    .193126     2.50   0.012     .1039728     .861013
     e_12_14 |   .3858507   .1884611     2.05   0.041     .0164737    .7552277
     e_13_14 |   .8735904   .3652613     2.39   0.017     .1576915    1.589489
     e_14_14 |  -1.059537   .4116776    -2.57   0.010     -1.86641   -.2526637
     e_15_14 |   .3929644   .1918386     2.05   0.041     .0169677    .7689612
      e_1_15 |    .514929   .2131409     2.42   0.016     .0971805    .9326775
      e_2_15 |  -.0136546   .2085443    -0.07   0.948    -.4223938    .3950847
      e_3_15 |  -.0175153   .2391245    -0.07   0.942    -.4861908    .4511601
      e_4_15 |  -.2904993   .2492359    -1.17   0.244    -.7789927    .1979941
      e_5_15 |   .0545496   .1110817     0.49   0.623    -.1631665    .2722656
      e_6_15 |  -.0753069   .1550218    -0.49   0.627    -.3791441    .2285303
      e_7_15 |   .1804397   .1935917     0.93   0.351     -.198993    .5598725
      e_8_15 |  -.0182748   .1208393    -0.15   0.880    -.2551153    .2185658
      e_9_15 |   .0825097   .1163914     0.71   0.478    -.1456132    .3106327
     e_10_15 |  -.2784525   .1709507    -1.63   0.103    -.6135098    .0566048
     e_11_15 |   .0194717   .1269914     0.15   0.878    -.2294269    .2683702
     e_12_15 |   .0271971   .1123933     0.24   0.809    -.1930897    .2474839
     e_13_15 |   .2536002   .3331958     0.76   0.447    -.3994516     .906652
     e_14_15 |   .4377764   .2361331     1.85   0.064     -.025036    .9005888
     e_15_15 |  -.9063089   .1035486    -8.75   0.000     -1.10926   -.7033574
------------------------------------------------------------------------------
Note: One or more parameters could not be estimated in 12 bootstrap replicates;
      standard-error estimates include only complete replications.

. parmest, saving(adj_pca_low_output, replace)
(file adj_pca_low_output.dta not found)
file adj_pca_low_output.dta saved

. 
. log close
      name:  <unnamed>
       log:  /home/timo/Documents/Adj_pca/Low/adj_pca_low.log
  log type:  text
 closed on:   9 Feb 2025, 08:10:58
-------------------------------------------------------------------------------
