------------------------------------------------------------------------------------------------------------------
      name:  <unnamed>
       log:  C:\Users\Chung\Desktop\EVS\Adj_med\High\adj_med_high.log
  log type:  text
 opened on:   9 Feb 2025, 13:34:30

. 
. *load the main data
. use "$path\adj_med_high.dta", clear 

. 
. *set seed
. set seed 123

. 
. *define the local variables for the estimation
. local demographic_vars urban EF29 monthly age edu

. local adj_median_prices adj_P1 adj_P2 adj_P3 adj_P4 adj_P5 adj_P6 adj_P7 adj_P8 adj_P9 adj_P10 adj_P11 adj_P12 a
> dj_P13 adj_P14 adj_P15

. 
. *estimate the QUAIDSCE model
. quaidsce W1-W15, anot(2) prices(`adj_median_prices') expenditure(expfd) demographics(`demographic_vars') nolog r
> eps(50)
--------------------------------------------------------------------------------
Parallel Computing with Stata
Child processes: 7
pll_id         : uyfhgzfeq1
Running at     : C:\Users\Chung\Desktop\EVS\Adj_med\High
Randtype       : datetime
Waiting for the child processes to finish...
child process 0007 has exited without error...
child process 0006 has exited without error...
child process 0003 has exited without error...
child process 0001 has exited without error...
child process 0005 has exited without error...
child process 0002 has exited without error...
child process 0004 has exited without error...
--------------------------------------------------------------------------------
Enter -parallel printlog #- to checkout logfiles.
--------------------------------------------------------------------------------

parallel bootstrapping                                   Number of obs = 2,523
                                                         Replications  =    21

      Command: quaidsce_c W1-W15, anot(2) prices(adj_P1 adj_P2 adj_P3 adj_P4 adj_P5 adj_P6 adj_P7 adj_P8 adj_P9
                   adj_P10 adj_P11 adj_P12 adj_P13 adj_P14 adj_P15) expenditure(expfd) demographics(urban EF29
                   monthly age edu) nolog reps(50)

--------------------------------------------------------------------------------
               |   Observed   Bootstrap                         Normal-based
               | coefficient  std. err.      z    P>|z|     [95% conf. interval]
---------------+----------------------------------------------------------------
alpha          |
       alpha_1 |  -.0791407    .060404    -1.31   0.190    -.1975304    .0392489
       alpha_2 |  -.0479122    .057001    -0.84   0.401    -.1596321    .0638077
       alpha_3 |   .0086411    .052829     0.16   0.870    -.0949018     .112184
       alpha_4 |  -.0681302   .0521302    -1.31   0.191    -.1703035    .0340432
       alpha_5 |   .0070621   .0112302     0.63   0.529    -.0149486    .0290728
       alpha_6 |   .0419852   .0204896     2.05   0.040     .0018263    .0821441
       alpha_7 |  -.0327703   .0478243    -0.69   0.493    -.1265043    .0609637
       alpha_8 |   .1487041   .0708217     2.10   0.036     .0098961    .2875122
       alpha_9 |   .0203369   .0238357     0.85   0.394    -.0263801     .067054
      alpha_10 |  -.0049656   .0452928    -0.11   0.913    -.0937378    .0838067
      alpha_11 |   .0715038   .0294556     2.43   0.015     .0137718    .1292357
      alpha_12 |   .1568451     .07527     2.08   0.037     .0093186    .3043717
      alpha_13 |   .2861124   .1125343     2.54   0.011     .0655491    .5066757
      alpha_14 |    .272177    .123463     2.20   0.027      .030194    .5141601
      alpha_15 |    .091846   .0401537     2.29   0.022     .0131462    .1705457
---------------+----------------------------------------------------------------
beta           |
        beta_1 |   .1589226   .0464422     3.42   0.001     .0678975    .2499477
        beta_2 |   .0487237   .0358874     1.36   0.175    -.0216144    .1190617
        beta_3 |   .0756372   .0367662     2.06   0.040     .0035767    .1476976
        beta_4 |   .0524059   .0342087     1.53   0.126    -.0146419    .1194537
        beta_5 |  -.0027938   .0072042    -0.39   0.698    -.0169139    .0113262
        beta_6 |  -.0199937     .01144    -1.75   0.081    -.0424157    .0024283
        beta_7 |   .0482066   .0298455     1.62   0.106    -.0102895    .1067026
        beta_8 |  -.0494964   .0505433    -0.98   0.327    -.1485596    .0495667
        beta_9 |   -.004262   .0126685    -0.34   0.737    -.0290917    .0205678
       beta_10 |    .020219   .0266505     0.76   0.448    -.0320149     .072453
       beta_11 |  -.0291291   .0184852    -1.58   0.115    -.0653595    .0071013
       beta_12 |  -.0778699   .0526465    -1.48   0.139     -.181055    .0253153
       beta_13 |  -.0502537   .0877715    -0.57   0.567    -.2222827    .1217753
       beta_14 |  -.1347083   .0890493    -1.51   0.130    -.3092417    .0398252
       beta_15 |  -.0364831   .0237416    -1.54   0.124    -.0830159    .0100496
---------------+----------------------------------------------------------------
gamma          |
     gamma_1_1 |  -.0500615   .0376312    -1.33   0.183    -.1238174    .0236944
     gamma_2_1 |  -.0028201   .0157758    -0.18   0.858    -.0337401       .0281
     gamma_3_1 |  -.0223443   .0177314    -1.26   0.208    -.0570973    .0124086
     gamma_4_1 |  -.0014826   .0121734    -0.12   0.903     -.025342    .0223768
     gamma_5_1 |   .0026964   .0046916     0.57   0.565     -.006499    .0118918
     gamma_6_1 |   .0049089   .0056151     0.87   0.382    -.0060965    .0159144
     gamma_7_1 |   -.021293   .0109534    -1.94   0.052    -.0427613    .0001753
     gamma_8_1 |   .0081873   .0163109     0.50   0.616    -.0237814    .0401561
     gamma_9_1 |   .0018229   .0039745     0.46   0.646    -.0059669    .0096128
    gamma_10_1 |  -.0057234   .0093034    -0.62   0.538    -.0239577    .0125109
    gamma_11_1 |   .0172871   .0070963     2.44   0.015     .0033787    .0311955
    gamma_12_1 |   .0168793   .0179729     0.94   0.348     -.018347    .0521056
    gamma_13_1 |  -.0010392   .0231994    -0.04   0.964    -.0465091    .0444307
    gamma_14_1 |   .0389636   .0265726     1.47   0.143    -.0131178    .0910451
    gamma_15_1 |   .0140185   .0057849     2.42   0.015     .0026804    .0253566
     gamma_2_2 |  -.0003293   .0077008    -0.04   0.966    -.0154225     .014764
     gamma_3_2 |  -.0064593   .0067141    -0.96   0.336    -.0196187    .0067002
     gamma_4_2 |  -.0114412   .0095661    -1.20   0.232    -.0301904     .007308
     gamma_5_2 |   .0011163   .0024188     0.46   0.644    -.0036245    .0058571
     gamma_6_2 |   .0006939   .0027075     0.26   0.798    -.0046126    .0060004
     gamma_7_2 |  -.0107576   .0057318    -1.88   0.061    -.0219917    .0004764
     gamma_8_2 |   .0028235   .0063469     0.44   0.656    -.0096163    .0152632
     gamma_9_2 |   .0027508    .002942     0.94   0.350    -.0030154     .008517
    gamma_10_2 |  -.0010216   .0053588    -0.19   0.849    -.0115246    .0094814
    gamma_11_2 |   .0023459   .0037952     0.62   0.536    -.0050925    .0097843
    gamma_12_2 |   .0054898   .0059872     0.92   0.359    -.0062449    .0172245
    gamma_13_2 |  -.0004402    .011145    -0.04   0.968    -.0222839    .0214036
    gamma_14_2 |   .0133891   .0160548     0.83   0.404    -.0180777    .0448559
    gamma_15_2 |   .0046599   .0032525     1.43   0.152    -.0017149    .0110348
     gamma_3_3 |    .002579   .0183439     0.14   0.888    -.0333744    .0385324
     gamma_4_3 |  -.0097704   .0064068    -1.52   0.127    -.0223275    .0027868
     gamma_5_3 |  -.0035501   .0029754    -1.19   0.233    -.0093818    .0022815
     gamma_6_3 |    .002598   .0029958     0.87   0.386    -.0032737    .0084696
     gamma_7_3 |   -.013376   .0068338    -1.96   0.050      -.02677    .0000181
     gamma_8_3 |   .0004269   .0123044     0.03   0.972    -.0236893    .0245431
     gamma_9_3 |  -.0001208   .0036844    -0.03   0.974    -.0073421    .0071005
    gamma_10_3 |  -.0041827   .0084045    -0.50   0.619    -.0206552    .0122899
    gamma_11_3 |   .0052448   .0045393     1.16   0.248    -.0036522    .0141417
    gamma_12_3 |   .0155342   .0133483     1.16   0.245     -.010628    .0416964
    gamma_13_3 |   .0035162      .0173     0.20   0.839    -.0303912    .0374237
    gamma_14_3 |   .0228339    .017765     1.29   0.199    -.0119849    .0576528
    gamma_15_3 |   .0070705   .0057486     1.23   0.219    -.0041965    .0183376
     gamma_4_4 |  -.0124994   .0236988    -0.53   0.598    -.0589482    .0339493
     gamma_5_4 |  -.0021968   .0024277    -0.90   0.366    -.0069551    .0025614
     gamma_6_4 |   .0009367   .0060178     0.16   0.876    -.0108579    .0127314
     gamma_7_4 |  -.0055931   .0082552    -0.68   0.498     -.021773    .0105868
     gamma_8_4 |  -.0024219   .0072583    -0.33   0.739     -.016648    .0118042
     gamma_9_4 |   .0087987   .0048382     1.82   0.069     -.000684    .0182814
    gamma_10_4 |  -.0082997    .011975    -0.69   0.488    -.0317703    .0151709
    gamma_11_4 |   .0046196   .0041864     1.10   0.270    -.0035856    .0128248
    gamma_12_4 |   .0041795    .007124     0.59   0.557    -.0097833    .0181422
    gamma_13_4 |   .0032561   .0122877     0.26   0.791    -.0208274    .0273396
    gamma_14_4 |   .0225239   .0305387     0.74   0.461    -.0373309    .0823787
    gamma_15_4 |   .0093906   .0054383     1.73   0.084    -.0012684    .0200496
     gamma_5_5 |   .0017029   .0007875     2.16   0.031     .0001594    .0032464
     gamma_6_5 |  -.0008484   .0011677    -0.73   0.468    -.0031371    .0014403
     gamma_7_5 |  -.0011203   .0018546    -0.60   0.546    -.0047553    .0025146
     gamma_8_5 |  -.0044922   .0020917    -2.15   0.032    -.0085918   -.0003926
     gamma_9_5 |   .0007558   .0011113     0.68   0.496    -.0014222    .0029339
    gamma_10_5 |  -.0002584   .0015732    -0.16   0.870    -.0033418    .0028249
    gamma_11_5 |  -.0007129   .0010599    -0.67   0.501    -.0027903    .0013644
    gamma_12_5 |  -.0002279   .0015797    -0.14   0.885     -.003324    .0028683
    gamma_13_5 |   .0035932   .0048189     0.75   0.456    -.0058517    .0130381
    gamma_14_5 |   .0040568   .0083535     0.49   0.627    -.0123158    .0204293
    gamma_15_5 |  -.0005143   .0009546    -0.54   0.590    -.0023853    .0013567
     gamma_6_6 |   .0078191   .0043939     1.78   0.075    -.0007929    .0164311
     gamma_7_6 |   .0021313   .0020711     1.03   0.303     -.001928    .0061906
     gamma_8_6 |  -.0026719   .0026641    -1.00   0.316    -.0078934    .0025496
     gamma_9_6 |  -.0010045   .0022336    -0.45   0.653    -.0053822    .0033733
    gamma_10_6 |   .0006267   .0041753     0.15   0.881    -.0075568    .0088102
    gamma_11_6 |  -.0017399   .0012408    -1.40   0.161    -.0041718    .0006919
    gamma_12_6 |  -.0015763    .002809    -0.56   0.575    -.0070819    .0039292
    gamma_13_6 |  -.0002146   .0049372    -0.04   0.965    -.0098913    .0094621
    gamma_14_6 |  -.0104103   .0113128    -0.92   0.357     -.032583    .0117623
    gamma_15_6 |  -.0012487   .0019301    -0.65   0.518    -.0050316    .0025342
     gamma_7_7 |   .0211391   .0062014     3.41   0.001     .0089846    .0332936
     gamma_8_7 |   .0039896   .0063902     0.62   0.532    -.0085349    .0165141
     gamma_9_7 |   .0008216   .0023614     0.35   0.728    -.0038067    .0054499
    gamma_10_7 |   .0095216   .0047738     1.99   0.046     .0001651    .0188781
    gamma_11_7 |   -.001781   .0034602    -0.51   0.607    -.0085629    .0050009
    gamma_12_7 |   .0046089    .007788     0.59   0.554    -.0106553     .019873
    gamma_13_7 |  -.0003528   .0096699    -0.04   0.971    -.0193056    .0185999
    gamma_14_7 |   .0114741   .0169409     0.68   0.498    -.0217294    .0446776
    gamma_15_7 |   .0005878   .0032357     0.18   0.856     -.005754    .0069296
     gamma_8_8 |     .00245   .0148381     0.17   0.869    -.0266321    .0315321
     gamma_9_8 |   .0015692   .0023725     0.66   0.508    -.0030808    .0062191
    gamma_10_8 |   .0020195   .0051654     0.39   0.696    -.0081045    .0121434
    gamma_11_8 |  -.0004793   .0033701    -0.14   0.887    -.0070846    .0061261
    gamma_12_8 |  -.0120966   .0100816    -1.20   0.230    -.0318562     .007663
    gamma_13_8 |  -.0035176   .0171127    -0.21   0.837    -.0370578    .0300227
    gamma_14_8 |   .0001891   .0205737     0.01   0.993    -.0401346    .0405128
    gamma_15_8 |   .0040244    .003409     1.18   0.238    -.0026571    .0107059
     gamma_9_9 |   .0033525   .0021072     1.59   0.112    -.0007775    .0074826
    gamma_10_9 |  -.0050502   .0056519    -0.89   0.372    -.0161276    .0060272
    gamma_11_9 |  -.0005937   .0013277    -0.45   0.655    -.0031959    .0020085
    gamma_12_9 |  -.0021638   .0023295    -0.93   0.353    -.0067296    .0024019
    gamma_13_9 |  -.0000179   .0049271    -0.00   0.997    -.0096749    .0096391
    gamma_14_9 |  -.0121374    .007845    -1.55   0.122    -.0275133    .0032385
    gamma_15_9 |   .0012168   .0016398     0.74   0.458    -.0019971    .0044308
   gamma_10_10 |   .0362518   .0141218     2.57   0.010     .0085736    .0639299
   gamma_11_10 |  -.0008431   .0023909    -0.35   0.724    -.0055292    .0038431
   gamma_12_10 |  -.0036434   .0066508    -0.55   0.584    -.0166787     .009392
   gamma_13_10 |  -.0000653   .0104478    -0.01   0.995    -.0205427     .020412
   gamma_14_10 |  -.0200919   .0163145    -1.23   0.218    -.0520677    .0118839
   gamma_15_10 |   .0007602   .0039317     0.19   0.847    -.0069458    .0084662
   gamma_11_11 |    .005482   .0024344     2.25   0.024     .0007107    .0102532
   gamma_12_11 |  -.0037391   .0034182    -1.09   0.274    -.0104386    .0029604
   gamma_13_11 |  -.0158956   .0079588    -2.00   0.046    -.0314947   -.0002966
   gamma_14_11 |  -.0076139   .0105589    -0.72   0.471    -.0283089    .0130811
   gamma_15_11 |  -.0015809    .001608    -0.98   0.326    -.0047324    .0015707
   gamma_12_12 |  -.0012554   .0153925    -0.08   0.935    -.0314242    .0289134
   gamma_13_12 |  -.0068955   .0150254    -0.46   0.646    -.0363447    .0225536
   gamma_14_12 |  -.0117828   .0193152    -0.61   0.542      -.04964    .0260743
   gamma_15_12 |  -.0033108   .0050618    -0.65   0.513    -.0132317    .0066102
   gamma_13_13 |   .0230654   .0393714     0.59   0.558    -.0541011    .1002318
   gamma_14_13 |   .0137965   .0296157     0.47   0.641    -.0442492    .0718422
   gamma_15_13 |  -.0187887   .0075245    -2.50   0.013    -.0335364    -.004041
   gamma_14_14 |  -.0426326   .0519486    -0.82   0.412      -.14445    .0591849
   gamma_15_14 |  -.0225581   .0081741    -2.76   0.006     -.038579   -.0065372
   gamma_15_15 |   .0062726   .0031924     1.96   0.049     .0000157    .0125295
---------------+----------------------------------------------------------------
lambda         |
      lambda_1 |  -.0309928   .0090402    -3.43   0.001    -.0487112   -.0132743
      lambda_2 |  -.0072747   .0057086    -1.27   0.203    -.0184634    .0039141
      lambda_3 |  -.0148593    .006593    -2.25   0.024    -.0277814   -.0019372
      lambda_4 |  -.0068877   .0053627    -1.28   0.199    -.0173984    .0036229
      lambda_5 |   .0009281   .0011942     0.78   0.437    -.0014125    .0032687
      lambda_6 |   .0030804   .0016424     1.88   0.061    -.0001386    .0062993
      lambda_7 |  -.0046381   .0047138    -0.98   0.325     -.013877    .0046007
      lambda_8 |   .0115879   .0097996     1.18   0.237     -.007619    .0307948
      lambda_9 |   .0007996   .0019245     0.42   0.678    -.0029724    .0045716
     lambda_10 |  -.0030013   .0038144    -0.79   0.431    -.0104774    .0044748
     lambda_11 |   .0043502   .0028854     1.51   0.132    -.0013052    .0100055
     lambda_12 |    .011199   .0091405     1.23   0.220    -.0067161    .0291141
     lambda_13 |   .0049506   .0175122     0.28   0.777    -.0293726    .0392738
     lambda_14 |   .0252161   .0168861     1.49   0.135      -.00788    .0583122
     lambda_15 |   .0057091   .0035728     1.60   0.110    -.0012935    .0127117
---------------+----------------------------------------------------------------
delta          |
       delta_1 |   .1307995   .0087354    14.97   0.000     .1136784    .1479205
       delta_2 |   .0457477   .0073197     6.25   0.000     .0314015     .060094
       delta_3 |   .1156769   .0113903    10.16   0.000     .0933523    .1380014
       delta_4 |      .0478   .0093296     5.12   0.000     .0295143    .0660856
       delta_5 |   .0119954   .0034476     3.48   0.001     .0052382    .0187526
       delta_6 |   .0138165   .0023329     5.92   0.000     .0092441    .0183888
       delta_7 |   .0737495   .0050137    14.71   0.000     .0639228    .0835763
       delta_8 |   .1300552    .010271    12.66   0.000     .1099245    .1501859
       delta_9 |   .0199949   .0034924     5.73   0.000     .0131499      .02684
      delta_10 |   .0316227   .0045976     6.88   0.000     .0226116    .0406338
      delta_11 |   .0153136   .0058555     2.62   0.009     .0038371    .0267902
      delta_12 |   .0567553   .0097541     5.82   0.000     .0376377    .0758729
      delta_13 |   .2576018   .0500512     5.15   0.000     .1595033    .3557003
      delta_14 |   .1358768   .0184854     7.35   0.000     .0996461    .1721075
      delta_15 |   .0163383   .0054045     3.02   0.003     .0057457    .0269308
---------------+----------------------------------------------------------------
eta            |
   eta_urban_1 |   -.004843   .0059137    -0.82   0.413    -.0164337    .0067478
   eta_urban_2 |   .0017467   .0012649     1.38   0.167    -.0007325    .0042258
   eta_urban_3 |  -.0010345    .004995    -0.21   0.836    -.0108246    .0087555
   eta_urban_4 |   .0016415   .0009754     1.68   0.092    -.0002702    .0035533
   eta_urban_5 |   .0002924   .0003314     0.88   0.378    -.0003571    .0009418
   eta_urban_6 |  -.0000455   .0004126    -0.11   0.912    -.0008541    .0007632
   eta_urban_7 |   .0008925    .001776     0.50   0.615    -.0025883    .0043733
   eta_urban_8 |  -.0020998   .0025591    -0.82   0.412    -.0071157     .002916
   eta_urban_9 |   .0000917    .000347     0.26   0.791    -.0005883    .0007717
  eta_urban_10 |  -.0001294   .0009052    -0.14   0.886    -.0019037    .0016448
  eta_urban_11 |   .0002389   .0004994     0.48   0.632    -.0007398    .0012177
  eta_urban_12 |   .0008021   .0015676     0.51   0.609    -.0022704    .0038746
  eta_urban_13 |  -.0007582   .0097371    -0.08   0.938    -.0198426    .0183261
  eta_urban_14 |   .0033235   .0056483     0.59   0.556    -.0077471     .014394
  eta_urban_15 |  -.0001188   .0007579    -0.16   0.875    -.0016042    .0013666
    eta_EF29_1 |  -.0001399   .0016639    -0.08   0.933     -.003401    .0031212
    eta_EF29_2 |   -.000258   .0007447    -0.35   0.729    -.0017175    .0012015
    eta_EF29_3 |  -.0010491   .0008885    -1.18   0.238    -.0027906    .0006924
    eta_EF29_4 |  -.0001287   .0005885    -0.22   0.827     -.001282    .0010247
    eta_EF29_5 |  -.0000154   .0002023    -0.08   0.939    -.0004119    .0003811
    eta_EF29_6 |   .0002001   .0001768     1.13   0.258    -.0001466    .0005467
    eta_EF29_7 |  -.0004312   .0006264    -0.69   0.491     -.001659    .0007966
    eta_EF29_8 |   .0003225   .0009374     0.34   0.731    -.0015147    .0021598
    eta_EF29_9 |  -.0001852   .0001861    -1.00   0.320      -.00055    .0001796
   eta_EF29_10 |   .0001195   .0003125     0.38   0.702     -.000493     .000732
   eta_EF29_11 |   .0000542   .0002844     0.19   0.849    -.0005033    .0006116
   eta_EF29_12 |   -.000274   .0005492    -0.50   0.618    -.0013504    .0008023
   eta_EF29_13 |   .0012924   .0032975     0.39   0.695    -.0051706    .0077553
   eta_EF29_14 |   .0004285    .002754     0.16   0.876    -.0049692    .0058262
   eta_EF29_15 |   .0000644   .0002137     0.30   0.763    -.0003543    .0004832
 eta_monthly_1 |   1.94e-07   2.05e-07     0.94   0.345    -2.08e-07    5.95e-07
 eta_monthly_2 |  -1.38e-07   1.18e-07    -1.17   0.241    -3.70e-07    9.30e-08
 eta_monthly_3 |  -7.24e-08   2.56e-07    -0.28   0.777    -5.74e-07    4.29e-07
 eta_monthly_4 |  -1.08e-07   6.54e-08    -1.65   0.098    -2.36e-07    2.00e-08
 eta_monthly_5 |  -6.29e-08   2.68e-08    -2.35   0.019    -1.15e-07   -1.04e-08
 eta_monthly_6 |  -7.13e-09   1.75e-08    -0.41   0.684    -4.14e-08    2.72e-08
 eta_monthly_7 |  -2.41e-08   1.10e-07    -0.22   0.826    -2.39e-07    1.91e-07
 eta_monthly_8 |  -1.71e-07   1.46e-07    -1.17   0.241    -4.57e-07    1.15e-07
 eta_monthly_9 |   3.52e-08   3.09e-08     1.14   0.254    -2.53e-08    9.57e-08
eta_monthly_10 |  -1.94e-08   5.78e-08    -0.34   0.737    -1.33e-07    9.39e-08
eta_monthly_11 |   2.63e-08   3.94e-08     0.67   0.504    -5.09e-08    1.04e-07
eta_monthly_12 |  -3.99e-08   1.00e-07    -0.40   0.690    -2.36e-07    1.56e-07
eta_monthly_13 |  -7.71e-08   2.04e-07    -0.38   0.706    -4.77e-07    3.23e-07
eta_monthly_14 |   3.75e-07   2.61e-07     1.44   0.150    -1.36e-07    8.87e-07
eta_monthly_15 |   9.00e-08   7.96e-08     1.13   0.259    -6.61e-08    2.46e-07
     eta_age_1 |   1.95e-06   .0000993     0.02   0.984    -.0001927    .0001966
     eta_age_2 |   .0000215    .000052     0.41   0.679    -.0000803    .0001234
     eta_age_3 |   5.76e-06   .0000676     0.09   0.932    -.0001267    .0001382
     eta_age_4 |   -.000028   .0000299    -0.94   0.348    -.0000866    .0000305
     eta_age_5 |   .0000177   .0000137     1.29   0.195    -9.08e-06    .0000444
     eta_age_6 |   3.05e-06   .0000155     0.20   0.844    -.0000274    .0000335
     eta_age_7 |  -.0000426   .0000345    -1.24   0.216    -.0001102    .0000249
     eta_age_8 |   .0001149   .0000527     2.18   0.029     .0000116    .0002182
     eta_age_9 |  -9.04e-06   9.43e-06    -0.96   0.338    -.0000275    9.44e-06
    eta_age_10 |   8.68e-06   .0000218     0.40   0.691    -.0000341    .0000515
    eta_age_11 |   -.000022   .0000215    -1.02   0.308    -.0000642    .0000202
    eta_age_12 |   .0000616    .000048     1.28   0.200    -.0000325    .0001556
    eta_age_13 |   5.94e-06   .0001879     0.03   0.975    -.0003624    .0003743
    eta_age_14 |  -.0001028   .0001264    -0.81   0.416    -.0003505    .0001448
    eta_age_15 |  -.0000366   .0000175    -2.09   0.037    -.0000709   -2.23e-06
     eta_edu_1 |   .0016379   .0017129     0.96   0.339    -.0017194    .0049951
     eta_edu_2 |   .0010001   .0007936     1.26   0.208    -.0005553    .0025556
     eta_edu_3 |   .0021292   .0014348     1.48   0.138     -.000683    .0049413
     eta_edu_4 |  -.0002837   .0008415    -0.34   0.736     -.001933    .0013656
     eta_edu_5 |  -.0002274   .0003096    -0.73   0.463    -.0008342    .0003795
     eta_edu_6 |  -.0002603   .0002608    -1.00   0.318    -.0007715    .0002509
     eta_edu_7 |   .0001677   .0010432     0.16   0.872     -.001877    .0022124
     eta_edu_8 |  -.0002885   .0012212    -0.24   0.813    -.0026821     .002105
     eta_edu_9 |   .0002288   .0002424     0.94   0.345    -.0002463    .0007039
    eta_edu_10 |  -.0003729   .0004429    -0.84   0.400    -.0012409    .0004952
    eta_edu_11 |   -.000319   .0003212    -0.99   0.321    -.0009486    .0003105
    eta_edu_12 |   .0003187    .000763     0.42   0.676    -.0011768    .0018141
    eta_edu_13 |   -.003651   .0050301    -0.73   0.468    -.0135098    .0062078
    eta_edu_14 |  -.0001692   .0026431    -0.06   0.949    -.0053496    .0050112
    eta_edu_15 |   .0000897     .00045     0.20   0.842    -.0007923    .0009717
---------------+----------------------------------------------------------------
rho            |
     rho_urban |   .1003906   .2345021     0.43   0.669    -.3592251    .5600062
      rho_EF29 |  -.0807639   .0852667    -0.95   0.344    -.2478835    .0863558
   rho_monthly |  -5.12e-06   .0000174    -0.29   0.769    -.0000393    .0000291
       rho_age |   .0007119   .0041163     0.17   0.863    -.0073559    .0087797
       rho_edu |   .1608419    .127841     1.26   0.208    -.0897219    .4114057
---------------+----------------------------------------------------------------
tau            |
          p1_1 |  -1.066535   .2965101    -3.60   0.000    -1.647684   -.4853858
          p2_1 |   .0006311    .447522     0.00   0.999    -.8764959    .8777581
          p3_1 |    .267731   .2925749     0.92   0.360    -.3057052    .8411673
          p4_1 |   2.376745   1.906505     1.25   0.213    -1.359937    6.113426
          p5_1 |   .1769611   .1638275     1.08   0.280     -.144135    .4980571
          p6_1 |  -.3674915   .7889154    -0.47   0.641    -1.913737    1.178754
          p7_1 |  -.0020222    .476047    -0.00   0.997    -.9350573    .9310128
          p8_1 |  -.1239358   .4486188    -0.28   0.782    -1.003212    .7553408
          p9_1 |   .0215356   .2994125     0.07   0.943    -.5653021    .6083734
         p10_1 |  -.9732618   1.296447    -0.75   0.453    -3.514251    1.567728
         p11_1 |   .0211493   .1618344     0.13   0.896    -.2960404    .3383389
         p12_1 |   .3441322   .2410144     1.43   0.153    -.1282474    .8165118
         p13_1 |  -.3369646   .6059959    -0.56   0.578    -1.524695    .8507655
         p14_1 |   .8056273   2.472168     0.33   0.745    -4.039733    5.650988
         p15_1 |  -.2563362   .2455651    -1.04   0.297    -.7376349    .2249626
           M_1 |    1.18244   .1046532    11.30   0.000     .9773235    1.387557
       urban_1 |  -.5343966   .2034263    -2.63   0.009    -.9331048   -.1356885
        EF29_1 |   .0721954   .1035564     0.70   0.486    -.1307714    .2751622
     monthly_1 |  -.0000138   .0000171    -0.81   0.420    -.0000472    .0000197
         age_1 |   .0019077   .0046788     0.41   0.683    -.0072625    .0110779
         edu_1 |   .0758645   .1289654     0.59   0.556    -.1769029     .328632
        cons_1 |  -3.712965   .5332266    -6.96   0.000     -4.75807    -2.66786
          p1_2 |  -.1129521   .3537572    -0.32   0.750    -.8063036    .5803993
          p2_2 |   .1792435   .1984556     0.90   0.366    -.2097224    .5682094
          p3_2 |   .1362058   .1812745     0.75   0.452    -.2190857    .4914973
          p4_2 |   .0089212   .9228433     0.01   0.992    -1.799818    1.817661
          p5_2 |  -.1705866   .1041751    -1.64   0.102     -.374766    .0335929
          p6_2 |  -.5250849    .608409    -0.86   0.388    -1.717545    .6673748
          p7_2 |  -.0726261   .1706365    -0.43   0.670    -.4070676    .2618153
          p8_2 |   .0230813   .2264186     0.10   0.919     -.420691    .4668537
          p9_2 |  -.2463036   .2947399    -0.84   0.403    -.8239832     .331376
         p10_2 |  -.7146152   .7982969    -0.90   0.371    -2.279248     .850018
         p11_2 |   .1115451   .0930169     1.20   0.230    -.0707647    .2938548
         p12_2 |  -.0148028   .1327278    -0.11   0.911    -.2749446     .245339
         p13_2 |   -.758218   .2602258    -2.91   0.004    -1.268251   -.2481848
         p14_2 |   2.229695   1.566599     1.42   0.155    -.8407828    5.300172
         p15_2 |  -.1406524   .1242085    -1.13   0.257    -.3840967    .1027918
           M_2 |   .8836914   .0597204    14.80   0.000     .7666415    1.000741
       urban_2 |  -.0387041   .0874647    -0.44   0.658    -.2101318    .1327235
        EF29_2 |  -.0402697   .0475111    -0.85   0.397    -.1333898    .0528505
     monthly_2 |   5.22e-06   .0000119     0.44   0.661    -.0000181    .0000285
         age_2 |  -.0013153   .0028492    -0.46   0.644    -.0068996    .0042691
         edu_2 |   .1513675   .0519319     2.91   0.004      .049583    .2531521
        cons_2 |  -3.541289   .3119024   -11.35   0.000    -4.152606   -2.929971
          p1_3 |  -.2166579   .6196215    -0.35   0.727    -1.431094     .997778
          p2_3 |  -.5919648   .6085866    -0.97   0.331    -1.784773     .600843
          p3_3 |    .434935    .254926     1.71   0.088    -.0647107    .9345807
          p4_3 |  -2.018488   1.434633    -1.41   0.159    -4.830317    .7933409
          p5_3 |   .4708389    .151539     3.11   0.002      .173828    .7678498
          p6_3 |  -.4713212   1.372776    -0.34   0.731    -3.161913    2.219271
          p7_3 |   .3104714   .4817193     0.64   0.519     -.633681    1.254624
          p8_3 |   -.332838   .2505292    -1.33   0.184    -.8238663    .1581903
          p9_3 |  -.2199894    .413605    -0.53   0.595     -1.03064    .5906614
         p10_3 |   .3833244   2.063444     0.19   0.853    -3.660952      4.4276
         p11_3 |  -.1748833   .1811342    -0.97   0.334    -.5298998    .1801333
         p12_3 |  -.0922532   .2618655    -0.35   0.725    -.6055001    .4209937
         p13_3 |  -1.285639   .5941181    -2.16   0.030    -2.450089   -.1211887
         p14_3 |   2.371592   2.594036     0.91   0.361    -2.712626    7.455809
         p15_3 |  -.2928631   .2367288    -1.24   0.216    -.7568429    .1711168
           M_3 |   1.227855    .138062     8.89   0.000     .9572586    1.498452
       urban_3 |  -.2853791   .2199384    -1.30   0.194    -.7164504    .1456923
        EF29_3 |  -.0768188   .1031521    -0.74   0.456    -.2789932    .1253557
     monthly_3 |   .0000462   .0000359     1.29   0.199    -.0000242    .0001165
         age_3 |  -.0049104    .004986    -0.98   0.325    -.0146827     .004862
         edu_3 |  -.0520658    .144508    -0.36   0.719    -.3352963    .2311647
        cons_3 |   -3.74664   .6303952    -5.94   0.000    -4.982192   -2.511088
          p1_4 |  -.4447603   .3222954    -1.38   0.168    -1.076448     .186927
          p2_4 |  -.3664029   .2687951    -1.36   0.173    -.8932317    .1604259
          p3_4 |  -.3689078   .2826099    -1.31   0.192     -.922813    .1849974
          p4_4 |   1.987877   .5953606     3.34   0.001     .8209917    3.154762
          p5_4 |   .0256517   .1009462     0.25   0.799    -.1721993    .2235027
          p6_4 |   1.014062   .6077275     1.67   0.095    -.1770624    2.205186
          p7_4 |  -.2354729   .2166281    -1.09   0.277    -.6600563    .1891104
          p8_4 |  -.4130857   .1145839    -3.61   0.000    -.6376661   -.1885053
          p9_4 |  -.1774064   .3131163    -0.57   0.571    -.7911031    .4362903
         p10_4 |   .8071671   .8809772     0.92   0.360    -.9195164    2.533851
         p11_4 |   .1216226     .10274     1.18   0.236    -.0797442    .3229893
         p12_4 |  -.1371734   .1223083    -1.12   0.262    -.3768933    .1025465
         p13_4 |  -.1627867    .257578    -0.63   0.527    -.6676303     .342057
         p14_4 |   3.628144   1.308101     2.77   0.006     1.064313    6.191975
         p15_4 |   -.024017    .135749    -0.18   0.860    -.2900801    .2420461
           M_4 |    1.04057   .0744519    13.98   0.000      .894647    1.186493
       urban_4 |  -.0811087   .0904572    -0.90   0.370    -.2584016    .0961842
        EF29_4 |  -.0595717   .0609588    -0.98   0.328    -.1790488    .0599054
     monthly_4 |  -.0000199   9.67e-06    -2.05   0.040    -.0000388   -8.97e-07
         age_4 |  -.0148166   .0030711    -4.82   0.000    -.0208359   -.0087973
         edu_4 |   .0016831   .0737928     0.02   0.982    -.1429481    .1463143
        cons_4 |  -3.222724   .3243719    -9.94   0.000    -3.858482   -2.586967
          p1_5 |   .0175353    .219415     0.08   0.936    -.4125102    .4475809
          p2_5 |   .3467253   .2208373     1.57   0.116    -.0861079    .7795584
          p3_5 |  -.3223258   .1957544    -1.65   0.100    -.7059974    .0613458
          p4_5 |    .403073   .8482838     0.48   0.635    -1.259533    2.065679
          p5_5 |   .4403952   .0648414     6.79   0.000     .3133084    .5674819
          p6_5 |  -.5668975    .612926    -0.92   0.355     -1.76821    .6344154
          p7_5 |   -.011037   .1949357    -0.06   0.955    -.3931038    .3710299
          p8_5 |   -.107428   .1741771    -0.62   0.537     -.448809    .2339529
          p9_5 |   .1520875    .255266     0.60   0.551    -.3482246    .6523996
         p10_5 |   .6987824   .5911003     1.18   0.237    -.4597528    1.857318
         p11_5 |    .001573   .0808594     0.02   0.984    -.1569085    .1600545
         p12_5 |   -.188479   .1263666    -1.49   0.136     -.436153     .059195
         p13_5 |   -.540627   .2018069    -2.68   0.007    -.9361612   -.1450928
         p14_5 |  -2.806659   1.297143    -2.16   0.030    -5.349013   -.2643058
         p15_5 |   .1169759   .1382179     0.85   0.397    -.1539263    .3878781
           M_5 |   .8198914   .0689634    11.89   0.000     .6847257    .9550571
       urban_5 |   .0223056   .0747405     0.30   0.765    -.1241832    .1687943
        EF29_5 |  -.0291222   .0412788    -0.71   0.480    -.1100271    .0517827
     monthly_5 |  -7.56e-06   8.50e-06    -0.89   0.374    -.0000242    9.09e-06
         age_5 |   .0057296    .002284     2.51   0.012     .0012531    .0102062
         edu_5 |   .0646934   .0558401     1.16   0.247    -.0447511     .174138
        cons_5 |  -4.268844    .289587   -14.74   0.000    -4.836424   -3.701264
          p1_6 |  -.0042162   .3024924    -0.01   0.989    -.5970904    .5886581
          p2_6 |  -.4908972   .2198941    -2.23   0.026    -.9218817   -.0599127
          p3_6 |   .0255098   .1685623     0.15   0.880    -.3048662    .3558858
          p4_6 |   .3751306   .5915479     0.63   0.526    -.7842819    1.534543
          p5_6 |  -.1167189   .0697037    -1.67   0.094    -.2533356    .0198978
          p6_6 |   2.715937   .3913424     6.94   0.000      1.94892    3.482954
          p7_6 |  -.2089562   .1214505    -1.72   0.085    -.4469949    .0290824
          p8_6 |  -.2728938    .129688    -2.10   0.035    -.5270776   -.0187099
          p9_6 |  -.0495758   .2078961    -0.24   0.812    -.4570447    .3578931
         p10_6 |   .6349043   .4970241     1.28   0.201    -.3392451    1.609054
         p11_6 |  -.0495106   .0807816    -0.61   0.540    -.2078395    .1088184
         p12_6 |  -.3478244   .1195231    -2.91   0.004    -.5820854   -.1135635
         p13_6 |  -.1109798     .21877    -0.51   0.612    -.5397612    .3178015
         p14_6 |   .8060915   1.331286     0.61   0.545    -1.803182    3.415365
         p15_6 |  -.1082257   .1376917    -0.79   0.432    -.3780965    .1616451
           M_6 |   .5705777   .0717898     7.95   0.000     .4298723    .7112831
       urban_6 |   .1016243   .0782405     1.30   0.194    -.0517243    .2549729
        EF29_6 |   .0336362    .043581     0.77   0.440    -.0517809    .1190534
     monthly_6 |  -2.67e-06   7.83e-06    -0.34   0.733     -.000018    .0000127
         age_6 |  -.0154225   .0029156    -5.29   0.000     -.021137    -.009708
         edu_6 |   -.240517   .0747934    -3.22   0.001    -.3871094   -.0939246
        cons_6 |  -1.914363   .2915903    -6.57   0.000    -2.485869   -1.342856
          p1_7 |  -.5220299   .3761529    -1.39   0.165    -1.259276    .2152162
          p2_7 |  -.7030828   .3946522    -1.78   0.075    -1.476587    .0704214
          p3_7 |  -.6427885   .2791169    -2.30   0.021    -1.189848   -.0957294
          p4_7 |   .1611879   .7823289     0.21   0.837    -1.372149    1.694524
          p5_7 |  -.1460774   .1038101    -1.41   0.159    -.3495414    .0573867
          p6_7 |  -.0702435   .5787534    -0.12   0.903    -1.204579    1.064092
          p7_7 |   1.524731   .1475854    10.33   0.000     1.235468    1.813993
          p8_7 |  -.0720323   .1984111    -0.36   0.717    -.4609108    .3168463
          p9_7 |  -.3517381   .1814356    -1.94   0.053    -.7073453    .0038691
         p10_7 |   1.908802   .7078772     2.70   0.007     .5213886    3.296216
         p11_7 |  -.3364367   .1207007    -2.79   0.005    -.5730057   -.0998676
         p12_7 |  -.3423405   .1660132    -2.06   0.039    -.6677204   -.0169606
         p13_7 |  -.3037777   .2838975    -1.07   0.285    -.8602065    .2526511
         p14_7 |    -.60358   1.456282    -0.41   0.679    -3.457839    2.250679
         p15_7 |  -.1254242   .1057708    -1.19   0.236    -.3327311    .0818827
           M_7 |   .9787444   .0545476    17.94   0.000      .871833    1.085656
       urban_7 |  -.0329448   .0841063    -0.39   0.695    -.1977901    .1319004
        EF29_7 |   .0346061   .0647985     0.53   0.593    -.0923966    .1616087
     monthly_7 |  -.0000108   .0000112    -0.97   0.332    -.0000327     .000011
         age_7 |  -.0023745   .0030289    -0.78   0.433     -.008311     .003562
         edu_7 |  -.2420253   .0442931    -5.46   0.000    -.3288381   -.1552125
        cons_7 |  -3.952498   .3420788   -11.55   0.000     -4.62296   -3.282035
          p1_8 |  -1.251233   .5843399    -2.14   0.032    -2.396518    -.105948
          p2_8 |  -1.329066   .4569325    -2.91   0.004    -2.224637   -.4334947
          p3_8 |  -.2647041   .3085757    -0.86   0.391    -.8695014    .3400932
          p4_8 |   -.657695   1.280917    -0.51   0.608    -3.168246    1.852856
          p5_8 |  -.4335901   .1156383    -3.75   0.000     -.660237   -.2069433
          p6_8 |  -.9729007   .9736532    -1.00   0.318    -2.881226    .9354246
          p7_8 |   .8274733   .1996534     4.14   0.000     .4361598    1.218787
          p8_8 |   .7054988   .2321667     3.04   0.002     .2504605    1.160537
          p9_8 |   .7326519   .5519284     1.33   0.184    -.3491079    1.814412
         p10_8 |   1.201725   1.100053     1.09   0.275     -.954339    3.357789
         p11_8 |  -.4683904    .182228    -2.57   0.010    -.8255508   -.1112301
         p12_8 |  -.5526047    .333303    -1.66   0.097    -1.205867    .1006573
         p13_8 |   .1271006   .4166861     0.31   0.760    -.6895892    .9437904
         p14_8 |  -1.101098   2.729297    -0.40   0.687    -6.450421    4.248225
         p15_8 |   .0469858   .2045133     0.23   0.818    -.3538529    .4478245
           M_8 |   .8407125   .1050231     8.01   0.000      .634871    1.046554
       urban_8 |  -.1590782   .1169156    -1.36   0.174    -.3882286    .0700722
        EF29_8 |   .1862241   .0881219     2.11   0.035     .0135084    .3589398
     monthly_8 |  -.0000258   .0000252    -1.02   0.307    -.0000752    .0000237
         age_8 |   .0127842   .0027286     4.69   0.000     .0074363    .0181321
         edu_8 |  -.1740422   .1128329    -1.54   0.123    -.3951906    .0471062
        cons_8 |  -2.935318   .4785828    -6.13   0.000    -3.873323   -1.997313
          p1_9 |   .2897611   .2651242     1.09   0.274    -.2298728    .8093951
          p2_9 |   .1168872   .2418245     0.48   0.629    -.3570802    .5908546
          p3_9 |  -.1452962   .2075971    -0.70   0.484    -.5521791    .2615867
          p4_9 |   .2813035   .6121264     0.46   0.646    -.9184422    1.481049
          p5_9 |   .0621266   .0687881     0.90   0.366    -.0726956    .1969488
          p6_9 |   .5392852   .5365395     1.01   0.315     -.512313    1.590883
          p7_9 |   .3725859   .1372826     2.71   0.007      .103517    .6416548
          p8_9 |  -.0132919   .1580394    -0.08   0.933    -.3230435    .2964597
          p9_9 |   .0890576   .2125106     0.42   0.675    -.3274556    .5055708
         p10_9 |   .7880939   .5751987     1.37   0.171    -.3392748    1.915463
         p11_9 |  -.1074699   .0847069    -1.27   0.205    -.2734924    .0585526
         p12_9 |   -.162851   .0943296    -1.73   0.084    -.3477336    .0220317
         p13_9 |  -.0920733   .2413217    -0.38   0.703    -.5650552    .3809086
         p14_9 |   .0674152    1.04829     0.06   0.949    -1.987196    2.122027
         p15_9 |   -.000277   .1433303    -0.00   0.998    -.2811992    .2806452
           M_9 |    .596189   .0552613    10.79   0.000     .4878789    .7044992
       urban_9 |   .1311529   .0684699     1.92   0.055    -.0030458    .2653515
        EF29_9 |  -.0397712   .0393288    -1.01   0.312    -.1168542    .0373118
     monthly_9 |  -2.09e-07   8.63e-06    -0.02   0.981    -.0000171    .0000167
         age_9 |   .0047569   .0027977     1.70   0.089    -.0007265    .0102402
         edu_9 |   .0681912   .0567528     1.20   0.230    -.0430422    .1794247
        cons_9 |  -3.967577   .3249741   -12.21   0.000    -4.604514   -3.330639
         p1_10 |  -.0245255   .2666745    -0.09   0.927    -.5471978    .4981468
         p2_10 |   .0285734   .2822618     0.10   0.919    -.5246497    .5817964
         p3_10 |  -.2455519   .1272223    -1.93   0.054     -.494903    .0037991
         p4_10 |  -.1239445    .687215    -0.18   0.857    -1.470861    1.222972
         p5_10 |  -.0340659   .0762123    -0.45   0.655    -.1834392    .1153074
         p6_10 |   .2635346   .5315344     0.50   0.620    -.7782537    1.305323
         p7_10 |  -.0373674   .2097722    -0.18   0.859    -.4485134    .3737787
         p8_10 |  -.3440105   .1777509    -1.94   0.053    -.6923959     .004375
         p9_10 |  -.0084135    .220952    -0.04   0.970    -.4414715    .4246445
        p10_10 |   2.920735   .6190404     4.72   0.000     1.707438    4.134032
        p11_10 |  -.1020416   .1090906    -0.94   0.350    -.3158552     .111772
        p12_10 |  -.2060375   .1447869    -1.42   0.155    -.4898145    .0777396
        p13_10 |  -.3515661   .2451452    -1.43   0.152    -.8320418    .1289096
        p14_10 |   2.265021   1.336871     1.69   0.090    -.3551982     4.88524
        p15_10 |   .0427685   .0923675     0.46   0.643    -.1382685    .2238056
          M_10 |   .7085832   .0634242    11.17   0.000     .5842741    .8328923
      urban_10 |  -.0672132   .0714267    -0.94   0.347    -.2072069    .0727805
       EF29_10 |   .0431702   .0410536     1.05   0.293    -.0372934    .1236339
    monthly_10 |  -.0000303   8.27e-06    -3.67   0.000    -.0000465   -.0000141
        age_10 |   .0061973   .0020767     2.98   0.003      .002127    .0102677
        edu_10 |   .0190492   .0532117     0.36   0.720    -.0852438    .1233422
       cons_10 |   -3.39768   .2833908   -11.99   0.000    -3.953116   -2.842244
         p1_11 |  -.0686369   .4009866    -0.17   0.864    -.8545562    .7172824
         p2_11 |  -.1067252   .2964796    -0.36   0.719    -.6878145     .474364
         p3_11 |  -.4317661   .1642397    -2.63   0.009    -.7536701   -.1098621
         p4_11 |   -.536625   .6284982    -0.85   0.393    -1.768459     .695209
         p5_11 |   .0835333   .0603566     1.38   0.166    -.0347635    .2018301
         p6_11 |   -.728514   .5748684    -1.27   0.205    -1.855235    .3982073
         p7_11 |    .081936   .1642895     0.50   0.618    -.2400656    .4039375
         p8_11 |  -.2205468   .2263199    -0.97   0.330    -.6641257    .2230321
         p9_11 |   .1213407   .2535533     0.48   0.632    -.3756147    .6182961
        p10_11 |   .4609766   .7620643     0.60   0.545    -1.032642    1.954595
        p11_11 |   .2873546   .0952103     3.02   0.003     .1007459    .4739632
        p12_11 |  -.3006616   .1500997    -2.00   0.045    -.5948516   -.0064716
        p13_11 |  -.2908151   .2532125    -1.15   0.251    -.7871025    .2054723
        p14_11 |   -.846115   1.537733    -0.55   0.582    -3.860017    2.167787
        p15_11 |   .1054581   .1570786     0.67   0.502    -.2024103    .4133266
          M_11 |   .7266503   .0727368     9.99   0.000     .5840886    .8692119
      urban_11 |   .0240952   .0667403     0.36   0.718    -.1067134    .1549037
       EF29_11 |  -.0103557   .0489635    -0.21   0.832    -.1063224     .085611
    monthly_11 |  -5.99e-06   7.76e-06    -0.77   0.440    -.0000212    9.22e-06
        age_11 |   .0056043   .0022474     2.49   0.013     .0011994    .0100092
        edu_11 |  -.1044227   .0660524    -1.58   0.114     -.233883    .0250377
       cons_11 |  -3.109152    .341098    -9.12   0.000    -3.777692   -2.440612
         p1_12 |   .0025116   .3929775     0.01   0.995    -.7677102    .7727335
         p2_12 |  -.5925964   .3030362    -1.96   0.051    -1.186536    .0013436
         p3_12 |   -.290308   .2755419    -1.05   0.292    -.8303602    .2497443
         p4_12 |  -1.536469   .9370707    -1.64   0.101    -3.373094    .3001553
         p5_12 |  -.1519832   .0876667    -1.73   0.083    -.3238067    .0198404
         p6_12 |  -.1355746   .7415203    -0.18   0.855    -1.588928    1.317778
         p7_12 |  -.0506244   .2212159    -0.23   0.819    -.4841996    .3829509
         p8_12 |  -.0585937   .2235981    -0.26   0.793     -.496838    .3796505
         p9_12 |  -.3654811   .2479657    -1.47   0.141     -.851485    .1205227
        p10_12 |   1.969757   .9587671     2.05   0.040     .0906075    3.848906
        p11_12 |    .007162    .152392     0.05   0.963     -.291521    .3058449
        p12_12 |   .1173632   .1057555     1.11   0.267    -.0899138    .3246403
        p13_12 |   .0736598   .3552608     0.21   0.836    -.6226386    .7699583
        p14_12 |    1.42598   1.904314     0.75   0.454    -2.306407    5.158367
        p15_12 |   .0736945   .2039872     0.36   0.718    -.3261131    .4735022
          M_12 |   .6057487   .0594653    10.19   0.000     .4891988    .7222986
      urban_12 |  -.0840569    .088273    -0.95   0.341    -.2570688    .0889549
       EF29_12 |   .0474568   .0518458     0.92   0.360    -.0541591    .1490727
    monthly_12 |  -8.78e-06   .0000143    -0.62   0.538    -.0000368    .0000192
        age_12 |   .0115811    .002957     3.92   0.000     .0057856    .0173767
        edu_12 |   .0441682   .0716577     0.62   0.538    -.0962783    .1846146
       cons_12 |  -2.397433   .3202349    -7.49   0.000    -3.025082   -1.769785
         p1_13 |   .0828693    13.2625     0.01   0.995    -25.91115    26.07689
         p2_13 |  -5.815348    101.186    -0.06   0.954    -204.1363    192.5056
         p3_13 |   1.975407   21.23382     0.09   0.926    -39.64211    43.59292
         p4_13 |   2.110597   86.38126     0.02   0.981    -167.1936    171.4147
         p5_13 |   .7798201   10.08099     0.08   0.938    -18.97856     20.5382
         p6_13 |  -2.077081   39.85673    -0.05   0.958    -80.19484    76.04068
         p7_13 |   1.313157   12.33992     0.11   0.915    -22.87265    25.49896
         p8_13 |   .8513173   21.97328     0.04   0.969    -42.21552    43.91815
         p9_13 |  -3.772713   9.582194    -0.39   0.694    -22.55347    15.00804
        p10_13 |  -2.690918   97.49345    -0.03   0.978    -193.7746    188.3927
        p11_13 |  -.4539878   2.651122    -0.17   0.864    -5.650091    4.742116
        p12_13 |   -1.20143   4.576271    -0.26   0.793    -10.17076    7.767896
        p13_13 |  -.4733163   11.43323    -0.04   0.967    -22.88203    21.93539
        p14_13 |  -6.994746   73.62725    -0.10   0.924    -151.3015     137.312
        p15_13 |  -.1274874   1.792244    -0.07   0.943    -3.640221    3.385246
          M_13 |   1.531109   19.99615     0.08   0.939    -37.66063    40.72285
      urban_13 |   .0545514    11.0706     0.00   0.996    -21.64342    21.75252
       EF29_13 |   -.342079   8.377847    -0.04   0.967    -16.76236     16.0782
    monthly_13 |    .000383   .0010002     0.38   0.702    -.0015773    .0023434
        age_13 |  -.0101644   .3885634    -0.03   0.979    -.7717346    .7514059
        edu_13 |  -.5570761   3.709096    -0.15   0.881    -7.826771    6.712619
       cons_13 |  -3.787475   43.02545    -0.09   0.930    -88.11582    80.54087
         p1_14 |  -1.166665   .6452872    -1.81   0.071    -2.431405    .0980747
         p2_14 |   1.083869   .5420799     2.00   0.046     .0214116    2.146326
         p3_14 |  -.2156251   .5957504    -0.36   0.717    -1.383274    .9520243
         p4_14 |  -1.685871   .8488292    -1.99   0.047    -3.349545   -.0221959
         p5_14 |  -.1668286   .1733203    -0.96   0.336    -.5065302    .1728729
         p6_14 |  -1.262853   1.338549    -0.94   0.345    -3.886361    1.360655
         p7_14 |    .025472    .560693     0.05   0.964    -1.073466     1.12441
         p8_14 |  -.4943628   .5730537    -0.86   0.388    -1.617527    .6288019
         p9_14 |  -.8151395   .6846464    -1.19   0.234    -2.157022    .5267428
        p10_14 |   1.369882    1.67246     0.82   0.413     -1.90808    4.647844
        p11_14 |   .2293069   .2249297     1.02   0.308    -.2115472     .670161
        p12_14 |   .3150057   .4029805     0.78   0.434    -.4748215    1.104833
        p13_14 |    .407045   .6506526     0.63   0.532    -.8682106    1.682301
        p14_14 |    2.70498    2.53635     1.07   0.286    -2.266174    7.676135
        p15_14 |  -.0245247   .3225174    -0.08   0.939    -.6566472    .6075978
          M_14 |   .8955373    .152747     5.86   0.000     .5961587    1.194916
      urban_14 |  -.2301738   .1799478    -1.28   0.201     -.582865    .1225174
       EF29_14 |   .0563469   .1240442     0.45   0.650    -.1867753     .299469
    monthly_14 |  -7.03e-06   .0000296    -0.24   0.812     -.000065     .000051
        age_14 |  -.0118408   .0055914    -2.12   0.034    -.0227997   -.0008818
        edu_14 |  -.0554396   .1787397    -0.31   0.756     -.405763    .2948838
       cons_14 |  -1.374406   .5220199    -2.63   0.008    -2.397546   -.3512661
         p1_15 |     .08753   .3579749     0.24   0.807    -.6140879    .7891478
         p2_15 |   -.009183    .263911    -0.03   0.972     -.526439    .5080731
         p3_15 |  -.3559564   .2026124    -1.76   0.079    -.7530694    .0411565
         p4_15 |   1.074118   .7893985     1.36   0.174    -.4730751     2.62131
         p5_15 |  -.0804497   .0715255    -1.12   0.261    -.2206372    .0597377
         p6_15 |  -.1239543   .5534653    -0.22   0.823    -1.208726    .9608178
         p7_15 |   .1726307    .139526     1.24   0.216    -.1008353    .4460966
         p8_15 |  -.1541454   .1686563    -0.91   0.361    -.4847057    .1764149
         p9_15 |   .0688314   .3086758     0.22   0.824     -.536162    .6738248
        p10_15 |  -.7309545   .8390889    -0.87   0.384    -2.375538    .9136295
        p11_15 |   .1460245   .1029202     1.42   0.156    -.0556953    .3477443
        p12_15 |   .0614273   .1483294     0.41   0.679    -.2292929    .3521476
        p13_15 |  -.8691111   .2319818    -3.75   0.000    -1.323787   -.4144351
        p14_15 |  -.4972849   1.774225    -0.28   0.779    -3.974701    2.980131
        p15_15 |   .6564615   .0918318     7.15   0.000     .4764745    .8364484
          M_15 |   .7740322   .0515428    15.02   0.000     .6730101    .8750543
      urban_15 |   .0508938   .0555412     0.92   0.359     -.057965    .1597527
       EF29_15 |  -.0210893   .0658754    -0.32   0.749    -.1502028    .1080241
    monthly_15 |   3.44e-06   .0000139     0.25   0.805    -.0000238    .0000307
        age_15 |  -.0206504   .0025139    -8.21   0.000    -.0255775   -.0157232
        edu_15 |  -.0296398   .0597508    -0.50   0.620    -.1467491    .0874696
       cons_15 |  -1.966804   .2397716    -8.20   0.000    -2.436747    -1.49686
---------------+----------------------------------------------------------------
ELAS_INC       |
           e_1 |   .7028642   .1212989     5.79   0.000     .4651228    .9406056
           e_2 |   1.103152   .0716732    15.39   0.000     .9626754    1.243629
           e_3 |   .8338183    .086361     9.66   0.000     .6645539    1.003083
           e_4 |   1.091063   .1077394    10.13   0.000     .8798973    1.302228
           e_5 |   1.310683   .1223224    10.71   0.000     1.070935    1.550431
           e_6 |   1.046242   .1018705    10.27   0.000     .8465793    1.245904
           e_7 |   1.229278     .04442    27.67   0.000     1.142216    1.316339
           e_8 |   1.177532   .0533877    22.06   0.000     1.072894     1.28217
           e_9 |   1.134198    .128991     8.79   0.000     .8813807    1.387016
          e_10 |   1.099359    .064943    16.93   0.000     .9720734    1.226645
          e_11 |   .9885936   .0639533    15.46   0.000     .8632475     1.11394
          e_12 |   .9331735   .0652943    14.29   0.000      .805199    1.061148
          e_13 |    .844295   4.710213     0.18   0.858    -8.387552    10.07614
          e_14 |   1.134825   .1618432     7.01   0.000     .8176183    1.452032
          e_15 |   1.072084    .056928    18.83   0.000     .9605072    1.183661
---------------+----------------------------------------------------------------
ELAS_UNCOMP    |
         e_1_1 |  -.9956918   .1730676    -5.75   0.000    -1.334898   -.6564856
         e_2_1 |    .295335   .1622165     1.82   0.069    -.0226036    .6132735
         e_3_1 |   .1700388   .1292959     1.32   0.188    -.0833765    .4234541
         e_4_1 |    .221812   .1885425     1.18   0.239    -.1477246    .5913486
         e_5_1 |   .3409773   .1537079     2.22   0.027     .0397153    .6422393
         e_6_1 |   .3825998   .1748583     2.19   0.029     .0398839    .7253158
         e_7_1 |   .1752582   .1576132     1.11   0.266    -.1336579    .4841744
         e_8_1 |   .4243275   .2523856     1.68   0.093    -.0703392    .9189942
         e_9_1 |    .343585    .160107     2.15   0.032      .029781     .657389
        e_10_1 |   .3187091   .1275668     2.50   0.012     .0686828    .5687353
        e_11_1 |   .4607015   .1826872     2.52   0.012     .1026411    .8187619
        e_12_1 |   .4696519   .2507066     1.87   0.061    -.0217241    .9610279
        e_13_1 |   .4049236   .2515172     1.61   0.107     -.088041    .8978882
        e_14_1 |   .6330032   .3332268     1.90   0.057    -.0201093    1.286116
        e_15_1 |   .4530581   .1519751     2.98   0.003     .1551923    .7509239
         e_1_2 |    .019136    .260445     0.07   0.941    -.4913268    .5295989
         e_2_2 |  -.9337278   .1332279    -7.01   0.000     -1.19485   -.6726059
         e_3_2 |  -.0458217   .1128596    -0.41   0.685    -.2670226    .1753791
         e_4_2 |  -.1287921   .1698284    -0.76   0.448    -.4616497    .2040655
         e_5_2 |   .0789088   .0852181     0.93   0.354    -.0881157    .2459333
         e_6_2 |   .0607087   .0931681     0.65   0.515    -.1218974    .2433147
         e_7_2 |  -.1217109   .0892232    -1.36   0.173    -.2965852    .0531634
         e_8_2 |   .1010852   .1299752     0.78   0.437    -.1536615     .355832
         e_9_2 |   .1044843    .061388     1.70   0.089    -.0158339    .2248026
        e_10_2 |   .0305848   .1207006     0.25   0.800     -.205984    .2671536
        e_11_2 |   .1012411   .0997055     1.02   0.310    -.0941781    .2966603
        e_12_2 |   .1458353   .1539145     0.95   0.343    -.1558316    .4475021
        e_13_2 |   .0154001   .2108272     0.07   0.942    -.3978136    .4286137
        e_14_2 |    .323701   .2578336     1.26   0.209    -.1816436    .8290455
        e_15_2 |   .1340498   .0842027     1.59   0.111    -.0309844     .299084
         e_1_3 |  -.0890052   .1355827    -0.66   0.512    -.3547424     .176732
         e_2_3 |   .0399083   .1090839     0.37   0.714    -.1738923    .2537088
         e_3_3 |  -.9081299   .1174177    -7.73   0.000    -1.138264   -.6779953
         e_4_3 |   .0435915   .1047086     0.42   0.677    -.1616335    .2488165
         e_5_3 |   .0460408   .0927411     0.50   0.620    -.1357283      .22781
         e_6_3 |   .1162618    .102705     1.13   0.258    -.0850362    .3175598
         e_7_3 |  -.0280541   .0803125    -0.35   0.727    -.1854637    .1293556
         e_8_3 |    .112294   .1474763     0.76   0.446    -.1767541    .4013422
         e_9_3 |   .0878963   .0855243     1.03   0.304    -.0797282    .2555208
        e_10_3 |   .0416132   .1318828     0.32   0.752    -.2168724    .3000988
        e_11_3 |   .1333453   .0968723     1.38   0.169    -.0565209    .3232115
        e_12_3 |    .218925   .1691883     1.29   0.196     -.112678    .5505279
        e_13_3 |   .1747247    .191283     0.91   0.361     -.200183    .5496324
        e_14_3 |   .2354757   .2061786     1.14   0.253     -.168627    .6395783
        e_15_3 |    .152121   .0903991     1.68   0.092     -.025058    .3292999
         e_1_4 |   .0859789   .2672604     0.32   0.748    -.4378419    .6097997
         e_2_4 |   -.133317   .2387246    -0.56   0.577    -.6012086    .3345745
         e_3_4 |  -.1072572   .1302956    -0.82   0.410    -.3626318    .1481175
         e_4_4 |  -1.312493   .5535346    -2.37   0.018    -2.397401    -.227585
         e_5_4 |   .0248549   .1245644     0.20   0.842    -.2192869    .2689967
         e_6_4 |   .0176191    .190305     0.09   0.926    -.3553718      .39061
         e_7_4 |  -.0221133   .1832349    -0.12   0.904    -.3812471    .3370206
         e_8_4 |   .0270553   .2097762     0.13   0.897    -.3840985    .4382091
         e_9_4 |   .2670605   .1850258     1.44   0.149    -.0955833    .6297044
        e_10_4 |  -.1543395   .3107027    -0.50   0.619    -.7633056    .4546267
        e_11_4 |   .1508426   .1551893     0.97   0.331    -.1533228    .4550081
        e_12_4 |   .1453346   .2367953     0.61   0.539    -.3187756    .6094449
        e_13_4 |    .106735   .2170996     0.49   0.623    -.3187724    .5322425
        e_14_4 |   .2549027   .6749929     0.38   0.706    -1.068059    1.577864
        e_15_4 |   .2574671   .1591212     1.62   0.106    -.0544047     .569339
         e_1_5 |   .1823913   .3057551     0.60   0.551    -.4168777    .7816602
         e_2_5 |   .1159355   .1666312     0.70   0.487    -.2106556    .4425266
         e_3_5 |  -.2477996   .2069901    -1.20   0.231    -.6534927    .1578934
         e_4_5 |  -.0719445   .1944258    -0.37   0.711     -.453012     .309123
         e_5_5 |  -.8512207     .07578   -11.23   0.000    -.9997469   -.7026946
         e_6_5 |  -.1197606   .1451151    -0.83   0.409    -.4041809    .1646598
         e_7_5 |  -.0597778   .1267714    -0.47   0.637    -.3082453    .1886896
         e_8_5 |  -.3124933   .1551303    -2.01   0.044    -.6165431   -.0084434
         e_9_5 |    .058215   .1057861     0.55   0.582     -.149122     .265552
        e_10_5 |   .0617113   .1518924     0.41   0.685    -.2359922    .3594149
        e_11_5 |  -.0572243   .0683912    -0.84   0.403    -.1912685      .07682
        e_12_5 |  -.0676713   .1080185    -0.63   0.531    -.2793836     .144041
        e_13_5 |    .094513   .3043138     0.31   0.756    -.5019312    .6909572
        e_14_5 |  -.1175652   .5382036    -0.22   0.827    -1.172425    .9372945
        e_15_5 |  -.0375191   .0624162    -0.60   0.548    -.1598525    .0848143
         e_1_6 |   .2847048   .3460257     0.82   0.411    -.3934931    .9629028
         e_2_6 |   .0094358    .156127     0.06   0.952    -.2965675    .3154391
         e_3_6 |   .1698779    .175176     0.97   0.332    -.1734608    .5132166
         e_4_6 |   .1228216   .3441791     0.36   0.721     -.551757    .7974002
         e_5_6 |  -.0258773   .0628942    -0.41   0.681    -.1491476     .097393
         e_6_6 |   -.243756   .2802365    -0.87   0.384    -.7930094    .3054973
         e_7_6 |   .1173921    .129894     0.90   0.366    -.1371954    .3719796
         e_8_6 |  -.1360012   .1151962    -1.18   0.238    -.3617817    .0897793
         e_9_6 |  -.0258758   .1212381    -0.21   0.831    -.2634981    .2117465
        e_10_6 |   .1383504   .2619286     0.53   0.597    -.3750203     .651721
        e_11_6 |  -.0630501   .0734992    -0.86   0.391     -.207106    .0810057
        e_12_6 |  -.0876481   .1380443    -0.63   0.525      -.35821    .1829137
        e_13_6 |   .0134437    .277828     0.05   0.961    -.5310891    .5579764
        e_14_6 |  -.4095948   .5999508    -0.68   0.495    -1.585477    .7662871
        e_15_6 |  -.0439618   .1074259    -0.41   0.682    -.2545127    .1665891
         e_1_7 |   -.208538   .1132943    -1.84   0.066    -.4305907    .0135147
         e_2_7 |  -.1234893   .0795325    -1.55   0.120    -.2793702    .0323916
         e_3_7 |   -.154107   .0814362    -1.89   0.058     -.313719     .005505
         e_4_7 |  -.0116414   .0925966    -0.13   0.900    -.1931274    .1698446
         e_5_7 |  -.0011745   .0612801    -0.02   0.985    -.1212814    .1189324
         e_6_7 |   .0298719   .0792719     0.38   0.706    -.1254981    .1852419
         e_7_7 |  -.6653582   .0535174   -12.43   0.000    -.7702504   -.5604661
         e_8_7 |   .0303991   .0971109     0.31   0.754    -.1599347    .2207328
         e_9_7 |   .0016782   .0649272     0.03   0.979    -.1255767    .1289331
        e_10_7 |   .2429939    .097316     2.50   0.013      .052258    .4337297
        e_11_7 |   -.030924   .0833809    -0.37   0.711    -.1943475    .1324994
        e_12_7 |   .0168294   .1183642     0.14   0.887    -.2151602    .2488189
        e_13_7 |  -.0499929   .1230187    -0.41   0.684     -.291105    .1911193
        e_14_7 |   .0470817   .2463955     0.19   0.848    -.4358446     .530008
        e_15_7 |   .0030204   .0784816     0.04   0.969    -.1508008    .1568416
         e_1_8 |   .0422262   .1578101     0.27   0.789    -.2670758    .3515283
         e_2_8 |   .0056477   .0983117     0.06   0.954    -.1870396     .198335
         e_3_8 |   .0207885   .1074317     0.19   0.847    -.1897739    .2313508
         e_4_8 |   .0031878   .0893099     0.04   0.972    -.1718563    .1782319
         e_5_8 |  -.0115751    .067501    -0.17   0.864    -.1438746    .1207244
         e_6_8 |  -.0254008   .0706732    -0.36   0.719    -.1639179    .1131162
         e_7_8 |   .0837692   .0989289     0.85   0.397    -.1101279    .2776664
         e_8_8 |  -.9557903   .0619909   -15.42   0.000     -1.07729   -.8342904
         e_9_8 |   .0594578   .0679114     0.88   0.381    -.0736461    .1925617
        e_10_8 |   .0817701   .0963055     0.85   0.396    -.1069852    .2705254
        e_11_8 |  -.0005021   .0706481    -0.01   0.994    -.1389698    .1379656
        e_12_8 |  -.0792889   .0612262    -1.30   0.195      -.19929    .0407122
        e_13_8 |  -.0285881   .1318165    -0.22   0.828    -.2869438    .2297675
        e_14_8 |   -.048575   .1074957    -0.45   0.651    -.2592627    .1621126
        e_15_8 |   .0386334     .06769     0.57   0.568    -.0940366    .1713034
         e_1_9 |   .1251091   .1589144     0.79   0.431    -.1863573    .4365755
         e_2_9 |   .1246941   .1279215     0.97   0.330    -.1260275    .3754157
         e_3_9 |  -.0313742   .1617002    -0.19   0.846    -.3483008    .2855525
         e_4_9 |    .376421   .2597373     1.45   0.147    -.1326547    .8854968
         e_5_9 |   .0406473   .0427209     0.95   0.341    -.0430842    .1243787
         e_6_9 |   .0685511   .1591767     0.43   0.667    -.2434295    .3805316
         e_7_9 |   .1039282   .1086631     0.96   0.339    -.1090475     .316904
         e_8_9 |   .0529049   .0849445     0.62   0.533    -.1135832    .2193931
         e_9_9 |  -.8601408   .0847569   -10.15   0.000    -1.026261   -.6940204
        e_10_9 |  -.0291989   .2601055    -0.11   0.911    -.5389963    .4805986
        e_11_9 |  -.0423886   .0539856    -0.79   0.432    -.1481983    .0634212
        e_12_9 |  -.1117069   .0945723    -1.18   0.238    -.2970651    .0736514
        e_13_9 |  -.0225349   .2174941    -0.10   0.917    -.4488154    .4037456
        e_14_9 |  -.4312326   .4124896    -1.05   0.296    -1.239697    .3772322
        e_15_9 |    .043707   .0781978     0.56   0.576    -.1095579    .1969719
        e_1_10 |  -.1141596   .1841949    -0.62   0.535     -.475175    .2468557
        e_2_10 |  -.0049338   .1154615    -0.04   0.966    -.2312342    .2213666
        e_3_10 |  -.1034741   .1681305    -0.62   0.538    -.4330037    .2260556
        e_4_10 |  -.1816203   .2560551    -0.71   0.478    -.6834791    .3202385
        e_5_10 |   .0044283   .0530583     0.08   0.933    -.0995641    .1084207
        e_6_10 |   .0513132   .1068511     0.48   0.631    -.1581111    .2607376
        e_7_10 |   .2242724   .1159182     1.93   0.053    -.0029232     .451468
        e_8_10 |   .0214682   .1305058     0.16   0.869    -.2343185     .277255
        e_9_10 |  -.1008047   .1301627    -0.77   0.439     -.355919    .1543096
       e_10_10 |   .1019156   .3147053     0.32   0.746    -.5148954    .7187266
       e_11_10 |  -.0171648   .0565288    -0.30   0.761    -.1279592    .0936296
       e_12_10 |  -.0924538     .14936    -0.62   0.536    -.3851941    .2002864
       e_13_10 |  -.0303461   .2291193    -0.13   0.895    -.4794116    .4187194
       e_14_10 |  -.2301171    .374423    -0.61   0.539    -.9639727    .5037385
       e_15_10 |   .0317792   .0841251     0.38   0.706     -.133103    .1966614
        e_1_11 |   .6840327   .3102911     2.20   0.027     .0758734    1.292192
        e_2_11 |   .1198875   .1596846     0.75   0.453    -.1930885    .4328635
        e_3_11 |   .1953574   .1978374     0.99   0.323    -.1923968    .5831117
        e_4_11 |   .1515313   .1920191     0.79   0.430    -.2248191    .5278818
        e_5_11 |   .0331875   .0571468     0.58   0.561    -.0788181    .1451932
        e_6_11 |  -.1002339   .1187982    -0.84   0.399     -.333074    .1326062
        e_7_11 |  -.0111952   .1814471    -0.06   0.951     -.366825    .3444346
        e_8_11 |   .0192834   .1240177     0.16   0.876    -.2237869    .2623536
        e_9_11 |   .0435633   .1012157     0.43   0.667    -.1548159    .2419425
       e_10_11 |   .0727427   .2055644     0.35   0.723    -.3301561    .4756414
       e_11_11 |  -.7024762   .0877008    -8.01   0.000    -.8743667   -.5305857
       e_12_11 |  -.1123553   .1067768    -1.05   0.293    -.3216339    .0969233
       e_13_11 |  -.5561338   .2829069    -1.97   0.049    -1.110621   -.0016465
       e_14_11 |   -.312759   .3938867    -0.79   0.427    -1.084763    .4592448
       e_15_11 |   .0115548   .0891359     0.13   0.897    -.1631483     .186258
        e_1_12 |   .3814753   .4566936     0.84   0.404    -.5136276    1.276578
        e_2_12 |   .2211426   .2587537     0.85   0.393    -.2860053    .7282906
        e_3_12 |    .371791   .3503504     1.06   0.289    -.3148832    1.058465
        e_4_12 |   .2197811   .2798965     0.79   0.432     -.328806    .7683682
        e_5_12 |   .1272638   .1945389     0.65   0.513    -.2540254    .5085531
        e_6_12 |   .1081441   .1788069     0.60   0.545     -.242311    .4585991
        e_7_12 |   .1971019   .2955945     0.67   0.505    -.3822527    .7764565
        e_8_12 |  -.0489218   .1636188    -0.30   0.765    -.3696087    .2717651
        e_9_12 |   .1027897   .2014519     0.51   0.610    -.2920488    .4976282
       e_10_12 |   .0297444   .2552961     0.12   0.907    -.4706268    .5301157
       e_11_12 |   .0735857    .184006     0.40   0.689    -.2870594    .4342308
       e_12_12 |  -.8860189   .0639781   -13.85   0.000    -1.011414   -.7606241
       e_13_12 |   .0354753   .3113679     0.11   0.909    -.5747945    .6457452
       e_14_12 |  -.0685518   .2595555    -0.26   0.792    -.5772712    .4401676
       e_15_12 |    .079861   .1805432     0.44   0.658    -.2739972    .4337192
        e_1_13 |   -.004905   2.757211    -0.00   0.999    -5.408939    5.399129
        e_2_13 |   .3172192   23.44622     0.01   0.989    -45.63653    46.27097
        e_3_13 |    -.08403   4.478822    -0.02   0.985    -8.862361    8.694301
        e_4_13 |  -.0978493   19.65713    -0.00   0.996    -38.62512    38.42942
        e_5_13 |  -.0194525   2.349973    -0.01   0.993    -4.625314    4.586409
        e_6_13 |    .123322   9.174731     0.01   0.989    -17.85882    18.10546
        e_7_13 |   -.065231   2.609283    -0.02   0.980    -5.179331    5.048869
        e_8_13 |  -.0383883   4.894761    -0.01   0.994    -9.631944    9.555168
        e_9_13 |   .2137502    1.01294     0.21   0.833    -1.771575    2.199076
       e_10_13 |   .1534729    21.8733     0.01   0.994     -42.7174    43.02435
       e_11_13 |  -.0181053   .5485879    -0.03   0.974    -1.093318    1.057107
       e_12_13 |   .0606667   .8424393     0.07   0.943    -1.590484    1.711817
       e_13_13 |  -.8617464   2.577147    -0.33   0.738    -5.912862    4.189369
       e_14_13 |   .4552431   16.36369     0.03   0.978      -31.617    32.52748
       e_15_13 |  -.0445505   .1807918    -0.25   0.805    -.3988958    .3097949
        e_1_14 |    .464957   .3131939     1.48   0.138    -.1488917    1.078806
        e_2_14 |   .2782797    .226518     1.23   0.219    -.1656875    .7222468
        e_3_14 |   .3431133   .2616978     1.31   0.190     -.169805    .8560315
        e_4_14 |   .3708306    .325127     1.14   0.254    -.2664066    1.008068
        e_5_14 |   .2297212   .1767241     1.30   0.194    -.1166517    .5760942
        e_6_14 |    .151315   .1802041     0.84   0.401    -.2018786    .5045085
        e_7_14 |   .2777612   .2368962     1.17   0.241    -.1865468    .7420692
        e_8_14 |   .1898598   .1812745     1.05   0.295    -.1654317    .5451514
        e_9_14 |   .1384936   .1980742     0.70   0.484    -.2497246    .5267119
       e_10_14 |   .0669831   .2354882     0.28   0.776    -.3945654    .5285316
       e_11_14 |   .1451893   .1792913     0.81   0.418    -.2062151    .4965937
       e_12_14 |   .1065059   .1868136     0.57   0.569     -.259642    .4726537
       e_13_14 |   .2402894   .2941822     0.82   0.414    -.3362972    .8168759
       e_14_14 |  -1.125889   .3396596    -3.31   0.001    -1.791609   -.4601683
       e_15_14 |   .0554851   .1987887     0.28   0.780    -.3341336    .4451039
        e_1_15 |   .4794054   .2132908     2.25   0.025      .061363    .8974477
        e_2_15 |   .1938221   .1024714     1.89   0.059    -.0070181    .3946623
        e_3_15 |   .2104716   .1913916     1.10   0.271    -.1646491    .5855922
        e_4_15 |   .5060207   .2613345     1.94   0.053    -.0061856    1.018227
        e_5_15 |   .0350548    .044677     0.78   0.433    -.0525105    .1226201
        e_6_15 |   .0085507   .1143384     0.07   0.940    -.2155484    .2326498
        e_7_15 |   .1060117   .1274484     0.83   0.406    -.1437825    .3558059
        e_8_15 |   .1624027   .0987844     1.64   0.100    -.0312113    .3560166
        e_9_15 |   .1102554   .0808558     1.36   0.173    -.0482191    .2687299
       e_10_15 |  -.0342848   .2052884    -0.17   0.867    -.4366427    .3680731
       e_11_15 |     .04434    .053644     0.83   0.408    -.0608003    .1494803
       e_12_15 |  -.0149995   .1094383    -0.14   0.891    -.2294947    .1994957
       e_13_15 |  -.6083882   .2314663    -2.63   0.009    -1.062054   -.1547226
       e_14_15 |  -.6581138   .3472011    -1.90   0.058    -1.338615    .0223877
       e_15_15 |  -.6437266   .1154417    -5.58   0.000    -.8699882   -.4174649
---------------+----------------------------------------------------------------
ELAS_COMP      |
         e_1_1 |  -.9191191   .1766622    -5.20   0.000    -1.265371   -.5728675
         e_2_1 |   .3243332   .1598108     2.03   0.042     .0111099    .6375565
         e_3_1 |   .2414898   .1275584     1.89   0.058      -.00852    .4914997
         e_4_1 |   .2436532   .1886795     1.29   0.197    -.1261518    .6134583
         e_5_1 |   .3489135   .1528425     2.28   0.022     .0493478    .6484792
         e_6_1 |   .3915781    .173897     2.25   0.024     .0507462      .73241
         e_7_1 |   .2277709   .1557263     1.46   0.144     -.077447    .5329887
         e_8_1 |   .5256291   .2430407     2.16   0.031     .0492781     1.00198
         e_9_1 |   .3546047   .1589843     2.23   0.026     .0430012    .6662083
        e_10_1 |   .3407243   .1255645     2.71   0.007     .0946224    .5868262
        e_11_1 |   .6987282    .309085     2.26   0.024     .0929328    1.304524
        e_12_1 |   .1526657   .1572597     0.97   0.332    -.1555578    .4608891
        e_13_1 |    .339403   .1991558     1.70   0.088    -.0509351    .7297411
        e_14_1 |   .2402181   .1863032     1.29   0.197    -.1249294    .6053656
        e_15_1 |   .0532188   .0575609     0.92   0.355    -.0595985    .1660361
         e_1_2 |   .1393177   .2589881     0.54   0.591    -.3682896    .6469251
         e_2_2 |  -.8882147    .132658    -6.70   0.000     -1.14822   -.6282099
         e_3_2 |   .0663214   .1116578     0.59   0.553    -.1525239    .2851667
         e_4_2 |  -.0945121   .1695612    -0.56   0.577     -.426846    .2378218
         e_5_2 |   .0913647   .0849235     1.08   0.282    -.0750824    .2578118
         e_6_2 |   .0748001   .0928587     0.81   0.421    -.1071996    .2567997
         e_7_2 |  -.0392918   .0879053    -0.45   0.655     -.211583    .1329994
         e_8_2 |   .2600792   .1281296     2.03   0.042     .0089498    .5112086
         e_9_2 |   .1217799    .061098     1.99   0.046       .00203    .2415297
        e_10_2 |   .0651379   .1206618     0.54   0.589    -.1713549    .3016307
        e_11_2 |   .1243058    .099163     1.25   0.210    -.0700501    .3186618
        e_12_2 |   .1972809   .1523729     1.29   0.195    -.1013644    .4959262
        e_13_2 |    .241481   .2051675     1.18   0.239      -.16064     .643602
        e_14_2 |   .4628958   .2586556     1.79   0.074    -.0440599    .9698515
        e_15_2 |    .165489   .0840107     1.97   0.049     .0008311     .330147
         e_1_3 |   .0018342   .1361389     0.01   0.989    -.2649931    .2686616
         e_2_3 |   .0743093   .1076564     0.69   0.490    -.1366934     .285312
         e_3_3 |  -.8233664   .1197576    -6.88   0.000    -1.058087   -.5886458
         e_4_3 |   .0695021   .1032893     0.67   0.501    -.1329412    .2719454
         e_5_3 |   .0554556   .0922993     0.60   0.548    -.1254476    .2363589
         e_6_3 |   .1269128   .1023086     1.24   0.215    -.0736084    .3274341
         e_7_3 |   .0342425   .0792695     0.43   0.666    -.1211228    .1896078
         e_8_3 |   .2324697   .1430056     1.63   0.104    -.0478161    .5127555
         e_9_3 |   .1009692   .0848664     1.19   0.234    -.0653659    .2673042
        e_10_3 |   .0677301   .1312247     0.52   0.606    -.1894655    .3249257
        e_11_3 |   .1507788   .0959982     1.57   0.116    -.0373742    .3389318
        e_12_3 |   .2578101   .1674896     1.54   0.124    -.0704634    .5860837
        e_13_3 |   .3456081   .1783682     1.94   0.053     -.003987    .6952033
        e_14_3 |   .3406862   .2060677     1.65   0.098    -.0631991    .7445715
        e_15_3 |   .1758843   .0897116     1.96   0.050     .0000527    .3517159
         e_1_4 |   .2048435   .2622078     0.78   0.435    -.3090744    .7187614
         e_2_4 |  -.0883028   .2386327    -0.37   0.711    -.5560143    .3794087
         e_3_4 |    .003657   .1262712     0.03   0.977    -.2438299     .251144
         e_4_4 |  -1.278588   .5553741    -2.30   0.021    -2.367102   -.1900753
         e_5_4 |   .0371743   .1242796     0.30   0.765    -.2064092    .2807578
         e_6_4 |   .0315561   .1907052     0.17   0.869    -.3422192    .4053314
         e_7_4 |   .0594026   .1840479     0.32   0.747    -.3013247    .4201299
         e_8_4 |   .1843068   .2059656     0.89   0.371    -.2193783    .5879919
         e_9_4 |   .2841665   .1843948     1.54   0.123    -.0772407    .6455737
        e_10_4 |  -.1201651   .3097519    -0.39   0.698    -.7272676    .4869375
        e_11_4 |   .1736546   .1545315     1.12   0.261    -.1292215    .4765307
        e_12_4 |   .1962164   .2351118     0.83   0.404    -.2645941     .657027
        e_13_4 |   .3303383   .2208817     1.50   0.135    -.1025819    .7632586
        e_14_4 |   .3925721   .6684392     0.59   0.557    -.9175447    1.702689
        e_15_4 |   .2885618   .1583148     1.82   0.068    -.0217295    .5988532
         e_1_5 |   .3251822   .3059891     1.06   0.288    -.2745455    .9249098
         e_2_5 |   .1700107   .1654261     1.03   0.304    -.1542185    .4942399
         e_3_5 |  -.1145595   .2131585    -0.54   0.591    -.5323426    .3032235
         e_4_5 |  -.0312155   .1934422    -0.16   0.872    -.4103553    .3479243
         e_5_5 |  -.8364215   .0756603   -11.05   0.000     -.984713   -.6881301
         e_6_5 |  -.1030182   .1453802    -0.71   0.479    -.3879582    .1819218
         e_7_5 |   .0381464   .1288961     0.30   0.767    -.2144852    .2907781
         e_8_5 |  -.1235886    .147591    -0.84   0.402    -.4128617    .1656846
         e_9_5 |   .0787643   .1066777     0.74   0.460    -.1303202    .2878488
        e_10_5 |   .1027647   .1511551     0.68   0.497    -.1934939    .3990234
        e_11_5 |  -.0298205   .0676258    -0.44   0.659    -.1623647    .1027237
        e_12_5 |  -.0065475   .1052734    -0.06   0.950    -.2128795    .1997845
        e_13_5 |   .3631254   .2998075     1.21   0.226    -.2244865    .9507373
        e_14_5 |   .0478157   .5405145     0.09   0.930    -1.011573    1.107205
        e_15_5 |  -.0001653    .061692    -0.00   0.998    -.1210793    .1207487
         e_1_6 |   .3986865    .347213     1.15   0.251    -.2818386    1.079212
         e_2_6 |   .0526008   .1570497     0.33   0.738    -.2552108    .3604125
         e_3_6 |   .2762357   .1758912     1.57   0.116    -.0685047    .6209761
         e_4_6 |   .1553332   .3445892     0.45   0.652    -.5200493    .8307157
         e_5_6 |   -.014064   .0630057    -0.22   0.823    -.1375528    .1094249
         e_6_6 |  -.2303915   .2803316    -0.82   0.411    -.7798313    .3190482
         e_7_6 |   .1955593   .1297511     1.51   0.132    -.0587483    .4498668
         e_8_6 |   .0147904   .1109487     0.13   0.894    -.2026651    .2322459
         e_9_6 |  -.0094725   .1211363    -0.08   0.938    -.2468954    .2279503
        e_10_6 |   .1711209   .2619349     0.65   0.514    -.3422621    .6845039
        e_11_6 |  -.0411753   .0734256    -0.56   0.575    -.1850869    .1027363
        e_12_6 |  -.0388566   .1368731    -0.28   0.776    -.3071228    .2294097
        e_13_6 |   .2278613   .2710377     0.84   0.401    -.3033629    .7590855
        e_14_6 |  -.2775809   .5943035    -0.47   0.640    -1.442394    .8872325
        e_15_6 |  -.0141445   .1083414    -0.13   0.896    -.2264897    .1982008
         e_1_7 |  -.0746157   .1118012    -0.67   0.505     -.293742    .1445105
         e_2_7 |  -.0727727   .0795719    -0.91   0.360    -.2287308    .0831854
         e_3_7 |  -.0291423   .0810057    -0.36   0.719    -.1879105    .1296259
         e_4_7 |    .026558   .0922635     0.29   0.773    -.1542752    .2073911
         e_5_7 |   .0127055   .0611716     0.21   0.835    -.1071886    .1325996
         e_6_7 |   .0455744   .0794042     0.57   0.566     -.110055    .2012038
         e_7_7 |   -.573516   .0526157   -10.90   0.000    -.6766409   -.4703911
         e_8_7 |   .2075711   .0950227     2.18   0.029     .0213299    .3938122
         e_9_7 |   .0209512   .0647906     0.32   0.746    -.1060361    .1479384
        e_10_7 |   .2814975   .0979362     2.87   0.004      .089546     .473449
        e_11_7 |  -.0052223   .0836469    -0.06   0.950    -.1691672    .1587226
        e_12_7 |   .0741569   .1187111     0.62   0.532    -.1585127    .3068264
        e_13_7 |   .2019363   .1231608     1.64   0.101    -.0394545    .4433271
        e_14_7 |    .202191   .2491194     0.81   0.417     -.286074     .690456
        e_15_7 |   .0380542   .0786655     0.48   0.629    -.1161274    .1922357
         e_1_8 |   .1705111   .1598715     1.07   0.286    -.1428312    .4838534
         e_2_8 |   .0542294   .0990318     0.55   0.584    -.1398692    .2483281
         e_3_8 |   .1404928   .1103625     1.27   0.203    -.0758137    .3567993
         e_4_8 |   .0397791   .0895091     0.44   0.657    -.1356555    .2152138
         e_5_8 |   .0017207   .0676729     0.03   0.980    -.1309159    .1343572
         e_6_8 |  -.0103593   .0709755    -0.15   0.884    -.1494687    .1287501
         e_7_8 |   .1717454   .1021083     1.68   0.093    -.0283832    .3718741
         e_8_8 |  -.7860763   .0630539   -12.47   0.000    -.9096597   -.6624928
         e_9_8 |   .0779195   .0685688     1.14   0.256    -.0564729    .2123119
        e_10_8 |   .1186529   .0971011     1.22   0.222    -.0716616    .3089675
        e_11_8 |   .0241178   .0711913     0.34   0.735    -.1154146    .1636501
        e_12_8 |  -.0243746   .0601394    -0.41   0.685    -.1422457    .0934966
        e_13_8 |   .2127362   .1332533     1.60   0.110    -.0484355    .4739078
        e_14_8 |    .100005   .1084238     0.92   0.356    -.1125019    .3125118
        e_15_8 |   .0721924   .0684113     1.06   0.291    -.0618913    .2062761
         e_1_9 |   .2486731   .1579116     1.57   0.115    -.0608279     .558174
         e_2_9 |    .171488   .1284217     1.34   0.182     -.080214      .42319
         e_3_9 |    .083925   .1560396     0.54   0.591     -.221907    .3897571
         e_4_9 |   .4116658   .2601112     1.58   0.114    -.0981428    .9214744
         e_5_9 |   .0534537   .0430971     1.24   0.215     -.031015    .1379224
         e_6_9 |   .0830391   .1588411     0.52   0.601    -.2282837    .3943619
         e_7_9 |   .1886669   .1109413     1.70   0.089    -.0287741    .4061079
         e_8_9 |   .2163735   .0842431     2.57   0.010     .0512601    .3814869
         e_9_9 |  -.8423586   .0854295    -9.86   0.000    -1.009797   -.6749198
        e_10_9 |   .0063267   .2604274     0.02   0.981    -.5041016     .516755
        e_11_9 |  -.0186747   .0540919    -0.35   0.730    -.1246929    .0873435
        e_12_9 |  -.0588134   .0935018    -0.63   0.529    -.2420736    .1244468
        e_13_9 |   .2099086   .2155162     0.97   0.330    -.2124954    .6323126
        e_14_9 |  -.2881203   .4101472    -0.70   0.482    -1.091994    .5157534
        e_15_9 |   .0760311   .0792055     0.96   0.337    -.0792088    .2312709
        e_1_10 |   .0056089   .1843682     0.03   0.976    -.3557461    .3669638
        e_2_10 |   .0404228   .1151312     0.35   0.726    -.1852303    .2660758
        e_3_10 |   .0082835   .1658389     0.05   0.960    -.3167548    .3333219
        e_4_10 |  -.1474581   .2557285    -0.58   0.564    -.6486768    .3537605
        e_5_10 |   .0168414   .0529603     0.32   0.750    -.0869589    .1206417
        e_6_10 |   .0653562   .1070523     0.61   0.542    -.1444625    .2751749
        e_7_10 |   .3064082   .1162322     2.64   0.008     .0785972    .5342191
        e_8_10 |   .1799155    .134249     1.34   0.180    -.0832077    .4430388
        e_9_10 |  -.0835687   .1305758    -0.64   0.522    -.3394925    .1723551
       e_10_10 |   .1363499   .3144875     0.43   0.665    -.4800343     .752734
       e_11_10 |   .0058206   .0565808     0.10   0.918    -.1050757    .1167169
       e_12_10 |  -.0411851   .1500592    -0.27   0.784    -.3352957    .2529255
       e_13_10 |   .1949575   .2306493     0.85   0.398    -.2571068    .6470218
       e_14_10 |  -.0914008   .3750765    -0.24   0.807    -.8265373    .6437357
       e_15_10 |   .0631104   .0845109     0.75   0.455     -.102528    .2287488
        e_1_11 |   .7917339   .3095488     2.56   0.011     .1850295    1.398438
        e_2_11 |   .1606742   .1598656     1.01   0.315    -.1526567    .4740051
        e_3_11 |   .2958549   .1966949     1.50   0.133    -.0896599    .6813697
        e_4_11 |   .1822515   .1912754     0.95   0.341    -.1926414    .5571444
        e_5_11 |   .0443499   .0572427     0.77   0.438    -.0678438    .1565437
        e_6_11 |  -.0876058   .1182899    -0.74   0.459    -.3194497    .1442381
        e_7_11 |   .0626649   .1804703     0.35   0.728    -.2910503    .4163802
        e_8_11 |   .1617663   .1232127     1.31   0.189    -.0797262    .4032589
        e_9_11 |   .0590628   .1009265     0.59   0.558    -.1387495    .2568751
       e_10_11 |   .1037075   .2061911     0.50   0.615    -.3004196    .5078347
       e_11_11 |  -.6818067   .0877631    -7.77   0.000    -.8538191   -.5097942
       e_12_11 |  -.0662521   .1059146    -0.63   0.532     -.273841    .1413367
       e_13_11 |  -.3535306   .2826736    -1.25   0.211    -.9075606    .2004993
       e_14_11 |   -.188019   .3960739    -0.47   0.635    -.9643095    .5882715
       e_15_11 |   .0397292   .0894279     0.44   0.657    -.1355463    .2150047
        e_1_12 |   .4831388   .4601711     1.05   0.294      -.41878    1.385058
        e_2_12 |   .2596428   .2601048     1.00   0.318    -.2501532    .7694388
        e_3_12 |   .4666546   .3538275     1.32   0.187    -.2268346    1.160144
        e_4_12 |   .2487791   .2805608     0.89   0.375    -.3011099    .7986682
        e_5_12 |   .1378005   .1948234     0.71   0.479    -.2440463    .5196472
        e_6_12 |   .1200642   .1792871     0.67   0.503    -.2313321    .4714605
        e_7_12 |   .2668215   .2981755     0.89   0.371    -.3175918    .8512347
        e_8_12 |   .0855736   .1671339     0.51   0.609    -.2420028      .41315
        e_9_12 |   .1174202   .2017986     0.58   0.561    -.2780978    .5129382
       e_10_12 |   .0589734   .2561965     0.23   0.818    -.4431625    .5611093
       e_11_12 |   .0930965   .1846579     0.50   0.614    -.2688264    .4550194
       e_12_12 |  -.8425003   .0629957   -13.37   0.000    -.9659697   -.7190309
       e_13_12 |   .2267207   .3149158     0.72   0.472     -.390503    .8439443
       e_14_12 |   .0491953   .2584605     0.19   0.849     -.457378    .5557686
       e_15_12 |   .1064559   .1817165     0.59   0.558    -.2497019    .4626138
        e_1_13 |   .0870757   3.262855     0.03   0.979    -6.308003    6.482155
        e_2_13 |   .3520525   23.25364     0.02   0.988    -45.22425    45.92835
        e_3_13 |   .0017985   4.004032     0.00   1.000     -7.84596    7.849557
        e_4_13 |  -.0716132    19.8043    -0.00   0.997    -38.88732    38.74409
        e_5_13 |  -.0099194   2.403329    -0.00   0.997    -4.720358    4.700519
        e_6_13 |   .1341068   9.112344     0.01   0.988    -17.72576    17.99397
        e_7_13 |  -.0021517   2.252101    -0.00   0.999    -4.416189    4.411886
        e_8_13 |   .0832974   4.219902     0.02   0.984    -8.187559    8.354154
        e_9_13 |   .2269873    1.07539     0.21   0.833    -1.880738    2.334712
       e_10_13 |    .179918   22.02248     0.01   0.993    -42.98335    43.34318
       e_11_13 |  -.0004528   .4528115    -0.00   0.999     -.887947    .8870414
       e_12_13 |   .1000405   1.058973     0.09   0.925    -1.975509     2.17559
       e_13_13 |  -.6887159   1.624839    -0.42   0.672    -3.873343    2.495911
       e_14_13 |   .5617756    15.7605     0.04   0.972    -30.32824    31.45179
       e_15_13 |  -.0204885   .2977621    -0.07   0.945    -.6040914    .5631144
        e_1_14 |   .5885892   .3229108     1.82   0.068    -.0443044    1.221483
        e_2_14 |   .3250994   .2305358     1.41   0.158    -.1267424    .7769412
        e_3_14 |   .4584762   .2695048     1.70   0.089    -.0697434    .9866958
        e_4_14 |   .4060949   .3274772     1.24   0.215    -.2357487    1.047938
        e_5_14 |   .2425348   .1776552     1.37   0.172    -.1056629    .5907325
        e_6_14 |    .165811   .1806127     0.92   0.359    -.1881834    .5198053
        e_7_14 |   .3625466   .2458215     1.47   0.140    -.1192546    .8443479
        e_8_14 |   .3534187   .1853244     1.91   0.057    -.0098104    .7166478
        e_9_14 |   .1562857    .199014     0.79   0.432    -.2337746    .5463461
       e_10_14 |   .1025283   .2385401     0.43   0.667    -.3650018    .5700583
       e_11_14 |   .1689163   .1810699     0.93   0.351    -.1859743    .5238068
       e_12_14 |   .1594285   .1878067     0.85   0.396    -.2086659     .527523
       e_13_14 |   .4728614   .3037969     1.56   0.120    -.1225696    1.068292
       e_14_14 |  -.9826975    .345387    -2.85   0.004    -1.659643   -.3057515
       e_15_14 |    .087827   .2015879     0.44   0.663    -.3072779     .482932
        e_1_15 |   .5962024   .2125575     2.80   0.005     .1795973    1.012807
        e_2_15 |   .2380534   .1024639     2.32   0.020     .0372278    .4388789
        e_3_15 |   .3194564   .1884951     1.69   0.090    -.0499872       .6889
        e_4_15 |   .5393353   .2607765     2.07   0.039     .0282228    1.050448
        e_5_15 |   .0471599    .044643     1.06   0.291    -.0403388    .1346587
        e_6_15 |   .0222452   .1142129     0.19   0.846    -.2016079    .2460984
        e_7_15 |   .1861096   .1268913     1.47   0.142    -.0625927    .4348119
        e_8_15 |   .3169189   .0974013     3.25   0.001     .1260157     .507822
        e_9_15 |   .1270638   .0807619     1.57   0.116    -.0312265    .2853542
       e_10_15 |  -.0007048   .2047994    -0.00   0.997    -.4021042    .4006945
       e_11_15 |   .0667551   .0535593     1.25   0.213    -.0382192    .1717295
       e_12_15 |   .0349972   .1107203     0.32   0.752    -.1820106     .252005
       e_13_15 |  -.3886745   .2292778    -1.70   0.090    -.8380507    .0607018
       e_14_15 |  -.5228391   .3503685    -1.49   0.136    -1.209549    .1638704
       e_15_15 |  -.6131728   .1155547    -5.31   0.000    -.8396558   -.3866897
--------------------------------------------------------------------------------
Note: One or more parameters could not be estimated in 29 bootstrap replicates;
      standard-error estimates include only complete replications.

. parmest, saving(adj_med_high_output, replace)
(file adj_med_high_output.dta not found)
file adj_med_high_output.dta saved

. 
. log close
      name:  <unnamed>
       log:  C:\Users\Chung\Desktop\EVS\Adj_med\High\adj_med_high.log
  log type:  text
 closed on:  10 Feb 2025, 01:54:50
------------------------------------------------------------------------------------------------------------------
