------------------------------------------------------------------------------------------------------------------
      name:  <unnamed>
       log:  C:\Users\Chung\Desktop\EVS\PCA\pca_all.log
  log type:  text
 opened on:  28 Jan 2025, 10:14:42

. 
. *load the main data
. use "$path\pca_all.dta", clear 

. 
. *set seed
. set seed 123

. 
. *define the local variables for the estimation
. local demographic_vars urban EF29 monthly age edu

. local pca_prices pca_P1 pca_P2 pca_P3 pca_P4 pca_P5 pca_P6 pca_P7 pca_P8 pca_P9 pca_P10 pca_P11 pca_P12 pca_P13 
> pca_P14 pca_P15

. 
. *estimate the QUAIDSCE model
. quaidsce W1-W15, anot(2) prices(`pca_prices') expenditure(expfd) demographics(`demographic_vars') nolog reps(50)
--------------------------------------------------------------------------------
Parallel Computing with Stata
Child processes: 15
pll_id         : 78uozcd451
Running at     : C:\Users\Chung\Desktop\EVS\PCA
Randtype       : datetime
Waiting for the child processes to finish...
child process 0011 has exited without error...
child process 0010 has exited without error...
child process 0015 has exited without error...
child process 0008 has exited without error...
child process 0007 has exited without error...
child process 0014 has exited without error...
child process 0012 has exited without error...
child process 0003 has exited without error...
child process 0009 has exited without error...
child process 0013 has exited without error...
child process 0006 has exited without error...
child process 0004 has exited without error...
child process 0001 has exited without error...
child process 0005 has exited without error...
child process 0002 has exited without error...
--------------------------------------------------------------------------------
Enter -parallel printlog #- to checkout logfiles.
--------------------------------------------------------------------------------

parallel bootstrapping                                  Number of obs = 10,174
                                                        Replications  =     50

      Command: quaidsce_c W1-W15, anot(2) prices(pca_P1 pca_P2 pca_P3 pca_P4 pca_P5 pca_P6 pca_P7 pca_P8 pca_P9
                   pca_P10 pca_P11 pca_P12 pca_P13 pca_P14 pca_P15) expenditure(expfd) demographics(urban EF29
                   monthly age edu) nolog reps(50)

--------------------------------------------------------------------------------
               |   Observed   Bootstrap                         Normal-based
               | coefficient  std. err.      z    P>|z|     [95% conf. interval]
---------------+----------------------------------------------------------------
alpha          |
       alpha_1 |   .0214919   .0373623     0.58   0.565    -.0517368    .0947206
       alpha_2 |   .0399529   .0356084     1.12   0.262    -.0298383    .1097441
       alpha_3 |  -.0151967   .0494289    -0.31   0.759    -.1120755    .0816822
       alpha_4 |  -.0375086   .0436445    -0.86   0.390    -.1230503    .0480331
       alpha_5 |   .0148841   .0148596     1.00   0.317    -.0142401    .0440084
       alpha_6 |    .051593   .0129274     3.99   0.000     .0262557    .0769303
       alpha_7 |   .0336285   .0246407     1.36   0.172    -.0146664    .0819234
       alpha_8 |   .0064218   .0371322     0.17   0.863     -.066356    .0791996
       alpha_9 |   .0497692   .0263689     1.89   0.059    -.0019128    .1014512
      alpha_10 |   .0037469   .0316735     0.12   0.906    -.0583321    .0658258
      alpha_11 |   .0481397    .029234     1.65   0.100    -.0091579    .1054372
      alpha_12 |   .1058468   .0481226     2.20   0.028     .0115283    .2001654
      alpha_13 |    .274402   .1102192     2.49   0.013     .0583764    .4904275
      alpha_14 |   .2192419   .0919032     2.39   0.017     .0391148    .3993689
      alpha_15 |   .0298512   .0287865     1.04   0.300    -.0265692    .0862717
---------------+----------------------------------------------------------------
beta           |
        beta_1 |   .0575867   .0277542     2.07   0.038     .0031894     .111984
        beta_2 |  -.0156678   .0232069    -0.68   0.500    -.0611524    .0298169
        beta_3 |   .1074181   .0410863     2.61   0.009     .0268905    .1879458
        beta_4 |   .0391055   .0269881     1.45   0.147    -.0137902    .0920011
        beta_5 |   .0039849   .0087744     0.45   0.650    -.0132127    .0211825
        beta_6 |  -.0214252   .0073741    -2.91   0.004    -.0358782   -.0069722
        beta_7 |   .0008576   .0143409     0.06   0.952    -.0272501    .0289652
        beta_8 |   .0503409   .0275274     1.83   0.067    -.0036118    .1042936
        beta_9 |  -.0235438   .0123648    -1.90   0.057    -.0477783    .0006907
       beta_10 |   .0184363   .0167527     1.10   0.271    -.0143984    .0512709
       beta_11 |  -.0231917    .017504    -1.32   0.185    -.0574989    .0111156
       beta_12 |  -.0431596   .0356743    -1.21   0.226    -.1130799    .0267607
       beta_13 |  -.0550949   .0687174    -0.80   0.423    -.1897785    .0795887
       beta_14 |  -.1003082   .0768008    -1.31   0.192     -.250835    .0502186
       beta_15 |    .001535   .0169075     0.09   0.928    -.0316032    .0346732
---------------+----------------------------------------------------------------
gamma          |
     gamma_1_1 |    .020144   .0131258     1.53   0.125    -.0055822    .0458701
     gamma_2_1 |   .0015959   .0064925     0.25   0.806    -.0111291    .0143209
     gamma_3_1 |  -.0142159   .0103752    -1.37   0.171    -.0345509    .0061191
     gamma_4_1 |   .0116313   .0089013     1.31   0.191    -.0058149    .0290775
     gamma_5_1 |   -.003572   .0025946    -1.38   0.169    -.0086573    .0015133
     gamma_6_1 |   .0023275   .0024186     0.96   0.336    -.0024129     .007068
     gamma_7_1 |   .0021546   .0043672     0.49   0.622     -.006405    .0107141
     gamma_8_1 |   .0004961   .0072252     0.07   0.945     -.013665    .0146572
     gamma_9_1 |   .0036985   .0017873     2.07   0.039     .0001954    .0072016
    gamma_10_1 |  -.0034621   .0042398    -0.82   0.414    -.0117719    .0048477
    gamma_11_1 |   .0062307   .0034188     1.82   0.068      -.00047    .0129314
    gamma_12_1 |   .0053059   .0055169     0.96   0.336    -.0055071    .0161189
    gamma_13_1 |  -.0171248    .012019    -1.42   0.154    -.0406816    .0064319
    gamma_14_1 |  -.0159799   .0161157    -0.99   0.321    -.0475661    .0156063
    gamma_15_1 |   .0007704   .0043875     0.18   0.861    -.0078289    .0093697
     gamma_2_2 |   .0032332   .0052001     0.62   0.534    -.0069589    .0134253
     gamma_3_2 |   .0043247   .0055689     0.78   0.437    -.0065902    .0152396
     gamma_4_2 |  -.0121892   .0077548    -1.57   0.116    -.0273882    .0030099
     gamma_5_2 |    .002943   .0017484     1.68   0.092    -.0004839    .0063698
     gamma_6_2 |   -.003541    .002617    -1.35   0.176    -.0086703    .0015883
     gamma_7_2 |  -.0002951   .0033413    -0.09   0.930     -.006844    .0062537
     gamma_8_2 |  -.0012726   .0034758    -0.37   0.714     -.008085    .0055398
     gamma_9_2 |   .0021359    .001368     1.56   0.118    -.0005454    .0048172
    gamma_10_2 |   .0050138   .0040509     1.24   0.216    -.0029258    .0129533
    gamma_11_2 |    -.00204   .0023086    -0.88   0.377    -.0065648    .0024847
    gamma_12_2 |  -.0059062   .0031894    -1.85   0.064    -.0121574     .000345
    gamma_13_2 |   .0010028   .0053783     0.19   0.852    -.0095384    .0115441
    gamma_14_2 |   .0039974   .0105363     0.38   0.704    -.0166534    .0246481
    gamma_15_2 |   .0009974   .0026725     0.37   0.709    -.0042406    .0062355
     gamma_3_3 |  -.0070117   .0178878    -0.39   0.695    -.0420712    .0280478
     gamma_4_3 |   .0025235   .0065922     0.38   0.702    -.0103969    .0154439
     gamma_5_3 |  -.0012907   .0026996    -0.48   0.633    -.0065819    .0040005
     gamma_6_3 |   .0036159   .0022419     1.61   0.107    -.0007781    .0080099
     gamma_7_3 |  -.0036837   .0040688    -0.91   0.365    -.0116585     .004291
     gamma_8_3 |  -.0031823    .006534    -0.49   0.626    -.0159887    .0096241
     gamma_9_3 |   .0018408   .0022181     0.83   0.407    -.0025065    .0061881
    gamma_10_3 |  -.0050281   .0033419    -1.50   0.132    -.0115781    .0015219
    gamma_11_3 |   .0053279   .0053307     1.00   0.318    -.0051202     .015776
    gamma_12_3 |   .0078205   .0071767     1.09   0.276    -.0062457    .0218866
    gamma_13_3 |   .0100185   .0117032     0.86   0.392    -.0129194    .0329563
    gamma_14_3 |   .0000673   .0178432     0.00   0.997    -.0349048    .0350393
    gamma_15_3 |  -.0011265   .0044041    -0.26   0.798    -.0097583    .0075053
     gamma_4_4 |    .012267    .018353     0.67   0.504    -.0237042    .0482383
     gamma_5_4 |  -.0004622   .0018476    -0.25   0.802    -.0040835    .0031591
     gamma_6_4 |   .0064644   .0045031     1.44   0.151    -.0023616    .0152903
     gamma_7_4 |  -.0008747   .0039838    -0.22   0.826    -.0086827    .0069333
     gamma_8_4 |   .0033682   .0058441     0.58   0.564    -.0080861    .0148224
     gamma_9_4 |    .000484   .0032701     0.15   0.882    -.0059253    .0068933
    gamma_10_4 |  -.0107314   .0111751    -0.96   0.337    -.0326341    .0111714
    gamma_11_4 |   .0043854   .0037145     1.18   0.238    -.0028948    .0116656
    gamma_12_4 |  -.0009025   .0045685    -0.20   0.843    -.0098566    .0080515
    gamma_13_4 |   .0055558   .0062436     0.89   0.374    -.0066815    .0177931
    gamma_14_4 |  -.0183922   .0183856    -1.00   0.317    -.0544274    .0176429
    gamma_15_4 |  -.0031274   .0038404    -0.81   0.415    -.0106545    .0043997
     gamma_5_5 |   .0018061   .0010612     1.70   0.089    -.0002739    .0038861
     gamma_6_5 |  -4.25e-07   .0007768    -0.00   1.000     -.001523    .0015221
     gamma_7_5 |  -.0003943   .0012137    -0.32   0.745    -.0027731    .0019846
     gamma_8_5 |  -.0027971    .002208    -1.27   0.205    -.0071246    .0015304
     gamma_9_5 |   .0001461    .000435     0.34   0.737    -.0007064    .0009986
    gamma_10_5 |  -.0005964   .0012884    -0.46   0.643    -.0031216    .0019288
    gamma_11_5 |  -.0021639   .0009371    -2.31   0.021    -.0040006   -.0003271
    gamma_12_5 |  -.0017403   .0014728    -1.18   0.237     -.004627    .0011464
    gamma_13_5 |   .0041407   .0035015     1.18   0.237    -.0027222    .0110036
    gamma_14_5 |   .0042357   .0038133     1.11   0.267    -.0032383    .0117096
    gamma_15_5 |  -.0002544   .0010207    -0.25   0.803    -.0022548    .0017461
     gamma_6_6 |   .0025056   .0038754     0.65   0.518    -.0050899    .0101012
     gamma_7_6 |   .0009954   .0014482     0.69   0.492    -.0018429    .0038338
     gamma_8_6 |    .001211   .0018036     0.67   0.502     -.002324     .004746
     gamma_9_6 |   -.001382   .0016744    -0.83   0.409    -.0046638    .0018998
    gamma_10_6 |  -.0011783   .0056045    -0.21   0.833    -.0121628    .0098063
    gamma_11_6 |  -.0040493   .0012909    -3.14   0.002    -.0065795   -.0015191
    gamma_12_6 |  -.0002792   .0012542    -0.22   0.824    -.0027374    .0021791
    gamma_13_6 |  -.0015372   .0025863    -0.59   0.552    -.0066062    .0035318
    gamma_14_6 |    -.00381     .00514    -0.74   0.459    -.0138843    .0062642
    gamma_15_6 |  -.0013425   .0012338    -1.09   0.277    -.0037607    .0010756
     gamma_7_7 |   .0029847   .0029606     1.01   0.313    -.0028179    .0087873
     gamma_8_7 |  -.0001558   .0038785    -0.04   0.968    -.0077574    .0074459
     gamma_9_7 |   .0009831    .000677     1.45   0.146    -.0003438    .0023099
    gamma_10_7 |   .0012708   .0021747     0.58   0.559    -.0029915    .0055332
    gamma_11_7 |  -.0046133   .0019437    -2.37   0.018    -.0084228   -.0008038
    gamma_12_7 |   .0003425   .0023769     0.14   0.885    -.0043162    .0050012
    gamma_13_7 |  -.0066525   .0054401    -1.22   0.221    -.0173148    .0040099
    gamma_14_7 |   .0061691   .0060608     1.02   0.309    -.0057099    .0180481
    gamma_15_7 |   .0017691   .0020898     0.85   0.397    -.0023268    .0058651
     gamma_8_8 |  -.0029659   .0066373    -0.45   0.655    -.0159747    .0100428
     gamma_9_8 |   .0024544   .0013741     1.79   0.074    -.0002387    .0051475
    gamma_10_8 |   -.001873   .0031909    -0.59   0.557    -.0081269     .004381
    gamma_11_8 |  -.0092559   .0031878    -2.90   0.004    -.0155038    -.003008
    gamma_12_8 |   .0010484   .0040013     0.26   0.793     -.006794    .0088907
    gamma_13_8 |  -.0034812   .0069957    -0.50   0.619    -.0171925      .01023
    gamma_14_8 |   .0207948   .0123398     1.69   0.092    -.0033908    .0449805
    gamma_15_8 |  -.0043891   .0029165    -1.50   0.132    -.0101055    .0013272
     gamma_9_9 |  -.0036054    .001233    -2.92   0.003     -.006022   -.0011889
    gamma_10_9 |  -.0031995   .0023945    -1.34   0.181    -.0078927    .0014936
    gamma_11_9 |   -.000823   .0006078    -1.35   0.176    -.0020142    .0003683
    gamma_12_9 |  -.0006293   .0013194    -0.48   0.633    -.0032153    .0019568
    gamma_13_9 |  -.0019774   .0024023    -0.82   0.410    -.0066859     .002731
    gamma_14_9 |   .0003864   .0041353     0.09   0.926    -.0077185    .0084914
    gamma_15_9 |  -.0005125   .0007757    -0.66   0.509    -.0020329    .0010079
   gamma_10_10 |   .0134407   .0090131     1.49   0.136    -.0042247    .0311061
   gamma_11_10 |  -.0010181   .0023475    -0.43   0.665    -.0056191     .003583
   gamma_12_10 |  -.0011616   .0025279    -0.46   0.646    -.0061161     .003793
   gamma_13_10 |    .004156   .0041692     1.00   0.319    -.0040155    .0123274
   gamma_14_10 |   .0052175   .0118853     0.44   0.661    -.0180773    .0285123
   gamma_15_10 |  -.0008503   .0022666    -0.38   0.708    -.0052927    .0035921
   gamma_11_11 |   .0089763   .0030023     2.99   0.003     .0030919    .0148607
   gamma_12_11 |  -.0094836   .0025713    -3.69   0.000    -.0145233   -.0044438
   gamma_13_11 |   .0081993   .0046752     1.75   0.079    -.0009639    .0173626
   gamma_14_11 |  -.0021273   .0063491    -0.34   0.738    -.0145712    .0103166
   gamma_15_11 |   .0024547   .0014055     1.75   0.081    -.0003001    .0052094
   gamma_12_12 |   .0192399   .0068696     2.80   0.005     .0057758    .0327041
   gamma_13_12 |  -.0053828   .0074142    -0.73   0.468    -.0199144    .0091489
   gamma_14_12 |  -.0083055   .0110803    -0.75   0.454    -.0300226    .0134116
   gamma_15_12 |   .0000337   .0020002     0.02   0.987    -.0038867    .0039541
   gamma_13_13 |   .0017819   .0243492     0.07   0.942    -.0459416    .0495054
   gamma_14_13 |   .0023508   .0184608     0.13   0.899    -.0338318    .0385333
   gamma_15_13 |  -.0010499   .0044909    -0.23   0.815    -.0098519    .0077521
   gamma_14_14 |   .0019026   .0424355     0.04   0.964    -.0812695    .0850747
   gamma_15_14 |   .0034935   .0072133     0.48   0.628    -.0106442    .0176313
   gamma_15_15 |   .0031337   .0020878     1.50   0.133    -.0009583    .0072256
---------------+----------------------------------------------------------------
lambda         |
      lambda_1 |  -.0107751    .005264    -2.05   0.041    -.0210923   -.0004579
      lambda_2 |   .0031126    .003754     0.83   0.407    -.0042452    .0104704
      lambda_3 |  -.0209283   .0086005    -2.43   0.015     -.037785   -.0040715
      lambda_4 |  -.0055914    .004449    -1.26   0.209    -.0143113    .0031286
      lambda_5 |   -.001021   .0013664    -0.75   0.455     -.003699    .0016571
      lambda_6 |   .0024429   .0010695     2.28   0.022     .0003468    .0045391
      lambda_7 |   .0037742   .0024134     1.56   0.118     -.000956    .0085045
      lambda_8 |  -.0061877    .005142    -1.20   0.229    -.0162657    .0038904
      lambda_9 |   .0033953   .0015532     2.19   0.029      .000351    .0064396
     lambda_10 |    -.00307    .002323    -1.32   0.186     -.007623     .001483
     lambda_11 |   .0040745   .0027676     1.47   0.141      -.00135     .009499
     lambda_12 |   .0067185   .0062462     1.08   0.282    -.0055239     .018961
     lambda_13 |   .0079203   .0102575     0.77   0.440     -.012184    .0280246
     lambda_14 |   .0158315   .0143354     1.10   0.269    -.0122653    .0439283
     lambda_15 |   .0006836   .0025948     0.26   0.792    -.0044021    .0057693
---------------+----------------------------------------------------------------
delta          |
       delta_1 |   .1216804   .0150619     8.08   0.000     .0921596    .1512011
       delta_2 |   .0372003    .007801     4.77   0.000     .0219107      .05249
       delta_3 |   .1457175   .0185249     7.87   0.000     .1094095    .1820256
       delta_4 |   .0592043   .0120796     4.90   0.000     .0355287    .0828799
       delta_5 |  -.0003329   .0067242    -0.05   0.961    -.0135122    .0128463
       delta_6 |    .013797   .0027518     5.01   0.000     .0084037    .0191904
       delta_7 |   .0722841   .0049044    14.74   0.000     .0626717    .0818965
       delta_8 |   .1367044   .0103513    13.21   0.000     .1164162    .1569927
       delta_9 |   .0154905   .0040663     3.81   0.000     .0075208    .0234602
      delta_10 |   .0297273    .005108     5.82   0.000     .0197157    .0397388
      delta_11 |   .0362345   .0105832     3.42   0.001     .0154917    .0569773
      delta_12 |    .049859   .0175353     2.84   0.004     .0154904    .0842275
      delta_13 |   .2960675   .0279359    10.60   0.000     .2413142    .3508207
      delta_14 |   .1783272   .0274891     6.49   0.000     .1244495    .2322049
      delta_15 |   .0220054   .0052554     4.19   0.000      .011705    .0323057
---------------+----------------------------------------------------------------
eta            |
   eta_urban_1 |  -.0001417   .0015725    -0.09   0.928    -.0032238    .0029403
   eta_urban_2 |   .0005885   .0005368     1.10   0.273    -.0004636    .0016406
   eta_urban_3 |  -.0014803   .0012763    -1.16   0.246    -.0039818    .0010212
   eta_urban_4 |   .0005009   .0007858     0.64   0.524    -.0010393     .002041
   eta_urban_5 |  -.0000993   .0002902    -0.34   0.732     -.000668    .0004694
   eta_urban_6 |  -.0003876   .0001699    -2.28   0.023    -.0007206   -.0000545
   eta_urban_7 |   .0009447   .0007562     1.25   0.212    -.0005376    .0024269
   eta_urban_8 |  -.0043777    .001247    -3.51   0.000    -.0068217   -.0019337
   eta_urban_9 |   -.000069   .0001305    -0.53   0.597    -.0003247    .0001868
  eta_urban_10 |  -.0002824   .0003361    -0.84   0.401    -.0009411    .0003763
  eta_urban_11 |   .0000257   .0003795     0.07   0.946    -.0007181    .0007694
  eta_urban_12 |   .0015501   .0007341     2.11   0.035     .0001112    .0029889
  eta_urban_13 |   .0003365   .0035562     0.09   0.925    -.0066334    .0073065
  eta_urban_14 |   .0018672    .001992     0.94   0.349     -.002037    .0057714
  eta_urban_15 |   .0010244     .00039     2.63   0.009     .0002601    .0017887
    eta_EF29_1 |  -.0011071   .0009279    -1.19   0.233    -.0029258    .0007116
    eta_EF29_2 |   -.000042   .0002962    -0.14   0.887    -.0006225    .0005385
    eta_EF29_3 |  -.0012172   .0012401    -0.98   0.326    -.0036477    .0012133
    eta_EF29_4 |  -.0003512   .0003616    -0.97   0.331      -.00106    .0003575
    eta_EF29_5 |   .0001557   .0001917     0.81   0.417      -.00022    .0005314
    eta_EF29_6 |   .0003209    .000135     2.38   0.017     .0000564    .0005855
    eta_EF29_7 |  -.0005311   .0003963    -1.34   0.180    -.0013079    .0002456
    eta_EF29_8 |     .00168   .0007604     2.21   0.027     .0001897    .0031704
    eta_EF29_9 |  -.0000908   .0000671    -1.35   0.176    -.0002223    .0000406
   eta_EF29_10 |   .0002192   .0002652     0.83   0.409    -.0003006    .0007389
   eta_EF29_11 |   .0001889   .0002312     0.82   0.414    -.0002643     .000642
   eta_EF29_12 |  -.0016954    .000471    -3.60   0.000    -.0026185   -.0007722
   eta_EF29_13 |    .000769   .0018198     0.42   0.673    -.0027977    .0043358
   eta_EF29_14 |   .0014656   .0013509     1.08   0.278     -.001182    .0041132
   eta_EF29_15 |   .0002356   .0003131     0.75   0.452     -.000378    .0008492
 eta_monthly_1 |  -1.80e-07   2.22e-07    -0.81   0.418    -6.14e-07    2.55e-07
 eta_monthly_2 |  -1.30e-07   1.14e-07    -1.14   0.253    -3.54e-07    9.31e-08
 eta_monthly_3 |  -1.68e-08   2.13e-07    -0.08   0.937    -4.35e-07    4.01e-07
 eta_monthly_4 |  -6.30e-08   7.67e-08    -0.82   0.411    -2.13e-07    8.73e-08
 eta_monthly_5 |  -7.13e-08   3.84e-08    -1.86   0.063    -1.46e-07    3.94e-09
 eta_monthly_6 |   4.60e-08   3.67e-08     1.25   0.210    -2.60e-08    1.18e-07
 eta_monthly_7 |  -2.55e-08   9.27e-08    -0.27   0.783    -2.07e-07    1.56e-07
 eta_monthly_8 |  -9.17e-08   2.17e-07    -0.42   0.673    -5.18e-07    3.34e-07
 eta_monthly_9 |   1.48e-08   2.26e-08     0.65   0.513    -2.95e-08    5.90e-08
eta_monthly_10 |   2.00e-08   4.17e-08     0.48   0.632    -6.17e-08    1.02e-07
eta_monthly_11 |  -1.23e-07   6.69e-08    -1.84   0.066    -2.54e-07    8.05e-09
eta_monthly_12 |  -1.61e-07   1.37e-07    -1.18   0.240    -4.30e-07    1.08e-07
eta_monthly_13 |   7.53e-07   4.34e-07     1.74   0.082    -9.66e-08    1.60e-06
eta_monthly_14 |   1.19e-09   2.83e-07     0.00   0.997    -5.53e-07    5.56e-07
eta_monthly_15 |   2.74e-08   5.15e-08     0.53   0.594    -7.35e-08    1.28e-07
     eta_age_1 |   .0000259   .0000584     0.44   0.658    -.0000886    .0001404
     eta_age_2 |   .0000732   .0000312     2.35   0.019     .0000121    .0001343
     eta_age_3 |  -.0001898   .0000779    -2.44   0.015    -.0003424   -.0000373
     eta_age_4 |   -.000035   .0000293    -1.20   0.232    -.0000923    .0000224
     eta_age_5 |   .0000199   .0000152     1.31   0.191    -9.96e-06    .0000498
     eta_age_6 |    .000028   9.50e-06     2.95   0.003     9.38e-06    .0000466
     eta_age_7 |  -8.74e-06   .0000322    -0.27   0.786    -.0000718    .0000543
     eta_age_8 |    .000243   .0000369     6.58   0.000     .0001707    .0003154
     eta_age_9 |   .0000132   7.62e-06     1.74   0.083    -1.71e-06    .0000282
    eta_age_10 |  -.0000158   .0000241    -0.66   0.511     -.000063    .0000314
    eta_age_11 |  -.0000101   .0000176    -0.58   0.564    -.0000446    .0000243
    eta_age_12 |    .000016   .0000291     0.55   0.583     -.000041    .0000729
    eta_age_13 |  -.0002313   .0001193    -1.94   0.053    -.0004652    2.50e-06
    eta_age_14 |   .0001515   .0000904     1.68   0.094    -.0000257    .0003287
    eta_age_15 |  -.0000799   .0000186    -4.28   0.000    -.0001164   -.0000433
     eta_edu_1 |  -.0007849   .0014104    -0.56   0.578    -.0035492    .0019794
     eta_edu_2 |   .0006101   .0005529     1.10   0.270    -.0004735    .0016937
     eta_edu_3 |   .0019386   .0013164     1.47   0.141    -.0006415    .0045187
     eta_edu_4 |  -.0005201    .000695    -0.75   0.454    -.0018822     .000842
     eta_edu_5 |  -.0008585   .0002394    -3.59   0.000    -.0013278   -.0003892
     eta_edu_6 |  -.0007055   .0002348    -3.01   0.003    -.0011657   -.0002454
     eta_edu_7 |  -.0006092   .0006502    -0.94   0.349    -.0018836    .0006652
     eta_edu_8 |  -.0027319   .0012309    -2.22   0.026    -.0051445   -.0003193
     eta_edu_9 |  -.0000272   .0001243    -0.22   0.827    -.0002708    .0002163
    eta_edu_10 |   .0005517   .0003361     1.64   0.101     -.000107    .0012105
    eta_edu_11 |   7.95e-06   .0003261     0.02   0.981    -.0006313    .0006472
    eta_edu_12 |   .0013375   .0005735     2.33   0.020     .0002134    .0024615
    eta_edu_13 |   .0012518   .0032393     0.39   0.699    -.0050971    .0076007
    eta_edu_14 |   .0001111   .0017689     0.06   0.950    -.0033558     .003578
    eta_edu_15 |   .0004288   .0003849     1.11   0.265    -.0003255    .0011831
---------------+----------------------------------------------------------------
rho            |
     rho_urban |  -.1558047   .1031922    -1.51   0.131    -.3580577    .0464484
      rho_EF29 |   .0526319   .0520897     1.01   0.312    -.0494621    .1547259
   rho_monthly |   .0000123   .0000151     0.81   0.416    -.0000173    .0000419
       rho_age |   .0067197   .0025914     2.59   0.010     .0016406    .0117988
       rho_edu |  -.0970554   .0792592    -1.22   0.221    -.2524005    .0582898
---------------+----------------------------------------------------------------
tau            |
          p1_1 |  -.0128835   .1793881    -0.07   0.943    -.3644778    .3387107
          p2_1 |   .5669982    .236572     2.40   0.017     .1033256    1.030671
          p3_1 |  -.0340156   .1811365    -0.19   0.851    -.3890367    .3210055
          p4_1 |    .224532   .5460206     0.41   0.681    -.8456488    1.294713
          p5_1 |   -.051333   .0674762    -0.76   0.447    -.1835839     .080918
          p6_1 |  -.4587117   .4401812    -1.04   0.297    -1.321451    .4040275
          p7_1 |  -.1453545   .1910213    -0.76   0.447    -.5197493    .2290404
          p8_1 |   .2445067   .1585997     1.54   0.123    -.0663431    .5553565
          p9_1 |  -.0904417   .2145446    -0.42   0.673    -.5109413    .3300579
         p10_1 |   -1.04624   .6817277    -1.53   0.125    -2.382402    .2899218
         p11_1 |   .1172198   .0914444     1.28   0.200    -.0620078    .2964475
         p12_1 |    .220942   .1287875     1.72   0.086    -.0314769    .4733609
         p13_1 |  -.2674621     .20871    -1.28   0.200    -.6765262     .141602
         p14_1 |  -1.083267   1.178014    -0.92   0.358    -3.392133    1.225598
         p15_1 |  -.0824387   .1098117    -0.75   0.453    -.2976656    .1327882
           M_1 |   .9171285   .0492472    18.62   0.000     .8206057    1.013651
       urban_1 |  -.0787906    .062467    -1.26   0.207    -.2012236    .0436425
        EF29_1 |  -.0568358   .0382194    -1.49   0.137    -.1317445    .0180728
     monthly_1 |   .0000138   .0000159     0.87   0.385    -.0000174     .000045
         age_1 |  -.0008842   .0016504    -0.54   0.592     -.004119    .0023506
         edu_1 |   .0554001   .0603468     0.92   0.359    -.0628774    .1736777
        cons_1 |  -2.694491   .2356872   -11.43   0.000     -3.15643   -2.232553
          p1_2 |  -.0568142   .1715799    -0.33   0.741    -.3931046    .2794762
          p2_2 |  -.2658723   .0990902    -2.68   0.007    -.4600855   -.0716591
          p3_2 |   .1826924   .1305304     1.40   0.162    -.0731424    .4385272
          p4_2 |   .2378513    .354476     0.67   0.502     -.456909    .9326116
          p5_2 |   -.003348   .0505735    -0.07   0.947    -.1024703    .0957743
          p6_2 |    .565199   .3075009     1.84   0.066    -.0374918     1.16789
          p7_2 |  -.0553207   .0937587    -0.59   0.555    -.2390843     .128443
          p8_2 |   .1079974   .0949132     1.14   0.255     -.078029    .2940239
          p9_2 |   .2596753   .1157577     2.24   0.025     .0327944    .4865562
         p10_2 |  -.5421238   .4291496    -1.26   0.206    -1.383242    .2989939
         p11_2 |   .0932992    .054675     1.71   0.088    -.0138618    .2004603
         p12_2 |  -.0034494   .0778887    -0.04   0.965    -.1561084    .1492095
         p13_2 |  -.5795171   .1468365    -3.95   0.000    -.8673113   -.2917228
         p14_2 |  -.1478023   .6658714    -0.22   0.824    -1.452886    1.157282
         p15_2 |  -.0665077   .0746511    -0.89   0.373    -.2128212    .0798058
           M_2 |   .8212535   .0289983    28.32   0.000     .7644178    .8780891
       urban_2 |   .0556818   .0360195     1.55   0.122    -.0149152    .1262787
        EF29_2 |  -.0631848   .0217075    -2.91   0.004    -.1057308   -.0206388
     monthly_2 |   7.34e-06   6.32e-06     1.16   0.245    -5.04e-06    .0000197
         age_2 |  -.0015406   .0009816    -1.57   0.117    -.0034646    .0003834
         edu_2 |   .1484751   .0272655     5.45   0.000     .0950356    .2019145
        cons_2 |  -3.241546   .1266058   -25.60   0.000    -3.489689   -2.993404
          p1_3 |  -.4149321    .266265    -1.56   0.119     -.936802    .1069377
          p2_3 |   .1129074   .2781359     0.41   0.685    -.4322291    .6580438
          p3_3 |  -.2143059   .1184286    -1.81   0.070    -.4464216    .0178098
          p4_3 |  -.2402246   .7111464    -0.34   0.736    -1.634046    1.153597
          p5_3 |   .1632618   .0645567     2.53   0.011      .036733    .2897906
          p6_3 |   -.041063   .6723271    -0.06   0.951      -1.3588    1.276674
          p7_3 |   -.044692    .224111    -0.20   0.842    -.4839416    .3945575
          p8_3 |   .1201843   .1794108     0.67   0.503    -.2314544     .471823
          p9_3 |  -.0713882   .2413006    -0.30   0.767    -.5443288    .4015524
         p10_3 |  -1.144363   .8054911    -1.42   0.155    -2.723096    .4343708
         p11_3 |    .007839   .1130783     0.07   0.945    -.2137904    .2294685
         p12_3 |   .2324527   .1384344     1.68   0.093    -.0388738    .5037792
         p13_3 |   -.364756   .2296355    -1.59   0.112    -.8148334    .0853214
         p14_3 |  -.9954678   1.338053    -0.74   0.457    -3.618003    1.627067
         p15_3 |  -.0666892   .1569509    -0.42   0.671    -.3743072    .2409289
           M_3 |   1.094674   .0518119    21.13   0.000     .9931246    1.196224
       urban_3 |   .0157627   .0730855     0.22   0.829    -.1274824    .1590077
        EF29_3 |   -.072283    .048721    -1.48   0.138    -.1677744    .0232083
     monthly_3 |   9.76e-06   .0000172     0.57   0.570    -.0000239    .0000435
         age_3 |  -.0032219   .0021755    -1.48   0.139    -.0074857    .0010419
         edu_3 |   .0189663   .0733077     0.26   0.796    -.1247141    .1626467
        cons_3 |  -3.182801   .2451057   -12.99   0.000      -3.6632   -2.702403
          p1_4 |  -.1301131   .2102936    -0.62   0.536     -.542281    .2820549
          p2_4 |   .0347264   .1745505     0.20   0.842    -.3073864    .3768391
          p3_4 |  -.1101965   .0939096    -1.17   0.241    -.2942559    .0738629
          p4_4 |  -.4699584   .2512071    -1.87   0.061    -.9623152    .0223985
          p5_4 |  -.0853573   .0428943    -1.99   0.047    -.1694287    -.001286
          p6_4 |   .3564083   .2696556     1.32   0.186     -.172107    .8849237
          p7_4 |  -.1142282    .088731    -1.29   0.198    -.2881377    .0596813
          p8_4 |  -.2546148   .0941187    -2.71   0.007     -.439084   -.0701456
          p9_4 |   .0716536   .1333589     0.54   0.591    -.1897249    .3330322
         p10_4 |    .109097    .418744     0.26   0.794    -.7116262    .9298202
         p11_4 |   .0581328   .0668266     0.87   0.384    -.0728449    .1891106
         p12_4 |  -.0777812   .0761702    -1.02   0.307    -.2270721    .0715097
         p13_4 |  -.1400398   .1413257    -0.99   0.322    -.4170331    .1369535
         p14_4 |   1.037168   .7482766     1.39   0.166    -.4294268    2.503763
         p15_4 |  -.1112809   .0862267    -1.29   0.197    -.2802822    .0577204
           M_4 |   .9387973   .0335194    28.01   0.000     .8731005    1.004494
       urban_4 |    .067147   .0382579     1.76   0.079     -.007837    .1421311
        EF29_4 |  -.0144105   .0258506    -0.56   0.577    -.0650768    .0362557
     monthly_4 |  -.0000204   5.69e-06    -3.58   0.000    -.0000315   -9.22e-06
         age_4 |  -.0091051   .0014514    -6.27   0.000    -.0119498   -.0062603
         edu_4 |   .0932612   .0388535     2.40   0.016     .0171098    .1694126
        cons_4 |   -3.15287    .190591   -16.54   0.000    -3.526422   -2.779318
          p1_5 |   .3130309   .1153441     2.71   0.007     .0869608    .5391011
          p2_5 |   .2178624   .1124025     1.94   0.053    -.0024425    .4381672
          p3_5 |  -.2003712   .0821011    -2.44   0.015    -.3612864   -.0394561
          p4_5 |  -.7421457   .3234938    -2.29   0.022    -1.376182   -.1081095
          p5_5 |  -.0034421   .0325937    -0.11   0.916    -.0673245    .0604402
          p6_5 |  -.1914755   .2487765    -0.77   0.441    -.6790686    .2961175
          p7_5 |  -.0575208   .0752359    -0.76   0.445    -.2049804    .0899389
          p8_5 |  -.0802385   .0846266    -0.95   0.343    -.2461036    .0856266
          p9_5 |  -.2216939   .1063572    -2.08   0.037    -.4301503   -.0132376
         p10_5 |   .0054568   .3655499     0.01   0.988    -.7110079    .7219215
         p11_5 |  -.0430331   .0480466    -0.90   0.370    -.1372026    .0511364
         p12_5 |  -.1533903   .0645991    -2.37   0.018    -.2800021   -.0267784
         p13_5 |   .0966561   .1098902     0.88   0.379    -.1187247     .312037
         p14_5 |   .0058712    .603682     0.01   0.992    -1.177324    1.189066
         p15_5 |   -.161923   .0714877    -2.27   0.024    -.3020362   -.0218097
           M_5 |   .7949523   .0286227    27.77   0.000     .7388529    .8510516
       urban_5 |   .0401898   .0310758     1.29   0.196    -.0207177    .1010973
        EF29_5 |  -.0784093   .0191589    -4.09   0.000    -.1159602   -.0408585
     monthly_5 |  -.0000189   6.52e-06    -2.89   0.004    -.0000317   -6.09e-06
         age_5 |   .0060784   .0009542     6.37   0.000     .0042082    .0079486
         edu_5 |  -.0393205   .0324866    -1.21   0.226     -.102993     .024352
        cons_5 |  -3.867687   .1529429   -25.29   0.000    -4.167449   -3.567924
          p1_6 |   .0195383   .1237471     0.16   0.875    -.2230016    .2620782
          p2_6 |  -.3919792   .1233022    -3.18   0.001     -.633647   -.1503113
          p3_6 |   .0784846   .0853514     0.92   0.358     -.088801    .2457702
          p4_6 |   .5130063   .2567135     2.00   0.046     .0098571    1.016155
          p5_6 |  -.0619364   .0411026    -1.51   0.132    -.1424959    .0186232
          p6_6 |   .5917062   .2123635     2.79   0.005     .1754813    1.007931
          p7_6 |  -.0889332   .0901425    -0.99   0.324    -.2656093     .087743
          p8_6 |  -.2217553   .0799229    -2.77   0.006    -.3784014   -.0651092
          p9_6 |  -.1598884   .1035307    -1.54   0.123    -.3628048    .0430279
         p10_6 |  -.0014073   .3864195    -0.00   0.997    -.7587756    .7559609
         p11_6 |  -.0610757   .0469717    -1.30   0.194    -.1531385    .0309872
         p12_6 |  -.2599558   .0634551    -4.10   0.000    -.3843256    -.135586
         p13_6 |   .1789569   .1212272     1.48   0.140    -.0586441    .4165579
         p14_6 |  -1.149809   .5885079    -1.95   0.051    -2.303263    .0036452
         p15_6 |  -.0386029   .0651478    -0.59   0.553    -.1662903    .0890845
           M_6 |   .5810421   .0261953    22.18   0.000     .5297003    .6323839
       urban_6 |   .0705112   .0310876     2.27   0.023     .0095806    .1314417
        EF29_6 |   .0579811   .0220167     2.63   0.008     .0148292    .1011331
     monthly_6 |   2.91e-06   5.46e-06     0.53   0.594    -7.79e-06    .0000136
         age_6 |  -.0137299   .0011523   -11.92   0.000    -.0159883   -.0114715
         edu_6 |  -.1225174   .0256333    -4.78   0.000    -.1727577   -.0722771
        cons_6 |  -2.023301   .1381576   -14.64   0.000    -2.294085   -1.752517
          p1_7 |  -.0780455   .1506134    -0.52   0.604    -.3732424    .2171514
          p2_7 |  -.3591473   .1803422    -1.99   0.046    -.7126115   -.0056831
          p3_7 |  -.0777101   .1213401    -0.64   0.522    -.3155324    .1601121
          p4_7 |   .0651699   .3834411     0.17   0.865    -.6863609    .8167007
          p5_7 |  -.1422291   .0461189    -3.08   0.002    -.2326205   -.0518377
          p6_7 |   .3776273   .2586047     1.46   0.144    -.1292286    .8844832
          p7_7 |   .0993612   .0616823     1.61   0.107    -.0215339    .2202562
          p8_7 |   -.117146   .1055528    -1.11   0.267    -.3240258    .0897338
          p9_7 |  -.2636125   .1277813    -2.06   0.039    -.5140592   -.0131658
         p10_7 |   .6857766    .376818     1.82   0.069    -.0527732    1.424326
         p11_7 |  -.5420562   .0543194    -9.98   0.000    -.6485204   -.4355921
         p12_7 |  -.0885503   .0695422    -1.27   0.203    -.2248505    .0477498
         p13_7 |  -.2442107   .1203854    -2.03   0.043    -.4801618   -.0082595
         p14_7 |  -.7629521   .8258556    -0.92   0.356    -2.381599     .855695
         p15_7 |  -.0980432   .0757195    -1.29   0.195    -.2464508    .0503643
           M_7 |   .9082777   .0268857    33.78   0.000     .8555827    .9609727
       urban_7 |   .0265352   .0331145     0.80   0.423     -.038368    .0914383
        EF29_7 |   .0589348    .030453     1.94   0.053    -.0007519    .1186215
     monthly_7 |  -1.03e-06   8.04e-06    -0.13   0.899    -.0000168    .0000147
         age_7 |    .004027   .0014212     2.83   0.005     .0012414    .0068126
         edu_7 |  -.1956595   .0283098    -6.91   0.000    -.2511456   -.1401733
        cons_7 |  -3.978583   .1375886   -28.92   0.000    -4.248251   -3.708914
          p1_8 |  -.2708444   .2600173    -1.04   0.298    -.7804689    .2387801
          p2_8 |  -.7158599    .256213    -2.79   0.005    -1.218028   -.2136918
          p3_8 |   .2027898   .1333478     1.52   0.128    -.0585671    .4641468
          p4_8 |   .5552632   .7397016     0.75   0.453    -.8945253    2.005052
          p5_8 |  -.1790189   .0714178    -2.51   0.012    -.3189952   -.0390427
          p6_8 |   -.119192   .3854894    -0.31   0.757    -.8747374    .6363533
          p7_8 |  -.0110896   .1154819    -0.10   0.923      -.23743    .2152509
          p8_8 |   .0105594   .0725416     0.15   0.884    -.1316195    .1527383
          p9_8 |   .0015255   .2123108     0.01   0.994     -.414596     .417647
         p10_8 |  -.1233483   .5150745    -0.24   0.811    -1.132876    .8861791
         p11_8 |  -.5824744   .1061919    -5.49   0.000    -.7906068    -.374342
         p12_8 |   -.010626   .1243185    -0.09   0.932    -.2542858    .2330338
         p13_8 |  -.0394116   .1668964    -0.24   0.813    -.3665224    .2876993
         p14_8 |  -1.399313   .9566012    -1.46   0.144    -3.274217    .4755907
         p15_8 |   -.130329   .1335439    -0.98   0.329    -.3920703    .1314123
           M_8 |   .6106239   .0497508    12.27   0.000     .5131141    .7081338
       urban_8 |  -.0440867   .0629627    -0.70   0.484    -.1674913    .0793179
        EF29_8 |   .2007084   .0561402     3.58   0.000     .0906756    .3107413
     monthly_8 |    .000016   .0000282     0.57   0.570    -.0000393    .0000714
         age_8 |   .0154612   .0014717    10.51   0.000     .0125767    .0183457
         edu_8 |  -.1979942   .0602613    -3.29   0.001    -.3161042   -.0798843
        cons_8 |  -2.220454   .2095584   -10.60   0.000    -2.631181   -1.809728
          p1_9 |  -.0272875   .1224748    -0.22   0.824    -.2673336    .2127586
          p2_9 |   .1383906   .0949319     1.46   0.145    -.0476724    .3244536
          p3_9 |   .0626892   .0951758     0.66   0.510     -.123852    .2492304
          p4_9 |  -.1417163    .314706    -0.45   0.652    -.7585288    .4750962
          p5_9 |   .0643247   .0340446     1.89   0.059    -.0024016     .131051
          p6_9 |  -.0728313    .241726    -0.30   0.763    -.5466056     .400943
          p7_9 |   .1779485   .0646781     2.75   0.006     .0511817    .3047153
          p8_9 |  -.0198043   .0741721    -0.27   0.789    -.1651788    .1255703
          p9_9 |  -.4951681   .1472258    -3.36   0.001    -.7837255   -.2066108
         p10_9 |  -.0082473   .3311631    -0.02   0.980     -.657315    .6408204
         p11_9 |  -.0968981   .0490915    -1.97   0.048    -.1931156   -.0006806
         p12_9 |   .0161925   .0629503     0.26   0.797    -.1071879    .1395729
         p13_9 |  -.1109756   .1116799    -0.99   0.320    -.3298642    .1079129
         p14_9 |   .8945797   .6261948     1.43   0.153    -.3327395    2.121899
         p15_9 |   .1270554   .0688422     1.85   0.065    -.0078729    .2619837
           M_9 |   .6034264   .0258849    23.31   0.000     .5526929    .6541599
       urban_9 |   .1004592   .0344171     2.92   0.004     .0330029    .1679155
        EF29_9 |  -.0304993    .023053    -1.32   0.186    -.0756824    .0146838
     monthly_9 |   2.68e-06   4.54e-06     0.59   0.556    -6.23e-06    .0000116
         age_9 |   .0082246   .0010675     7.70   0.000     .0061323    .0103169
         edu_9 |    .074606   .0259818     2.87   0.004     .0236827    .1255293
        cons_9 |   -4.22012   .1383239   -30.51   0.000     -4.49123    -3.94901
         p1_10 |  -.2300377   .1351942    -1.70   0.089    -.4950135    .0349381
         p2_10 |    .168581   .1170231     1.44   0.150      -.06078    .3979419
         p3_10 |   .0642257   .0970625     0.66   0.508    -.1260133    .2544648
         p4_10 |   .1187383   .3314077     0.36   0.720    -.5308089    .7682856
         p5_10 |   -.055969   .0425828    -1.31   0.189    -.1394298    .0274918
         p6_10 |  -.0348762   .2485666    -0.14   0.888    -.5220578    .4523053
         p7_10 |  -.2331177    .073883    -3.16   0.002    -.3779257   -.0883096
         p8_10 |   -.161056   .0887741    -1.81   0.070    -.3350499     .012938
         p9_10 |  -.0645211    .111882    -0.58   0.564    -.2838059    .1547636
        p10_10 |  -.1150065   .2711579    -0.42   0.671    -.6464663    .4164533
        p11_10 |  -.1524828   .0614556    -2.48   0.013    -.2729336    -.032032
        p12_10 |  -.1207168   .0533897    -2.26   0.024    -.2253586    -.016075
        p13_10 |   .0406764   .1180338     0.34   0.730    -.1906655    .2720184
        p14_10 |  -.1774302   .6107751    -0.29   0.771    -1.374527    1.019667
        p15_10 |  -.1296866   .0662482    -1.96   0.050    -.2595306    .0001575
          M_10 |   .6872676   .0219212    31.35   0.000     .6443028    .7302323
      urban_10 |  -.0346663   .0338285    -1.02   0.305     -.100969    .0316364
       EF29_10 |   .0112157   .0222403     0.50   0.614    -.0323745     .054806
    monthly_10 |  -.0000233   4.75e-06    -4.89   0.000    -.0000326   -.0000139
        age_10 |   .0084749   .0010638     7.97   0.000     .0063899    .0105599
        edu_10 |   .0505438   .0285811     1.77   0.077    -.0054742    .1065618
       cons_10 |  -3.391446   .1263086   -26.85   0.000    -3.639007   -3.143886
         p1_11 |    .126935   .1654858     0.77   0.443    -.1974112    .4512811
         p2_11 |  -.1886952   .1263004    -1.49   0.135    -.4362394    .0588489
         p3_11 |   -.116224   .1084568    -1.07   0.284    -.3287954    .0963474
         p4_11 |  -.7269588   .4100562    -1.77   0.076    -1.530654    .0767366
         p5_11 |   .0219323   .0426006     0.51   0.607    -.0615633    .1054278
         p6_11 |  -.2623869   .2939091    -0.89   0.372    -.8384382    .3136644
         p7_11 |  -.1138094   .0923482    -1.23   0.218    -.2948086    .0671898
         p8_11 |   .0449852   .1035993     0.43   0.664    -.1580656     .248036
         p9_11 |  -.0656333   .1226264    -0.54   0.592    -.3059767    .1747101
        p10_11 |   .2064489   .3285851     0.63   0.530     -.437566    .8504639
        p11_11 |  -.0322625   .0315206    -1.02   0.306    -.0940419    .0295168
        p12_11 |    -.10307   .0707373    -1.46   0.145    -.2417126    .0355726
        p13_11 |  -.1784697   .1361463    -1.31   0.190    -.4453114    .0883721
        p14_11 |  -.5894923   .6489942    -0.91   0.364    -1.861498    .6825129
        p15_11 |  -.0216169   .0825642    -0.26   0.793    -.1834398    .1402059
          M_11 |   .7683702   .0286471    26.82   0.000     .7122228    .8245175
      urban_11 |   .0517769   .0378279     1.37   0.171    -.0223646    .1259183
       EF29_11 |  -.0614671     .02327    -2.64   0.008    -.1070754   -.0158589
    monthly_11 |   2.39e-06   7.87e-06     0.30   0.761     -.000013    .0000178
        age_11 |   .0041073   .0012068     3.40   0.001      .001742    .0064726
        edu_11 |   .0157282   .0322891     0.49   0.626    -.0475573    .0790136
       cons_11 |  -3.255388    .123934   -26.27   0.000    -3.498294   -3.012482
         p1_12 |  -.2120443    .186805    -1.14   0.256    -.5781754    .1540868
         p2_12 |  -.3759301   .1887276    -1.99   0.046    -.7458294   -.0060308
         p3_12 |    .007131   .1189248     0.06   0.952    -.2259573    .2402193
         p4_12 |   .3665961   .4894359     0.75   0.454    -.5926807    1.325873
         p5_12 |  -.0667852   .0543963    -1.23   0.220    -.1733999    .0398295
         p6_12 |  -.4046474    .361817    -1.12   0.263    -1.113796    .3045008
         p7_12 |  -.1029142   .1049864    -0.98   0.327    -.3086837    .1028553
         p8_12 |   .1778175   .1412325     1.26   0.208     -.098993    .4546281
         p9_12 |   .0017043   .1957541     0.01   0.993    -.3819667    .3853753
        p10_12 |   .3409127   .4357411     0.78   0.434    -.5131241    1.194949
        p11_12 |  -.0080441   .0644427    -0.12   0.901    -.1343495    .1182613
        p12_12 |  -.1232297   .0460832    -2.67   0.007    -.2135511   -.0329084
        p13_12 |   .1543628   .1673766     0.92   0.356    -.1736894    .4824149
        p14_12 |  -.2443784    .764491    -0.32   0.749    -1.742753    1.253996
        p15_12 |  -.1706394   .0876351    -1.95   0.052     -.342401    .0011222
          M_12 |   .5891784   .0310818    18.96   0.000     .5282592    .6500975
      urban_12 |   .0241594   .0471653     0.51   0.608    -.0682828    .1166016
       EF29_12 |   .0323372   .0288327     1.12   0.262    -.0241739    .0888482
    monthly_12 |  -6.35e-06   6.68e-06    -0.95   0.342    -.0000194    6.74e-06
        age_12 |   .0090874   .0012325     7.37   0.000     .0066717    .0115031
        edu_12 |  -.0047357   .0363998    -0.13   0.896     -.076078    .0666066
       cons_12 |  -2.139307   .1589612   -13.46   0.000    -2.450865   -1.827749
         p1_13 |  -.2500335     .83624    -0.30   0.765    -1.889034    1.388967
         p2_13 |  -.9969183   1.111582    -0.90   0.370     -3.17558    1.181743
         p3_13 |    .091362   .5501078     0.17   0.868    -.9868294    1.169553
         p4_13 |   -.621734   2.437477    -0.26   0.799    -5.399102    4.155634
         p5_13 |   .0221054   .2797868     0.08   0.937    -.5262666    .5704774
         p6_13 |   1.612272   1.703074     0.95   0.344    -1.725692    4.950235
         p7_13 |  -.4934704   .5796411    -0.85   0.395    -1.629546    .6426053
         p8_13 |   .7946402   .3929841     2.02   0.043     .0244055    1.564875
         p9_13 |  -.4482446   .3674848    -1.22   0.223    -1.168502    .2720124
        p10_13 |   1.103625    .823735     1.34   0.180    -.5108662    2.718116
        p11_13 |   .3355297   .1860333     1.80   0.071    -.0290889    .7001483
        p12_13 |  -.5663652   .3345847    -1.69   0.091    -1.222139    .0894089
        p13_13 |  -.1923071   .3114046    -0.62   0.537    -.8026488    .4180346
        p14_13 |  -1.396779   2.655704    -0.53   0.599    -6.601863    3.808304
        p15_13 |  -.4834321   .4669477    -1.04   0.301    -1.398633    .4317687
          M_13 |   .8341225   .1566105     5.33   0.000     .5271717    1.141073
      urban_13 |   .1468694   .1876485     0.78   0.434    -.2209149    .5146537
       EF29_13 |   .1833396   .1784516     1.03   0.304     -.166419    .5330982
    monthly_13 |   .0001223   .0000666     1.84   0.066    -8.17e-06    .0002528
        age_13 |    .005992   .0051529     1.16   0.245    -.0041075    .0160916
        edu_13 |  -.2314199   .2150391    -1.08   0.282    -.6528889    .1900491
       cons_13 |  -1.678131   .6022427    -2.79   0.005    -2.858505   -.4977569
         p1_14 |   -.847656    .383491    -2.21   0.027    -1.599285   -.0960275
         p2_14 |  -.1294864   .3387041    -0.38   0.702    -.7933342    .5343615
         p3_14 |   .0026877   .3071113     0.01   0.993    -.5992394    .6046148
         p4_14 |   .4227795   .9366634     0.45   0.652    -1.413047    2.258606
         p5_14 |  -.1187859    .113003    -1.05   0.293    -.3402677    .1026959
         p6_14 |  -.0077898   .7670403    -0.01   0.992    -1.511161    1.495582
         p7_14 |  -.1101194   .2596811    -0.42   0.672    -.6190851    .3988462
         p8_14 |   .1314342   .2665695     0.49   0.622    -.3910325    .6539009
         p9_14 |  -.4173915   .4004263    -1.04   0.297    -1.202213    .3674297
        p10_14 |   .7789449   1.020546     0.76   0.445    -1.221289    2.779179
        p11_14 |  -.0024301   .1495417    -0.02   0.987    -.2955264    .2906663
        p12_14 |   .0135091   .1939448     0.07   0.944    -.3666156    .3936339
        p13_14 |   .2818376   .2385718     1.18   0.237    -.1857545    .7494298
        p14_14 |  -.5769135   .7819998    -0.74   0.461    -2.109605     .955778
        p15_14 |   -.141851   .1256931    -1.13   0.259    -.3882051     .104503
          M_14 |   .8449458   .0619528    13.64   0.000     .7235206    .9663711
      urban_14 |  -.0584231    .097664    -0.60   0.550     -.249841    .1329947
       EF29_14 |   .0854531    .062677     1.36   0.173    -.0373915    .2082977
    monthly_14 |  -3.63e-06   .0000181    -0.20   0.841    -.0000391    .0000319
        age_14 |  -.0063602   .0021592    -2.95   0.003     -.010592   -.0021283
        edu_14 |  -.0085408   .0845567    -0.10   0.920    -.1742689    .1571874
       cons_14 |  -1.574595    .306506    -5.14   0.000    -2.175336   -.9738542
         p1_15 |   .0352643   .1731389     0.20   0.839    -.3040817    .3746104
         p2_15 |   .0819566   .1509588     0.54   0.587    -.2139173    .3778305
         p3_15 |  -.0922687   .1127709    -0.82   0.413    -.3132957    .1287583
         p4_15 |   -.498346   .3808116    -1.31   0.191    -1.244723     .248031
         p5_15 |   .0196965   .0407332     0.48   0.629    -.0601391    .0995321
         p6_15 |    -.45748    .264049    -1.73   0.083    -.9750065    .0600465
         p7_15 |   .0601251   .0892018     0.67   0.500    -.1147074    .2349575
         p8_15 |  -.1198094    .101849    -1.18   0.239    -.3194297     .079811
         p9_15 |  -.0062137   .1450284    -0.04   0.966    -.2904642    .2780368
        p10_15 |  -.6157886   .3859007    -1.60   0.111     -1.37214    .1405628
        p11_15 |   .0980277   .0512985     1.91   0.056    -.0025155    .1985708
        p12_15 |   .0343273   .0722713     0.47   0.635    -.1073218    .1759764
        p13_15 |  -.3801709   .1497674    -2.54   0.011    -.6737096   -.0866322
        p14_15 |   1.033962   .7129492     1.45   0.147    -.3633926    2.431317
        p15_15 |  -.1150203   .0495066    -2.32   0.020    -.2120515   -.0179891
          M_15 |   .7437704   .0299084    24.87   0.000      .685151    .8023899
      urban_15 |   .1052727   .0405512     2.60   0.009     .0257939    .1847516
       EF29_15 |    .028919   .0265455     1.09   0.276    -.0231092    .0809472
    monthly_15 |  -9.40e-06   6.54e-06    -1.44   0.151    -.0000222    3.42e-06
        age_15 |  -.0195512   .0012641   -15.47   0.000    -.0220287   -.0170737
        edu_15 |   .0332461   .0335538     0.99   0.322    -.0325182    .0990104
       cons_15 |  -1.809205   .1417158   -12.77   0.000    -2.086963   -1.531448
---------------+----------------------------------------------------------------
ELAS_INC       |
           e_1 |   .9215178   .0757886    12.16   0.000      .772975    1.070061
           e_2 |   1.171958   .0796474    14.71   0.000     1.015852    1.328064
           e_3 |   .6917676   .1149204     6.02   0.000     .4665277    .9170074
           e_4 |   .9517684   .1120307     8.50   0.000     .7321923    1.171345
           e_5 |   1.233647   .1023466    12.05   0.000     1.033052    1.434243
           e_6 |   .8152654   .0902324     9.04   0.000     .6384132    .9921177
           e_7 |    1.28143   .0505089    25.37   0.000     1.182434    1.380426
           e_8 |   1.141552   .0278931    40.93   0.000     1.086882    1.196221
           e_9 |   1.010364   .2373657     4.26   0.000     .5451353    1.475592
          e_10 |   1.057083   .0960528    11.01   0.000     .8688227    1.245343
          e_11 |   .9437647   .0574862    16.42   0.000     .8310938    1.056436
          e_12 |   .9507279   .0706803    13.45   0.000     .8121971    1.089259
          e_13 |   .8716165   .0619808    14.06   0.000     .7501364    .9930965
          e_14 |    .958243   .0811311    11.81   0.000      .799229    1.117257
          e_15 |   1.154213   .0600481    19.22   0.000     1.036521    1.271905
---------------+----------------------------------------------------------------
ELAS_UNCOMP    |
         e_1_1 |  -.8161207   .0893366    -9.14   0.000    -.9912173   -.6410241
         e_2_1 |    .035708   .0582523     0.61   0.540    -.0784645    .1498804
         e_3_1 |  -.0628251   .0666083    -0.94   0.346    -.1933749    .0677248
         e_4_1 |   .1131938   .0692793     1.63   0.102    -.0225912    .2489787
         e_5_1 |   .0152738    .041411     0.37   0.712    -.0658902    .0964379
         e_6_1 |   .0710402   .0449519     1.58   0.114    -.0170639    .1591443
         e_7_1 |    .059851   .0496371     1.21   0.228    -.0374359    .1571379
         e_8_1 |   .0353792    .061316     0.58   0.564     -.084798    .1555564
         e_9_1 |   .0701418   .0373714     1.88   0.061    -.0031049    .1433885
        e_10_1 |   .0440958   .0634921     0.69   0.487    -.0803464     .168538
        e_11_1 |   .0821862   .0459525     1.79   0.074     -.007879    .1722514
        e_12_1 |   .0755832   .0615591     1.23   0.220    -.0450704    .1962369
        e_13_1 |  -.0617948   .1018635    -0.61   0.544    -.2614437    .1378541
        e_14_1 |  -.0330299   .1759417    -0.19   0.851    -.3778694    .3118096
        e_15_1 |   .0479619   .0523988     0.92   0.360    -.0547379    .1506617
         e_1_2 |   .0331073   .1349988     0.25   0.806    -.2314855    .2977001
         e_2_2 |   -.945737   .1072171    -8.82   0.000    -1.155879   -.7355954
         e_3_2 |   .1031813   .1225347     0.84   0.400    -.1369823    .3433449
         e_4_2 |  -.2225265   .1557028    -1.43   0.153    -.5276984    .0826453
         e_5_2 |    .063271   .0490711     1.29   0.197    -.0329066    .1594486
         e_6_2 |  -.0470394   .0710036    -0.66   0.508    -.1862039    .0921251
         e_7_2 |  -.0064562   .0757103    -0.09   0.932    -.1548458    .1419333
         e_8_2 |   -.015268   .0819298    -0.19   0.852    -.1758475    .1453116
         e_9_2 |   .0537746   .0473575     1.14   0.256    -.0390443    .1465935
        e_10_2 |   .0829053   .0985843     0.84   0.400    -.1103163     .276127
        e_11_2 |  -.0370115   .0534711    -0.69   0.489     -.141813    .0677899
        e_12_2 |  -.1265524   .0731903    -1.73   0.084    -.2700028    .0168981
        e_13_2 |  -.0360242   .1139899    -0.32   0.752    -.2594403    .1873919
        e_14_2 |    .050313   .2198623     0.23   0.819    -.3806091    .4812352
        e_15_2 |   .0194821   .0687463     0.28   0.777    -.1152582    .1542223
         e_1_3 |   .0683782   .1365594     0.50   0.617    -.1992734    .3360297
         e_2_3 |   .1542508   .1083363     1.42   0.155    -.0580845    .3665861
         e_3_3 |  -.9067541   .1248646    -7.26   0.000    -1.151484   -.6620241
         e_4_3 |   .1591155   .1094214     1.45   0.146    -.0553465    .3735775
         e_5_3 |   .1043177   .1022082     1.02   0.307    -.0960068    .3046421
         e_6_3 |   .1661901   .1317902     1.26   0.207    -.0921141    .4244942
         e_7_3 |   .1108234   .1089912     1.02   0.309    -.1027953    .3244422
         e_8_3 |   .0931974   .1265022     0.74   0.461    -.1547423    .3411372
         e_9_3 |   .1560384   .1224069     1.27   0.202    -.0838747    .3959514
        e_10_3 |   .1996523   .1325057     1.51   0.132    -.0600542    .4593587
        e_11_3 |   .1730932   .1291783     1.34   0.180    -.0800917     .426278
        e_12_3 |   .1812205    .152383     1.19   0.234    -.1174448    .4798857
        e_13_3 |   .2880767   .1324673     2.17   0.030     .0284455    .5477079
        e_14_3 |   .2657963   .2635918     1.01   0.313    -.2508342    .7824267
        e_15_3 |    .130383   .1222859     1.07   0.286    -.1092929    .3700589
         e_1_4 |    .272964   .1955218     1.40   0.163    -.1102517    .6561797
         e_2_4 |  -.2061696   .1590607    -1.30   0.195    -.5179229    .1055838
         e_3_4 |   .0982046    .116925     0.84   0.401    -.1309643    .3273735
         e_4_4 |  -.6681278   .3856928    -1.73   0.083    -1.424072    .0878163
         e_5_4 |   .0356898   .0716329     0.50   0.618    -.1047081    .1760877
         e_6_4 |   .1106481   .1053261     1.05   0.293    -.0957872    .3170835
         e_7_4 |   .0301004   .0968926     0.31   0.756    -.1598055    .2200063
         e_8_4 |   .1310193   .1245899     1.05   0.293    -.1131723    .3752109
         e_9_4 |   .0317324    .088062     0.36   0.719     -.140866    .2043308
        e_10_4 |  -.1850013   .2308506    -0.80   0.423    -.6374601    .2674576
        e_11_4 |   .1083908   .0848589     1.28   0.201    -.0579297    .2747112
        e_12_4 |   .0199757    .117204     0.17   0.865    -.2097399    .2496913
        e_13_4 |    .139997   .1548593     0.90   0.366    -.1635217    .4435157
        e_14_4 |  -.4634168   .4027585    -1.15   0.250    -1.252809    .3259754
        e_15_4 |  -.0132426   .1134294    -0.12   0.907    -.2355601    .2090749
         e_1_5 |  -.1164548   .1681841    -0.69   0.489    -.4460895    .2131799
         e_2_5 |   .3147605    .147514     2.13   0.033     .0256384    .6038826
         e_3_5 |    -.17917   .2035393    -0.88   0.379    -.5780996    .2197597
         e_4_5 |  -.3575716   .2430719    -1.47   0.141    -.8339838    .1188406
         e_5_5 |  -.8664498   .0865485   -10.01   0.000    -1.036082   -.6968178
         e_6_5 |  -.0746122   .1037196    -0.72   0.472     -.277899    .1286745
         e_7_5 |  -.0467932    .092069    -0.51   0.611    -.2272452    .1336588
         e_8_5 |  -.2332449    .137591    -1.70   0.090    -.5029182    .0364284
         e_9_5 |  -.0773899   .0550136    -1.41   0.160    -.1852146    .0304347
        e_10_5 |   -.037331   .1487326    -0.25   0.802    -.3288416    .2541795
        e_11_5 |  -.1666182   .0792991    -2.10   0.036    -.3220415   -.0111948
        e_12_5 |  -.1776112   .1211901    -1.47   0.143    -.4151395    .0599171
        e_13_5 |   .3748223   .2455092     1.53   0.127    -.1063669    .8560115
        e_14_5 |   .3359751   .2849839     1.18   0.238    -.2225831    .8945332
        e_15_5 |  -.0825337   .0842064    -0.98   0.327    -.2475752    .0825078
         e_1_6 |   .1389471   .1277174     1.09   0.277    -.1113744    .3892685
         e_2_6 |  -.1880425   .1326178    -1.42   0.156    -.4479686    .0718837
         e_3_6 |   .1983021   .1128806     1.76   0.079    -.0229398    .4195439
         e_4_6 |   .3840842   .2282491     1.68   0.092    -.0632757    .8314442
         e_5_6 |    .016301   .0380913     0.43   0.669    -.0583566    .0909585
         e_6_6 |  -.7704006    .197266    -3.91   0.000    -1.157035   -.3837664
         e_7_6 |   .0649066   .0741622     0.88   0.381    -.0804486    .2102617
         e_8_6 |   .0508566   .0984196     0.52   0.605    -.1420422    .2437555
         e_9_6 |   -.052935   .0804188    -0.66   0.510    -.2105529     .104683
        e_10_6 |   -.034652   .3042142    -0.11   0.909    -.6309008    .5615968
        e_11_6 |  -.1670559   .0644338    -2.59   0.010    -.2933438    -.040768
        e_12_6 |    .000992   .0601109     0.02   0.987    -.1168232    .1188072
        e_13_6 |   .0421093   .1286157     0.33   0.743    -.2099729    .2941915
        e_14_6 |  -.2525634   .2798114    -0.90   0.367    -.8009836    .2958569
        e_15_6 |  -.0404929   .0618368    -0.65   0.513    -.1616909    .0807051
         e_1_7 |   .0103779    .046551     0.22   0.824    -.0808605    .1016162
         e_2_7 |  -.0371759   .0398907    -0.93   0.351    -.1153602    .0410083
         e_3_7 |  -.0375076   .0432659    -0.87   0.386    -.1223073     .047292
         e_4_7 |   .0043413   .0551674     0.08   0.937    -.1037849    .1124674
         e_5_7 |  -.0172283   .0142179    -1.21   0.226    -.0450949    .0106383
         e_6_7 |   .0251421   .0254202     0.99   0.323    -.0246806    .0749647
         e_7_7 |  -.9717681   .0295409   -32.90   0.000    -1.029667   -.9138691
         e_8_7 |  -.0113249   .0425477    -0.27   0.790     -.094717    .0720671
         e_9_7 |  -.0202579   .0131021    -1.55   0.122    -.0459375    .0054216
        e_10_7 |   .0600916   .0437869     1.37   0.170    -.0257292    .1459124
        e_11_7 |  -.0932761   .0230134    -4.05   0.000    -.1383815   -.0481707
        e_12_7 |  -.0260391   .0233199    -1.12   0.264    -.0717452     .019667
        e_13_7 |  -.1405112   .0502347    -2.80   0.005    -.2389694   -.0420531
        e_14_7 |  -.0429969   .0947902    -0.45   0.650    -.2287822    .1427885
        e_15_7 |   .0033575   .0231614     0.14   0.885     -.042038    .0487531
         e_1_8 |   .0082325   .0368335     0.22   0.823    -.0639599    .0804249
         e_2_8 |  -.0178537   .0317493    -0.56   0.574    -.0800813    .0443739
         e_3_8 |   .0090248    .032373     0.28   0.780    -.0544251    .0724746
         e_4_8 |   .0573508   .0471523     1.22   0.224     -.035066    .1497675
         e_5_8 |  -.0051507   .0199192    -0.26   0.796    -.0441915    .0338902
         e_6_8 |   .0132008   .0235158     0.56   0.575    -.0328892    .0592908
         e_7_8 |   .0118253   .0227617     0.52   0.603    -.0327868    .0564374
         e_8_8 |  -.9987894   .0315082   -31.70   0.000    -1.060544   -.9370344
         e_9_8 |    .023849   .0203364     1.17   0.241    -.0160095    .0637076
        e_10_8 |    .002836   .0321916     0.09   0.930    -.0602583    .0659303
        e_11_8 |  -.0560275   .0276398    -2.03   0.043    -.1102006   -.0018544
        e_12_8 |   .0093315   .0318116     0.29   0.769    -.0530182    .0716812
        e_13_8 |  -.0356734     .04124    -0.87   0.387    -.1165023    .0451556
        e_14_8 |    .052779   .0724039     0.73   0.466      -.08913    .1946881
        e_15_8 |  -.0136494   .0235009    -0.58   0.561    -.0597103    .0324115
         e_1_9 |   .1919881   .1166933     1.65   0.100    -.0367267    .4207028
         e_2_9 |   .1613992   .1087713     1.48   0.138    -.0517886    .3745869
         e_3_9 |   .1246618   .1232967     1.01   0.312    -.1169952    .3663188
         e_4_9 |    .016184   .1989389     0.08   0.935    -.3737292    .4060971
         e_5_9 |   .0532339   .0394919     1.35   0.178    -.0241688    .1306367
         e_6_9 |  -.0407171   .0987538    -0.41   0.680    -.2342709    .1528368
         e_7_9 |   .1179899   .0682666     1.73   0.084    -.0158101    .2517899
         e_8_9 |   .1364154   .0990633     1.38   0.168    -.0577451    .3305758
         e_9_9 |  -1.233561   .0691003   -17.85   0.000    -1.368995   -1.098127
        e_10_9 |  -.1132964   .1420544    -0.80   0.425    -.3917179    .1651251
        e_11_9 |  -.0215291   .0390545    -0.55   0.581    -.0980744    .0550163
        e_12_9 |   .0192155   .0723621     0.27   0.791    -.1226117    .1610427
        e_13_9 |  -.0482307   .1172579    -0.41   0.681    -.2780518    .1815905
        e_14_9 |       .273   .2640459     1.03   0.301    -.2445203    .7905204
        e_15_9 |    .039619   .0588837     0.67   0.501     -.075791     .155029
        e_1_10 |  -.0909981   .1035835    -0.88   0.380    -.2940181    .1120219
        e_2_10 |   .1443592   .1041334     1.39   0.166    -.0597384    .3484568
        e_3_10 |  -.0998094   .0758633    -1.32   0.188    -.2484988    .0488799
        e_4_10 |   -.227602   .2873471    -0.79   0.428     -.790792     .335588
        e_5_10 |  -.0077939   .0360125    -0.22   0.829    -.0783771    .0627893
        e_6_10 |  -.0190377   .1402775    -0.14   0.892    -.2939766    .2559012
        e_7_10 |   .0190078   .0560861     0.34   0.735    -.0909189    .1289345
        e_8_10 |   -.047566   .0834496    -0.57   0.569    -.2111243    .1159923
        e_9_10 |  -.0689296   .0630354    -1.09   0.274    -.1924768    .0546176
       e_10_10 |  -.6866698   .2164076    -3.17   0.002    -1.110821   -.2625187
       e_11_10 |  -.0265046   .0613098    -0.43   0.666    -.1466696    .0936604
       e_12_10 |  -.0263583   .0669379    -0.39   0.694    -.1575542    .1048376
       e_13_10 |   .1141586   .0971823     1.17   0.240    -.0763152    .3046323
       e_14_10 |   .1177062   .3040087     0.39   0.699      -.47814    .7135524
       e_15_10 |  -.0205848   .0597438    -0.34   0.730    -.1376805    .0965109
        e_1_11 |   .1936229   .1269755     1.52   0.127    -.0552444    .4424903
        e_2_11 |  -.0188764   .0882654    -0.21   0.831    -.1918733    .1541206
        e_3_11 |   .1874066   .1716133     1.09   0.275    -.1489493    .5237625
        e_4_11 |   .2095041   .1698576     1.23   0.217    -.1234106    .5424188
        e_5_11 |  -.0392208   .0488438    -0.80   0.422    -.1349529    .0565113
        e_6_11 |  -.0707788   .0591134    -1.20   0.231    -.1866389    .0450812
        e_7_11 |  -.0988285   .0802796    -1.23   0.218    -.2561735    .0585166
        e_8_11 |  -.2448959   .1046626    -2.34   0.019    -.4500309   -.0397609
        e_9_11 |   .0061692   .0363629     0.17   0.865    -.0651007    .0774392
       e_10_11 |  -.0210469     .09079    -0.23   0.817    -.1989921    .1568982
       e_11_11 |  -.7148104   .0946351    -7.55   0.000    -.9002918    -.529329
       e_12_11 |  -.2400915   .0821774    -2.92   0.003    -.4011563   -.0790266
       e_13_11 |   .2733588   .1440589     1.90   0.058    -.0089914     .555709
       e_14_11 |   .0098309   .1982464     0.05   0.960    -.3787249    .3983866
       e_15_11 |   .0969626   .0531916     1.82   0.068    -.0072911    .2012163
        e_1_12 |   .1283898   .1389665     0.92   0.356    -.1439795    .4007591
        e_2_12 |  -.0529228   .1244128    -0.43   0.671    -.2967673    .1909217
        e_3_12 |   .1676512     .18395     0.91   0.362    -.1928843    .5281866
        e_4_12 |   .0252629   .1317255     0.19   0.848    -.2329144    .2834401
        e_5_12 |   .0138128    .092882     0.15   0.882    -.1682325    .1958581
        e_6_12 |   .0390072   .0827041     0.47   0.637    -.1230898    .2011043
        e_7_12 |   .0485278   .1081245     0.45   0.654    -.1633923    .2604479
        e_8_12 |   .0589405   .1089872     0.54   0.589    -.1546704    .2725514
        e_9_12 |   .0336654   .0759594     0.44   0.658    -.1152123    .1825432
       e_10_12 |    .023093   .0990634     0.23   0.816    -.1710677    .2172537
       e_11_12 |  -.1102054   .0941419    -1.17   0.242    -.2947202    .0743094
       e_12_12 |  -.6409969   .0788645    -8.13   0.000    -.7955685   -.4864252
       e_13_12 |   -.032156   .1673004    -0.19   0.848    -.3600586    .2957467
       e_14_12 |  -.0828088    .142169    -0.58   0.560    -.3614549    .1958373
       e_15_12 |   .0432546   .0892749     0.48   0.628     -.131721    .2182303
        e_1_13 |  -.0203594   .0890995    -0.23   0.819    -.1949911    .1542724
        e_2_13 |   .1095741    .082539     1.33   0.184    -.0521993    .2713475
        e_3_13 |   .0405581   .0745578     0.54   0.586    -.1055724    .1866886
        e_4_13 |    .087585   .1751721     0.50   0.617     -.255746     .430916
        e_5_13 |   .0281586   .0372729     0.76   0.450     -.044895    .1012122
        e_6_13 |  -.1311459   .1046232    -1.25   0.210    -.3362036    .0739118
        e_7_13 |    .038023   .0523849     0.73   0.468    -.0646496    .1406955
        e_8_13 |  -.0673749   .0537688    -1.25   0.210    -.1727599      .03801
        e_9_13 |    .050937   .0380355     1.34   0.181    -.0236113    .1254853
       e_10_13 |  -.0688106   .0620153    -1.11   0.267    -.1903583    .0527371
       e_11_13 |   .0159773   .0341719     0.47   0.640    -.0509983     .082953
       e_12_13 |   .0527852   .0460443     1.15   0.252    -.0374599    .1430304
       e_13_13 |    -.94682   .0709649   -13.34   0.000    -1.085909   -.8077313
       e_14_13 |   .1595303   .1779873     0.90   0.370    -.1893184     .508379
       e_15_13 |   .0561887   .0394971     1.42   0.155    -.0212243    .1336016
        e_1_14 |    .048114   .2214264     0.22   0.828    -.3858738    .4821019
        e_2_14 |   .1015341   .1765005     0.58   0.565    -.2444004    .4474686
        e_3_14 |   .0703781   .2360606     0.30   0.766    -.3922922    .5330484
        e_4_14 |  -.0660403   .2111638    -0.31   0.754    -.4799138    .3478331
        e_5_14 |   .1026636    .154931     0.66   0.508    -.2009955    .4063227
        e_6_14 |   .0477894   .1590479     0.30   0.764    -.2639387    .3595175
        e_7_14 |   .1122884   .1543948     0.73   0.467    -.1903199    .4148967
        e_8_14 |    .175339   .1621554     1.08   0.280    -.1424798    .4931578
        e_9_14 |   .1042523   .1495324     0.70   0.486    -.1888258    .3973303
       e_10_14 |   .0362253   .1699889     0.21   0.831    -.2969469    .3693974
       e_11_14 |     .05685   .1541573     0.37   0.712    -.2452927    .3589926
       e_12_14 |   .0195226   .1477633     0.13   0.895    -.2700883    .3091334
       e_13_14 |   .0530942   .2057633     0.26   0.796    -.3501944    .4563828
       e_14_14 |  -.8788786   .1728401    -5.08   0.000    -1.217639   -.5401181
       e_15_14 |   .0999788   .1454023     0.69   0.492    -.1850044    .3849621
        e_1_15 |   .0225956   .1288496     0.18   0.861     -.229945    .2751361
        e_2_15 |   .0325038   .0794274     0.41   0.682     -.123171    .1881786
        e_3_15 |  -.0382673     .13232    -0.29   0.772    -.2976098    .2210752
        e_4_15 |   -.134905   .1230218    -1.10   0.273    -.3760234    .1062134
        e_5_15 |  -.0050549    .035209    -0.14   0.886    -.0740632    .0639534
        e_6_15 |  -.0905319   .0489835    -1.85   0.065    -.1865378     .005474
        e_7_15 |   .0502087   .0696937     0.72   0.471    -.0863884    .1868058
        e_8_15 |  -.1265668   .0788477    -1.61   0.108    -.2811054    .0279719
        e_9_15 |  -.0170409   .0316813    -0.54   0.591    -.0791352    .0450533
       e_10_15 |  -.0929185   .0880031    -1.06   0.291    -.2654014    .0795645
       e_11_15 |   .0711407   .0423359     1.68   0.093    -.0118361    .1541175
       e_12_15 |  -.0021881   .0576373    -0.04   0.970    -.1151552     .110779
       e_13_15 |  -.0893385   .1178614    -0.76   0.448    -.3203425    .1416656
       e_14_15 |   .1941293   .1868542     1.04   0.299    -.1720981    .5603568
       e_15_15 |  -.9347758   .0567167   -16.48   0.000    -1.045938   -.8236131
---------------+----------------------------------------------------------------
ELAS_COMP      |
         e_1_1 |  -.7212829   .0901416    -8.00   0.000    -.8979572   -.5446086
         e_2_1 |   .0693698   .0578826     1.20   0.231    -.0440781    .1828177
         e_3_1 |   .0263841   .0682748     0.39   0.699    -.1074321    .1602003
         e_4_1 |   .1426741   .0688069     2.07   0.038     .0078151    .2775331
         e_5_1 |   .0281644   .0409316     0.69   0.491      -.05206    .1083888
         e_6_1 |   .0848668   .0444551     1.91   0.056    -.0022635    .1719971
         e_7_1 |   .1319054   .0465662     2.83   0.005     .0406374    .2231735
         e_8_1 |   .1739029    .060708     2.86   0.004     .0549174    .2928885
         e_9_1 |    .082178    .036683     2.24   0.025     .0102807    .1540753
        e_10_1 |   .0724337   .0619271     1.17   0.242    -.0489412    .1938085
        e_11_1 |    .213573   .1267671     1.68   0.092     -.034886     .462032
        e_12_1 |   .0230299    .088703     0.26   0.795    -.1508247    .1968846
        e_13_1 |   .3767432   .1701298     2.21   0.027      .043295    .7101914
        e_14_1 |   .3261335   .1707608     1.91   0.056    -.0085515    .6608186
        e_15_1 |   -.010384   .0490528    -0.21   0.832    -.1065257    .0857576
         e_1_2 |   .1537191   .1346985     1.14   0.254    -.1102851    .4177233
         e_2_2 |  -.9029269   .1079267    -8.37   0.000    -1.114459   -.6913944
         e_3_2 |   .2166347   .1234191     1.76   0.079    -.0252621    .4585316
         e_4_2 |  -.1850343   .1564792    -1.18   0.237     -.491728    .1216594
         e_5_2 |   .0796648   .0491757     1.62   0.105    -.0167177    .1760474
         e_6_2 |  -.0294551   .0710714    -0.41   0.679    -.1687524    .1098422
         e_7_2 |   .0851803   .0760731     1.12   0.263    -.0639202    .2342808
         e_8_2 |   .1609022   .0852948     1.89   0.059    -.0062725    .3280769
         e_9_2 |   .0690818   .0472857     1.46   0.144    -.0235964    .1617601
        e_10_2 |   .1189445     .09847     1.21   0.227    -.0740531    .3119421
        e_11_2 |  -.0116397   .0536542    -0.22   0.828       -.1168    .0935206
        e_12_2 |  -.0732572   .0729322    -1.00   0.315    -.2162017    .0696873
        e_13_2 |   .2047681   .1078935     1.90   0.058    -.0066993    .4162354
        e_14_2 |   .1986387   .2172849     0.91   0.361    -.2272319    .6245093
        e_15_2 |   .0561558   .0683708     0.82   0.411    -.0778485    .1901602
         e_1_3 |   .1395713   .1328322     1.05   0.293    -.1207751    .3999176
         e_2_3 |   .1795202   .1055876     1.70   0.089    -.0274276     .386468
         e_3_3 |  -.8397863   .1209746    -6.94   0.000    -1.076892   -.6026805
         e_4_3 |   .1812459   .1074668     1.69   0.092    -.0293852     .391877
         e_5_3 |   .1139944   .1012161     1.13   0.260    -.0843855    .3123743
         e_6_3 |   .1765695    .130557     1.35   0.176    -.0793175    .4324565
         e_7_3 |   .1649134   .1028661     1.60   0.109    -.0367005    .3665273
         e_8_3 |   .1971848   .1175176     1.68   0.093    -.0331455    .4275152
         e_9_3 |   .1650737    .121332     1.36   0.174    -.0727327    .4028801
        e_10_3 |    .220925   .1301682     1.70   0.090       -.0342    .4760501
        e_11_3 |   .1880693   .1275958     1.47   0.140     -.062014    .4381526
        e_12_3 |   .2126788   .1490751     1.43   0.154    -.0795029    .5048606
        e_13_3 |   .4302084   .1219197     3.53   0.000     .1912501    .6691666
        e_14_3 |    .353348   .2539081     1.39   0.164    -.1443027    .8509986
        e_15_3 |   .1520303   .1200712     1.27   0.205    -.0833049    .3873654
         e_1_4 |   .3709151   .1932571     1.92   0.055    -.0078619     .749692
         e_2_4 |  -.1714027   .1602995    -1.07   0.285     -.485584    .1427786
         e_3_4 |   .1903422   .1187638     1.60   0.109    -.0424305     .423115
         e_4_4 |  -.6376796   .3851459    -1.66   0.098    -1.392552    .1171924
         e_5_4 |   .0490035   .0711587     0.69   0.491    -.0904649     .188472
         e_6_4 |   .1249287   .1054238     1.19   0.236    -.0816981    .3315555
         e_7_4 |   .1045201   .0956745     1.09   0.275    -.0829985    .2920388
         e_8_4 |   .2740904   .1264743     2.17   0.030     .0262053    .5219754
         e_9_4 |   .0441637   .0876483     0.50   0.614    -.1276238    .2159512
        e_10_4 |  -.1557332   .2311293    -0.67   0.500    -.6087383    .2972719
        e_11_4 |   .1289957   .0851352     1.52   0.130    -.0378663    .2958576
        e_12_4 |   .0632577   .1156002     0.55   0.584    -.1633146      .28983
        e_13_4 |   .3355489    .148095     2.27   0.023     .0452879    .6258098
        e_14_4 |  -.3429588    .398442    -0.86   0.389    -1.123891    .4379731
        e_15_4 |   .0165408   .1119092     0.15   0.882    -.2027971    .2358788
         e_1_5 |   .0105058    .167707     0.06   0.950    -.3181939    .3392055
         e_2_5 |   .3598241   .1481857     2.43   0.015     .0693855    .6502626
         e_3_5 |  -.0597445   .2008508    -0.30   0.766    -.4534048    .3339158
         e_4_5 |  -.3181059   .2413589    -1.32   0.188    -.7911606    .1549488
         e_5_5 |  -.8491931   .0869838    -9.76   0.000    -1.019678    -.678708
         e_6_5 |  -.0561023   .1032617    -0.54   0.587    -.2584915    .1462868
         e_7_5 |    .049667   .0926948     0.54   0.592    -.1320114    .2313454
         e_8_5 |  -.0478015   .1359046    -0.35   0.725    -.3141697    .2185667
         e_9_5 |  -.0612769   .0546993    -1.12   0.263    -.1684855    .0459317
        e_10_5 |   .0006052    .148703     0.00   0.997    -.2908473    .2920577
        e_11_5 |  -.1399108   .0789553    -1.77   0.076    -.2946604    .0148387
        e_12_5 |  -.1215107   .1203282    -1.01   0.313    -.3573495    .1143282
        e_13_5 |   .6282894   .2531645     2.48   0.013      .132096    1.124483
        e_14_5 |   .4921083   .2872607     1.71   0.087    -.0709124    1.055129
        e_15_5 |  -.0439295   .0840704    -0.52   0.601    -.2087045    .1208455
         e_1_6 |     .22285    .126388     1.76   0.078     -.024866    .4705659
         e_2_6 |  -.1582619   .1322949    -1.20   0.232     -.417555    .1010313
         e_3_6 |   .2772253   .1126018     2.46   0.014     .0565298    .4979208
         e_4_6 |   .4101655   .2287458     1.79   0.073    -.0381679    .8584989
         e_5_6 |   .0277052   .0376914     0.74   0.462    -.0461686    .1015791
         e_6_6 |  -.7581682   .1972613    -3.84   0.000    -1.144793   -.3715431
         e_7_6 |    .128653   .0735127     1.75   0.080    -.0154291    .2727352
         e_8_6 |   .1734084   .0979829     1.77   0.077    -.0186346    .3654514
         e_9_6 |  -.0422866    .080306    -0.53   0.598    -.1996833    .1151102
        e_10_6 |  -.0095816   .3042035    -0.03   0.975    -.6058094    .5866462
        e_11_6 |  -.1494061    .064387    -2.32   0.020    -.2756024   -.0232099
        e_12_6 |   .0380664   .0597696     0.64   0.524    -.0790798    .1552127
        e_13_6 |    .209615   .1253226     1.67   0.094    -.0360127    .4552428
        e_14_6 |  -.1493815   .2787524    -0.54   0.592    -.6957261    .3969631
        e_15_6 |   -.014981   .0615065    -0.24   0.808    -.1355315    .1055695
         e_1_7 |    .142256    .046498     3.06   0.002     .0511216    .2333904
         e_2_7 |   .0096331   .0394865     0.24   0.807     -.067759    .0870251
         e_3_7 |   .0865435   .0440982     1.96   0.050     .0001127    .1729743
         e_4_7 |   .0453356   .0552452     0.82   0.412    -.0629429    .1536142
         e_5_7 |   .0006969   .0138902     0.05   0.960    -.0265275    .0279212
         e_6_7 |   .0443689   .0254729     1.74   0.082    -.0055571     .094295
         e_7_7 |  -.8715717   .0291994   -29.85   0.000    -.9288014   -.8143421
         e_8_7 |   .1813012   .0430096     4.22   0.000      .097004    .2655985
         e_9_7 |  -.0035208   .0130576    -0.27   0.787    -.0291133    .0220716
        e_10_7 |   .0994972   .0436976     2.28   0.023     .0138516    .1851429
        e_11_7 |  -.0655343   .0230911    -2.84   0.005    -.1107919   -.0202766
        e_12_7 |   .0322344   .0228205     1.41   0.158     -.012493    .0769617
        e_13_7 |   .1227734   .0493866     2.49   0.013     .0259774    .2195694
        e_14_7 |   .1191838   .0941174     1.27   0.205     -.065283    .3036506
        e_15_7 |    .043457   .0226378     1.92   0.055    -.0009123    .0878263
         e_1_8 |   .1257151   .0370654     3.39   0.001     .0530682    .1983619
         e_2_8 |   .0238457   .0314153     0.76   0.448    -.0377271    .0854185
         e_3_8 |   .1195347   .0332854     3.59   0.000     .0542966    .1847729
         e_4_8 |   .0938703   .0471089     1.99   0.046     .0015385    .1862021
         e_5_8 |   .0108178   .0197358     0.55   0.584    -.0278637    .0494994
         e_6_8 |   .0303289   .0234294     1.29   0.196    -.0155919    .0762497
         e_7_8 |   .1010844   .0224524     4.50   0.000     .0570785    .1450904
         e_8_8 |  -.8271899   .0317668   -26.04   0.000    -.8894516   -.7649281
         e_9_8 |   .0387592    .020162     1.92   0.055    -.0007577     .078276
        e_10_8 |   .0379402   .0322642     1.18   0.240    -.0252964    .1011768
        e_11_8 |  -.0313139   .0274611    -1.14   0.254    -.0851367    .0225089
        e_12_8 |   .0612439   .0313988     1.95   0.051    -.0002967    .1227845
        e_13_8 |   .1988716   .0398181     4.99   0.000     .1208296    .2769137
        e_14_8 |   .1972564   .0705295     2.80   0.005     .0590213    .3354916
        e_15_8 |   .0220729   .0232275     0.95   0.342    -.0234521    .0675979
         e_1_9 |   .2959694   .1028811     2.88   0.004     .0943262    .4976127
         e_2_9 |   .1983064   .1022302     1.94   0.052     -.002061    .3986739
         e_3_9 |   .2224718   .1241422     1.79   0.073    -.0208424    .4657861
         e_4_9 |   .0485066    .200754     0.24   0.809     -.344964    .4419773
         e_5_9 |   .0673673   .0373172     1.81   0.071    -.0057731    .1405077
         e_6_9 |  -.0255574   .0990829    -0.26   0.796    -.2197564    .1686416
         e_7_9 |   .1969913   .0554992     3.55   0.000     .0882149    .3057676
         e_8_9 |   .2882945   .0742585     3.88   0.000     .1427505    .4338385
         e_9_9 |  -1.220364   .0705516   -17.30   0.000    -1.358643   -1.082086
        e_10_9 |  -.0822265   .1435302    -0.57   0.567    -.3635405    .1990875
        e_11_9 |   .0003444   .0371338     0.01   0.993    -.0724364    .0731252
        e_12_9 |   .0651621   .0654152     1.00   0.319    -.0630494    .1933736
        e_13_9 |   .1593602   .1310678     1.22   0.224    -.0975279    .4162484
        e_14_9 |    .400874   .2464516     1.63   0.104    -.0821623    .8839103
        e_15_9 |    .071236   .0550947     1.29   0.196    -.0367475    .1792196
        e_1_10 |   .0177914   .1016807     0.17   0.861    -.1814991    .2170819
        e_2_10 |    .182973   .1036285     1.77   0.077     -.020135    .3860811
        e_3_10 |   .0025234   .0732528     0.03   0.973    -.1410495    .1460962
        e_4_10 |  -.1937847   .2875158    -0.67   0.500    -.7573053    .3697358
        e_5_10 |    .006993   .0359069     0.19   0.846    -.0633832    .0773693
        e_6_10 |   -.003177   .1400104    -0.02   0.982    -.2775923    .2712382
        e_7_10 |   .1016622   .0555271     1.83   0.067     -.007169    .2104934
        e_8_10 |    .111336   .0846247     1.32   0.188    -.0545253    .2771973
        e_9_10 |  -.0551227   .0630065    -0.87   0.382    -.1786132    .0683677
       e_10_10 |  -.6541632   .2168105    -3.02   0.003    -1.079104   -.2292224
       e_11_10 |  -.0036197   .0621324    -0.06   0.954    -.1253969    .1181575
       e_12_10 |   .0217129   .0668676     0.32   0.745    -.1093453    .1527711
       e_13_10 |   .3313485   .0972465     3.41   0.001     .1407488    .5219482
       e_14_10 |    .251493   .3051721     0.82   0.410    -.3466333    .8496194
       e_15_10 |   .0124942   .0585936     0.21   0.831    -.1023472    .1273356
        e_1_11 |   .2907503    .128952     2.25   0.024      .038009    .5434917
        e_2_11 |   .0155981   .0884796     0.18   0.860    -.1578188     .189015
        e_3_11 |   .2787695   .1720331     1.62   0.105    -.0584091    .6159481
        e_4_11 |   .2396962   .1692552     1.42   0.157    -.0920378    .5714302
        e_5_11 |  -.0260191   .0490285    -0.53   0.596    -.1221131     .070075
        e_6_11 |  -.0566184    .058979    -0.96   0.337    -.1722151    .0589783
        e_7_11 |  -.0250345   .0799106    -0.31   0.754    -.1816564    .1315874
        e_8_11 |   -.103028    .105634    -0.98   0.329    -.3100668    .1040109
        e_9_11 |    .018496   .0362143     0.51   0.610    -.0524827    .0894747
       e_10_11 |    .007975   .0908359     0.09   0.930      -.17006    .1860101
       e_11_11 |  -.6943788   .0945698    -7.34   0.000    -.8797322   -.5090254
       e_12_11 |  -.1971735   .0820797    -2.40   0.016    -.3580466   -.0363003
       e_13_11 |   .4672662   .1407213     3.32   0.001     .1914576    .7430749
       e_14_11 |   .1292759   .1983199     0.65   0.514    -.2594239    .5179757
       e_15_11 |   .1264956   .0535126     2.36   0.018     .0216128    .2313783
        e_1_12 |   .2262338   .1406301     1.61   0.108    -.0493961    .5018636
        e_2_12 |  -.0181939   .1244631    -0.15   0.884    -.2621371    .2257492
        e_3_12 |   .2596881   .1855609     1.40   0.162    -.1040045    .6233807
        e_4_12 |   .0556777   .1326462     0.42   0.675    -.2043041    .3156595
        e_5_12 |    .027112   .0931605     0.29   0.771    -.1554793    .2097032
        e_6_12 |   .0532722   .0827913     0.64   0.520    -.1089958    .2155401
        e_7_12 |   .1228662   .1092987     1.12   0.261    -.0913553    .3370877
        e_8_12 |   .2018552    .112899     1.79   0.074    -.0194229    .4231332
        e_9_12 |   .0460832   .0762053     0.60   0.545    -.1032765    .1954428
       e_10_12 |   .0523291   .0993235     0.53   0.598    -.1423414    .2469997
       e_11_12 |   -.089623   .0943897    -0.95   0.342    -.2746235    .0953775
       e_12_12 |  -.5977622   .0776555    -7.70   0.000    -.7499642   -.4455602
       e_13_12 |   .1631821   .1706567     0.96   0.339    -.1712989    .4976632
       e_14_12 |   .0375175   .1408878     0.27   0.790    -.2386175    .3136525
       e_15_12 |   .0730055   .0894736     0.82   0.415    -.1023596    .2483706
        e_1_13 |   .0693429   .0875345     0.79   0.428    -.1022216    .2409074
        e_2_13 |   .1414131   .0822788     1.72   0.086    -.0198504    .3026767
        e_3_13 |   .1249365   .0744583     1.68   0.093    -.0209991    .2708721
        e_4_13 |    .115469   .1749963     0.66   0.509    -.2275176    .4584555
        e_5_13 |   .0403511   .0374443     1.08   0.281    -.0330383    .1137406
        e_6_13 |   -.118068   .1042808    -1.13   0.258    -.3224545    .0863185
        e_7_13 |   .1061756    .051665     2.06   0.040      .004914    .2074372
        e_8_13 |   .0636476   .0548979     1.16   0.246    -.0439503    .1712454
        e_9_13 |   .0623214   .0378878     1.64   0.100    -.0119373    .1365802
       e_10_13 |  -.0420072   .0620117    -0.68   0.498     -.163548    .0795335
       e_11_13 |   .0348471   .0341444     1.02   0.307    -.0320747    .1017689
       e_12_13 |   .0924222   .0449283     2.06   0.040     .0043645      .18048
       e_13_13 |  -.7677363   .0703639   -10.91   0.000    -.9056471   -.6298255
       e_14_13 |   .2698441   .1816986     1.49   0.138    -.0862787    .6259669
       e_15_13 |   .0834639   .0393783     2.12   0.034     .0062839     .160644
        e_1_14 |   .1467314   .2261213     0.65   0.516    -.2964582     .589921
        e_2_14 |   .1365375   .1779942     0.77   0.443    -.2123248    .4853997
        e_3_14 |   .1631426   .2396201     0.68   0.496    -.3065041    .6327893
        e_4_14 |  -.0353851   .2123275    -0.17   0.868    -.4515392    .3807691
        e_5_14 |   .1160679   .1554819     0.75   0.455    -.1886711    .4208069
        e_6_14 |   .0621671   .1596457     0.39   0.697    -.2507328    .3750669
        e_7_14 |   .1872144   .1580132     1.18   0.236    -.1224858    .4969146
        e_8_14 |   .3193833    .167688     1.90   0.057    -.0092792    .6480458
        e_9_14 |   .1167682   .1501355     0.78   0.437    -.1774921    .4110284
       e_10_14 |   .0656925   .1712419     0.38   0.701    -.2699355    .4013205
       e_11_14 |   .0775951   .1549697     0.50   0.617    -.2261399    .3813301
       e_12_14 |    .063099   .1492073     0.42   0.672     -.229342      .35554
       e_13_14 |   .2499763   .2128941     1.17   0.240    -.1672884    .6672411
       e_14_14 |  -.7576011   .1729881    -4.38   0.000    -1.096652   -.4185507
       e_15_14 |   .1299649    .146602     0.89   0.375    -.1573697    .4172994
        e_1_15 |   .1413812   .1278477     1.11   0.269    -.1091958    .3919581
        e_2_15 |   .0746657   .0792476     0.94   0.346    -.0806568    .2299882
        e_3_15 |   .0734684   .1330539     0.55   0.581    -.1873124    .3342492
        e_4_15 |  -.0979805   .1232619    -0.79   0.427    -.3395693    .1436084
        e_5_15 |   .0110907   .0353526     0.31   0.754     -.058199    .0803805
        e_6_15 |  -.0732139   .0491089    -1.49   0.136    -.1694655    .0230377
        e_7_15 |   .1404578   .0688598     2.04   0.041      .005495    .2754206
        e_8_15 |    .046936   .0802702     0.58   0.559    -.1103908    .2042628
        e_9_15 |  -.0019654   .0317915    -0.06   0.951    -.0642757    .0603448
       e_10_15 |   -.057425   .0882049    -0.65   0.515    -.2303033    .1154534
       e_11_15 |   .0961284   .0425884     2.26   0.024     .0126566    .1796001
       e_12_15 |   .0503001   .0576318     0.87   0.383    -.0626562    .1632564
       e_13_15 |    .147808   .1185283     1.25   0.212    -.0845033    .3801192
       e_14_15 |   .3402092   .1879671     1.81   0.070    -.0281997     .708618
       e_15_15 |  -.8986573   .0562081   -15.99   0.000    -1.008823   -.7884915
--------------------------------------------------------------------------------

. parmest, saving(pca_all_output, replace)
(file pca_all_output.dta not found)
file pca_all_output.dta saved

. 
. log close
      name:  <unnamed>
       log:  C:\Users\Chung\Desktop\EVS\PCA\pca_all.log
  log type:  text
 closed on:  30 Jan 2025, 21:29:11
------------------------------------------------------------------------------------------------------------------
