------------------------------------------------------------------------------------------------------------------
      name:  <unnamed>
       log:  C:\Users\Chung\Desktop\EVS\Median\median_all.log
  log type:  text
 opened on:  31 Jan 2025, 15:36:35

. 
. *load the main data
. use "$path\median_all.dta", clear 

. 
. *set seed
. set seed 123

. 
. *define the local variables for the estimation
. local demographic_vars urban EF29 monthly age edu

. local median_prices med_P1 med_P2 med_P3 med_P4 med_P5 med_P6 med_P7 med_P8 med_P9 med_P10 med_P11 med_P12 med_P
> 13 med_P14 med_P15

. 
. *estimate the QUAIDSCE model
. quaidsce W1-W15, anot(2) prices(`median_prices') expenditure(expfd) demographics(`demographic_vars') nolog reps(
> 50)
--------------------------------------------------------------------------------
Parallel Computing with Stata
Child processes: 15
pll_id         : p5wifaxvq1
Running at     : C:\Users\Chung\Desktop\EVS\Median
Randtype       : datetime
Waiting for the child processes to finish...
child process 0008 has exited without error...
child process 0013 has exited without error...
child process 0009 has exited without error...
child process 0015 has exited without error...
child process 0006 has exited without error...
child process 0014 has exited without error...
child process 0012 has exited without error...
child process 0011 has exited without error...
child process 0010 has exited without error...
child process 0003 has exited without error...
child process 0007 has exited without error...
child process 0001 has exited without error...
child process 0004 has exited without error...
child process 0002 has exited without error...
child process 0005 has exited without error...
--------------------------------------------------------------------------------
Enter -parallel printlog #- to checkout logfiles.
--------------------------------------------------------------------------------

parallel bootstrapping                                  Number of obs = 10,094
                                                        Replications  =     50

      Command: quaidsce_c W1-W15, anot(2) prices(med_P1 med_P2 med_P3 med_P4 med_P5 med_P6 med_P7 med_P8 med_P9
                   med_P10 med_P11 med_P12 med_P13 med_P14 med_P15) expenditure(expfd) demographics(urban EF29
                   monthly age edu) nolog reps(50)

--------------------------------------------------------------------------------
               |   Observed   Bootstrap                         Normal-based
               | coefficient  std. err.      z    P>|z|     [95% conf. interval]
---------------+----------------------------------------------------------------
alpha          |
       alpha_1 |   .0197201   .0336782     0.59   0.558     -.046288    .0857283
       alpha_2 |   .0432693   .0297766     1.45   0.146    -.0150917    .1016303
       alpha_3 |  -.0030483   .0412245    -0.07   0.941    -.0838468    .0777501
       alpha_4 |  -.0133524   .0370521    -0.36   0.719    -.0859732    .0592685
       alpha_5 |   .0234645   .0151874     1.55   0.122    -.0063021    .0532312
       alpha_6 |   .0522809   .0142718     3.66   0.000     .0243088     .080253
       alpha_7 |   .0199411    .027342     0.73   0.466    -.0336482    .0735304
       alpha_8 |   .0143165   .0327875     0.44   0.662    -.0499459    .0785789
       alpha_9 |   .0191126   .0179096     1.07   0.286    -.0159895    .0542147
      alpha_10 |   .0150263   .0349342     0.43   0.667    -.0534435    .0834961
      alpha_11 |   .0584167   .0208222     2.81   0.005      .017606    .0992274
      alpha_12 |   .0576229   .0444242     1.30   0.195    -.0294469    .1446927
      alpha_13 |   .3530864   .0790444     4.47   0.000     .1981622    .5080107
      alpha_14 |   .1704259   .0802228     2.12   0.034      .013192    .3276597
      alpha_15 |    .025038   .0228642     1.10   0.273    -.0197749    .0698509
---------------+----------------------------------------------------------------
beta           |
        beta_1 |   .0549561   .0279484     1.97   0.049     .0001783    .1097339
        beta_2 |   -.017037   .0184593    -0.92   0.356    -.0532166    .0191426
        beta_3 |    .079741   .0331936     2.40   0.016     .0146827    .1447994
        beta_4 |   .0229025   .0211122     1.08   0.278    -.0184766    .0642815
        beta_5 |  -.0018954   .0078861    -0.24   0.810     -.017352    .0135611
        beta_6 |  -.0200374   .0082313    -2.43   0.015    -.0361705   -.0039044
        beta_7 |   .0084427   .0156103     0.54   0.589     -.022153    .0390383
        beta_8 |   .0450299   .0247885     1.82   0.069    -.0035546    .0936144
        beta_9 |  -.0069455   .0090695    -0.77   0.444    -.0247214    .0108305
       beta_10 |   .0086815   .0193871     0.45   0.654    -.0293166    .0466796
       beta_11 |  -.0287443   .0117332    -2.45   0.014    -.0517409   -.0057477
       beta_12 |  -.0067439   .0296947    -0.23   0.820    -.0649444    .0514567
       beta_13 |  -.0943374   .0512942    -1.84   0.066    -.1948722    .0061974
       beta_14 |  -.0489992   .0652977    -0.75   0.453    -.1769804     .078982
       beta_15 |   .0023366   .0133842     0.17   0.861    -.0238959    .0285691
---------------+----------------------------------------------------------------
gamma          |
     gamma_1_1 |  -.0010574   .0141105    -0.07   0.940    -.0287135    .0265986
     gamma_2_1 |   .0049801   .0053919     0.92   0.356    -.0055879    .0155481
     gamma_3_1 |  -.0126197   .0119316    -1.06   0.290    -.0360053    .0107659
     gamma_4_1 |   .0072418   .0070736     1.02   0.306    -.0066222    .0211059
     gamma_5_1 |   .0021854   .0023177     0.94   0.346    -.0023572     .006728
     gamma_6_1 |  -.0015948   .0027669    -0.58   0.564    -.0070178    .0038282
     gamma_7_1 |  -.0008487   .0051668    -0.16   0.870    -.0109754    .0092781
     gamma_8_1 |   .0027749   .0079629     0.35   0.727    -.0128321    .0183819
     gamma_9_1 |   .0019475   .0016801     1.16   0.246    -.0013455    .0052405
    gamma_10_1 |  -.0000616   .0056845    -0.01   0.991    -.0112031    .0110799
    gamma_11_1 |    .004122   .0033942     1.21   0.225    -.0025305    .0107744
    gamma_12_1 |   -.002803   .0058198    -0.48   0.630    -.0142096    .0086036
    gamma_13_1 |  -.0004701   .0132504    -0.04   0.972    -.0264404    .0255003
    gamma_14_1 |  -.0087654   .0164667    -0.53   0.595    -.0410396    .0235088
    gamma_15_1 |    .004969   .0034163     1.45   0.146    -.0017268    .0116649
     gamma_2_2 |  -.0059681   .0067132    -0.89   0.374    -.0191258    .0071896
     gamma_3_2 |   .0048614   .0045889     1.06   0.289    -.0041326    .0138555
     gamma_4_2 |  -.0024698   .0069495    -0.36   0.722    -.0160906     .011151
     gamma_5_2 |  -.0009299   .0013264    -0.70   0.483    -.0035295    .0016697
     gamma_6_2 |  -.0042569   .0022838    -1.86   0.062     -.008733    .0002193
     gamma_7_2 |   -.005137   .0032933    -1.56   0.119    -.0115919    .0013178
     gamma_8_2 |   .0008933   .0039226     0.23   0.820    -.0067949    .0085815
     gamma_9_2 |   .0018674   .0012344     1.51   0.130     -.000552    .0042868
    gamma_10_2 |   .0098718   .0050786     1.94   0.052    -.0000821    .0198256
    gamma_11_2 |  -.0018083   .0025015    -0.72   0.470    -.0067112    .0030947
    gamma_12_2 |  -.0032997   .0019165    -1.72   0.085     -.007056    .0004566
    gamma_13_2 |   .0014537   .0056224     0.26   0.796    -.0095661    .0124734
    gamma_14_2 |   .0008252   .0106766     0.08   0.938    -.0201006     .021751
    gamma_15_2 |  -.0008833   .0019639    -0.45   0.653    -.0047324    .0029658
     gamma_3_3 |   .0085253   .0140187     0.61   0.543    -.0189508    .0360014
     gamma_4_3 |   .0024968   .0049464     0.50   0.614    -.0071981    .0121916
     gamma_5_3 |  -.0011811   .0026251    -0.45   0.653    -.0063262    .0039641
     gamma_6_3 |   .0027041    .002237     1.21   0.227    -.0016803    .0070886
     gamma_7_3 |  -.0070488   .0040866    -1.72   0.085    -.0150583    .0009608
     gamma_8_3 |  -.0022788   .0056273    -0.40   0.686    -.0133081    .0087504
     gamma_9_3 |  -.0005121   .0012185    -0.42   0.674    -.0029003    .0018761
    gamma_10_3 |  -.0025425   .0039228    -0.65   0.517     -.010231     .005146
    gamma_11_3 |   .0076134   .0047065     1.62   0.106    -.0016112    .0168379
    gamma_12_3 |   .0010603   .0070493     0.15   0.880     -.012756    .0148766
    gamma_13_3 |   -.001036    .012001    -0.09   0.931    -.0245575    .0224855
    gamma_14_3 |    .000832   .0142686     0.06   0.954    -.0271338    .0287978
    gamma_15_3 |  -.0008743   .0033246    -0.26   0.793    -.0073903    .0056418
     gamma_4_4 |   .0436675   .0183605     2.38   0.017     .0076815    .0796535
     gamma_5_4 |  -.0012326     .00202    -0.61   0.542    -.0051918    .0027265
     gamma_6_4 |  -.0016316   .0046131    -0.35   0.724     -.010673    .0074099
     gamma_7_4 |  -.0042952    .004256    -1.01   0.313    -.0126369    .0040464
     gamma_8_4 |   .0020909   .0045137     0.46   0.643    -.0067558    .0109375
     gamma_9_4 |  -.0029088   .0023572    -1.23   0.217    -.0075289    .0017113
    gamma_10_4 |   .0012891   .0098484     0.13   0.896    -.0180134    .0205915
    gamma_11_4 |   .0057075   .0033646     1.70   0.090     -.000887    .0123021
    gamma_12_4 |    -.00481   .0030881    -1.56   0.119    -.0108625    .0012425
    gamma_13_4 |   .0060806   .0060527     1.00   0.315    -.0057826    .0179437
    gamma_14_4 |  -.0506654   .0215817    -2.35   0.019    -.0929647   -.0083661
    gamma_15_4 |  -.0005607   .0037716    -0.15   0.882     -.007953    .0068316
     gamma_5_5 |   .0003534    .001042     0.34   0.734    -.0016888    .0023956
     gamma_6_5 |   .0000643   .0006242     0.10   0.918    -.0011591    .0012878
     gamma_7_5 |  -.0016662     .00134    -1.24   0.214    -.0042926    .0009603
     gamma_8_5 |  -.0020441   .0015286    -1.34   0.181    -.0050401    .0009519
     gamma_9_5 |   .0004918   .0004006     1.23   0.220    -.0002933    .0012769
    gamma_10_5 |   .0008341   .0012512     0.67   0.505    -.0016181    .0032863
    gamma_11_5 |  -.0007077   .0010376    -0.68   0.495    -.0027414     .001326
    gamma_12_5 |    -.00087     .00136    -0.64   0.522    -.0035355    .0017954
    gamma_13_5 |   .0028145    .004517     0.62   0.533    -.0060387    .0116678
    gamma_14_5 |   .0019813   .0033815     0.59   0.558    -.0046463    .0086088
    gamma_15_5 |  -.0000931   .0009055    -0.10   0.918    -.0018678    .0016816
     gamma_6_6 |    .004614   .0039566     1.17   0.244    -.0031407    .0123688
     gamma_7_6 |   .0022696     .00162     1.40   0.161    -.0009055    .0054446
     gamma_8_6 |   .0006526   .0019189     0.34   0.734    -.0031083    .0044136
     gamma_9_6 |  -.0014433   .0016022    -0.90   0.368    -.0045835     .001697
    gamma_10_6 |   .0022491   .0043492     0.52   0.605    -.0062753    .0107735
    gamma_11_6 |  -.0019037   .0013331    -1.43   0.153    -.0045166    .0007091
    gamma_12_6 |  -.0011174   .0014241    -0.78   0.433    -.0039086    .0016737
    gamma_13_6 |  -.0015115   .0026881    -0.56   0.574    -.0067801    .0037571
    gamma_14_6 |   .0011765   .0068868     0.17   0.864    -.0123215    .0146745
    gamma_15_6 |  -.0002711   .0015575    -0.17   0.862    -.0033238    .0027815
     gamma_7_7 |   .0055822   .0043876     1.27   0.203    -.0030173    .0141817
     gamma_8_7 |   .0004961   .0031948     0.16   0.877    -.0057657    .0067578
     gamma_9_7 |   .0019174   .0006887     2.78   0.005     .0005676    .0032673
    gamma_10_7 |   .0060691   .0024946     2.43   0.015     .0011799    .0109584
    gamma_11_7 |  -.0083504   .0023086    -3.62   0.000    -.0128752   -.0038256
    gamma_12_7 |  -.0018909   .0022567    -0.84   0.402     -.006314    .0025322
    gamma_13_7 |  -.0017647   .0054705    -0.32   0.747    -.0124866    .0089572
    gamma_14_7 |   .0150614   .0066015     2.28   0.023     .0021227        .028
    gamma_15_7 |  -.0003938    .001846    -0.21   0.831    -.0040119    .0032243
     gamma_8_8 |  -.0040836   .0072097    -0.57   0.571    -.0182143     .010047
     gamma_9_8 |   .0017724   .0012052     1.47   0.141    -.0005897    .0041345
    gamma_10_8 |  -.0036882   .0031086    -1.19   0.235    -.0097809    .0024044
    gamma_11_8 |  -.0101944   .0026513    -3.85   0.000    -.0153909   -.0049979
    gamma_12_8 |  -.0003983    .003848    -0.10   0.918    -.0079404    .0071437
    gamma_13_8 |  -.0037986   .0087374    -0.43   0.664    -.0209236    .0133265
    gamma_14_8 |   .0204776   .0115682     1.77   0.077    -.0021955    .0431508
    gamma_15_8 |  -.0026716   .0030688    -0.87   0.384    -.0086864    .0033431
     gamma_9_9 |  -.0028051   .0008373    -3.35   0.001    -.0044462   -.0011639
    gamma_10_9 |  -.0050197   .0026405    -1.90   0.057     -.010195    .0001556
    gamma_11_9 |  -.0003413   .0005024    -0.68   0.497    -.0013259    .0006433
    gamma_12_9 |   .0004529   .0009788     0.46   0.644    -.0014654    .0023713
    gamma_13_9 |   -.000993   .0016254    -0.61   0.541    -.0041787    .0021927
    gamma_14_9 |   .0061586   .0035698     1.73   0.084    -.0008382    .0131553
    gamma_15_9 |  -.0005847    .000614    -0.95   0.341    -.0017882    .0006188
   gamma_10_10 |   .0092266   .0097519     0.95   0.344    -.0098868    .0283401
   gamma_11_10 |  -.0009567   .0022946    -0.42   0.677     -.005454    .0035407
   gamma_12_10 |   .0009429   .0031568     0.30   0.765    -.0052443    .0071301
   gamma_13_10 |  -.0032048   .0068566    -0.47   0.640    -.0166435    .0102339
   gamma_14_10 |  -.0147528   .0117838    -1.25   0.211    -.0378487    .0083431
   gamma_15_10 |  -.0002564   .0023896    -0.11   0.915    -.0049399    .0044271
   gamma_11_11 |   .0092063   .0026615     3.46   0.001     .0039898    .0144229
   gamma_12_11 |  -.0065457   .0025232    -2.59   0.009    -.0114911   -.0016004
   gamma_13_11 |   .0057571   .0060503     0.95   0.341    -.0061012    .0176155
   gamma_14_11 |  -.0030492   .0072956    -0.42   0.676    -.0173482    .0112499
   gamma_15_11 |    .001451   .0013535     1.07   0.284    -.0012018    .0041039
   gamma_12_12 |    .010834    .007282     1.49   0.137    -.0034385    .0251066
   gamma_13_12 |  -.0004184    .008035    -0.05   0.958    -.0161667      .01533
   gamma_14_12 |   .0069857   .0082012     0.85   0.394    -.0090884    .0230599
   gamma_15_12 |   .0018777    .001973     0.95   0.341    -.0019892    .0057446
   gamma_13_13 |   .0111726   .0241535     0.46   0.644    -.0361674    .0585126
   gamma_14_13 |  -.0134445   .0185987    -0.72   0.470    -.0498973    .0230084
   gamma_15_13 |  -.0006371   .0048823    -0.13   0.896    -.0102061     .008932
   gamma_14_14 |   .0411137   .0348921     1.18   0.239    -.0272735    .1095009
   gamma_15_14 |  -.0039348   .0063215    -0.62   0.534    -.0163246    .0084551
   gamma_15_15 |   .0028632   .0028904     0.99   0.322    -.0028019    .0085283
---------------+----------------------------------------------------------------
lambda         |
      lambda_1 |  -.0100233   .0054615    -1.84   0.066    -.0207275     .000681
      lambda_2 |   .0034202   .0028776     1.19   0.235    -.0022197    .0090601
      lambda_3 |  -.0130645   .0065102    -2.01   0.045    -.0258243   -.0003046
      lambda_4 |  -.0024824   .0034234    -0.73   0.468    -.0091922    .0042274
      lambda_5 |   .0001937   .0011494     0.17   0.866     -.002059    .0024464
      lambda_6 |   .0020527   .0011565     1.77   0.076     -.000214    .0043194
      lambda_7 |   .0019087   .0024626     0.78   0.438    -.0029179    .0067353
      lambda_8 |   -.005134   .0047216    -1.09   0.277    -.0143882    .0041202
      lambda_9 |   .0011971   .0011438     1.05   0.295    -.0010447    .0034388
     lambda_10 |  -.0010025    .002737    -0.37   0.714    -.0063668    .0043619
     lambda_11 |   .0052374   .0017606     2.97   0.003     .0017866    .0086882
     lambda_12 |  -.0001838    .004829    -0.04   0.970    -.0096485    .0092808
     lambda_13 |   .0096785   .0083786     1.16   0.248    -.0067432    .0261003
     lambda_14 |   .0073442   .0119756     0.61   0.540    -.0161275    .0308159
     lambda_15 |   .0011386   .0020972     0.54   0.587    -.0029719     .005249
---------------+----------------------------------------------------------------
delta          |
       delta_1 |    .106689   .0135033     7.90   0.000     .0802229    .1331551
       delta_2 |   .0334427   .0057546     5.81   0.000     .0221638    .0447216
       delta_3 |   .1503802   .0169642     8.86   0.000     .1171311    .1836293
       delta_4 |   .0385522   .0148579     2.59   0.009     .0094314    .0676731
       delta_5 |  -.0038866    .007132    -0.54   0.586    -.0178651    .0100919
       delta_6 |   .0135369   .0030364     4.46   0.000     .0075856    .0194881
       delta_7 |   .0695912   .0043033    16.17   0.000     .0611569    .0780255
       delta_8 |   .1291335   .0103374    12.49   0.000     .1088726    .1493944
       delta_9 |   .0168054   .0016627    10.11   0.000     .0135466    .0200642
      delta_10 |   .0381488   .0061064     6.25   0.000     .0261804    .0501172
      delta_11 |   .0330675   .0080364     4.11   0.000     .0173165    .0488184
      delta_12 |    .055742    .013561     4.11   0.000      .029163    .0823211
      delta_13 |    .310419   .0274402    11.31   0.000     .2566372    .3642008
      delta_14 |   .1656124   .0233237     7.10   0.000     .1198987    .2113261
      delta_15 |   .0242185   .0054904     4.41   0.000     .0134576    .0349794
---------------+----------------------------------------------------------------
eta            |
   eta_urban_1 |  -.0008782   .0013144    -0.67   0.504    -.0034544     .001698
   eta_urban_2 |   .0003986   .0004884     0.82   0.414    -.0005587    .0013559
   eta_urban_3 |  -.0001098   .0013721    -0.08   0.936     -.002799    .0025793
   eta_urban_4 |  -.0000694    .000612    -0.11   0.910    -.0012688      .00113
   eta_urban_5 |  -.0000257   .0002835    -0.09   0.928    -.0005814    .0005299
   eta_urban_6 |  -.0001872   .0002869    -0.65   0.514    -.0007495     .000375
   eta_urban_7 |   .0009365   .0005269     1.78   0.076    -.0000963    .0019693
   eta_urban_8 |  -.0047247   .0017711    -2.67   0.008    -.0081959   -.0012535
   eta_urban_9 |  -.0000163   .0001763    -0.09   0.926    -.0003618    .0003292
  eta_urban_10 |  -.0002141   .0004252    -0.50   0.614    -.0010475    .0006192
  eta_urban_11 |   .0000613    .000399     0.15   0.878    -.0007206    .0008432
  eta_urban_12 |   -.000081   .0006109    -0.13   0.894    -.0012783    .0011163
  eta_urban_13 |   .0029699   .0030259     0.98   0.326    -.0029608    .0089006
  eta_urban_14 |   .0011435   .0022337     0.51   0.609    -.0032344    .0055215
  eta_urban_15 |   .0007967   .0004849     1.64   0.100    -.0001536    .0017471
    eta_EF29_1 |  -.0007849   .0008768    -0.90   0.371    -.0025035    .0009337
    eta_EF29_2 |   .0003058   .0002806     1.09   0.276    -.0002441    .0008557
    eta_EF29_3 |  -.0015692   .0009657    -1.62   0.104    -.0034619    .0003236
    eta_EF29_4 |   .0002327    .000433     0.54   0.591    -.0006158    .0010813
    eta_EF29_5 |   .0000948   .0001685     0.56   0.574    -.0002355    .0004251
    eta_EF29_6 |   .0002523   .0001309     1.93   0.054    -4.20e-06    .0005089
    eta_EF29_7 |  -.0000608   .0005281    -0.12   0.908    -.0010958    .0009742
    eta_EF29_8 |   .0010772   .0005649     1.91   0.057      -.00003    .0021844
    eta_EF29_9 |  -.0001703   .0000873    -1.95   0.051    -.0003414    7.30e-07
   eta_EF29_10 |  -.0000903   .0003056    -0.30   0.768    -.0006892    .0005086
   eta_EF29_11 |  -.0001133    .000249    -0.45   0.649    -.0006014    .0003748
   eta_EF29_12 |  -.0007816    .000549    -1.42   0.154    -.0018576    .0002943
   eta_EF29_13 |   .0011271   .0015447     0.73   0.466    -.0019005    .0041546
   eta_EF29_14 |    .000484    .001246     0.39   0.698    -.0019582    .0029262
   eta_EF29_15 |  -3.43e-06   .0002384    -0.01   0.989    -.0004707    .0004638
 eta_monthly_1 |  -1.28e-07   1.98e-07    -0.65   0.517    -5.16e-07    2.59e-07
 eta_monthly_2 |  -7.05e-08   9.26e-08    -0.76   0.446    -2.52e-07    1.11e-07
 eta_monthly_3 |   5.18e-08   2.02e-07     0.26   0.797    -3.44e-07    4.48e-07
 eta_monthly_4 |  -1.07e-07   9.63e-08    -1.11   0.267    -2.96e-07    8.18e-08
 eta_monthly_5 |  -6.38e-08   4.60e-08    -1.39   0.166    -1.54e-07    2.64e-08
 eta_monthly_6 |   5.29e-08   3.59e-08     1.48   0.140    -1.74e-08    1.23e-07
 eta_monthly_7 |   1.55e-08   9.72e-08     0.16   0.874    -1.75e-07    2.06e-07
 eta_monthly_8 |  -2.79e-07   2.05e-07    -1.36   0.175    -6.81e-07    1.24e-07
 eta_monthly_9 |   9.26e-09   2.86e-08     0.32   0.746    -4.69e-08    6.54e-08
eta_monthly_10 |   1.81e-08   3.92e-08     0.46   0.644    -5.86e-08    9.49e-08
eta_monthly_11 |  -1.29e-07   5.21e-08    -2.48   0.013    -2.31e-07   -2.70e-08
eta_monthly_12 |  -2.28e-07   1.20e-07    -1.91   0.057    -4.63e-07    6.46e-09
eta_monthly_13 |   1.02e-06   4.17e-07     2.46   0.014     2.07e-07    1.84e-06
eta_monthly_14 |  -1.82e-07   2.93e-07    -0.62   0.533    -7.56e-07    3.91e-07
eta_monthly_15 |   1.68e-08   6.17e-08     0.27   0.785    -1.04e-07    1.38e-07
     eta_age_1 |   .0000797   .0000626     1.27   0.203     -.000043    .0002025
     eta_age_2 |   .0000557   .0000268     2.08   0.038     3.21e-06    .0001082
     eta_age_3 |  -.0002455   .0000651    -3.77   0.000    -.0003731   -.0001179
     eta_age_4 |  -.0000249   .0000288    -0.86   0.388    -.0000814    .0000316
     eta_age_5 |   .0000132   .0000144     0.92   0.359     -.000015    .0000415
     eta_age_6 |   .0000213   .0000168     1.27   0.206    -.0000117    .0000542
     eta_age_7 |   2.36e-06   .0000371     0.06   0.949    -.0000704    .0000751
     eta_age_8 |   .0002478   .0000473     5.24   0.000      .000155    .0003405
     eta_age_9 |    .000012   5.69e-06     2.11   0.035     8.49e-07    .0000232
    eta_age_10 |  -.0000413   .0000281    -1.47   0.142    -.0000965    .0000138
    eta_age_11 |  -.0000281   .0000147    -1.91   0.056    -.0000569    6.97e-07
    eta_age_12 |   .0000487   .0000317     1.54   0.124    -.0000134    .0001108
    eta_age_13 |  -.0001103   .0001125    -0.98   0.327    -.0003308    .0001103
    eta_age_14 |   .0000591   .0000869     0.68   0.496    -.0001112    .0002295
    eta_age_15 |  -.0000898   .0000237    -3.78   0.000    -.0001363   -.0000433
     eta_edu_1 |   -.001223   .0010932    -1.12   0.263    -.0033657    .0009196
     eta_edu_2 |   .0003046   .0005939     0.51   0.608    -.0008594    .0014686
     eta_edu_3 |   .0045403   .0012008     3.78   0.000     .0021867     .006894
     eta_edu_4 |  -.0004503   .0008007    -0.56   0.574    -.0020195     .001119
     eta_edu_5 |  -.0007805    .000289    -2.70   0.007    -.0013469   -.0002141
     eta_edu_6 |  -.0005433   .0001893    -2.87   0.004    -.0009143   -.0001723
     eta_edu_7 |  -.0009293   .0005776    -1.61   0.108    -.0020614    .0002028
     eta_edu_8 |  -.0011611   .0010078    -1.15   0.249    -.0031364    .0008142
     eta_edu_9 |   .0000418   .0001182     0.35   0.723    -.0001898    .0002735
    eta_edu_10 |    .000456   .0003568     1.28   0.201    -.0002433    .0011554
    eta_edu_11 |   .0004185   .0003794     1.10   0.270    -.0003252    .0011622
    eta_edu_12 |   .0008415   .0006704     1.26   0.209    -.0004725    .0021555
    eta_edu_13 |   -.002149    .002807    -0.77   0.444    -.0076507    .0033527
    eta_edu_14 |   .0004752   .0017088     0.28   0.781    -.0028741    .0038244
    eta_edu_15 |   .0001586   .0004317     0.37   0.713    -.0006876    .0010048
---------------+----------------------------------------------------------------
rho            |
     rho_urban |  -.1664208   .2347248    -0.71   0.478     -.626473    .2936314
      rho_EF29 |   .0233692   .0740498     0.32   0.752    -.1217658    .1685042
   rho_monthly |   2.27e-06   .0000364     0.06   0.950    -.0000691    .0000736
       rho_age |   .0046094   .0053518     0.86   0.389      -.00588    .0150988
       rho_edu |  -.0048522    .061418    -0.08   0.937    -.1252293     .115525
---------------+----------------------------------------------------------------
tau            |
          p1_1 |  -.9123193   .1822039    -5.01   0.000    -1.269432   -.5552062
          p2_1 |   .4342192   .2459598     1.77   0.077    -.0478532    .9162915
          p3_1 |   .1342815   .1693095     0.79   0.428    -.1975591     .466122
          p4_1 |   1.076797   .6329457     1.70   0.089    -.1637535    2.317348
          p5_1 |  -.0495453    .066904    -0.74   0.459    -.1806747    .0815842
          p6_1 |   .5247115    .493394     1.06   0.288     -.442323    1.491746
          p7_1 |  -.1305625   .1545931    -0.84   0.398    -.4335594    .1724343
          p8_1 |   .3368802   .1510522     2.23   0.026     .0408234     .632937
          p9_1 |  -.1300992   .1840917    -0.71   0.480    -.4909123    .2307139
         p10_1 |  -1.157644   .7029212    -1.65   0.100    -2.535345     .220056
         p11_1 |   .1165171   .0734698     1.59   0.113     -.027481    .2605153
         p12_1 |   .1657738   .1338312     1.24   0.215    -.0965305    .4280782
         p13_1 |  -.3697549   .2353328    -1.57   0.116    -.8309986    .0914889
         p14_1 |  -1.640177   1.327164    -1.24   0.217     -4.24137     .961016
         p15_1 |  -.0926542   .1180743    -0.78   0.433    -.3240755    .1387671
           M_1 |    .922628   .0463187    19.92   0.000     .8318451    1.013411
       urban_1 |  -.0879239   .0646762    -1.36   0.174    -.2146869    .0388391
        EF29_1 |  -.0558403   .0406209    -1.37   0.169    -.1354558    .0237753
     monthly_1 |    .000016   .0000202     0.79   0.430    -.0000236    .0000555
         age_1 |  -.0018234   .0016723    -1.09   0.276    -.0051009    .0014542
         edu_1 |   .0463558   .0565005     0.82   0.412    -.0643831    .1570948
        cons_1 |  -2.645132   .2080343   -12.71   0.000    -3.052871   -2.237392
          p1_2 |  -.0023624   .1522364    -0.02   0.988    -.3007404    .2960155
          p2_2 |  -.6864403   .0885611    -7.75   0.000    -.8600168   -.5128637
          p3_2 |   .2157969   .0841615     2.56   0.010     .0508434    .3807504
          p4_2 |    .534877   .3643176     1.47   0.142    -.1791725    1.248926
          p5_2 |   .0140287   .0410175     0.34   0.732    -.0663642    .0944215
          p6_2 |   .5471091   .3314776     1.65   0.099     -.102575    1.196793
          p7_2 |  -.1162777   .1027198    -1.13   0.258    -.3176047    .0850493
          p8_2 |   .1214881   .1108972     1.10   0.273    -.0958664    .3388426
          p9_2 |   .1045211   .1358739     0.77   0.442    -.1617868     .370829
         p10_2 |  -.4750748   .4031032    -1.18   0.239    -1.265143    .3149928
         p11_2 |   .0714073    .056033     1.27   0.203    -.0384154    .1812299
         p12_2 |   .0060782   .0631452     0.10   0.923    -.1176841    .1298405
         p13_2 |  -.6186339    .119897    -5.16   0.000    -.8536276   -.3836402
         p14_2 |  -.0463255    .705897    -0.07   0.948    -1.429858    1.337207
         p15_2 |  -.0560777     .07498    -0.75   0.455    -.2030358    .0908805
           M_2 |   .8289733   .0316814    26.17   0.000     .7668788    .8910677
       urban_2 |   .0765575   .0369161     2.07   0.038     .0042034    .1489116
        EF29_2 |  -.0653201   .0296249    -2.20   0.027    -.1233839   -.0072563
     monthly_2 |   7.80e-06   6.46e-06     1.21   0.227    -4.86e-06    .0000205
         age_2 |  -.0016939   .0011851    -1.43   0.153    -.0040166    .0006289
         edu_2 |    .152781   .0325889     4.69   0.000      .088908     .216654
        cons_2 |  -3.295241   .1395591   -23.61   0.000    -3.568772    -3.02171
          p1_3 |  -.4945295   .2885912    -1.71   0.087    -1.060158    .0710988
          p2_3 |  -.1475892   .3198925    -0.46   0.645    -.7745671    .4793886
          p3_3 |  -.1060964   .1235167    -0.86   0.390    -.3481846    .1359919
          p4_3 |  -.3344775   .6934112    -0.48   0.630    -1.693538    1.024583
          p5_3 |   .1575471   .0671657     2.35   0.019     .0259047    .2891895
          p6_3 |   .7411113   .6558636     1.13   0.258    -.5443576     2.02658
          p7_3 |   .0108628   .1861193     0.06   0.953    -.3539244      .37565
          p8_3 |   .0471503    .212916     0.22   0.825    -.3701574     .464458
          p9_3 |   .1059415   .2131832     0.50   0.619    -.3118898    .5237728
         p10_3 |   -.808693   .7448317    -1.09   0.278    -2.268536    .6511504
         p11_3 |  -.1098457   .1153884    -0.95   0.341    -.3360027    .1163114
         p12_3 |   .1361812   .1302515     1.05   0.296     -.119107    .3914694
         p13_3 |  -.6461425   .2672814    -2.42   0.016    -1.170004   -.1222806
         p14_3 |   .8230646   1.457237     0.56   0.572    -2.033067    3.679196
         p15_3 |   -.084295    .172208    -0.49   0.624    -.4218166    .2532265
           M_3 |   1.101045   .0443875    24.81   0.000     1.014047    1.188043
       urban_3 |   .0191362   .0781293     0.24   0.807    -.1339944    .1722667
        EF29_3 |  -.0818845   .0491822    -1.66   0.096    -.1782798    .0145107
     monthly_3 |     .00001   .0000165     0.61   0.543    -.0000223    .0000423
         age_3 |  -.0032235   .0020277    -1.59   0.112    -.0071978    .0007507
         edu_3 |   .0161906   .0649575     0.25   0.803    -.1111238    .1435049
        cons_3 |  -3.216957   .2352396   -13.68   0.000    -3.678018   -2.755896
          p1_4 |  -.0229462   .2195186    -0.10   0.917    -.4531947    .4073023
          p2_4 |  -.0708492   .1457532    -0.49   0.627    -.3565202    .2148218
          p3_4 |  -.0967846   .1258482    -0.77   0.442    -.3434426    .1498735
          p4_4 |   1.008216   .2671324     3.77   0.000     .4846459    1.531786
          p5_4 |  -.0744129   .0457772    -1.63   0.104    -.1641346    .0153087
          p6_4 |   .0970853    .289709     0.34   0.738    -.4707338    .6649044
          p7_4 |  -.1324727   .0967838    -1.37   0.171    -.3221654    .0572201
          p8_4 |  -.3221659   .1058722    -3.04   0.002    -.5296715   -.1146603
          p9_4 |   .0480347   .1403945     0.34   0.732    -.2271336     .323203
         p10_4 |   .0635886   .3220781     0.20   0.843    -.5676729    .6948502
         p11_4 |    .014932   .0681256     0.22   0.827    -.1185916    .1484557
         p12_4 |  -.1121723   .0713763    -1.57   0.116    -.2520673    .0277227
         p13_4 |  -.2303955   .1730825    -1.33   0.183    -.5696309    .1088399
         p14_4 |   .9505474   .7768242     1.22   0.221    -.5720001    2.473095
         p15_4 |  -.0831039   .0767522    -1.08   0.279    -.2335354    .0673276
           M_4 |   .9295173   .0337815    27.52   0.000     .8633068    .9957279
       urban_4 |   .0581435   .0407102     1.43   0.153    -.0216471    .1379341
        EF29_4 |   -.017445   .0284195    -0.61   0.539    -.0731462    .0382561
     monthly_4 |  -.0000205   7.59e-06    -2.70   0.007    -.0000354   -5.64e-06
         age_4 |   -.009015   .0014791    -6.09   0.000     -.011914    -.006116
         edu_4 |   .0963501   .0412551     2.34   0.020     .0154916    .1772087
        cons_4 |  -3.110708   .1536959   -20.24   0.000    -3.411946    -2.80947
          p1_5 |   .1271627   .1472602     0.86   0.388    -.1614619    .4157874
          p2_5 |   .1847775    .119867     1.54   0.123    -.0501574    .4197125
          p3_5 |  -.1692885   .0880647    -1.92   0.055    -.3418921    .0033152
          p4_5 |   -.356356   .3051561    -1.17   0.243     -.954451    .2417391
          p5_5 |   .0241559   .0313877     0.77   0.442    -.0373628    .0856746
          p6_5 |  -.0953119   .2976863    -0.32   0.749    -.6787662    .4881425
          p7_5 |   -.074719   .0621002    -1.20   0.229    -.1964332    .0469951
          p8_5 |   -.142537   .0702965    -2.03   0.043    -.2803157   -.0047584
          p9_5 |  -.1679942   .0850827    -1.97   0.048    -.3347531   -.0012352
         p10_5 |   .0974764   .2914867     0.33   0.738     -.473827    .6687798
         p11_5 |  -.0745751   .0417134    -1.79   0.074    -.1563319    .0071816
         p12_5 |  -.2179544   .0526151    -4.14   0.000     -.321078   -.1148308
         p13_5 |   .0057569   .1005903     0.06   0.954    -.1913964    .2029103
         p14_5 |    .289687   .5550408     0.52   0.602    -.7981729    1.377547
         p15_5 |  -.1773193   .0666597    -2.66   0.008    -.3079699   -.0466687
           M_5 |   .7944326    .031679    25.08   0.000     .7323429    .8565222
       urban_5 |   .0528808   .0345293     1.53   0.126    -.0147954    .1205571
        EF29_5 |  -.0794459   .0201455    -3.94   0.000    -.1189302   -.0399615
     monthly_5 |   -.000019   5.62e-06    -3.39   0.001    -.0000301   -8.01e-06
         age_5 |   .0058892   .0010473     5.62   0.000     .0038365    .0079418
         edu_5 |   -.047064   .0286312    -1.64   0.100    -.1031802    .0090522
        cons_5 |  -3.861141   .1465912   -26.34   0.000    -4.148454   -3.573827
          p1_6 |  -.0445723   .1376865    -0.32   0.746     -.314433    .2252884
          p2_6 |  -.4859651   .1221654    -3.98   0.000    -.7254048   -.2465254
          p3_6 |  -.0092944   .0988034    -0.09   0.925    -.2029455    .1843567
          p4_6 |   .6357754   .2620332     2.43   0.015     .1221998    1.149351
          p5_6 |  -.0601947   .0331197    -1.82   0.069     -.125108    .0047186
          p6_6 |   .5671319   .2033497     2.79   0.005     .1685739      .96569
          p7_6 |  -.0681829   .0622587    -1.10   0.273    -.1902078     .053842
          p8_6 |   -.315434   .0833883    -3.78   0.000    -.4788721   -.1519959
          p9_6 |  -.1742629   .1066513    -1.63   0.102    -.3832956    .0347698
         p10_6 |   .8824055   .3040964     2.90   0.004     .2863876    1.478423
         p11_6 |  -.1199982   .0524093    -2.29   0.022    -.2227186   -.0172778
         p12_6 |  -.2722052   .0707468    -3.85   0.000    -.4108665    -.133544
         p13_6 |   .0340875   .0961006     0.35   0.723    -.1542661    .2224411
         p14_6 |   -.425742   .5223124    -0.82   0.415    -1.449455    .5979715
         p15_6 |  -.0024377   .0470214    -0.05   0.959     -.094598    .0897227
           M_6 |   .5691448   .0308977    18.42   0.000     .5085865    .6297032
       urban_6 |   .0954788   .0338086     2.82   0.005     .0292152    .1617425
        EF29_6 |   .0551352   .0220198     2.50   0.012     .0119771    .0982933
     monthly_6 |   2.10e-06   5.52e-06     0.38   0.704    -8.72e-06    .0000129
         age_6 |  -.0134541    .000975   -13.80   0.000     -.015365   -.0115431
         edu_6 |   -.133609   .0338129    -3.95   0.000    -.1998811    -.067337
        cons_6 |  -2.000889    .144391   -13.86   0.000     -2.28389   -1.717888
          p1_7 |  -.2447873   .1919493    -1.28   0.202    -.6210009    .1314263
          p2_7 |  -.3912797   .1283014    -3.05   0.002    -.6427457   -.1398136
          p3_7 |  -.2396028   .0949437    -2.52   0.012     -.425689   -.0535167
          p4_7 |  -.3066283   .3716687    -0.83   0.409    -1.035086     .421829
          p5_7 |   -.157599   .0400703    -3.93   0.000    -.2361353   -.0790627
          p6_7 |   .4080239   .3412917     1.20   0.232    -.2608955    1.076943
          p7_7 |   .4275375   .0808891     5.29   0.000     .2689978    .5860773
          p8_7 |  -.1865883   .0946138    -1.97   0.049     -.372028   -.0011486
          p9_7 |  -.2590809   .1024276    -2.53   0.011    -.4598353   -.0583266
         p10_7 |   .5762884   .3580278     1.61   0.107    -.1254332     1.27801
         p11_7 |  -.5350131   .0534342   -10.01   0.000    -.6397422    -.430284
         p12_7 |  -.1957701   .0735889    -2.66   0.008    -.3400016   -.0515386
         p13_7 |  -.3870688   .1394605    -2.78   0.006    -.6604064   -.1137313
         p14_7 |  -.1410265   .6616609    -0.21   0.831    -1.437858    1.155805
         p15_7 |  -.1367113   .0835097    -1.64   0.102    -.3003873    .0269647
           M_7 |   .8982599   .0379503    23.67   0.000     .8238787     .972641
       urban_7 |   .0654104   .0416783     1.57   0.117    -.0162775    .1470983
        EF29_7 |   .0573051   .0222435     2.58   0.010     .0137087    .1009016
     monthly_7 |  -2.82e-06   7.01e-06    -0.40   0.687    -.0000166    .0000109
         age_7 |   .0044443   .0011511     3.86   0.000     .0021882    .0067003
         edu_7 |  -.2236921   .0343586    -6.51   0.000    -.2910336   -.1563505
        cons_7 |  -3.993488   .1827114   -21.86   0.000    -4.351596   -3.635381
          p1_8 |  -.5023476   .2594077    -1.94   0.053    -1.010777    .0060821
          p2_8 |  -.8595185   .2423905    -3.55   0.000    -1.334595   -.3844418
          p3_8 |  -.1508858   .1839476    -0.82   0.412    -.5114164    .2096448
          p4_8 |    -.56785   .5842574    -0.97   0.331    -1.712973    .5772735
          p5_8 |  -.2318089   .0547367    -4.23   0.000    -.3390908   -.1245269
          p6_8 |   .0249709   .3234314     0.08   0.938    -.6089429    .6588847
          p7_8 |   .3033862   .1029427     2.95   0.003     .1016222    .5051503
          p8_8 |  -.0054853   .0904776    -0.06   0.952    -.1828181    .1718476
          p9_8 |   .0799327   .2275344     0.35   0.725    -.3660266    .5258921
         p10_8 |   .3671101   .4582276     0.80   0.423    -.5309995     1.26522
         p11_8 |  -.5580962    .075629    -7.38   0.000    -.7063264    -.409866
         p12_8 |  -.1763643   .1205449    -1.46   0.143    -.4126279    .0598994
         p13_8 |  -.0728113   .2252534    -0.32   0.747    -.5142999    .3686772
         p14_8 |   .1172634   1.088211     0.11   0.914    -2.015592    2.250119
         p15_8 |  -.1631968   .1227718    -1.33   0.184    -.4038252    .0774316
           M_8 |   .6117115   .0454373    13.46   0.000     .5226561     .700767
       urban_8 |   .0060027   .0577288     0.10   0.917    -.1071436     .119149
        EF29_8 |   .1929658    .047145     4.09   0.000     .1005634    .2853682
     monthly_8 |   .0000141   .0000196     0.72   0.474    -.0000244    .0000525
         age_8 |   .0154731   .0016581     9.33   0.000     .0122232     .018723
         edu_8 |   -.247622    .056519    -4.38   0.000    -.3583973   -.1368467
        cons_8 |  -2.273583    .193443   -11.75   0.000    -2.652724   -1.894441
          p1_9 |   .0209733   .1764487     0.12   0.905    -.3248598    .3668065
          p2_9 |   .1164789   .1211716     0.96   0.336    -.1210129    .3539708
          p3_9 |   .0576067   .0904241     0.64   0.524    -.1196214    .2348347
          p4_9 |   .2234071   .2944173     0.76   0.448    -.3536403    .8004544
          p5_9 |   .0555517   .0362615     1.53   0.126    -.0155196    .1266231
          p6_9 |   .0343873   .2286608     0.15   0.880    -.4137798    .4825543
          p7_9 |   .2361559   .0681099     3.47   0.001      .102663    .3696487
          p8_9 |   .0343083   .0756504     0.45   0.650    -.1139639    .1825804
          p9_9 |  -.8370447   .1182174    -7.08   0.000    -1.068747   -.6053428
         p10_9 |   .4428547   .3641309     1.22   0.224    -.2708288    1.156538
         p11_9 |  -.0954465   .0424018    -2.25   0.024    -.1785525   -.0123405
         p12_9 |   .0270269   .0560578     0.48   0.630    -.0828444    .1368982
         p13_9 |  -.1236336   .0997758    -1.24   0.215    -.3191905    .0719234
         p14_9 |   .9131731   .5171772     1.77   0.077    -.1004756    1.926822
         p15_9 |   .1277959   .0580461     2.20   0.028     .0140277    .2415642
           M_9 |   .5927826     .02701    21.95   0.000      .539844    .6457211
       urban_9 |   .1134092   .0293146     3.87   0.000     .0559536    .1708647
        EF29_9 |  -.0287367    .021942    -1.31   0.190    -.0717424    .0142689
     monthly_9 |   9.64e-07   5.22e-06     0.18   0.854    -9.27e-06    .0000112
         age_9 |   .0080391   .0011656     6.90   0.000     .0057545    .0103237
         edu_9 |   .0726194   .0327348     2.22   0.027     .0084603    .1367784
        cons_9 |   -4.17225    .147118   -28.36   0.000    -4.460597   -3.883904
         p1_10 |  -.1588489   .1108442    -1.43   0.152    -.3760995    .0584017
         p2_10 |   .0056363   .1288176     0.04   0.965    -.2468414    .2581141
         p3_10 |  -.0526315   .1044948    -0.50   0.614    -.2574374    .1521745
         p4_10 |   .1949096   .3133563     0.62   0.534    -.4192575    .8090767
         p5_10 |  -.0775833   .0369142    -2.10   0.036    -.1499338   -.0052328
         p6_10 |   .0482494   .2239113     0.22   0.829    -.3906086    .4871074
         p7_10 |  -.1819653   .0802763    -2.27   0.023    -.3393039   -.0246268
         p8_10 |  -.2046739   .0787927    -2.60   0.009    -.3591048    -.050243
         p9_10 |  -.1479567   .1065528    -1.39   0.165    -.3567964    .0608831
        p10_10 |   .8029508   .2688291     2.99   0.003     .2760554    1.329846
        p11_10 |  -.1585256   .0447397    -3.54   0.000    -.2462137   -.0708374
        p12_10 |  -.1706856   .0686729    -2.49   0.013    -.3052821   -.0360891
        p13_10 |  -.0731732   .1301871    -0.56   0.574    -.3283353     .181989
        p14_10 |   .1389304   .6374179     0.22   0.827    -1.110386    1.388246
        p15_10 |  -.1292829   .0756298    -1.71   0.087    -.2775146    .0189487
          M_10 |   .6762369   .0241244    28.03   0.000     .6289539    .7235199
      urban_10 |  -.0226942   .0302275    -0.75   0.453    -.0819391    .0365506
       EF29_10 |   .0117009   .0202481     0.58   0.563    -.0279846    .0513864
    monthly_10 |  -.0000238   5.42e-06    -4.40   0.000    -.0000344   -.0000132
        age_10 |    .008208   .0008463     9.70   0.000     .0065492    .0098667
        edu_10 |   .0454912   .0293287     1.55   0.121     -.011992    .1029744
       cons_10 |  -3.331196    .119685   -27.83   0.000    -3.565774   -3.096618
         p1_11 |   .0028966   .1385892     0.02   0.983    -.2687332    .2745263
         p2_11 |  -.1234106   .1394896    -0.88   0.376    -.3968051    .1499839
         p3_11 |  -.1614347    .092955    -1.74   0.082    -.3436232    .0207537
         p4_11 |  -.4130699   .3692403    -1.12   0.263    -1.136768    .3106278
         p5_11 |   .0179645   .0392874     0.46   0.647    -.0590374    .0949664
         p6_11 |   -.324516   .2724734    -1.19   0.234     -.858554     .209522
         p7_11 |  -.0799816   .0828927    -0.96   0.335    -.2424483     .082485
         p8_11 |  -.0196728   .0830674    -0.24   0.813    -.1824819    .1431364
         p9_11 |  -.0160136   .1030143    -0.16   0.876    -.2179179    .1858906
        p10_11 |   .2755247   .3644814     0.76   0.450    -.4388457     .989895
        p11_11 |  -.2222357   .0426274    -5.21   0.000    -.3057838   -.1386876
        p12_11 |  -.1438664   .0790745    -1.82   0.069    -.2988496    .0111168
        p13_11 |  -.2292345   .1225034    -1.87   0.061    -.4693368    .0108678
        p14_11 |   .5676627   .6879623     0.83   0.409    -.7807187    1.916044
        p15_11 |   -.069898    .066684    -1.05   0.295    -.2005962    .0608002
          M_11 |   .7615423   .0280576    27.14   0.000     .7065505    .8165342
      urban_11 |   .0745813   .0402296     1.85   0.064    -.0042673    .1534299
       EF29_11 |  -.0615833   .0287705    -2.14   0.032    -.1179724   -.0051941
    monthly_11 |   1.35e-06   7.10e-06     0.19   0.850    -.0000126    .0000153
        age_11 |    .004153   .0010708     3.88   0.000     .0020543    .0062516
        edu_11 |   .0079209   .0364592     0.22   0.828    -.0635379    .0793797
       cons_11 |  -3.249297   .1474067   -22.04   0.000    -3.538208   -2.960385
         p1_12 |    -.25193   .1851791    -1.36   0.174    -.6148745    .1110144
         p2_12 |  -.4093011   .1918462    -2.13   0.033    -.7853128   -.0332895
         p3_12 |  -.0373421   .1295076    -0.29   0.773    -.2911722    .2164881
         p4_12 |  -.1757681   .5262712    -0.33   0.738    -1.207241    .8557045
         p5_12 |  -.0443793   .0511534    -0.87   0.386    -.1446382    .0558796
         p6_12 |  -.1022642   .3053274    -0.33   0.738    -.7006949    .4961665
         p7_12 |  -.1211126   .1057396    -1.15   0.252    -.3283583    .0861332
         p8_12 |   .1486411    .096682     1.54   0.124    -.0408522    .3381344
         p9_12 |   -.062736    .151385    -0.41   0.679    -.3594452    .2339732
        p10_12 |   .5131765   .3747356     1.37   0.171    -.2212917    1.247645
        p11_12 |  -.0295149   .0610739    -0.48   0.629    -.1492174    .0901877
        p12_12 |  -.4002353   .0624437    -6.41   0.000    -.5226227    -.277848
        p13_12 |   .1085761   .1547194     0.70   0.483    -.1946683    .4118205
        p14_12 |   .1524513   .8277155     0.18   0.854    -1.469841    1.774744
        p15_12 |  -.1587057   .1084385    -1.46   0.143    -.3712413    .0538298
          M_12 |   .5907396   .0315015    18.75   0.000     .5289978    .6524813
      urban_12 |   .0562504   .0477288     1.18   0.239    -.0372963     .149797
       EF29_12 |    .025401   .0274726     0.92   0.355    -.0284444    .0792463
    monthly_12 |  -4.15e-06   8.97e-06    -0.46   0.644    -.0000217    .0000134
        age_12 |   .0092278    .001343     6.87   0.000     .0065956      .01186
        edu_12 |  -.0212432   .0465786    -0.46   0.648    -.1125356    .0700492
       cons_12 |  -2.189167   .1402745   -15.61   0.000      -2.4641   -1.914234
         p1_13 |  -.5020624   1.077364    -0.47   0.641    -2.613656    1.609532
         p2_13 |  -.5829796   1.481613    -0.39   0.694    -3.486888    2.320929
         p3_13 |  -.2146814   .6339632    -0.34   0.735    -1.457226    1.027864
         p4_13 |  -1.885228   1.798203    -1.05   0.294    -5.409641    1.639184
         p5_13 |  -.1420629   .2845005    -0.50   0.618    -.6996736    .4155478
         p6_13 |   .1645163   1.426815     0.12   0.908     -2.63199    2.961023
         p7_13 |  -.2645571   .5132469    -0.52   0.606    -1.270503    .7413883
         p8_13 |   .5522883   .3779125     1.46   0.144    -.1884065    1.292983
         p9_13 |  -.0446603   .5076114    -0.09   0.930     -1.03956    .9502399
        p10_13 |   3.445695   1.637219     2.10   0.035     .2368039    6.654586
        p11_13 |   .0576921   .2130929     0.27   0.787    -.3599623    .4753465
        p12_13 |  -.6389954   .3261147    -1.96   0.050    -1.278169    .0001777
        p13_13 |   .1884258   .4404516     0.43   0.669    -.6748435    1.051695
        p14_13 |  -2.364026    3.73963    -0.63   0.527    -9.693566    4.965513
        p15_13 |  -.5457861    .460123    -1.19   0.236    -1.447611    .3560385
          M_13 |   .8228779    .166568     4.94   0.000     .4964106    1.149345
      urban_13 |   .2465468   .2175537     1.13   0.257    -.1798506    .6729442
       EF29_13 |   .1502724   .1725889     0.87   0.384    -.1879957    .4885404
    monthly_13 |   .0001027   .0000762     1.35   0.178    -.0000467    .0002521
        age_13 |   .0068087   .0037336     1.82   0.068    -.0005091    .0141265
        edu_13 |  -.2466453   .2244611    -1.10   0.272     -.686581    .1932903
       cons_13 |   -1.69574   .6447415    -2.63   0.009     -2.95941   -.4320698
         p1_14 |  -.9060458   .3451897    -2.62   0.009    -1.582605   -.2294864
         p2_14 |   .0188859   .3969706     0.05   0.962     -.759162    .7969339
         p3_14 |   -.143814   .2146946    -0.67   0.503    -.5646077    .2769797
         p4_14 |  -.0216394   .9424787    -0.02   0.982    -1.868864    1.825585
         p5_14 |  -.1474855   .1090959    -1.35   0.176    -.3613095    .0663384
         p6_14 |   .1595027   .6716935     0.24   0.812    -1.156993    1.475998
         p7_14 |   .0291705   .2329981     0.13   0.900    -.4274973    .4858384
         p8_14 |   .0074014   .2387269     0.03   0.975    -.4604948    .4752975
         p9_14 |  -.5194716   .3610276    -1.44   0.150    -1.227073    .1881296
        p10_14 |   .7601163   .7841304     0.97   0.332    -.7767511    2.296984
        p11_14 |  -.0479104   .1468379    -0.33   0.744    -.3357074    .2398866
        p12_14 |  -.1514275   .1807494    -0.84   0.402    -.5056898    .2028349
        p13_14 |   .1920275   .2786422     0.69   0.491    -.3541011    .7381562
        p14_14 |   2.511321   1.140203     2.20   0.028     .2765631    4.746078
        p15_14 |   -.177911   .1952584    -0.91   0.362    -.5606103    .2047884
          M_14 |   .8377151   .0531908    15.75   0.000     .7334631    .9419672
      urban_14 |  -.0333523   .1032287    -0.32   0.747    -.2356769    .1689722
       EF29_14 |   .0808113   .0634214     1.27   0.203    -.0434923    .2051149
    monthly_14 |  -5.69e-06   .0000192    -0.30   0.768    -.0000434     .000032
        age_14 |  -.0058385   .0025146    -2.32   0.020     -.010767     -.00091
        edu_14 |  -.0294988   .0657521    -0.45   0.654    -.1583705    .0993729
       cons_14 |  -1.602495   .2568351    -6.24   0.000    -2.105882   -1.099107
         p1_15 |   -.021345   .1654343    -0.13   0.897    -.3455903    .3029004
         p2_15 |   .0491764   .1297943     0.38   0.705    -.2052156    .3035685
         p3_15 |  -.1270281    .117733    -1.08   0.281    -.3577804    .1037243
         p4_15 |   -.045235   .3038705    -0.15   0.882    -.6408102    .5503403
         p5_15 |   .0267607   .0397217     0.67   0.500    -.0510925    .1046139
         p6_15 |   -.678888   .3008728    -2.26   0.024    -1.268588   -.0891881
         p7_15 |    .041111   .1107233     0.37   0.710    -.1759026    .2581247
         p8_15 |  -.1514395   .0752476    -2.01   0.044     -.298922   -.0039569
         p9_15 |   .1284262   .1376756     0.93   0.351    -.1414129    .3982654
        p10_15 |  -.3309969   .4090264    -0.81   0.418    -1.132674    .4706801
        p11_15 |   .0535653   .0557856     0.96   0.337    -.0557724    .1629029
        p12_15 |  -.0164909   .0747398    -0.22   0.825    -.1629782    .1299965
        p13_15 |  -.5073352   .1240221    -4.09   0.000    -.7504141   -.2642562
        p14_15 |   .7890138   .7904823     1.00   0.318     -.760303    2.338331
        p15_15 |   .1141703   .0576036     1.98   0.047     .0012693    .2270713
          M_15 |   .7419445   .0281969    26.31   0.000     .6866795    .7972095
      urban_15 |    .090891   .0367036     2.48   0.013     .0189533    .1628287
       EF29_15 |   .0304134   .0231763     1.31   0.189    -.0150114    .0758382
    monthly_15 |  -.0000107   5.70e-06    -1.88   0.060    -.0000219    4.72e-07
        age_15 |  -.0199973   .0012668   -15.79   0.000    -.0224802   -.0175144
        edu_15 |   .0342071   .0306497     1.12   0.264    -.0258653    .0942795
       cons_15 |  -1.764691   .1366558   -12.91   0.000    -2.032531    -1.49685
---------------+----------------------------------------------------------------
ELAS_INC       |
           e_1 |   .9625844    .085461    11.26   0.000     .7950838    1.130085
           e_2 |   1.211508   .0685871    17.66   0.000      1.07708    1.345937
           e_3 |   .7871561   .1002876     7.85   0.000     .5905959    .9837163
           e_4 |   1.118045   .1021005    10.95   0.000     .9179321    1.318159
           e_5 |   1.414527   .1299468    10.89   0.000     1.159836    1.669218
           e_6 |   .7850141   .0926717     8.47   0.000      .603381    .9666473
           e_7 |   1.271788   .0495345    25.67   0.000     1.174702    1.368874
           e_8 |   1.144166   .0327206    34.97   0.000     1.080035    1.208297
           e_9 |   1.162548   .0929096    12.51   0.000     .9804487    1.344648
          e_10 |   1.029826    .081199    12.68   0.000      .870679    1.188973
          e_11 |   1.011679   .0517235    19.56   0.000     .9103032    1.113056
          e_12 |   .8780501   .0626868    14.01   0.000     .7551862    1.000914
          e_13 |   .8031414   .0713156    11.26   0.000     .6633654    .9429173
          e_14 |   .9511063    .091392    10.41   0.000     .7719812    1.130231
          e_15 |   1.207124     .05939    20.33   0.000     1.090722    1.323526
---------------+----------------------------------------------------------------
ELAS_UNCOMP    |
         e_1_1 |  -.9691393   .1190582    -8.14   0.000    -1.202489   -.7357896
         e_2_1 |   .0799034   .0586637     1.36   0.173    -.0350753    .1948821
         e_3_1 |  -.0525951   .0861394    -0.61   0.541    -.2214252    .1162351
         e_4_1 |   .0960004   .0684284     1.40   0.161    -.0381168    .2301177
         e_5_1 |   .0572199   .0579516     0.99   0.323    -.0563631    .1708029
         e_6_1 |   .0319958   .0525671     0.61   0.543    -.0710339    .1350255
         e_7_1 |   .0345054   .0614761     0.56   0.575    -.0859856    .1549963
         e_8_1 |   .0622383     .08021     0.78   0.438    -.0949705    .2194471
         e_9_1 |   .0550779    .059761     0.92   0.357    -.0620516    .1722073
        e_10_1 |   .0373849   .0830932     0.45   0.653    -.1254747    .2002446
        e_11_1 |   .0733292   .0555029     1.32   0.186    -.0354545    .1821129
        e_12_1 |   .0223437   .0815803     0.27   0.784    -.1375508    .1822383
        e_13_1 |    .049906   .1110924     0.45   0.653    -.1678311    .2676431
        e_14_1 |  -.0218936   .1842268    -0.12   0.905    -.3829714    .3391842
        e_15_1 |   .0776993   .0644312     1.21   0.228    -.0485836    .2039822
         e_1_2 |   .1087183   .1151062     0.94   0.345    -.1168857    .3343223
         e_2_2 |  -1.166851   .1434028    -8.14   0.000    -1.447915   -.8857863
         e_3_2 |   .1245221   .1028576     1.21   0.226    -.0770751    .3261192
         e_4_2 |  -.0033964   .1480692    -0.02   0.982    -.2936067    .2868138
         e_5_2 |  -.0126296   .0293219    -0.43   0.667    -.0700996    .0448403
         e_6_2 |  -.0497279   .0715097    -0.70   0.487    -.1898844    .0904285
         e_7_2 |  -.1076862    .071668    -1.50   0.133     -.248153    .0327806
         e_8_2 |   .0335583   .0787825     0.43   0.670    -.1208526    .1879692
         e_9_2 |   .0518171   .0306761     1.69   0.091     -.008307    .1119411
        e_10_2 |   .1783212   .1106933     1.61   0.107    -.0386336     .395276
        e_11_2 |  -.0322658   .0571257    -0.56   0.572      -.14423    .0796985
        e_12_2 |  -.0673272   .0443637    -1.52   0.129    -.1542784     .019624
        e_13_2 |  -.0574329   .1259512    -0.46   0.648    -.3042927    .1894268
        e_14_2 |  -.0034248   .2194866    -0.02   0.988    -.4336107     .426761
        e_15_2 |  -.0166171   .0449964    -0.37   0.712    -.1048084    .0715743
         e_1_3 |   .0233982   .0883068     0.26   0.791      -.14968    .1964764
         e_2_3 |   .1131831   .0919834     1.23   0.219     -.067101    .2934672
         e_3_3 |  -.8698691   .1072096    -8.11   0.000    -1.079996   -.6597421
         e_4_3 |   .1102047    .092423     1.19   0.233     -.070941    .2913504
         e_5_3 |   .0369713   .0749171     0.49   0.622    -.1098636    .1838062
         e_6_3 |   .0067993   .0935447     0.07   0.942    -.1765449    .1901436
         e_7_3 |   .0104734   .0930095     0.11   0.910    -.1718219    .1927686
         e_8_3 |   .0398001   .0777743     0.51   0.609    -.1126347     .192235
         e_9_3 |   .0466043   .0794559     0.59   0.558    -.1091264     .202335
        e_10_3 |   .1266133   .0912494     1.39   0.165    -.0522323    .3054589
        e_11_3 |   .1301618   .0830474     1.57   0.117     -.032608    .2929317
        e_12_3 |   .0583772   .1171254     0.50   0.618    -.1711843    .2879387
        e_13_3 |   .1537816   .1138107     1.35   0.177    -.0692833    .3768465
        e_14_3 |  -.0032268    .182652    -0.02   0.986    -.3612181    .3547644
        e_15_3 |   .0643261   .0851577     0.76   0.450    -.1025799    .2312321
         e_1_4 |   .1700131   .1557241     1.09   0.275    -.1352004    .4752267
         e_2_4 |  -.0484769   .1453665    -0.33   0.739    -.3333901    .2364363
         e_3_4 |   .0682378   .1089134     0.63   0.531    -.1452285    .2817041
         e_4_4 |  -.0273001   .4132179    -0.07   0.947    -.8371923    .7825921
         e_5_4 |  -.0183772   .0627246    -0.29   0.770    -.1413152    .1045609
         e_6_4 |  -.0328904    .096912    -0.34   0.734    -.2228345    .1570537
         e_7_4 |  -.0854515   .0962633    -0.89   0.375    -.2741241    .1032211
         e_8_4 |   .0594122   .0969139     0.61   0.540    -.1305355    .2493599
         e_9_4 |   -.056453   .0684487    -0.82   0.410      -.19061     .077704
        e_10_4 |   .0372548   .2112304     0.18   0.860    -.3767493    .4512588
        e_11_4 |   .1304803   .0717101     1.82   0.069     -.010069    .2710296
        e_12_4 |  -.1018891   .0776706    -1.31   0.190    -.2541208    .0503425
        e_13_4 |   .1036857   .1360518     0.76   0.446    -.1629709    .3703423
        e_14_4 |  -1.147904   .4712679    -2.44   0.015    -2.071572   -.2242356
        e_15_4 |  -.0035163   .0926706    -0.04   0.970    -.1851474    .1781148
         e_1_5 |   .2499287   .1865137     1.34   0.180    -.1156314    .6154888
         e_2_5 |   .0319356   .1254235     0.25   0.799      -.21389    .2777611
         e_3_5 |  -.1916592   .2637706    -0.73   0.467    -.7086401    .3253217
         e_4_5 |  -.3027063   .3332916    -0.91   0.364    -.9559459    .3505332
         e_5_5 |  -.9565631   .0903414   -10.59   0.000    -1.133629   -.7794971
         e_6_5 |  -.0468274   .1247285    -0.38   0.707    -.2912907    .1976359
         e_7_5 |   -.176122    .090613    -1.94   0.052    -.3537203    .0014763
         e_8_5 |  -.2454795   .1288211    -1.91   0.057    -.4979641    .0070052
         e_9_5 |  -.0549218   .0478865    -1.15   0.251    -.1487776    .0389341
        e_10_5 |   .1236849   .1207744     1.02   0.306    -.1130286    .3603984
        e_11_5 |  -.0971811   .0894479    -1.09   0.277    -.2724957    .0781336
        e_12_5 |  -.1919325   .1085981    -1.77   0.077    -.4047808    .0209157
        e_13_5 |   .2442174   .4583667     0.53   0.594    -.6541648      1.1426
        e_14_5 |   .3316519   .2513045     1.32   0.187    -.1608959    .8241996
        e_15_5 |  -.1072685   .0785748    -1.37   0.172    -.2612722    .0467353
         e_1_6 |  -.0589847   .1420191    -0.42   0.678    -.3373371    .2193676
         e_2_6 |  -.2382661   .1202457    -1.98   0.048    -.4739434   -.0025888
         e_3_6 |   .1451699    .118097     1.23   0.219    -.0862959    .3766357
         e_4_6 |    .020027   .2202381     0.09   0.928    -.4116318    .4516858
         e_5_6 |   .0196622   .0348834     0.56   0.573     -.048708    .0880324
         e_6_6 |  -.6704608   .1945111    -3.45   0.001    -1.051696    -.289226
         e_7_6 |   .1234474   .0805818     1.53   0.126    -.0344899    .2813848
         e_8_6 |      .0114   .1001961     0.11   0.909    -.1849807    .2077808
         e_9_6 |  -.0690321   .0804158    -0.86   0.391    -.2266442    .0885799
        e_10_6 |   .2471672    .218265     1.13   0.257    -.1806243    .6749586
        e_11_6 |  -.0725155   .0623536    -1.16   0.245    -.1947264    .0496954
        e_12_6 |  -.0552242   .0725361    -0.76   0.446    -.1973924    .0869441
        e_13_6 |   .0523733   .1381515     0.38   0.705    -.2183986    .3231452
        e_14_6 |   .0671622    .315501     0.21   0.831    -.5512085    .6855329
        e_15_6 |   .0116624   .0781609     0.15   0.881    -.1415302    .1648551
         e_1_7 |  -.0330993   .0589654    -0.56   0.575    -.1486694    .0824709
         e_2_7 |  -.0909109   .0380197    -2.39   0.017    -.1654281   -.0163938
         e_3_7 |  -.0879494    .041601    -2.11   0.035    -.1694859   -.0064128
         e_4_7 |   -.064597   .0598306    -1.08   0.280    -.1818629    .0526689
         e_5_7 |  -.0348843   .0148575    -2.35   0.019    -.0640044   -.0057642
         e_6_7 |   .0422066   .0341476     1.24   0.216    -.0247214    .1091346
         e_7_7 |  -.9178929   .0462818   -19.83   0.000    -1.008603   -.8271823
         e_8_7 |  -.0145852   .0356373    -0.41   0.682     -.084433    .0552626
         e_9_7 |  -.0075042   .0120083    -0.62   0.532    -.0310401    .0160316
        e_10_7 |   .0997593   .0418767     2.38   0.017     .0176825    .1818362
        e_11_7 |  -.1363078   .0269579    -5.06   0.000    -.1891444   -.0834712
        e_12_7 |  -.0469348   .0255799    -1.83   0.067    -.0970705    .0032009
        e_13_7 |  -.1200644   .0569088    -2.11   0.035    -.2316036   -.0085252
        e_14_7 |   .0982712   .0820677     1.20   0.231    -.0625784    .2591209
        e_15_7 |  -.0212293   .0207751    -1.02   0.307    -.0619478    .0194891
         e_1_8 |   .0038659   .0439227     0.09   0.930     -.082221    .0899528
         e_2_8 |  -.0248293   .0307462    -0.81   0.419    -.0850908    .0354321
         e_3_8 |  -.0043514    .032597    -0.13   0.894    -.0682404    .0595377
         e_4_8 |   .0012135   .0333363     0.04   0.971    -.0641245    .0665515
         e_5_8 |  -.0098661   .0167424    -0.59   0.556    -.0426805    .0229484
         e_6_8 |    .012434   .0179898     0.69   0.489    -.0228253    .0476933
         e_7_8 |   .0278034   .0248023     1.12   0.262    -.0208081    .0764149
         e_8_8 |  -1.009449   .0358472   -28.16   0.000    -1.079708   -.9391897
         e_9_8 |   .0246881    .019078     1.29   0.196     -.012704    .0620802
        e_10_8 |   .0092973   .0280335     0.33   0.740    -.0456473    .0642419
        e_11_8 |  -.0714242   .0214141    -3.34   0.001    -.1133951   -.0294533
        e_12_8 |  -.0027138   .0276262    -0.10   0.922    -.0568601    .0514324
        e_13_8 |  -.0504367   .0552674    -0.91   0.361    -.1587588    .0578854
        e_14_8 |   .1070979   .0797313     1.34   0.179    -.0491726    .2633683
        e_15_8 |   -.010258   .0228583    -0.45   0.654    -.0550595    .0345435
         e_1_9 |   .0905492   .0972585     0.93   0.352    -.1000741    .2811724
         e_2_9 |   .1054657   .0686581     1.54   0.125    -.0291017    .2400332
         e_3_9 |    -.00705    .068726    -0.10   0.918    -.1417504    .1276505
         e_4_9 |  -.0762367   .1344135    -0.57   0.571    -.3396824    .1872089
         e_5_9 |   .0346627   .0245919     1.41   0.159    -.0135365    .0828619
         e_6_9 |  -.0542443    .091532    -0.59   0.553    -.2336437    .1251551
         e_7_9 |   .1328712   .0431483     3.08   0.002      .048302    .2174403
         e_8_9 |   .0859039   .0626824     1.37   0.171    -.0369513    .2087591
         e_9_9 |  -1.288356   .0487709   -26.42   0.000    -1.383946   -1.192767
        e_10_9 |  -.1238811    .154758    -0.80   0.423    -.4272012    .1794391
        e_11_9 |  -.0333469   .0258351    -1.29   0.197    -.0839828     .017289
        e_12_9 |   .0257561   .0378956     0.68   0.497    -.0485179    .1000301
        e_13_9 |   -.079598   .0801288    -0.99   0.321    -.2366476    .0774515
        e_14_9 |   .4466768   .1959139     2.28   0.023     .0626927     .830661
        e_15_9 |   .0028744   .0318719     0.09   0.928    -.0595934    .0653422
        e_1_10 |  -.0057378   .1440191    -0.04   0.968    -.2880101    .2765345
        e_2_10 |   .2140972   .1272259     1.68   0.092    -.0352609    .4634554
        e_3_10 |  -.0553129   .0961598    -0.58   0.565    -.2437826    .1331569
        e_4_10 |   .0361372   .2326908     0.16   0.877    -.4199283    .4922028
        e_5_10 |   .0164329      .0412     0.40   0.690    -.0643176    .0971835
        e_6_10 |    .051238    .110321     0.46   0.642    -.1649873    .2674632
        e_7_10 |   .1255937   .0695867     1.80   0.071    -.0107936     .261981
        e_8_10 |  -.0855162   .0781505    -1.09   0.274    -.2386885     .067656
        e_9_10 |   -.112229   .0646614    -1.74   0.083    -.2389629     .014505
       e_10_10 |  -.7713237   .2488044    -3.10   0.002    -1.258971   -.2836762
       e_11_10 |  -.0252459   .0636519    -0.40   0.692    -.1500014    .0995095
       e_12_10 |   .0152728   .0786314     0.19   0.846    -.1388419    .1693875
       e_13_10 |   -.072387   .1574891    -0.46   0.646      -.38106    .2362859
       e_14_10 |  -.3127335   .2900739    -1.08   0.281    -.8812678    .2558008
       e_15_10 |  -.0089186   .0608417    -0.15   0.883    -.1281661    .1103288
        e_1_11 |   .1671002   .1132545     1.48   0.140    -.0548745    .3890749
        e_2_11 |  -.0034313   .0833484    -0.04   0.967     -.166791    .1599285
        e_3_11 |    .281128   .1482099     1.90   0.058    -.0093581    .5716141
        e_4_11 |    .238952     .10297     2.32   0.020     .0371345    .4407695
        e_5_11 |   .0225373   .0364494     0.62   0.536    -.0489023    .0939769
        e_6_11 |   .0043378   .0466346     0.09   0.926    -.0870643    .0957399
        e_7_11 |  -.1989985    .075562    -2.63   0.008    -.3470974   -.0508996
        e_8_11 |   -.256807   .0938496    -2.74   0.006     -.440749   -.0728651
        e_9_11 |   .0355355   .0253695     1.40   0.161    -.0141877    .0852588
       e_10_11 |   .0013884   .0748394     0.02   0.985    -.1452941    .1480709
       e_11_11 |  -.6714869   .0779518    -8.61   0.000    -.8242696   -.5187042
       e_12_11 |  -.1438413   .0789666    -1.82   0.069    -.2986129    .0109303
       e_13_11 |   .2105908   .1805854     1.17   0.244      -.14335    .5645316
       e_14_11 |  -.0852754   .2213286    -0.39   0.700    -.5190714    .3485206
       e_15_11 |   .0914563   .0444248     2.06   0.040     .0043852    .1785274
        e_1_12 |  -.0356766   .1164933    -0.31   0.759    -.2639994    .1926461
        e_2_12 |  -.0368465   .0692545    -0.53   0.595    -.1725829    .0988899
        e_3_12 |   .0171616    .140968     0.12   0.903    -.2591306    .2934539
        e_4_12 |  -.0728016   .0780931    -0.93   0.351    -.2258613    .0802581
        e_5_12 |  -.0101971   .0501766    -0.20   0.839    -.1085415    .0881473
        e_6_12 |  -.0094949   .0582485    -0.16   0.871      -.12366    .1046701
        e_7_12 |   -.024588   .0635761    -0.39   0.699    -.1491949    .1000188
        e_8_12 |  -.0087197   .0786561    -0.11   0.912    -.1628828    .1454434
        e_9_12 |   .0106447   .0424571     0.25   0.802    -.0725698    .0938591
       e_10_12 |   .0029321   .0722881     0.04   0.968    -.1387499    .1446141
       e_11_12 |  -.0962523   .0599046    -1.61   0.108    -.2136632    .0211585
       e_12_12 |  -.8130013   .1180751    -6.89   0.000    -1.044424   -.5815783
       e_13_12 |   .0280352   .1439124     0.19   0.846    -.2540279    .3100983
       e_14_12 |   .1240721   .1246974     0.99   0.320    -.1203304    .3684746
       e_15_12 |   .0361903    .063612     0.57   0.569     -.088487    .1608676
        e_1_13 |   .0810792   .0981666     0.83   0.409    -.1113237    .2734821
        e_2_13 |   .0985439   .1021162     0.97   0.335    -.1016002     .298688
        e_3_13 |   .0473655   .0791708     0.60   0.550    -.1078064    .2025374
        e_4_13 |   .2402163   .1365313     1.76   0.079    -.0273801    .5078127
        e_5_13 |   .0560544   .0384419     1.46   0.145    -.0192903     .131399
        e_6_13 |   .0134935   .1008966     0.13   0.894    -.1842603    .2112472
        e_7_13 |   .0526697   .0479594     1.10   0.272    -.0413291    .1466685
        e_8_13 |  -.0379709   .0593758    -0.64   0.522    -.1543454    .0784036
        e_9_13 |   .0327491   .0529652     0.62   0.536    -.0710608     .136559
       e_10_13 |  -.3302754   .1153033    -2.86   0.004    -.5562658   -.1042851
       e_11_13 |    .049636   .0362132     1.37   0.170    -.0213405    .1206124
       e_12_13 |   .0995187   .0527025     1.89   0.059    -.0037764    .2028137
       e_13_13 |  -.9119858   .0787986   -11.57   0.000    -1.066428   -.7575433
       e_14_13 |   .2436517   .2686551     0.91   0.364    -.2829027    .7702061
       e_15_13 |   .0855849   .0565468     1.51   0.130    -.0252448    .1964146
        e_1_14 |   .0237027   .1844809     0.13   0.898    -.3378732    .3852785
        e_2_14 |   .0216079   .1043221     0.21   0.836    -.1828596    .2260754
        e_3_14 |   .0317643   .1728604     0.18   0.854    -.3070359    .3705645
        e_4_14 |  -.2699745   .1600391    -1.69   0.092    -.5836454    .0436963
        e_5_14 |   .0384878   .1071317     0.36   0.719    -.1714864     .248462
        e_6_14 |    .014951   .1175932     0.13   0.899    -.2155273    .2454294
        e_7_14 |   .1023808   .1085761     0.94   0.346    -.1104244    .3151861
        e_8_14 |   .1346822    .129136     1.04   0.297    -.1184198    .3877841
        e_9_14 |   .0852259   .1088885     0.78   0.434    -.1281917    .2986434
       e_10_14 |  -.1128787   .1440588    -0.78   0.433    -.3952289    .1694714
       e_11_14 |   .0035353    .099803     0.04   0.972     -.192075    .1991457
       e_12_14 |   .0672375     .10135     0.66   0.507    -.1314048    .2658799
       e_13_14 |  -.0713677   .1687054    -0.42   0.672    -.4020242    .2592888
       e_14_14 |  -.9016629   .2092301    -4.31   0.000    -1.311746   -.4915795
       e_15_14 |   .0065493   .1174678     0.06   0.956    -.2236834    .2367819
        e_1_15 |   .1209315   .1002448     1.21   0.228    -.0755447    .3174078
        e_2_15 |  -.0229282   .0596865    -0.38   0.701    -.1399116    .0940552
        e_3_15 |   -.033358   .0988193    -0.34   0.736    -.2270401    .1603242
        e_4_15 |  -.0161421    .125021    -0.13   0.897    -.2611788    .2288945
        e_5_15 |  -.0024919   .0295988    -0.08   0.933    -.0605046    .0555207
        e_6_15 |  -.0789213   .0616994    -1.28   0.201    -.1998499    .0420072
        e_7_15 |  -.0082871   .0581265    -0.14   0.887    -.1222129    .1056388
        e_8_15 |  -.0834294   .0881299    -0.95   0.344    -.2561609    .0893021
        e_9_15 |  -.0044809    .029532    -0.15   0.879    -.0623625    .0534007
       e_10_15 |  -.0399217   .0935823    -0.43   0.670    -.2233397    .1434962
       e_11_15 |   .0342711   .0431775     0.79   0.427    -.0503553    .1188974
       e_12_15 |   .0383423   .0555861     0.69   0.490    -.0706044    .1472891
       e_13_15 |  -.1123271   .1309904    -0.86   0.391    -.3690636    .1444093
       e_14_15 |  -.0457459   .1954739    -0.23   0.815    -.4288677    .3373759
       e_15_15 |  -.9197944   .0915801   -10.04   0.000    -1.099288   -.7403007
---------------+----------------------------------------------------------------
ELAS_COMP      |
         e_1_1 |   -.869958   .1154087    -7.54   0.000    -1.096155    -.643761
         e_2_1 |    .115055    .057383     2.01   0.045     .0025864    .2275236
         e_3_1 |   .0406197   .0875659     0.46   0.643    -.1310064    .2122457
         e_4_1 |   .1266764   .0683979     1.85   0.064    -.0073811    .2607339
         e_5_1 |   .0707193   .0570647     1.24   0.215    -.0411255     .182564
         e_6_1 |   .0463455   .0518132     0.89   0.371    -.0552065    .1478975
         e_7_1 |    .109774   .0571999     1.92   0.055    -.0023357    .2218838
         e_8_1 |   .2070456   .0763567     2.71   0.007     .0573892    .3567019
         e_9_1 |    .067615   .0590059     1.15   0.252    -.0480345    .1832644
        e_10_1 |   .0669764   .0812487     0.82   0.410    -.0922682    .2262209
        e_11_1 |   .1879482   .1132493     1.66   0.097    -.0340163    .4099128
        e_12_1 |   .0403797    .082652     0.49   0.625    -.1216153    .2023747
        e_13_1 |    .479026   .1509423     3.17   0.002     .1831846    .7748674
        e_14_1 |    .360666   .1043148     3.46   0.001     .1562127    .5651192
        e_15_1 |   .0525737    .036519     1.44   0.150    -.0190022    .1241495
         e_1_2 |   .2335478   .1157919     2.02   0.044     .0065998    .4604959
         e_2_2 |  -1.122609   .1437124    -7.81   0.000     -1.40428   -.8409378
         e_3_2 |   .2418421   .1054569     2.29   0.022     .0351503    .4485338
         e_4_2 |   .0352124    .148371     0.24   0.812    -.2555895    .3260143
         e_5_2 |   .0043606   .0293332     0.15   0.882    -.0531314    .0618527
         e_6_2 |  -.0316675   .0712961    -0.44   0.657    -.1714052    .1080703
         e_7_2 |  -.0129531    .071734    -0.18   0.857    -.1535492     .127643
         e_8_2 |   .2158127   .0808766     2.67   0.008     .0572973     .374328
         e_9_2 |   .0675963   .0307939     2.20   0.028     .0072414    .1279512
        e_10_2 |   .2155649    .110535     1.95   0.051    -.0010797    .4322095
        e_11_2 |  -.0060264   .0573587    -0.11   0.916    -.1184474    .1063946
        e_12_2 |  -.0121868   .0440948    -0.28   0.782     -.098611    .0742375
        e_13_2 |   .1916414   .1228131     1.56   0.119    -.0490678    .4323506
        e_14_2 |   .1497643   .2182097     0.69   0.493    -.2779188    .5774474
        e_15_2 |   .0211867   .0445082     0.48   0.634    -.0660478    .1084211
         e_1_3 |    .104504   .0887357     1.18   0.239    -.0694149    .2784228
         e_2_3 |   .1419284   .0899219     1.58   0.114    -.0343154    .3181722
         e_3_3 |  -.7936425   .1039162    -7.64   0.000    -.9973144   -.5899706
         e_4_3 |   .1352901     .09121     1.48   0.138    -.0434782    .3140585
         e_5_3 |   .0480104   .0742904     0.65   0.518    -.0975961     .193617
         e_6_3 |   .0185338   .0931929     0.20   0.842    -.1641208    .2011885
         e_7_3 |   .0720246   .0890346     0.81   0.419    -.1024801    .2465292
         e_8_3 |   .1582167    .073303     2.16   0.031     .0145454     .301888
         e_9_3 |   .0568566   .0787064     0.72   0.470    -.0974051    .2111183
        e_10_3 |   .1508118   .0898838     1.68   0.093    -.0253572    .3269807
        e_11_3 |   .1472104   .0821689     1.79   0.073    -.0138378    .3082586
        e_12_3 |   .0942037   .1149766     0.82   0.413    -.1311464    .3195537
        e_13_3 |   .3156133    .105916     2.98   0.003     .1080218    .5232047
        e_14_3 |   .0963051   .1753504     0.55   0.583    -.2473753    .4399856
        e_15_3 |   .0888884   .0835741     1.06   0.288    -.0749138    .2526906
         e_1_4 |   .2852126    .152394     1.87   0.061    -.0134742    .5838994
         e_2_4 |  -.0076482   .1452332    -0.05   0.958       -.2923    .2770035
         e_3_4 |    .176507   .1087631     1.62   0.105    -.0366648    .3896789
         e_4_4 |   .0083302   .4139829     0.02   0.984    -.8030613    .8197217
         e_5_4 |  -.0026976   .0622762    -0.04   0.965    -.1247568    .1193615
         e_6_4 |  -.0162232   .0971238    -0.17   0.867    -.2065824     .174136
         e_7_4 |   .0019734   .0951222     0.02   0.983    -.1844628    .1884095
         e_8_4 |   .2276064    .093853     2.43   0.015     .0436578     .411555
         e_9_4 |  -.0418911    .068198    -0.61   0.539    -.1755567    .0917746
        e_10_4 |   .0716253    .211631     0.34   0.735    -.3431638    .4864145
        e_11_4 |   .1546954   .0713674     2.17   0.030     .0148178     .294573
        e_12_4 |  -.0510026   .0772936    -0.66   0.509    -.2024952      .10049
        e_13_4 |    .333545   .1330006     2.51   0.012     .0728685    .5942215
        e_14_4 |  -1.006532   .4677023    -2.15   0.031    -1.923212   -.0898527
        e_15_4 |    .031371   .0918228     0.34   0.733    -.1485984    .2113404
         e_1_5 |   .3956765   .1910833     2.07   0.038     .0211602    .7701929
         e_2_5 |   .0835911    .126728     0.66   0.510    -.1647911    .3319733
         e_3_5 |  -.0546793    .257677    -0.21   0.832    -.5597169    .4503583
         e_4_5 |  -.2576276   .3314703    -0.78   0.437    -.9072974    .3920421
         e_5_5 |  -.9367257   .0909843   -10.30   0.000    -1.115052   -.7583998
         e_6_5 |  -.0257405   .1250049    -0.21   0.837    -.2707456    .2192647
         e_7_5 |   -.065514   .0917541    -0.71   0.475    -.2453487    .1143207
         e_8_5 |  -.0326838   .1211086    -0.27   0.787    -.2700523    .2046847
         e_9_5 |  -.0364983   .0478134    -0.76   0.445    -.1302109    .0572142
        e_10_5 |   .1671698   .1204061     1.39   0.165    -.0688218    .4031613
        e_11_5 |  -.0665446   .0883654    -0.75   0.451    -.2397376    .1066484
        e_12_5 |   -.127552    .106002    -1.20   0.229    -.3353121    .0802082
        e_13_5 |   .5350304   .4712049     1.14   0.256    -.3885141    1.458575
        e_14_5 |   .5105117     .25353     2.01   0.044     .0136019    1.007421
        e_15_5 |  -.0631298   .0765647    -0.82   0.410    -.2131938    .0869342
         e_1_6 |   .0219004   .1424795     0.15   0.878    -.2573544    .3011551
         e_2_6 |   -.209599   .1195964    -1.75   0.080    -.4440036    .0248056
         e_3_6 |   .2211891    .116859     1.89   0.058    -.0078503    .4502285
         e_4_6 |   .0450441   .2201133     0.20   0.838      -.38637    .4764583
         e_5_6 |   .0306713    .034396     0.89   0.373    -.0367437    .0980863
         e_6_6 |  -.6587582   .1949056    -3.38   0.001    -1.040766   -.2767503
         e_7_6 |   .1848311   .0794558     2.33   0.020     .0291006    .3405616
         e_8_6 |   .1294944   .0980709     1.32   0.187    -.0627211    .3217099
         e_9_6 |  -.0588078   .0805879    -0.73   0.466    -.2167572    .0991417
        e_10_6 |   .2712998   .2181141     1.24   0.214    -.1561959    .6987955
        e_11_6 |  -.0555133   .0622455    -0.89   0.372    -.1775122    .0664856
        e_12_6 |  -.0194952   .0730768    -0.27   0.790    -.1627231    .1237328
        e_13_6 |   .2137646   .1329876     1.61   0.108    -.0468863    .4744155
        e_14_6 |   .1664233   .3156207     0.53   0.598     -.452182    .7850285
        e_15_6 |   .0361579   .0773206     0.47   0.640    -.1153877    .1877035
         e_1_7 |   .0979413   .0574107     1.71   0.088    -.0145816    .2104642
         e_2_7 |  -.0444679   .0372572    -1.19   0.233    -.1174906    .0285548
         e_3_7 |    .035208   .0402701     0.87   0.382      -.04372     .114136
         e_4_7 |  -.0240672   .0594594    -0.40   0.686    -.1406054    .0924711
         e_5_7 |  -.0170486   .0145619    -1.17   0.242    -.0455895    .0114922
         e_6_7 |   .0611657    .034411     1.78   0.075    -.0062787      .12861
         e_7_7 |  -.8184462   .0455661   -17.96   0.000    -.9077541   -.7291383
         e_8_7 |   .1767374   .0368165     4.80   0.000     .1045784    .2488964
         e_9_7 |   .0090601   .0119631     0.76   0.449    -.0143871    .0325073
        e_10_7 |   .1388562   .0418734     3.32   0.001     .0567857    .2209266
        e_11_7 |  -.1087629   .0270111    -4.03   0.000    -.1617036   -.0558221
        e_12_7 |   .0109492   .0254362     0.43   0.667    -.0389048    .0608032
        e_13_7 |   .1414029   .0549549     2.57   0.010     .0336932    .2491125
        e_14_7 |   .2590824   .0836605     3.10   0.002     .0951109    .4230539
        e_15_7 |   .0184554   .0206933     0.89   0.372    -.0221027    .0590134
         e_1_8 |   .1217567   .0436275     2.79   0.005     .0362485     .207265
         e_2_8 |   .0169532   .0303326     0.56   0.576    -.0424976     .076404
         e_3_8 |   .1064473   .0332944     3.20   0.001     .0411915    .1717032
         e_4_8 |   .0376763   .0333028     1.13   0.258    -.0275961    .1029486
         e_5_8 |   .0061798   .0165744     0.37   0.709    -.0263053     .038665
         e_6_8 |   .0294906   .0177667     1.66   0.097    -.0053316    .0643127
         e_7_8 |   .1172707   .0246684     4.75   0.000     .0689216    .1656199
         e_8_8 |  -.8373253   .0375118   -22.32   0.000     -.910847   -.7638036
         e_9_8 |   .0395902   .0190506     2.08   0.038     .0022518    .0769287
        e_10_8 |   .0444708   .0282207     1.58   0.115    -.0108408    .0997825
        e_11_8 |  -.0466433   .0213604    -2.18   0.029    -.0885089   -.0047778
        e_12_8 |   .0493616   .0268879     1.84   0.066    -.0033378    .1020609
        e_13_8 |   .1847926   .0527349     3.50   0.000     .0814341    .2881511
        e_14_8 |   .2517719   .0786594     3.20   0.001     .0976024    .4059414
        e_15_8 |   .0254444   .0224256     1.13   0.257    -.0185089    .0693977
         e_1_9 |    .210334   .0932631     2.26   0.024     .0275416    .3931264
         e_2_9 |   .1479196   .0689014     2.15   0.032     .0128754    .2829637
         e_3_9 |   .1055289   .0634145     1.66   0.096    -.0187612    .2298189
         e_4_9 |  -.0391882   .1344992    -0.29   0.771    -.3028019    .2244255
         e_5_9 |   .0509664   .0241974     2.11   0.035     .0035403    .0983925
         e_6_9 |  -.0369137   .0911849    -0.40   0.686    -.2156327    .1418054
         e_7_9 |   .2237759   .0401956     5.57   0.000     .1449939    .3025579
         e_8_9 |   .2607929   .0571186     4.57   0.000     .1488424    .3727434
         e_9_9 |  -1.273215   .0488809   -26.05   0.000     -1.36902    -1.17741
        e_10_9 |  -.0881424   .1553068    -0.57   0.570    -.3925381    .2162533
        e_11_9 |   -.008168   .0251278    -0.33   0.745    -.0574176    .0410817
        e_12_9 |   .0786681   .0375402     2.10   0.036     .0050908    .1522455
        e_13_9 |   .1594106   .0763705     2.09   0.037     .0097271    .3090941
        e_14_9 |   .5936752   .1926126     3.08   0.002     .2161613     .971189
        e_15_9 |   .0391503   .0307982     1.27   0.204     -.021213    .0995137
        e_1_10 |   .1003719   .1419466     0.71   0.479    -.1778384    .3785821
        e_2_10 |   .2517043   .1266698     1.99   0.047      .003436    .4999726
        e_3_10 |   .0444134   .0951917     0.47   0.641    -.1421589    .2309857
        e_4_10 |   .0689561   .2327695     0.30   0.767    -.3872637    .5251759
        e_5_10 |   .0308753   .0410688     0.75   0.452    -.0496181    .1113687
        e_6_10 |     .06659   .1103569     0.60   0.546    -.1497055    .2828855
        e_7_10 |   .2061203   .0686812     3.00   0.003     .0715077    .3407329
        e_8_10 |   .0694066   .0797492     0.87   0.384     -.086899    .2257121
        e_9_10 |  -.0988161   .0648677    -1.52   0.128    -.2259545    .0283223
       e_10_10 |  -.7396652   .2490635    -2.97   0.003    -1.227821   -.2515097
       e_11_10 |  -.0029415   .0634717    -0.05   0.963    -.1273437    .1214607
       e_12_10 |   .0621442   .0788983     0.79   0.431    -.0924937    .2167821
       e_13_10 |   .1393352    .154044     0.90   0.366    -.1625855    .4412559
       e_14_10 |  -.1825172   .2926039    -0.62   0.533    -.7560103    .3909759
       e_15_10 |   .0232159   .0594582     0.39   0.696      -.09332    .1397517
        e_1_11 |   .2713401   .1138506     2.38   0.017      .048197    .4944832
        e_2_11 |   .0335132   .0832394     0.40   0.687     -.129633    .1966593
        e_3_11 |    .379097   .1489212     2.55   0.011     .0872168    .6709772
        e_4_11 |   .2711926    .103205     2.63   0.009     .0689145    .4734708
        e_5_11 |   .0367252   .0365576     1.00   0.315    -.0349264    .1083768
        e_6_11 |   .0194194   .0465166     0.42   0.676    -.0717515    .1105902
        e_7_11 |  -.1198909   .0761372    -1.57   0.115     -.269117    .0293353
        e_8_11 |  -.1046141   .0900348    -1.16   0.245    -.2810791    .0718509
        e_9_11 |   .0487121   .0253026     1.93   0.054    -.0008802    .0983044
       e_10_11 |   .0324891   .0748725     0.43   0.664    -.1142584    .1792366
       e_11_11 |  -.6495755   .0778878    -8.34   0.000    -.8022329   -.4969182
       e_12_11 |  -.0977958    .078318    -1.25   0.212    -.2512962    .0557046
       e_13_11 |   .4185823   .1814228     2.31   0.021     .0630001    .7741644
       e_14_11 |   .0426464   .2210368     0.19   0.847    -.3905778    .4758705
       e_15_11 |   .1230246   .0439613     2.80   0.005     .0368621    .2091872
        e_1_12 |   .0547946   .1163365     0.47   0.638    -.1732208    .2828099
        e_2_12 |   -.004782   .0689746    -0.07   0.945    -.1399698    .1304058
        e_3_12 |   .1021902   .1417642     0.72   0.471    -.1756625     .380043
        e_4_12 |  -.0448196    .077987    -0.57   0.565    -.1976713    .1080321
        e_5_12 |   .0021167    .050208     0.04   0.966    -.0962891    .1005226
        e_6_12 |   .0035945   .0581349     0.06   0.951    -.1103478    .1175368
        e_7_12 |   .0440705    .063121     0.70   0.485    -.0796444    .1677854
        e_8_12 |   .1233706   .0803925     1.53   0.125    -.0341959     .280937
        e_9_12 |   .0220808   .0424459     0.52   0.603    -.0611116    .1052731
       e_10_12 |   .0299248   .0725701     0.41   0.680    -.1123099    .1721595
       e_11_12 |  -.0772351   .0598818    -1.29   0.197    -.1946014    .0401311
       e_12_12 |  -.7730378   .1164424    -6.64   0.000    -1.001261    -.544815
       e_13_12 |   .2085537   .1432726     1.46   0.145    -.0722553    .4893628
       e_14_12 |   .2350971   .1258141     1.87   0.062     -.011494    .4816882
       e_15_12 |   .0635888   .0633567     1.00   0.316    -.0605881    .1877658
        e_1_13 |   .1638321   .0995066     1.65   0.100    -.0311972    .3588613
        e_2_13 |   .1278729    .101967     1.25   0.210    -.0719788    .3277246
        e_3_13 |   .1251401   .0782046     1.60   0.110    -.0281381    .2784183
        e_4_13 |   .2658111   .1357617     1.96   0.050    -.0002769    .5318992
        e_5_13 |   .0673177   .0385561     1.75   0.081     -.008251    .1428863
        e_6_13 |   .0254663   .1007289     0.25   0.800    -.1719587    .2228912
        e_7_13 |   .1154708   .0490814     2.35   0.019     .0192731    .2116686
        e_8_13 |   .0828504   .0622072     1.33   0.183    -.0390734    .2047742
        e_9_13 |   .0432096    .053116     0.81   0.416     -.060896    .1473151
       e_10_13 |  -.3055856   .1163462    -2.63   0.009    -.5336199   -.0775512
       e_11_13 |   .0670307   .0366591     1.83   0.067    -.0048197    .1388812
       e_12_13 |   .1360727   .0521884     2.61   0.009     .0337854    .2383601
       e_13_13 |  -.7468677   .0815031    -9.16   0.000    -.9066108   -.5871246
       e_14_13 |   .3452049    .269722     1.28   0.201    -.1834406    .8738503
       e_15_13 |    .110646   .0570328     1.94   0.052    -.0011363    .2224283
        e_1_14 |   .1217013   .1892498     0.64   0.520    -.2492216    .4926242
        e_2_14 |   .0563403   .1053164     0.53   0.593     -.150076    .2627566
        e_3_14 |   .1238675   .1778996     0.70   0.486    -.2248094    .4725444
        e_4_14 |  -.2396643   .1610544    -1.49   0.137    -.5553251    .0759964
        e_5_14 |   .0518262   .1078152     0.48   0.631    -.1594877    .2631401
        e_6_14 |   .0291296   .1181281     0.25   0.805    -.2023973    .2606564
        e_7_14 |    .176752   .1127462     1.57   0.117    -.0442265    .3977305
        e_8_14 |   .2777627   .1359572     2.04   0.041     .0112914     .544234
        e_9_14 |   .0976135   .1094081     0.89   0.372    -.1168225    .3120495
       e_10_14 |  -.0836402   .1455162    -0.57   0.565    -.3688467    .2015664
       e_11_14 |   .0241348   .1007675     0.24   0.811    -.1733658    .2216354
       e_12_14 |    .110526   .1030405     1.07   0.283    -.0914297    .3124818
       e_13_14 |   .1241705   .1742214     0.71   0.476    -.2172971    .4656381
       e_14_14 |  -.7814003   .2090321    -3.74   0.000    -1.191096   -.3717049
       e_15_14 |   .0362275   .1187008     0.31   0.760    -.1964217    .2688767
        e_1_15 |   .2453094   .0995518     2.46   0.014     .0501915    .4404272
        e_2_15 |   .0211535   .0599083     0.35   0.724    -.0962645    .1385715
        e_3_15 |   .0835375   .1004155     0.83   0.405    -.1132732    .2803482
        e_4_15 |    .022327   .1250862     0.18   0.858    -.2228374    .2674914
        e_5_15 |   .0144369   .0295082     0.49   0.625    -.0433982    .0722719
        e_6_15 |  -.0609262   .0618471    -0.99   0.325    -.1821444     .060292
        e_7_15 |   .0861033   .0578109     1.49   0.136    -.0272041    .1994106
        e_8_15 |   .0981655   .0900454     1.09   0.276    -.0783202    .2746512
        e_9_15 |   .0112413   .0293834     0.38   0.702    -.0463491    .0688316
       e_10_15 |  -.0028127   .0935921    -0.03   0.976    -.1862498    .1806243
       e_11_15 |   .0604155   .0432237     1.40   0.162    -.0243013    .1451323
       e_12_15 |   .0932832   .0555051     1.68   0.093    -.0155048    .2020712
       e_13_15 |   .1358459   .1286729     1.06   0.291    -.1163484    .3880402
       e_14_15 |   .1068889   .1965415     0.54   0.587    -.2783254    .4921031
       e_15_15 |  -.8821275   .0909192    -9.70   0.000    -1.060326   -.7039292
--------------------------------------------------------------------------------

. parmest, saving(median_all_output, replace)
file median_all_output.dta saved

. 
. log close
      name:  <unnamed>
       log:  C:\Users\Chung\Desktop\EVS\Median\median_all.log
  log type:  text
 closed on:   2 Feb 2025, 17:46:30
------------------------------------------------------------------------------------------------------------------
